2012-05-09 14:27:19,796 | [10] | DEBUG | DcmWeb.Controllers.DcmController | {"Method":"SearchGenerationSummary","Type":"IceCube"};
2012-05-09 14:27:19,811 | [11] | DEBUG | DcmWeb.Controllers.DcmController | {"Method":"SearchGenerationSummary","Type":"IceCube"};
2012-05-09 14:27:26,792 | [12] | DEBUG | DcmWeb.Controllers.DcmController | {"Method":"SearchAll","Type":"ALL","Code":"","Name":"","Status":"ALL","EffectiveDateSt":"","CreateDateSt":"","ElapsedMilliseconds":3886};
2012-05-09 14:27:37,504 | [8] | DEBUG | DcmWeb.Controllers.DcmController | {"Method":"SchemeSearchAll","Name":"","Code":"","Status":"ALL","PrincipleCode":"","EffectiveDateSt":"","EffectiveTimeSt":"","ElapsedMilliseconds":1486};
2012-05-09 14:31:06,571 | [10] | DEBUG | DcmWeb.Controllers.DcmController | {"Method":"GenerationManageDeviceSearchAll","Type":"IceCube","GenerationNumber":-1,"HardwareVer":"ALL","MicFWVer":"ALL","ObdFWVer":"ALL","DeviceSN":"","EffectiveDateSt":""};
2012-05-09 14:46:40,919 | [12] | DEBUG | DcmWeb.Controllers.DcmController | {"Method":"SearchGenerationSummary","Type":"IceCube"};
2012-05-09 14:46:40,934 | [4] | DEBUG | DcmWeb.Controllers.DcmController | {"Method":"SearchGenerationSummary","Type":"IceCube"};
2012-05-09 14:46:54,364 | [17] | DEBUG | DcmWeb.Controllers.DcmController | {"Method":"SearchAll","Type":"ALL","Code":"","Name":"","Status":"ALL","EffectiveDateSt":"","CreateDateSt":"","ElapsedMilliseconds":1130};
2012-05-09 14:47:57,765 | [4] | DEBUG | DcmWeb.Controllers.DcmController | {"Method":"SearchGenerationSummary","Type":"IceCube"};
2012-05-09 14:47:57,765 | [15] | DEBUG | DcmWeb.Controllers.DcmController | {"Method":"SearchGenerationSummary","Type":"IceCube"};
2012-05-09 14:48:52,639 | [12] | DEBUG | DcmWeb.Controllers.DcmController | {"Method":"SearchAll","Type":"ALL","Code":"","Name":"","Status":"ALL","EffectiveDateSt":"","CreateDateSt":"","ElapsedMilliseconds":19674};
2012-05-09 14:50:53,803 | [17] | DEBUG | DcmWeb.Controllers.DcmController | {"Method":"SearchGenerationSummary","Type":"IceCube"};
2012-05-09 14:50:53,818 | [18] | DEBUG | DcmWeb.Controllers.DcmController | {"Method":"SearchGenerationSummary","Type":"IceCube"};
2012-05-09 14:51:30,328 | [4] | DEBUG | DcmWeb.Controllers.DcmController | {"Method":"SearchAll","Type":"ALL","Code":"","Name":"","Status":"ALL","EffectiveDateSt":"","CreateDateSt":"","ElapsedMilliseconds":1044};
2012-05-09 14:52:56,434 | [11] | DEBUG | DcmWeb.Controllers.DcmController | {"Method":"SearchGenerationSummary","Type":"IceCube"};
2012-05-09 14:52:56,466 | [8] | DEBUG | DcmWeb.Controllers.DcmController | {"Method":"SearchGenerationSummary","Type":"IceCube"};
2012-05-09 14:53:10,801 | [11] | DEBUG | DcmWeb.Controllers.DcmController | {"Method":"SearchAll","Type":"ALL","Code":"","Name":"","Status":"ALL","EffectiveDateSt":"","CreateDateSt":"","ElapsedMilliseconds":9450};
2012-05-09 14:55:03,470 | [4] | DEBUG | DcmWeb.Controllers.DcmController | {"Method":"SearchAll","Type":"ALL","Code":"","Name":"","Status":"ALL","EffectiveDateSt":"","CreateDateSt":"","ElapsedMilliseconds":53351};
2012-05-09 14:56:21,034 | [11] | DEBUG | DcmWeb.Controllers.DcmController | {"Method":"SearchGenerationSummary","Type":"IceCube"};
2012-05-09 14:56:21,034 | [14] | DEBUG | DcmWeb.Controllers.DcmController | {"Method":"SearchGenerationSummary","Type":"IceCube"};
2012-05-09 14:58:38,188 | [13] | DEBUG | DcmWeb.Controllers.DcmController | {"Method":"SearchAll","Type":"ALL","Code":"","Name":"","Status":"ALL","EffectiveDateSt":"","CreateDateSt":"","ElapsedMilliseconds":1139};
2012-05-09 15:06:36,457 | [17] | DEBUG | DcmWeb.Controllers.DcmController | {"Method":"SearchGenerationSummary","Type":"IceCube"};
2012-05-09 15:06:36,472 | [11] | DEBUG | DcmWeb.Controllers.DcmController | {"Method":"SearchGenerationSummary","Type":"IceCube"};
2012-05-09 15:07:28,379 | [16] | DEBUG | DcmWeb.Controllers.DcmController | {"Method":"SearchAll","Type":"ALL","Code":"","Name":"","Status":"ALL","EffectiveDateSt":"","CreateDateSt":"","ElapsedMilliseconds":1038};
2012-05-09 15:07:33,720 | [17] | DEBUG | DcmWeb.Controllers.DcmController | {"Method":"SchemeSearchAll","Name":"","Code":"","Status":"ALL","PrincipleCode":"","EffectiveDateSt":"","EffectiveTimeSt":"","ElapsedMilliseconds":453};
2012-05-09 15:07:39,232 | [4] | DEBUG | DcmWeb.Controllers.DcmController | {"Method":"GenerationManageDeviceSearchAll","Type":"IceCube","GenerationNumber":-1,"HardwareVer":"ALL","MicFWVer":"ALL","ObdFWVer":"ALL","DeviceSN":"","EffectiveDateSt":""};
2012-05-09 15:07:52,084 | [16] | DEBUG | DcmWeb.Controllers.DcmController | {"Method":"SearchDeployManagementBy","SchmCode":"","SchmName":"","DeployStatus":"ALL","EffectiveDateSt":"","GenNo":"-1","DeviceSN":""};
2012-05-09 15:08:12,791 | [17] | DEBUG | DcmWeb.Controllers.DcmController | {"Method":"GenerationManageDeviceSearchAll","Type":"IceCube","GenerationNumber":-1,"HardwareVer":"ALL","MicFWVer":"ALL","ObdFWVer":"ALL","DeviceSN":"","EffectiveDateSt":""};
2012-05-09 15:08:18,944 | [15] | DEBUG | DcmWeb.Controllers.DcmController | {"Method":"SearchAll","Type":"ALL","Code":"","Name":"","Status":"ALL","EffectiveDateSt":"","CreateDateSt":"","ElapsedMilliseconds":286};
2012-05-09 15:08:47,833 | [11] | DEBUG | DcmWeb.Controllers.DcmController | {"Method":"SaveConfigurationPrinciple","Id":0,"Code":"CONF-2","Success":true,"Message":"Save Configuration Principle Completed."};
2012-05-09 15:08:48,286 | [15] | DEBUG | DcmWeb.Controllers.DcmController | {"Method":"SearchAll","Type":"ALL","Code":"","Name":"","Status":"ALL","EffectiveDateSt":"","CreateDateSt":"","ElapsedMilliseconds":309};
2012-05-09 15:08:59,686 | [15] | DEBUG | DcmWeb.Controllers.DcmController | {"Method":"SaveProfilePrinciple","Id":0,"Code":"PROF-2","Success":true,"Message":"Save Profile Principle Completed."};
2012-05-09 15:09:00,138 | [16] | DEBUG | DcmWeb.Controllers.DcmController | {"Method":"SearchAll","Type":"ALL","Code":"","Name":"","Status":"ALL","EffectiveDateSt":"","CreateDateSt":"","ElapsedMilliseconds":317};
2012-05-09 15:10:33,678 | [15] | DEBUG | DcmWeb.Controllers.DcmController | {"Method":"SaveCommunicationPrinciple","Id":0,"Code":"COMM-3","Success":true,"Message":"Save Communication Principle Completed."};
2012-05-09 15:10:34,084 | [16] | DEBUG | DcmWeb.Controllers.DcmController | {"Method":"SearchAll","Type":"ALL","Code":"","Name":"","Status":"ALL","EffectiveDateSt":"","CreateDateSt":"","ElapsedMilliseconds":281};
2012-05-09 15:10:36,863 | [13] | DEBUG | DcmWeb.Controllers.DcmController | {"Method":"SearchAll","Type":"ALL","Code":"","Name":"","Status":"ALL","EffectiveDateSt":"","CreateDateSt":"","ElapsedMilliseconds":265};
2012-05-09 15:10:44,172 | [11] | DEBUG | DcmWeb.Controllers.DcmController | {"Method":"SearchAll","Type":"ALL","Code":"algo","Name":"","Status":"ALL","EffectiveDateSt":"","CreateDateSt":"","ElapsedMilliseconds":271};
2012-05-09 15:10:46,092 | [4] | DEBUG | DcmWeb.Controllers.DcmController | {"Method":"SearchAll","Type":"ALL","Code":"","Name":"","Status":"ALL","EffectiveDateSt":"","CreateDateSt":"","ElapsedMilliseconds":264};
2012-05-09 15:13:02,138 | [4] | DEBUG | DcmWeb.Controllers.DcmController | {"Method":"SaveCommunicationPrinciple","Id":0,"Code":"COMM-4","Success":true,"Message":"Save Communication Principle Completed."};
2012-05-09 15:13:02,747 | [17] | DEBUG | DcmWeb.Controllers.DcmController | {"Method":"SearchAll","Type":"ALL","Code":"","Name":"","Status":"ALL","EffectiveDateSt":"","CreateDateSt":"","ElapsedMilliseconds":504};
2012-05-09 15:17:35,588 | [8] | DEBUG | DcmWeb.Controllers.DcmController | {"Method":"SearchGenerationSummary","Type":"IceCube"};
2012-05-09 15:17:35,619 | [9] | DEBUG | DcmWeb.Controllers.DcmController | {"Method":"SearchGenerationSummary","Type":"IceCube"};
2012-05-09 15:18:40,004 | [12] | DEBUG | DcmWeb.Controllers.DcmController | {"Method":"SearchAll","Type":"ALL","Code":"","Name":"","Status":"ALL","EffectiveDateSt":"","CreateDateSt":"","ElapsedMilliseconds":9786};
2012-05-09 15:19:35,409 | [15] | DEBUG | DcmWeb.Controllers.DcmController | {"Method":"SaveCommunicationPrinciple","Id":0,"Code":"COMM-5","Success":true,"Message":"Save Communication Principle Completed."};
2012-05-09 15:19:36,440 | [12] | DEBUG | DcmWeb.Controllers.DcmController | {"Method":"SearchAll","Type":"ALL","Code":"","Name":"","Status":"ALL","EffectiveDateSt":"","CreateDateSt":"","ElapsedMilliseconds":867};
2012-05-09 15:19:47,558 | [15] | DEBUG | DcmWeb.Controllers.DcmController | {"Method":"SchemeSearchAll","Name":"","Code":"","Status":"ALL","PrincipleCode":"","EffectiveDateSt":"","EffectiveTimeSt":"","ElapsedMilliseconds":981};
2012-05-09 15:21:31,373 | [13] | DEBUG | DcmWeb.Controllers.DcmController | {"Method":"SaveScheme","Success":true,"Message":"Save Scheme Completed."};
2012-05-09 15:21:32,341 | [4] | DEBUG | DcmWeb.Controllers.DcmController | {"Method":"SchemeSearchAll","Name":"","Code":"","Status":"ALL","PrincipleCode":"","EffectiveDateSt":"","EffectiveTimeSt":"","ElapsedMilliseconds":814};
2012-05-09 15:21:53,422 | [8] | DEBUG | DcmWeb.Controllers.DcmController | {"Method":"GenerationManageDeviceSearchAll","Type":"IceCube","GenerationNumber":-1,"HardwareVer":"ALL","MicFWVer":"ALL","ObdFWVer":"ALL","DeviceSN":"","EffectiveDateSt":""};
2012-05-09 15:21:56,217 | [11] | DEBUG | DcmWeb.Controllers.DcmController | {"Method":"GenerationManageDeviceSearchAll","Type":"IceCube","GenerationNumber":-1,"HardwareVer":"ALL","MicFWVer":"ALL","ObdFWVer":"ALL","DeviceSN":"","EffectiveDateSt":""};
2012-05-09 15:21:57,935 | [7] | DEBUG | DcmWeb.Controllers.DcmController | {"Method":"GenerationManageDeviceSearchAll","Type":"IceCube","GenerationNumber":-1,"HardwareVer":"ALL","MicFWVer":"ALL","ObdFWVer":"ALL","DeviceSN":"","EffectiveDateSt":""};
2012-05-09 15:22:47,438 | [8] | DEBUG | DcmWeb.Controllers.DcmController | {"Method":"SearchDeployManagementBy","SchmCode":"","SchmName":"","DeployStatus":"ALL","EffectiveDateSt":"","GenNo":"-1","DeviceSN":""};
2012-05-09 15:23:50,010 | [8] | DEBUG | DcmWeb.Controllers.DcmController | {"Method":"getDeviceFromDeviceService","total":30};
2012-05-09 15:24:07,594 | [8] | DEBUG | DcmWeb.Controllers.DcmController | {"Method":"SaveDeployment","Success":true,"Message":"Save Deployment Completed.","Id":4};
2012-05-09 15:24:09,312 | [8] | DEBUG | DcmWeb.Controllers.DcmController | {"Method":"SearchDeployManagementBy","SchmCode":"","SchmName":"","DeployStatus":"ALL","EffectiveDateSt":"","GenNo":"-1","DeviceSN":""};
2012-05-09 15:24:17,213 | [17] | DEBUG | DcmWeb.Controllers.DcmController | {"Method":"SearchDeployManagementBy","SchmCode":"","SchmName":"","DeployStatus":"ALL","EffectiveDateSt":"","GenNo":"-1","DeviceSN":""};
2012-05-09 15:29:48,770 | [13] | DEBUG | DcmWeb.Controllers.DcmController | {"Method":"SearchGenerationSummary","Type":"IceCube"};
2012-05-09 15:29:48,786 | [4] | DEBUG | DcmWeb.Controllers.DcmController | {"Method":"SearchGenerationSummary","Type":"IceCube"};
2012-05-09 15:32:03,848 | [16] | DEBUG | DcmWeb.Controllers.DcmController | {"Method":"SearchAll","Type":"ALL","Code":"","Name":"","Status":"ALL","EffectiveDateSt":"","CreateDateSt":"","ElapsedMilliseconds":1202};
2012-05-09 15:36:23,649 | [4] | DEBUG | DcmWeb.Controllers.DcmController | {"Method":"SearchGenerationSummary","Type":"IceCube"};
2012-05-09 15:36:24,149 | [18] | DEBUG | DcmWeb.Controllers.DcmController | {"Method":"SearchGenerationSummary","Type":"IceCube"};
2012-05-09 16:42:47,063 | [23] | DEBUG | DcmWeb.Controllers.DcmController | {"Method":"SearchGenerationSummary","Type":"IceCube"};
2012-05-09 16:42:47,094 | [27] | DEBUG | DcmWeb.Controllers.DcmController | {"Method":"SearchGenerationSummary","Type":"IceCube"};
2012-05-09 16:43:00,211 | [22] | DEBUG | DcmWeb.Controllers.DcmController | {"Method":"SearchAll","Type":"ALL","Code":"","Name":"","Status":"ALL","EffectiveDateSt":"","CreateDateSt":"","ElapsedMilliseconds":4761};
2012-05-09 16:44:50,819 | [24] | DEBUG | DcmWeb.Controllers.DcmController | {"Method":"SaveConfigurationPrinciple","Id":0,"Code":"CONF-2","Success":true,"Message":"Save Configuration Principle Completed."};
2012-05-09 16:44:51,974 | [25] | DEBUG | DcmWeb.Controllers.DcmController | {"Method":"SearchAll","Type":"ALL","Code":"","Name":"","Status":"ALL","EffectiveDateSt":"","CreateDateSt":"","ElapsedMilliseconds":1034};
2012-05-09 16:53:53,934 | [11] | DEBUG | DcmWeb.Controllers.DcmController | {"Method":"SearchGenerationSummary","Type":"IceCube"};
2012-05-09 16:53:53,997 | [8] | DEBUG | DcmWeb.Controllers.DcmController | {"Method":"SearchGenerationSummary","Type":"IceCube"};
2012-05-09 16:54:42,129 | [4] | DEBUG | DcmWeb.Controllers.DcmController | {"Method":"SearchAll","Type":"ALL","Code":"","Name":"","Status":"ALL","EffectiveDateSt":"09/05/2012","CreateDateSt":"09/05/2012","ElapsedMilliseconds":8795};
2012-05-09 16:56:41,753 | [10] | DEBUG | DcmWeb.Controllers.DcmController | {"Method":"SaveConfigurationPrinciple","Id":0,"Code":"CONF-3","Success":true,"Message":"Save Configuration Principle Completed."};
2012-05-09 16:56:42,145 | [8] | DEBUG | DcmWeb.Controllers.DcmController | {"Method":"SearchAll","Type":"ALL","Code":"","Name":"","Status":"ALL","EffectiveDateSt":"09/05/2012","CreateDateSt":"09/05/2012","ElapsedMilliseconds":263};
2012-05-09 17:00:33,417 | [11] | DEBUG | DcmWeb.Controllers.DcmController | {"Method":"SearchGenerationSummary","Type":"IceCube"};
2012-05-09 17:00:33,433 | [13] | DEBUG | DcmWeb.Controllers.DcmController | {"Method":"SearchGenerationSummary","Type":"IceCube"};
2012-05-09 17:00:44,820 | [13] | DEBUG | DcmWeb.Controllers.DcmController | {"Method":"SearchAll","Type":"ALL","Code":"","Name":"","Status":"ALL","EffectiveDateSt":"","CreateDateSt":"","ElapsedMilliseconds":7112};
2012-05-09 17:01:36,830 | [4] | DEBUG | DcmWeb.Controllers.DcmController | {"Method":"SaveConfigurationPrinciple","Id":0,"Code":"CONF-4","Success":true,"Message":"Save Configuration Principle Completed."};
2012-05-09 17:01:37,815 | [9] | DEBUG | DcmWeb.Controllers.DcmController | {"Method":"SearchAll","Type":"ALL","Code":"","Name":"","Status":"ALL","EffectiveDateSt":"","CreateDateSt":"","ElapsedMilliseconds":826};
2012-05-09 17:05:36,547 | [18] | DEBUG | DcmWeb.Controllers.DcmController | {"Method":"SearchGenerationSummary","Type":"IceCube"};
2012-05-09 17:05:37,609 | [11] | DEBUG | DcmWeb.Controllers.DcmController | {"Method":"SearchGenerationSummary","Type":"IceCube"};
2012-05-09 17:05:42,813 | [18] | DEBUG | DcmWeb.Controllers.DcmController | {"Method":"SearchAll","Type":"ALL","Code":"","Name":"","Status":"ALL","EffectiveDateSt":"09/05/2012","CreateDateSt":"09/05/2012","ElapsedMilliseconds":931};
2012-05-09 17:08:36,310 | [12] | DEBUG | DcmWeb.Controllers.DcmController | {"Method":"SearchGenerationSummary","Type":"IceCube"};
2012-05-09 17:08:37,247 | [19] | DEBUG | DcmWeb.Controllers.DcmController | {"Method":"SearchGenerationSummary","Type":"IceCube"};
2012-05-09 17:08:40,199 | [11] | DEBUG | DcmWeb.Controllers.DcmController | {"Method":"SearchAll","Type":"ALL","Code":"","Name":"","Status":"ALL","EffectiveDateSt":"09/05/2012","CreateDateSt":"09/05/2012","ElapsedMilliseconds":800};
2012-05-09 17:11:12,347 | [8] | DEBUG | DcmWeb.Controllers.DcmController | {"Method":"SearchGenerationSummary","Type":"IceCube"};
2012-05-09 17:11:13,362 | [12] | DEBUG | DcmWeb.Controllers.DcmController | {"Method":"SearchGenerationSummary","Type":"IceCube"};
2012-05-09 17:11:16,361 | [11] | DEBUG | DcmWeb.Controllers.DcmController | {"Method":"SearchAll","Type":"ALL","Code":"","Name":"","Status":"ALL","EffectiveDateSt":"09/05/2012","CreateDateSt":"09/05/2012","ElapsedMilliseconds":778};
2012-05-09 17:13:00,159 | [13] | DEBUG | DcmWeb.Controllers.DcmController | {"Method":"SearchGenerationSummary","Type":"IceCube"};
2012-05-09 17:13:01,049 | [13] | DEBUG | DcmWeb.Controllers.DcmController | {"Method":"SearchGenerationSummary","Type":"IceCube"};
2012-05-09 17:13:04,531 | [8] | DEBUG | DcmWeb.Controllers.DcmController | {"Method":"SearchAll","Type":"ALL","Code":"","Name":"","Status":"ALL","EffectiveDateSt":"","CreateDateSt":"","ElapsedMilliseconds":769};
2012-05-09 17:13:35,250 | [8] | DEBUG | DcmWeb.Controllers.DcmController | {"Method":"SaveConfigurationPrinciple","Id":17,"Code":"CONF-4","Success":true,"Message":"Save Configuration Principle Completed."};
2012-05-09 17:13:36,281 | [4] | DEBUG | DcmWeb.Controllers.DcmController | {"Method":"SearchAll","Type":"ALL","Code":"","Name":"","Status":"ALL","EffectiveDateSt":"","CreateDateSt":"","ElapsedMilliseconds":864};
2012-05-09 17:22:00,653 | [20] | DEBUG | DcmWeb.Controllers.DcmController | {"Method":"SearchGenerationSummary","Type":"IceCube"};
2012-05-09 17:22:00,684 | [25] | DEBUG | DcmWeb.Controllers.DcmController | {"Method":"SearchGenerationSummary","Type":"IceCube"};
2012-05-09 17:53:56,030 | [13] | DEBUG | DcmWeb.Controllers.DcmController | {"Method":"SearchGenerationSummary","Type":"IceCube"};
2012-05-09 17:53:56,046 | [4] | DEBUG | DcmWeb.Controllers.DcmController | {"Method":"SearchGenerationSummary","Type":"IceCube"};
2012-05-09 17:55:52,687 | [12] | DEBUG | DcmWeb.Controllers.DcmController | {"Method":"SearchGenerationSummary","Type":"IceCube"};
2012-05-09 17:55:53,469 | [4] | DEBUG | DcmWeb.Controllers.DcmController | {"Method":"SearchGenerationSummary","Type":"IceCube"};
2012-05-09 17:56:07,224 | [16] | DEBUG | DcmWeb.Controllers.DcmController | {"Method":"SearchGenerationSummary","Type":"IceCube"};
2012-05-09 17:56:08,662 | [15] | DEBUG | DcmWeb.Controllers.DcmController | {"Method":"SearchGenerationSummary","Type":"IceCube"};
2012-05-09 17:56:15,071 | [16] | DEBUG | DcmWeb.Controllers.DcmController | {"Method":"SearchGenerationSummary","Type":"IceCube"};
2012-05-09 17:56:16,556 | [11] | DEBUG | DcmWeb.Controllers.DcmController | {"Method":"SearchGenerationSummary","Type":"IceCube"};
2012-05-09 17:56:38,064 | [12] | DEBUG | DcmWeb.Controllers.DcmController | {"Method":"SearchAll","Type":"ALL","Code":"","Name":"","Status":"ALL","EffectiveDateSt":"","CreateDateSt":"","ElapsedMilliseconds":5379};
2012-05-09 18:00:47,478 | [10] | DEBUG | DcmWeb.Controllers.DcmController | {"Method":"SearchGenerationSummary","Type":"IceCube"};
2012-05-09 18:00:48,087 | [10] | DEBUG | DcmWeb.Controllers.DcmController | {"Method":"SearchGenerationSummary","Type":"IceCube"};
2012-05-09 18:07:01,682 | [13] | DEBUG | DcmWeb.Controllers.DcmController | {"Method":"SearchGenerationSummary","Type":"IceCube"};
2012-05-09 18:07:01,744 | [4] | DEBUG | DcmWeb.Controllers.DcmController | {"Method":"SearchGenerationSummary","Type":"IceCube"};
2012-05-09 18:13:14,600 | [16] | DEBUG | DcmWeb.Controllers.DcmController | {"Method":"SearchGenerationSummary","Type":"IceCube"};
2012-05-09 18:13:15,615 | [8] | DEBUG | DcmWeb.Controllers.DcmController | {"Method":"SearchGenerationSummary","Type":"IceCube"};
2012-05-09 18:13:18,348 | [16] | DEBUG | DcmWeb.Controllers.DcmController | {"Method":"SearchGenerationSummary","Type":"IceCube"};
2012-05-09 18:13:20,020 | [8] | DEBUG | DcmWeb.Controllers.DcmController | {"Method":"SearchGenerationSummary","Type":"IceCube"};
2012-05-09 18:13:44,450 | [19] | DEBUG | DcmWeb.Controllers.DcmController | {"Method":"SaveProfilePrinciple","Id":0,"Code":"PROF-2","Success":true,"Message":"Save Profile Principle Completed."};
2012-05-09 18:13:50,589 | [7] | DEBUG | DcmWeb.Controllers.DcmController | {"Method":"SearchAll","Type":"ALL","Code":"","Name":"","Status":"ALL","EffectiveDateSt":"09/05/2012","CreateDateSt":"09/05/2012","ElapsedMilliseconds":3691};
2012-05-09 18:14:19,253 | [17] | DEBUG | DcmWeb.Controllers.DcmController | {"Method":"SaveProfilePrinciple","Id":18,"Code":"PROF-2","Success":true,"Message":"Save Profile Principle Completed."};
2012-05-09 18:14:20,299 | [12] | DEBUG | DcmWeb.Controllers.DcmController | {"Method":"SearchAll","Type":"ALL","Code":"","Name":"","Status":"ALL","EffectiveDateSt":"09/05/2012","CreateDateSt":"09/05/2012","ElapsedMilliseconds":936};
2012-05-09 18:14:43,074 | [17] | DEBUG | DcmWeb.Controllers.DcmController | {"Method":"SearchAll","Type":"ALL","Code":"","Name":"","Status":"ALL","EffectiveDateSt":"09/05/2012","CreateDateSt":"09/05/2012","ElapsedMilliseconds":1399};
2012-05-09 18:14:44,777 | [19] | DEBUG | DcmWeb.Controllers.DcmController | {"Method":"SearchAll","Type":"ALL","Code":"","Name":"","Status":"ALL","EffectiveDateSt":"09/05/2012","CreateDateSt":"09/05/2012","ElapsedMilliseconds":823};
2012-05-09 18:15:04,708 | [11] | DEBUG | DcmWeb.Controllers.DcmController | {"Method":"SearchAll","Type":"ALL","Code":"","Name":"","Status":"ALL","EffectiveDateSt":"","CreateDateSt":"","ElapsedMilliseconds":751};
2012-05-09 18:28:26,743 | [8] | DEBUG | DcmWeb.Controllers.DcmController | {"Method":"SearchGenerationSummary","Type":"IceCube"};
2012-05-09 18:28:26,758 | [13] | DEBUG | DcmWeb.Controllers.DcmController | {"Method":"SearchGenerationSummary","Type":"IceCube"};
2012-05-09 18:28:38,100 | [4] | DEBUG | DcmWeb.Controllers.DcmController | {"Method":"SearchAll","Type":"ALL","Code":"","Name":"","Status":"ALL","EffectiveDateSt":"","CreateDateSt":"","ElapsedMilliseconds":11601};
2012-05-09 18:31:27,460 | [9] | DEBUG | DcmWeb.Controllers.DcmController | {"Method":"SearchAll","Type":"ALL","Code":"","Name":"","Status":"ALL","EffectiveDateSt":"","CreateDateSt":"","ElapsedMilliseconds":3648};
2012-05-09 18:31:44,965 | [9] | DEBUG | DcmWeb.Controllers.DcmController | {"Method":"SaveProfilePrinciple","Id":0,"Code":"PROF-5","Success":true,"Message":"Save Profile Principle Completed."};
2012-05-09 18:31:45,965 | [7] | DEBUG | DcmWeb.Controllers.DcmController | {"Method":"SearchAll","Type":"ALL","Code":"","Name":"","Status":"ALL","EffectiveDateSt":"","CreateDateSt":"","ElapsedMilliseconds":888};
