2012-03-29 10:18:09,889 | [16] | INFO  | DcmWeb.Filters.ProfileResultAttribute | Result execution - elapsed time: 1.4428804 seconds.;
2012-03-29 10:18:25,271 | [16] | INFO  | DcmWeb.Filters.ProfileResultAttribute | Result execution - elapsed time: 0.0350228 seconds.;
2012-03-29 10:18:25,271 | [4] | INFO  | DcmWeb.Filters.ProfileResultAttribute | Result execution - elapsed time: 0.0350228 seconds.;
2012-03-29 10:18:25,287 | [14] | INFO  | DcmWeb.Filters.ProfileResultAttribute | Result execution - elapsed time: 0.0001771 seconds.;
2012-03-29 10:18:26,130 | [10] | INFO  | DcmWeb.Filters.ProfileResultAttribute | Result execution - elapsed time: 0.0047286 seconds.;
2012-03-29 10:18:26,301 | [15] | INFO  | DcmWeb.Filters.ProfileResultAttribute | Result execution - elapsed time: 0.0016082 seconds.;
2012-03-29 10:18:26,317 | [17] | INFO  | DcmWeb.Filters.ProfileResultAttribute | Result execution - elapsed time: 0.0004315 seconds.;
2012-03-29 10:18:26,317 | [14] | INFO  | DcmWeb.Filters.ProfileResultAttribute | Result execution - elapsed time: 0.0001579 seconds.;
2012-03-29 10:18:47,456 | [10] | DEBUG | DcmWeb.Controllers.DcmController | {method:SearchAll, type:ALL, code:, name:, status:ALL, effectiveDateSt:, createDateSt:, elapsedMilliseconds:881};
2012-03-29 10:18:47,456 | [10] | INFO  | DcmWeb.Filters.ProfileResultAttribute | Result execution - elapsed time: 0.0025156 seconds.;
2012-03-29 10:23:19,909 | [4] | INFO  | DcmWeb.Filters.ProfileResultAttribute | Result execution - elapsed time: 0.0005565 seconds.;
2012-03-29 10:23:28,847 | [14] | DEBUG | DcmWeb.Controllers.DcmController | {method:SearchAll, type:ALL, code:, name:, status:ALL, effectiveDateSt:, createDateSt:, elapsedMilliseconds:76};
2012-03-29 10:23:28,847 | [14] | INFO  | DcmWeb.Filters.ProfileResultAttribute | Result execution - elapsed time: 0.0012448 seconds.;
2012-03-29 10:23:30,319 | [14] | INFO  | DcmWeb.Filters.ProfileResultAttribute | Result execution - elapsed time: 0.0002139 seconds.;
2012-03-29 10:23:38,793 | [15] | INFO  | DcmWeb.Controllers.DcmController | {method:SaveConfigurationPrinciple, Id:0, Code:CONF-2, success:True, message:Save Configuration Principle Completed.};
2012-03-29 10:23:38,809 | [15] | INFO  | DcmWeb.Filters.ProfileResultAttribute | Result execution - elapsed time: 0.0007413 seconds.;
2012-03-29 10:23:39,026 | [4] | DEBUG | DcmWeb.Controllers.DcmController | {method:SearchAll, type:ALL, code:, name:, status:ALL, effectiveDateSt:, createDateSt:, elapsedMilliseconds:85};
2012-03-29 10:23:39,026 | [4] | INFO  | DcmWeb.Filters.ProfileResultAttribute | Result execution - elapsed time: 0.001172 seconds.;
2012-03-29 10:23:44,851 | [16] | INFO  | DcmWeb.Filters.ProfileResultAttribute | Result execution - elapsed time: 0.0002277 seconds.;
2012-03-29 10:23:46,989 | [16] | INFO  | DcmWeb.Filters.ProfileResultAttribute | Result execution - elapsed time: 0.0003522 seconds.;
2012-03-29 10:23:47,329 | [4] | INFO  | DcmWeb.Filters.ProfileResultAttribute | Result execution - elapsed time: 0.0004274 seconds.;
2012-03-29 10:23:48,615 | [15] | INFO  | DcmWeb.Filters.ProfileResultAttribute | Result execution - elapsed time: 0.0005454 seconds.;
2012-03-29 10:23:54,471 | [15] | INFO  | DcmWeb.Filters.ProfileResultAttribute | Result execution - elapsed time: 0.0003142 seconds.;
2012-03-29 10:24:09,793 | [4] | DEBUG | DcmWeb.Controllers.DcmController | {method:SchemeSearchAll, name:, code:, status:ALL, principleCode:, effectiveDateSt:, effectiveTimeSt:, elapsedMilliseconds:210};
2012-03-29 10:24:09,793 | [4] | INFO  | DcmWeb.Filters.ProfileResultAttribute | Result execution - elapsed time: 0.001227 seconds.;
2012-03-29 10:24:13,449 | [16] | INFO  | DcmWeb.Filters.ProfileResultAttribute | Result execution - elapsed time: 0.0035385 seconds.;
2012-03-29 10:24:17,245 | [15] | INFO  | DcmWeb.Filters.ProfileResultAttribute | Result execution - elapsed time: 0.0026364 seconds.;
2012-03-29 10:24:18,592 | [15] | INFO  | DcmWeb.Filters.ProfileResultAttribute | Result execution - elapsed time: 0.0043503 seconds.;
2012-03-29 10:24:22,403 | [14] | INFO  | DcmWeb.Filters.ProfileResultAttribute | Result execution - elapsed time: 1.27E-05 seconds.;
2012-03-29 10:24:22,946 | [4] | INFO  | DcmWeb.Filters.ProfileResultAttribute | Result execution - elapsed time: 0.0019628 seconds.;
2012-03-29 10:24:23,085 | [12] | INFO  | DcmWeb.Filters.ProfileResultAttribute | Result execution - elapsed time: 0.0016696 seconds.;
2012-03-29 10:25:29,902 | [15] | INFO  | DcmWeb.Filters.ProfileResultAttribute | Result execution - elapsed time: 0.0024995 seconds.;
2012-03-29 10:25:33,852 | [15] | INFO  | DcmWeb.Filters.ProfileResultAttribute | Result execution - elapsed time: 0.0003931 seconds.;
2012-03-29 10:25:33,883 | [4] | INFO  | DcmWeb.Filters.ProfileResultAttribute | Result execution - elapsed time: 0.0002483 seconds.;
2012-03-29 10:25:33,883 | [14] | INFO  | DcmWeb.Filters.ProfileResultAttribute | Result execution - elapsed time: 0.000118 seconds.;
2012-03-29 10:25:34,116 | [16] | INFO  | DcmWeb.Filters.ProfileResultAttribute | Result execution - elapsed time: 0.0021053 seconds.;
2012-03-29 10:25:39,058 | [12] | INFO  | DcmWeb.Filters.ProfileResultAttribute | Result execution - elapsed time: 0.0004218 seconds.;
2012-03-29 10:25:51,668 | [14] | INFO  | DcmWeb.Filters.ProfileResultAttribute | Result execution - elapsed time: 0.0002005 seconds.;
2012-03-29 10:25:51,963 | [13] | INFO  | DcmWeb.Filters.ProfileResultAttribute | Result execution - elapsed time: 0.0008674 seconds.;
2012-03-29 10:33:27,491 | [6] | DEBUG | DcmWeb.Services.DcmService | {method:DoWork, name:Bon, elapsedMilliseconds:1999};
2012-03-29 10:33:41,160 | [6] | INFO  | DcmWeb.Services.DcmService | {method:DeployedDevice, imei:111111111111113, deployRequestId:3};
2012-03-29 11:25:51,621 | [4] | INFO  | DcmWeb.Filters.ProfileResultAttribute | Result execution - elapsed time: 3.4336986 seconds.;
2012-03-29 11:28:22,759 | [10] | INFO  | DcmWeb.Filters.ProfileResultAttribute | Result execution - elapsed time: 0.0049697 seconds.;
2012-03-29 11:34:42,199 | [4] | INFO  | DcmWeb.Filters.ProfileResultAttribute | Result execution - elapsed time: 2.9725667 seconds.;
2012-03-29 11:34:49,983 | [18] | INFO  | DcmWeb.Filters.ProfileResultAttribute | Result execution - elapsed time: 0.0014204 seconds.;
2012-03-29 11:34:49,983 | [9] | INFO  | DcmWeb.Filters.ProfileResultAttribute | Result execution - elapsed time: 0.0002177 seconds.;
2012-03-29 11:34:50,139 | [5] | INFO  | DcmWeb.Filters.ProfileResultAttribute | Result execution - elapsed time: 0.000373 seconds.;
2012-03-29 11:34:51,028 | [16] | INFO  | DcmWeb.Filters.ProfileResultAttribute | Result execution - elapsed time: 0.0008296 seconds.;
2012-03-29 11:34:51,028 | [5] | INFO  | DcmWeb.Filters.ProfileResultAttribute | Result execution - elapsed time: 0.0008296 seconds.;
2012-03-29 11:34:51,044 | [4] | INFO  | DcmWeb.Filters.ProfileResultAttribute | Result execution - elapsed time: 0.0048776 seconds.;
2012-03-29 11:34:51,059 | [17] | INFO  | DcmWeb.Filters.ProfileResultAttribute | Result execution - elapsed time: 0.0006347 seconds.;
2012-03-29 11:35:06,128 | [17] | INFO  | DcmWeb.Filters.ProfileResultAttribute | Result execution - elapsed time: 0.0031941 seconds.;
2012-03-29 11:35:13,148 | [5] | INFO  | DcmWeb.Filters.ProfileResultAttribute | Result execution - elapsed time: 0.0003737 seconds.;
2012-03-29 11:35:13,397 | [19] | INFO  | DcmWeb.Filters.ProfileResultAttribute | Result execution - elapsed time: 0.0003517 seconds.;
2012-03-29 11:35:13,506 | [5] | INFO  | DcmWeb.Filters.ProfileResultAttribute | Result execution - elapsed time: 0.0003878 seconds.;
2012-03-29 11:35:13,553 | [17] | INFO  | DcmWeb.Filters.ProfileResultAttribute | Result execution - elapsed time: 0.000152 seconds.;
2012-03-29 11:35:14,723 | [18] | INFO  | DcmWeb.Filters.ProfileResultAttribute | Result execution - elapsed time: 0.0003515 seconds.;
2012-03-29 11:35:14,723 | [9] | INFO  | DcmWeb.Filters.ProfileResultAttribute | Result execution - elapsed time: 9.71E-05 seconds.;
2012-03-29 11:35:14,957 | [4] | INFO  | DcmWeb.Filters.ProfileResultAttribute | Result execution - elapsed time: 0.0021752 seconds.;
2012-03-29 11:35:14,988 | [16] | INFO  | DcmWeb.Filters.ProfileResultAttribute | Result execution - elapsed time: 0.0002411 seconds.;
2012-03-29 11:35:15,940 | [4] | INFO  | DcmWeb.Filters.ProfileResultAttribute | Result execution - elapsed time: 0.0003613 seconds.;
2012-03-29 11:35:15,956 | [18] | INFO  | DcmWeb.Filters.ProfileResultAttribute | Result execution - elapsed time: 0.0001197 seconds.;
2012-03-29 11:35:16,002 | [5] | INFO  | DcmWeb.Filters.ProfileResultAttribute | Result execution - elapsed time: 0.0001468 seconds.;
2012-03-29 11:35:16,049 | [9] | INFO  | DcmWeb.Filters.ProfileResultAttribute | Result execution - elapsed time: 0.0005762 seconds.;
2012-03-29 11:35:53,815 | [16] | INFO  | DcmWeb.Filters.ProfileResultAttribute | Result execution - elapsed time: 0.0013787 seconds.;
2012-03-29 11:35:57,637 | [4] | INFO  | DcmWeb.Filters.ProfileResultAttribute | Result execution - elapsed time: 0.0026108 seconds.;
2012-03-29 11:36:05,140 | [4] | INFO  | DcmWeb.Filters.ProfileResultAttribute | Result execution - elapsed time: 0.0021491 seconds.;
2012-03-29 11:37:28,081 | [5] | INFO  | DcmWeb.Filters.ProfileResultAttribute | Result execution - elapsed time: 0.0014095 seconds.;
2012-03-29 11:38:27,670 | [16] | INFO  | DcmWeb.Filters.ProfileResultAttribute | Result execution - elapsed time: 0.0015303 seconds.;
2012-03-29 11:40:18,418 | [9] | INFO  | DcmWeb.Filters.ProfileResultAttribute | Result execution - elapsed time: 0.0013779 seconds.;
2012-03-29 14:36:29,610 | [4] | INFO  | DcmWeb.Filters.ProfileResultAttribute | Result execution - elapsed time: 2.7941716 seconds.;
2012-03-29 14:36:37,914 | [12] | INFO  | DcmWeb.Filters.ProfileResultAttribute | Result execution - elapsed time: 0.0019234 seconds.;
2012-03-29 14:36:37,976 | [11] | INFO  | DcmWeb.Filters.ProfileResultAttribute | Result execution - elapsed time: 0.0008483 seconds.;
2012-03-29 14:36:38,007 | [16] | INFO  | DcmWeb.Filters.ProfileResultAttribute | Result execution - elapsed time: 0.0248726 seconds.;
2012-03-29 14:36:38,741 | [4] | INFO  | DcmWeb.Filters.ProfileResultAttribute | Result execution - elapsed time: 0.0064356 seconds.;
2012-03-29 14:36:39,006 | [14] | INFO  | DcmWeb.Filters.ProfileResultAttribute | Result execution - elapsed time: 0.0004821 seconds.;
2012-03-29 14:36:39,006 | [15] | INFO  | DcmWeb.Filters.ProfileResultAttribute | Result execution - elapsed time: 0.0001824 seconds.;
2012-03-29 14:36:39,022 | [17] | INFO  | DcmWeb.Filters.ProfileResultAttribute | Result execution - elapsed time: 0.0015092 seconds.;
2012-03-29 14:36:39,100 | [12] | INFO  | DcmWeb.Filters.ProfileResultAttribute | Result execution - elapsed time: 0.0028497 seconds.;
2012-03-29 14:38:34,415 | [17] | INFO  | DcmWeb.Filters.ProfileResultAttribute | Result execution - elapsed time: 0.0050685 seconds.;
2012-03-29 14:38:36,959 | [17] | INFO  | DcmWeb.Filters.ProfileResultAttribute | Result execution - elapsed time: 0.0013907 seconds.;
2012-03-29 14:38:37,146 | [15] | INFO  | DcmWeb.Filters.ProfileResultAttribute | Result execution - elapsed time: 0.0013508 seconds.;
2012-03-29 14:39:27,359 | [17] | INFO  | DcmWeb.Filters.ProfileResultAttribute | Result execution - elapsed time: 0.0046439 seconds.;
2012-03-29 14:39:29,778 | [14] | INFO  | DcmWeb.Filters.ProfileResultAttribute | Result execution - elapsed time: 0.0014293 seconds.;
2012-03-29 14:39:30,371 | [17] | INFO  | DcmWeb.Filters.ProfileResultAttribute | Result execution - elapsed time: 0.0004069 seconds.;
2012-03-29 14:39:30,387 | [4] | INFO  | DcmWeb.Filters.ProfileResultAttribute | Result execution - elapsed time: 0.0005588 seconds.;
2012-03-29 14:39:30,387 | [11] | INFO  | DcmWeb.Filters.ProfileResultAttribute | Result execution - elapsed time: 0.0001891 seconds.;
2012-03-29 14:39:30,636 | [15] | INFO  | DcmWeb.Filters.ProfileResultAttribute | Result execution - elapsed time: 0.001452 seconds.;
2012-03-29 14:39:30,652 | [14] | INFO  | DcmWeb.Filters.ProfileResultAttribute | Result execution - elapsed time: 0.0001365 seconds.;
2012-03-29 14:39:30,652 | [17] | INFO  | DcmWeb.Filters.ProfileResultAttribute | Result execution - elapsed time: 0.0001571 seconds.;
2012-03-29 14:39:34,679 | [17] | INFO  | DcmWeb.Filters.ProfileResultAttribute | Result execution - elapsed time: 0.0012932 seconds.;
2012-03-29 14:41:06,488 | [11] | INFO  | DcmWeb.Filters.ProfileResultAttribute | Result execution - elapsed time: 0.0082655 seconds.;
2012-03-29 14:41:08,954 | [4] | INFO  | DcmWeb.Filters.ProfileResultAttribute | Result execution - elapsed time: 0.0033301 seconds.;
2012-03-29 14:41:09,578 | [15] | INFO  | DcmWeb.Filters.ProfileResultAttribute | Result execution - elapsed time: 0.000385 seconds.;
2012-03-29 14:41:09,594 | [4] | INFO  | DcmWeb.Filters.ProfileResultAttribute | Result execution - elapsed time: 0.0001812 seconds.;
2012-03-29 14:41:09,609 | [11] | INFO  | DcmWeb.Filters.ProfileResultAttribute | Result execution - elapsed time: 0.0001893 seconds.;
2012-03-29 14:41:09,797 | [14] | INFO  | DcmWeb.Filters.ProfileResultAttribute | Result execution - elapsed time: 0.0013782 seconds.;
2012-03-29 14:41:09,859 | [15] | INFO  | DcmWeb.Filters.ProfileResultAttribute | Result execution - elapsed time: 0.0004939 seconds.;
2012-03-29 14:41:09,859 | [17] | INFO  | DcmWeb.Filters.ProfileResultAttribute | Result execution - elapsed time: 0.0001384 seconds.;
2012-03-29 14:43:27,229 | [17] | INFO  | DcmWeb.Filters.ProfileResultAttribute | Result execution - elapsed time: 0.0014495 seconds.;
2012-03-29 14:45:14,521 | [4] | INFO  | DcmWeb.Filters.ProfileResultAttribute | Result execution - elapsed time: 0.0055294 seconds.;
2012-03-29 14:45:16,971 | [4] | INFO  | DcmWeb.Filters.ProfileResultAttribute | Result execution - elapsed time: 0.0014268 seconds.;
2012-03-29 14:45:17,439 | [17] | INFO  | DcmWeb.Filters.ProfileResultAttribute | Result execution - elapsed time: 0.0003944 seconds.;
2012-03-29 14:45:17,455 | [11] | INFO  | DcmWeb.Filters.ProfileResultAttribute | Result execution - elapsed time: 0.0001247 seconds.;
2012-03-29 14:45:17,471 | [4] | INFO  | DcmWeb.Filters.ProfileResultAttribute | Result execution - elapsed time: 0.0006222 seconds.;
2012-03-29 14:45:17,705 | [14] | INFO  | DcmWeb.Filters.ProfileResultAttribute | Result execution - elapsed time: 0.0013848 seconds.;
2012-03-29 14:45:17,752 | [15] | INFO  | DcmWeb.Filters.ProfileResultAttribute | Result execution - elapsed time: 0.000163 seconds.;
2012-03-29 14:45:17,752 | [17] | INFO  | DcmWeb.Filters.ProfileResultAttribute | Result execution - elapsed time: 0.0001731 seconds.;
2012-03-29 14:48:24,444 | [11] | INFO  | DcmWeb.Filters.ProfileResultAttribute | Result execution - elapsed time: 0.0013914 seconds.;
2012-03-29 14:49:38,349 | [15] | INFO  | DcmWeb.Filters.ProfileResultAttribute | Result execution - elapsed time: 0.0081777 seconds.;
2012-03-29 14:49:40,987 | [4] | INFO  | DcmWeb.Filters.ProfileResultAttribute | Result execution - elapsed time: 0.0014799 seconds.;
2012-03-29 14:49:41,549 | [15] | INFO  | DcmWeb.Filters.ProfileResultAttribute | Result execution - elapsed time: 0.000178 seconds.;
2012-03-29 14:49:41,549 | [4] | INFO  | DcmWeb.Filters.ProfileResultAttribute | Result execution - elapsed time: 0.000178 seconds.;
2012-03-29 14:49:41,596 | [11] | INFO  | DcmWeb.Filters.ProfileResultAttribute | Result execution - elapsed time: 0.0005233 seconds.;
2012-03-29 14:49:41,627 | [14] | INFO  | DcmWeb.Filters.ProfileResultAttribute | Result execution - elapsed time: 0.0018689 seconds.;
2012-03-29 14:49:41,768 | [17] | INFO  | DcmWeb.Filters.ProfileResultAttribute | Result execution - elapsed time: 0.0008818 seconds.;
2012-03-29 14:49:41,783 | [4] | INFO  | DcmWeb.Filters.ProfileResultAttribute | Result execution - elapsed time: 0.0001659 seconds.;
2012-03-29 14:50:10,003 | [17] | INFO  | DcmWeb.Filters.ProfileResultAttribute | Result execution - elapsed time: 0.0014437 seconds.;
2012-03-29 14:50:12,360 | [14] | INFO  | DcmWeb.Filters.ProfileResultAttribute | Result execution - elapsed time: 0.0027666 seconds.;
2012-03-29 14:50:44,810 | [15] | INFO  | DcmWeb.Filters.ProfileResultAttribute | Result execution - elapsed time: 0.8555028 seconds.;
2012-03-29 14:50:47,292 | [4] | INFO  | DcmWeb.Filters.ProfileResultAttribute | Result execution - elapsed time: 0.0013684 seconds.;
2012-03-29 14:50:47,947 | [15] | INFO  | DcmWeb.Filters.ProfileResultAttribute | Result execution - elapsed time: 0.000371 seconds.;
2012-03-29 14:50:47,963 | [11] | INFO  | DcmWeb.Filters.ProfileResultAttribute | Result execution - elapsed time: 0.0002412 seconds.;
2012-03-29 14:50:47,979 | [4] | INFO  | DcmWeb.Filters.ProfileResultAttribute | Result execution - elapsed time: 0.0001702 seconds.;
2012-03-29 14:50:48,213 | [14] | INFO  | DcmWeb.Filters.ProfileResultAttribute | Result execution - elapsed time: 0.0005861 seconds.;
2012-03-29 14:50:48,228 | [17] | INFO  | DcmWeb.Filters.ProfileResultAttribute | Result execution - elapsed time: 0.0017532 seconds.;
2012-03-29 14:50:48,244 | [15] | INFO  | DcmWeb.Filters.ProfileResultAttribute | Result execution - elapsed time: 0.0001818 seconds.;
2012-03-29 14:50:55,283 | [17] | INFO  | DcmWeb.Filters.ProfileResultAttribute | Result execution - elapsed time: 0.001281 seconds.;
2012-03-29 14:50:56,688 | [15] | INFO  | DcmWeb.Filters.ProfileResultAttribute | Result execution - elapsed time: 0.0014197 seconds.;
2012-03-29 14:51:01,558 | [4] | INFO  | DcmWeb.Filters.ProfileResultAttribute | Result execution - elapsed time: 0.0014377 seconds.;
2012-03-29 14:54:00,805 | [15] | INFO  | DcmWeb.Filters.ProfileResultAttribute | Result execution - elapsed time: 0.0065709 seconds.;
2012-03-29 14:54:03,052 | [15] | INFO  | DcmWeb.Filters.ProfileResultAttribute | Result execution - elapsed time: 0.0013876 seconds.;
2012-03-29 14:54:03,599 | [17] | INFO  | DcmWeb.Filters.ProfileResultAttribute | Result execution - elapsed time: 0.0006532 seconds.;
2012-03-29 14:54:03,599 | [14] | INFO  | DcmWeb.Filters.ProfileResultAttribute | Result execution - elapsed time: 0.0001137 seconds.;
2012-03-29 14:54:03,630 | [15] | INFO  | DcmWeb.Filters.ProfileResultAttribute | Result execution - elapsed time: 0.0003916 seconds.;
2012-03-29 14:54:03,786 | [4] | INFO  | DcmWeb.Filters.ProfileResultAttribute | Result execution - elapsed time: 0.0017099 seconds.;
2012-03-29 14:54:03,833 | [17] | INFO  | DcmWeb.Filters.ProfileResultAttribute | Result execution - elapsed time: 0.0004309 seconds.;
2012-03-29 14:54:03,848 | [11] | INFO  | DcmWeb.Filters.ProfileResultAttribute | Result execution - elapsed time: 0.0001588 seconds.;
2012-03-29 14:54:05,706 | [4] | INFO  | DcmWeb.Filters.ProfileResultAttribute | Result execution - elapsed time: 0.0013065 seconds.;
2012-03-29 14:54:07,267 | [14] | INFO  | DcmWeb.Filters.ProfileResultAttribute | Result execution - elapsed time: 0.0013406 seconds.;
2012-03-29 14:54:56,058 | [4] | DEBUG | DcmWeb.Controllers.DcmController | {method:SearchAll, type:ALL, code:, name:, status:ALL, effectiveDateSt:, createDateSt:, elapsedMilliseconds:408};
2012-03-29 14:54:56,058 | [4] | INFO  | DcmWeb.Filters.ProfileResultAttribute | Result execution - elapsed time: 0.0020528 seconds.;
2012-03-29 14:54:57,775 | [4] | INFO  | DcmWeb.Filters.ProfileResultAttribute | Result execution - elapsed time: 0.008812 seconds.;
2012-03-29 14:55:03,707 | [15] | INFO  | DcmWeb.Filters.ProfileResultAttribute | Result execution - elapsed time: 0.0016341 seconds.;
2012-03-29 15:00:34,152 | [11] | INFO  | DcmWeb.Filters.ProfileResultAttribute | Result execution - elapsed time: 0.0050794 seconds.;
2012-03-29 15:00:36,446 | [14] | INFO  | DcmWeb.Filters.ProfileResultAttribute | Result execution - elapsed time: 0.0015222 seconds.;
2012-03-29 15:00:36,961 | [17] | INFO  | DcmWeb.Filters.ProfileResultAttribute | Result execution - elapsed time: 0.0005035 seconds.;
2012-03-29 15:00:36,977 | [11] | INFO  | DcmWeb.Filters.ProfileResultAttribute | Result execution - elapsed time: 0.0001661 seconds.;
2012-03-29 15:00:37,024 | [4] | INFO  | DcmWeb.Filters.ProfileResultAttribute | Result execution - elapsed time: 0.0004714 seconds.;
2012-03-29 15:00:37,133 | [15] | INFO  | DcmWeb.Filters.ProfileResultAttribute | Result execution - elapsed time: 0.0001836 seconds.;
2012-03-29 15:00:37,227 | [14] | INFO  | DcmWeb.Filters.ProfileResultAttribute | Result execution - elapsed time: 0.0013857 seconds.;
2012-03-29 15:00:37,227 | [17] | INFO  | DcmWeb.Filters.ProfileResultAttribute | Result execution - elapsed time: 0.000167 seconds.;
2012-03-29 15:00:39,084 | [17] | INFO  | DcmWeb.Filters.ProfileResultAttribute | Result execution - elapsed time: 0.0013813 seconds.;
2012-03-29 15:00:40,411 | [15] | INFO  | DcmWeb.Filters.ProfileResultAttribute | Result execution - elapsed time: 0.0013594 seconds.;
2012-03-29 15:01:32,434 | [17] | INFO  | DcmWeb.Filters.ProfileResultAttribute | Result execution - elapsed time: 0.0016809 seconds.;
2012-03-29 15:01:36,913 | [14] | INFO  | DcmWeb.Filters.ProfileResultAttribute | Result execution - elapsed time: 0.0016925 seconds.;
2012-03-29 15:02:05,664 | [11] | INFO  | DcmWeb.Filters.ProfileResultAttribute | Result execution - elapsed time: 0.0013532 seconds.;
2012-03-29 15:02:14,436 | [4] | INFO  | DcmWeb.Filters.ProfileResultAttribute | Result execution - elapsed time: 0.0005496 seconds.;
2012-03-29 15:03:40,735 | [17] | INFO  | DcmWeb.Filters.ProfileResultAttribute | Result execution - elapsed time: 0.0050256 seconds.;
2012-03-29 15:03:43,201 | [11] | INFO  | DcmWeb.Filters.ProfileResultAttribute | Result execution - elapsed time: 0.0014002 seconds.;
2012-03-29 15:03:43,794 | [14] | INFO  | DcmWeb.Filters.ProfileResultAttribute | Result execution - elapsed time: 0.000395 seconds.;
2012-03-29 15:03:43,810 | [11] | INFO  | DcmWeb.Filters.ProfileResultAttribute | Result execution - elapsed time: 0.0002167 seconds.;
2012-03-29 15:03:43,825 | [17] | INFO  | DcmWeb.Filters.ProfileResultAttribute | Result execution - elapsed time: 0.0004277 seconds.;
2012-03-29 15:03:44,028 | [15] | INFO  | DcmWeb.Filters.ProfileResultAttribute | Result execution - elapsed time: 0.0013712 seconds.;
2012-03-29 15:03:44,044 | [4] | INFO  | DcmWeb.Filters.ProfileResultAttribute | Result execution - elapsed time: 0.0005209 seconds.;
2012-03-29 15:03:44,075 | [14] | INFO  | DcmWeb.Filters.ProfileResultAttribute | Result execution - elapsed time: 0.0001768 seconds.;
2012-03-29 15:03:46,447 | [11] | INFO  | DcmWeb.Filters.ProfileResultAttribute | Result execution - elapsed time: 0.0013036 seconds.;
2012-03-29 15:03:47,977 | [14] | INFO  | DcmWeb.Filters.ProfileResultAttribute | Result execution - elapsed time: 0.0013539 seconds.;
2012-03-29 15:04:11,983 | [14] | INFO  | DcmWeb.Filters.ProfileResultAttribute | Result execution - elapsed time: 0.0064459 seconds.;
2012-03-29 15:04:14,293 | [11] | INFO  | DcmWeb.Filters.ProfileResultAttribute | Result execution - elapsed time: 0.0013935 seconds.;
2012-03-29 15:04:14,886 | [4] | INFO  | DcmWeb.Filters.ProfileResultAttribute | Result execution - elapsed time: 0.0004858 seconds.;
2012-03-29 15:04:14,902 | [17] | INFO  | DcmWeb.Filters.ProfileResultAttribute | Result execution - elapsed time: 0.0006257 seconds.;
2012-03-29 15:04:14,948 | [14] | INFO  | DcmWeb.Filters.ProfileResultAttribute | Result execution - elapsed time: 0.0004437 seconds.;
2012-03-29 15:04:15,120 | [15] | INFO  | DcmWeb.Filters.ProfileResultAttribute | Result execution - elapsed time: 0.0004286 seconds.;
2012-03-29 15:04:15,183 | [17] | INFO  | DcmWeb.Filters.ProfileResultAttribute | Result execution - elapsed time: 0.0001875 seconds.;
2012-03-29 15:04:15,183 | [11] | INFO  | DcmWeb.Filters.ProfileResultAttribute | Result execution - elapsed time: 0.0015248 seconds.;
2012-03-29 15:04:18,133 | [4] | INFO  | DcmWeb.Filters.ProfileResultAttribute | Result execution - elapsed time: 0.0012864 seconds.;
2012-03-29 15:04:19,397 | [17] | INFO  | DcmWeb.Filters.ProfileResultAttribute | Result execution - elapsed time: 0.0014022 seconds.;
2012-03-29 15:04:23,845 | [14] | INFO  | DcmWeb.Filters.ProfileResultAttribute | Result execution - elapsed time: 0.0013381 seconds.;
2012-03-29 15:06:26,059 | [4] | INFO  | DcmWeb.Filters.ProfileResultAttribute | Result execution - elapsed time: 0.006816 seconds.;
2012-03-29 15:06:28,400 | [14] | INFO  | DcmWeb.Filters.ProfileResultAttribute | Result execution - elapsed time: 0.0013806 seconds.;
2012-03-29 15:06:29,009 | [11] | INFO  | DcmWeb.Filters.ProfileResultAttribute | Result execution - elapsed time: 0.0004246 seconds.;
2012-03-29 15:06:29,025 | [17] | INFO  | DcmWeb.Filters.ProfileResultAttribute | Result execution - elapsed time: 0.0001579 seconds.;
2012-03-29 15:06:29,040 | [4] | INFO  | DcmWeb.Filters.ProfileResultAttribute | Result execution - elapsed time: 0.000498 seconds.;
2012-03-29 15:06:29,274 | [15] | INFO  | DcmWeb.Filters.ProfileResultAttribute | Result execution - elapsed time: 0.0004223 seconds.;
2012-03-29 15:06:29,274 | [14] | INFO  | DcmWeb.Filters.ProfileResultAttribute | Result execution - elapsed time: 0.0014805 seconds.;
2012-03-29 15:06:29,306 | [11] | INFO  | DcmWeb.Filters.ProfileResultAttribute | Result execution - elapsed time: 0.000181 seconds.;
2012-03-29 15:06:31,912 | [15] | INFO  | DcmWeb.Filters.ProfileResultAttribute | Result execution - elapsed time: 0.0015024 seconds.;
2012-03-29 15:06:33,223 | [11] | INFO  | DcmWeb.Filters.ProfileResultAttribute | Result execution - elapsed time: 0.0014744 seconds.;
2012-03-29 15:07:13,415 | [17] | INFO  | DcmWeb.Filters.ProfileResultAttribute | Result execution - elapsed time: 0.0048026 seconds.;
2012-03-29 15:07:15,600 | [14] | INFO  | DcmWeb.Filters.ProfileResultAttribute | Result execution - elapsed time: 0.0015877 seconds.;
2012-03-29 15:07:16,068 | [14] | INFO  | DcmWeb.Filters.ProfileResultAttribute | Result execution - elapsed time: 0.0004017 seconds.;
2012-03-29 15:07:16,099 | [14] | INFO  | DcmWeb.Filters.ProfileResultAttribute | Result execution - elapsed time: 0.0001307 seconds.;
2012-03-29 15:07:16,131 | [11] | INFO  | DcmWeb.Filters.ProfileResultAttribute | Result execution - elapsed time: 0.0007884 seconds.;
2012-03-29 15:07:16,349 | [15] | INFO  | DcmWeb.Filters.ProfileResultAttribute | Result execution - elapsed time: 0.0019764 seconds.;
2012-03-29 15:07:16,349 | [17] | INFO  | DcmWeb.Filters.ProfileResultAttribute | Result execution - elapsed time: 0.0001745 seconds.;
2012-03-29 15:07:16,365 | [4] | INFO  | DcmWeb.Filters.ProfileResultAttribute | Result execution - elapsed time: 0.0001605 seconds.;
2012-03-29 15:07:19,908 | [15] | INFO  | DcmWeb.Filters.ProfileResultAttribute | Result execution - elapsed time: 0.0013119 seconds.;
2012-03-29 15:07:20,922 | [14] | INFO  | DcmWeb.Filters.ProfileResultAttribute | Result execution - elapsed time: 0.0014399 seconds.;
2012-03-29 15:08:13,648 | [4] | INFO  | DcmWeb.Filters.ProfileResultAttribute | Result execution - elapsed time: 0.0084395 seconds.;
2012-03-29 15:08:16,005 | [14] | INFO  | DcmWeb.Filters.ProfileResultAttribute | Result execution - elapsed time: 0.0013852 seconds.;
2012-03-29 15:08:16,644 | [17] | INFO  | DcmWeb.Filters.ProfileResultAttribute | Result execution - elapsed time: 0.0005549 seconds.;
2012-03-29 15:08:16,691 | [4] | INFO  | DcmWeb.Filters.ProfileResultAttribute | Result execution - elapsed time: 0.0005232 seconds.;
2012-03-29 15:08:16,691 | [11] | INFO  | DcmWeb.Filters.ProfileResultAttribute | Result execution - elapsed time: 0.0002779 seconds.;
2012-03-29 15:08:16,879 | [15] | INFO  | DcmWeb.Filters.ProfileResultAttribute | Result execution - elapsed time: 0.0004434 seconds.;
2012-03-29 15:08:16,941 | [17] | INFO  | DcmWeb.Filters.ProfileResultAttribute | Result execution - elapsed time: 0.0001667 seconds.;
2012-03-29 15:08:16,957 | [14] | INFO  | DcmWeb.Filters.ProfileResultAttribute | Result execution - elapsed time: 0.0014053 seconds.;
2012-03-29 15:08:18,908 | [11] | INFO  | DcmWeb.Filters.ProfileResultAttribute | Result execution - elapsed time: 0.0013337 seconds.;
2012-03-29 15:08:20,094 | [14] | INFO  | DcmWeb.Filters.ProfileResultAttribute | Result execution - elapsed time: 0.0013378 seconds.;
2012-03-29 15:10:18,437 | [15] | INFO  | DcmWeb.Filters.ProfileResultAttribute | Result execution - elapsed time: 0.0066555 seconds.;
2012-03-29 15:10:20,762 | [11] | INFO  | DcmWeb.Filters.ProfileResultAttribute | Result execution - elapsed time: 0.0015841 seconds.;
2012-03-29 15:10:21,278 | [4] | INFO  | DcmWeb.Filters.ProfileResultAttribute | Result execution - elapsed time: 0.0004381 seconds.;
2012-03-29 15:10:21,293 | [11] | INFO  | DcmWeb.Filters.ProfileResultAttribute | Result execution - elapsed time: 0.00021 seconds.;
2012-03-29 15:10:21,309 | [17] | INFO  | DcmWeb.Filters.ProfileResultAttribute | Result execution - elapsed time: 0.0004326 seconds.;
2012-03-29 15:10:21,558 | [14] | INFO  | DcmWeb.Filters.ProfileResultAttribute | Result execution - elapsed time: 0.0015795 seconds.;
2012-03-29 15:10:21,574 | [15] | INFO  | DcmWeb.Filters.ProfileResultAttribute | Result execution - elapsed time: 0.0001763 seconds.;
2012-03-29 15:10:21,590 | [4] | INFO  | DcmWeb.Filters.ProfileResultAttribute | Result execution - elapsed time: 0.0001809 seconds.;
2012-03-29 15:10:23,947 | [17] | INFO  | DcmWeb.Filters.ProfileResultAttribute | Result execution - elapsed time: 0.0012812 seconds.;
2012-03-29 15:10:25,055 | [11] | INFO  | DcmWeb.Filters.ProfileResultAttribute | Result execution - elapsed time: 0.0043698 seconds.;
2012-03-29 15:10:36,340 | [11] | INFO  | DcmWeb.Filters.ProfileResultAttribute | Result execution - elapsed time: 0.0006035 seconds.;
2012-03-29 15:10:54,789 | [14] | INFO  | DcmWeb.Filters.ProfileResultAttribute | Result execution - elapsed time: 0.0047172 seconds.;
2012-03-29 15:10:56,833 | [11] | INFO  | DcmWeb.Filters.ProfileResultAttribute | Result execution - elapsed time: 0.0015144 seconds.;
2012-03-29 15:10:57,349 | [4] | INFO  | DcmWeb.Filters.ProfileResultAttribute | Result execution - elapsed time: 0.0004099 seconds.;
2012-03-29 15:10:57,349 | [11] | INFO  | DcmWeb.Filters.ProfileResultAttribute | Result execution - elapsed time: 0.0001323 seconds.;
2012-03-29 15:10:57,380 | [15] | INFO  | DcmWeb.Filters.ProfileResultAttribute | Result execution - elapsed time: 0.0005243 seconds.;
2012-03-29 15:10:57,614 | [14] | INFO  | DcmWeb.Filters.ProfileResultAttribute | Result execution - elapsed time: 0.001754 seconds.;
2012-03-29 15:10:57,645 | [4] | INFO  | DcmWeb.Filters.ProfileResultAttribute | Result execution - elapsed time: 0.0004379 seconds.;
2012-03-29 15:10:57,661 | [17] | INFO  | DcmWeb.Filters.ProfileResultAttribute | Result execution - elapsed time: 0.0001789 seconds.;
2012-03-29 15:10:59,659 | [17] | INFO  | DcmWeb.Filters.ProfileResultAttribute | Result execution - elapsed time: 0.0019369 seconds.;
2012-03-29 15:11:00,814 | [11] | INFO  | DcmWeb.Filters.ProfileResultAttribute | Result execution - elapsed time: 0.0015378 seconds.;
2012-03-29 15:12:17,638 | [11] | INFO  | DcmWeb.Filters.ProfileResultAttribute | Result execution - elapsed time: 0.0050206 seconds.;
2012-03-29 15:12:19,886 | [15] | INFO  | DcmWeb.Filters.ProfileResultAttribute | Result execution - elapsed time: 0.0015651 seconds.;
2012-03-29 15:12:20,463 | [14] | INFO  | DcmWeb.Filters.ProfileResultAttribute | Result execution - elapsed time: 0.0004323 seconds.;
2012-03-29 15:12:20,479 | [11] | INFO  | DcmWeb.Filters.ProfileResultAttribute | Result execution - elapsed time: 0.0001497 seconds.;
2012-03-29 15:12:20,510 | [4] | INFO  | DcmWeb.Filters.ProfileResultAttribute | Result execution - elapsed time: 0.0004817 seconds.;
2012-03-29 15:12:20,713 | [15] | INFO  | DcmWeb.Filters.ProfileResultAttribute | Result execution - elapsed time: 0.0015247 seconds.;
2012-03-29 15:12:20,744 | [17] | INFO  | DcmWeb.Filters.ProfileResultAttribute | Result execution - elapsed time: 0.0004402 seconds.;
2012-03-29 15:12:20,760 | [14] | INFO  | DcmWeb.Filters.ProfileResultAttribute | Result execution - elapsed time: 0.0001611 seconds.;
2012-03-29 15:12:22,742 | [17] | INFO  | DcmWeb.Filters.ProfileResultAttribute | Result execution - elapsed time: 0.0013195 seconds.;
2012-03-29 15:12:23,928 | [4] | INFO  | DcmWeb.Filters.ProfileResultAttribute | Result execution - elapsed time: 0.0014865 seconds.;
2012-03-29 15:12:35,042 | [4] | INFO  | DcmWeb.Filters.ProfileResultAttribute | Result execution - elapsed time: 0.0072682 seconds.;
2012-03-29 15:12:37,133 | [4] | INFO  | DcmWeb.Filters.ProfileResultAttribute | Result execution - elapsed time: 0.0013772 seconds.;
2012-03-29 15:12:37,664 | [11] | INFO  | DcmWeb.Filters.ProfileResultAttribute | Result execution - elapsed time: 0.0003809 seconds.;
2012-03-29 15:12:37,679 | [15] | INFO  | DcmWeb.Filters.ProfileResultAttribute | Result execution - elapsed time: 0.0004285 seconds.;
2012-03-29 15:12:37,695 | [4] | INFO  | DcmWeb.Filters.ProfileResultAttribute | Result execution - elapsed time: 0.000192 seconds.;
2012-03-29 15:12:37,929 | [17] | INFO  | DcmWeb.Filters.ProfileResultAttribute | Result execution - elapsed time: 0.0001646 seconds.;
2012-03-29 15:12:37,929 | [14] | INFO  | DcmWeb.Filters.ProfileResultAttribute | Result execution - elapsed time: 0.0018051 seconds.;
2012-03-29 15:12:37,945 | [11] | INFO  | DcmWeb.Filters.ProfileResultAttribute | Result execution - elapsed time: 0.0001576 seconds.;
2012-03-29 15:12:40,145 | [14] | INFO  | DcmWeb.Filters.ProfileResultAttribute | Result execution - elapsed time: 0.001298 seconds.;
2012-03-29 15:12:41,082 | [14] | INFO  | DcmWeb.Filters.ProfileResultAttribute | Result execution - elapsed time: 0.0019314 seconds.;
2012-03-29 15:13:11,113 | [4] | INFO  | DcmWeb.Filters.ProfileResultAttribute | Result execution - elapsed time: 0.0068733 seconds.;
2012-03-29 15:13:13,376 | [15] | INFO  | DcmWeb.Filters.ProfileResultAttribute | Result execution - elapsed time: 0.0015897 seconds.;
2012-03-29 15:13:13,797 | [15] | INFO  | DcmWeb.Filters.ProfileResultAttribute | Result execution - elapsed time: 0.0028991 seconds.;
2012-03-29 15:13:13,860 | [11] | INFO  | DcmWeb.Filters.ProfileResultAttribute | Result execution - elapsed time: 0.0004781 seconds.;
2012-03-29 15:13:13,860 | [15] | INFO  | DcmWeb.Filters.ProfileResultAttribute | Result execution - elapsed time: 0.000186 seconds.;
2012-03-29 15:13:14,000 | [17] | INFO  | DcmWeb.Filters.ProfileResultAttribute | Result execution - elapsed time: 0.0018132 seconds.;
2012-03-29 15:13:14,031 | [14] | INFO  | DcmWeb.Filters.ProfileResultAttribute | Result execution - elapsed time: 0.0006646 seconds.;
2012-03-29 15:13:14,109 | [4] | INFO  | DcmWeb.Filters.ProfileResultAttribute | Result execution - elapsed time: 0.0001928 seconds.;
2012-03-29 15:13:15,748 | [11] | INFO  | DcmWeb.Filters.ProfileResultAttribute | Result execution - elapsed time: 0.0013076 seconds.;
2012-03-29 15:13:16,794 | [4] | INFO  | DcmWeb.Filters.ProfileResultAttribute | Result execution - elapsed time: 0.0014023 seconds.;
2012-03-29 15:13:43,828 | [11] | INFO  | DcmWeb.Filters.ProfileResultAttribute | Result execution - elapsed time: 0.0066706 seconds.;
2012-03-29 15:13:45,982 | [4] | INFO  | DcmWeb.Filters.ProfileResultAttribute | Result execution - elapsed time: 0.0013663 seconds.;
2012-03-29 15:13:46,434 | [17] | INFO  | DcmWeb.Filters.ProfileResultAttribute | Result execution - elapsed time: 0.0007702 seconds.;
2012-03-29 15:13:46,466 | [4] | INFO  | DcmWeb.Filters.ProfileResultAttribute | Result execution - elapsed time: 0.0005263 seconds.;
2012-03-29 15:13:46,497 | [15] | INFO  | DcmWeb.Filters.ProfileResultAttribute | Result execution - elapsed time: 0.000133 seconds.;
2012-03-29 15:13:46,700 | [14] | INFO  | DcmWeb.Filters.ProfileResultAttribute | Result execution - elapsed time: 0.0017308 seconds.;
2012-03-29 15:13:46,715 | [11] | INFO  | DcmWeb.Filters.ProfileResultAttribute | Result execution - elapsed time: 0.0004545 seconds.;
2012-03-29 15:13:46,747 | [17] | INFO  | DcmWeb.Filters.ProfileResultAttribute | Result execution - elapsed time: 0.0004145 seconds.;
2012-03-29 15:13:49,478 | [15] | INFO  | DcmWeb.Filters.ProfileResultAttribute | Result execution - elapsed time: 0.0012964 seconds.;
2012-03-29 15:13:50,368 | [11] | INFO  | DcmWeb.Filters.ProfileResultAttribute | Result execution - elapsed time: 0.0013408 seconds.;
2012-03-29 15:14:32,105 | [15] | INFO  | DcmWeb.Filters.ProfileResultAttribute | Result execution - elapsed time: 0.0044326 seconds.;
2012-03-29 15:14:34,212 | [11] | INFO  | DcmWeb.Filters.ProfileResultAttribute | Result execution - elapsed time: 0.0014873 seconds.;
2012-03-29 15:14:34,649 | [4] | INFO  | DcmWeb.Filters.ProfileResultAttribute | Result execution - elapsed time: 0.0004871 seconds.;
2012-03-29 15:14:34,649 | [15] | INFO  | DcmWeb.Filters.ProfileResultAttribute | Result execution - elapsed time: 0.0001776 seconds.;
2012-03-29 15:14:34,680 | [11] | INFO  | DcmWeb.Filters.ProfileResultAttribute | Result execution - elapsed time: 0.0005351 seconds.;
2012-03-29 15:14:34,820 | [14] | INFO  | DcmWeb.Filters.ProfileResultAttribute | Result execution - elapsed time: 0.0005481 seconds.;
2012-03-29 15:14:34,820 | [17] | INFO  | DcmWeb.Filters.ProfileResultAttribute | Result execution - elapsed time: 0.0016167 seconds.;
2012-03-29 15:14:34,883 | [4] | INFO  | DcmWeb.Filters.ProfileResultAttribute | Result execution - elapsed time: 0.0001593 seconds.;
2012-03-29 15:14:38,005 | [4] | INFO  | DcmWeb.Filters.ProfileResultAttribute | Result execution - elapsed time: 0.0013999 seconds.;
2012-03-29 15:14:39,097 | [14] | INFO  | DcmWeb.Filters.ProfileResultAttribute | Result execution - elapsed time: 0.0013469 seconds.;
2012-03-29 15:14:42,110 | [4] | INFO  | DcmWeb.Filters.ProfileResultAttribute | Result execution - elapsed time: 4.2E-06 seconds.;
2012-03-29 15:14:43,577 | [14] | INFO  | DcmWeb.Filters.ProfileResultAttribute | Result execution - elapsed time: 5.9E-06 seconds.;
2012-03-29 15:15:08,129 | [15] | INFO  | DcmWeb.Filters.ProfileResultAttribute | Result execution - elapsed time: 5.5E-06 seconds.;
2012-03-29 15:15:54,891 | [17] | INFO  | DcmWeb.Filters.ProfileResultAttribute | Result execution - elapsed time: 0.0068709 seconds.;
2012-03-29 15:15:57,326 | [15] | INFO  | DcmWeb.Filters.ProfileResultAttribute | Result execution - elapsed time: 0.0014599 seconds.;
2012-03-29 15:15:57,920 | [15] | INFO  | DcmWeb.Filters.ProfileResultAttribute | Result execution - elapsed time: 0.0004216 seconds.;
2012-03-29 15:15:57,920 | [4] | INFO  | DcmWeb.Filters.ProfileResultAttribute | Result execution - elapsed time: 0.0001495 seconds.;
2012-03-29 15:15:57,935 | [17] | INFO  | DcmWeb.Filters.ProfileResultAttribute | Result execution - elapsed time: 0.0002815 seconds.;
2012-03-29 15:15:58,185 | [11] | INFO  | DcmWeb.Filters.ProfileResultAttribute | Result execution - elapsed time: 0.0019146 seconds.;
2012-03-29 15:15:58,216 | [15] | INFO  | DcmWeb.Filters.ProfileResultAttribute | Result execution - elapsed time: 0.0004194 seconds.;
2012-03-29 15:15:58,232 | [14] | INFO  | DcmWeb.Filters.ProfileResultAttribute | Result execution - elapsed time: 0.0001794 seconds.;
2012-03-29 15:16:00,620 | [11] | INFO  | DcmWeb.Filters.ProfileResultAttribute | Result execution - elapsed time: 0.0014648 seconds.;
2012-03-29 15:16:01,946 | [11] | INFO  | DcmWeb.Filters.ProfileResultAttribute | Result execution - elapsed time: 0.0009809 seconds.;
2012-03-29 15:16:05,458 | [17] | INFO  | DcmWeb.Filters.ProfileResultAttribute | Result execution - elapsed time: 4.9E-06 seconds.;
2012-03-29 15:17:20,191 | [17] | INFO  | DcmWeb.Filters.ProfileResultAttribute | Result execution - elapsed time: 0.0049001 seconds.;
2012-03-29 15:17:22,470 | [15] | INFO  | DcmWeb.Filters.ProfileResultAttribute | Result execution - elapsed time: 0.001374 seconds.;
2012-03-29 15:17:23,048 | [14] | INFO  | DcmWeb.Filters.ProfileResultAttribute | Result execution - elapsed time: 0.0003649 seconds.;
2012-03-29 15:17:23,063 | [17] | INFO  | DcmWeb.Filters.ProfileResultAttribute | Result execution - elapsed time: 0.0001525 seconds.;
2012-03-29 15:17:23,079 | [4] | INFO  | DcmWeb.Filters.ProfileResultAttribute | Result execution - elapsed time: 0.0002915 seconds.;
2012-03-29 15:17:23,204 | [11] | INFO  | DcmWeb.Filters.ProfileResultAttribute | Result execution - elapsed time: 0.0016838 seconds.;
2012-03-29 15:17:23,251 | [15] | INFO  | DcmWeb.Filters.ProfileResultAttribute | Result execution - elapsed time: 0.0001592 seconds.;
2012-03-29 15:17:23,282 | [14] | INFO  | DcmWeb.Filters.ProfileResultAttribute | Result execution - elapsed time: 0.000207 seconds.;
2012-03-29 15:17:25,498 | [14] | INFO  | DcmWeb.Filters.ProfileResultAttribute | Result execution - elapsed time: 0.0012987 seconds.;
2012-03-29 15:17:26,638 | [17] | INFO  | DcmWeb.Filters.ProfileResultAttribute | Result execution - elapsed time: 0.0007028 seconds.;
2012-03-29 15:17:28,838 | [15] | INFO  | DcmWeb.Filters.ProfileResultAttribute | Result execution - elapsed time: 6.3E-06 seconds.;
2012-03-29 15:17:35,675 | [11] | INFO  | DcmWeb.Filters.ProfileResultAttribute | Result execution - elapsed time: 0.0005644 seconds.;
2012-03-29 15:17:36,830 | [14] | INFO  | DcmWeb.Filters.ProfileResultAttribute | Result execution - elapsed time: 4.6E-06 seconds.;
2012-03-29 15:17:37,891 | [17] | INFO  | DcmWeb.Filters.ProfileResultAttribute | Result execution - elapsed time: 3.6E-06 seconds.;
2012-03-29 15:17:38,578 | [15] | INFO  | DcmWeb.Filters.ProfileResultAttribute | Result execution - elapsed time: 8.1E-06 seconds.;
2012-03-29 15:17:39,202 | [17] | INFO  | DcmWeb.Filters.ProfileResultAttribute | Result execution - elapsed time: 3.4E-06 seconds.;
2012-03-29 15:17:39,920 | [15] | INFO  | DcmWeb.Filters.ProfileResultAttribute | Result execution - elapsed time: 4.8E-06 seconds.;
2012-03-29 15:18:27,370 | [17] | INFO  | DcmWeb.Filters.ProfileResultAttribute | Result execution - elapsed time: 0.0063913 seconds.;
2012-03-29 15:18:30,023 | [4] | INFO  | DcmWeb.Filters.ProfileResultAttribute | Result execution - elapsed time: 0.0014188 seconds.;
2012-03-29 15:18:30,835 | [14] | INFO  | DcmWeb.Filters.ProfileResultAttribute | Result execution - elapsed time: 0.0004305 seconds.;
2012-03-29 15:18:30,851 | [11] | INFO  | DcmWeb.Filters.ProfileResultAttribute | Result execution - elapsed time: 0.0004723 seconds.;
2012-03-29 15:18:30,882 | [4] | INFO  | DcmWeb.Filters.ProfileResultAttribute | Result execution - elapsed time: 0.0006328 seconds.;
2012-03-29 15:18:31,085 | [15] | INFO  | DcmWeb.Filters.ProfileResultAttribute | Result execution - elapsed time: 0.0001593 seconds.;
2012-03-29 15:18:31,116 | [14] | INFO  | DcmWeb.Filters.ProfileResultAttribute | Result execution - elapsed time: 0.0004946 seconds.;
2012-03-29 15:18:31,132 | [17] | INFO  | DcmWeb.Filters.ProfileResultAttribute | Result execution - elapsed time: 0.0015216 seconds.;
2012-03-29 15:18:33,925 | [15] | INFO  | DcmWeb.Filters.ProfileResultAttribute | Result execution - elapsed time: 0.0014474 seconds.;
2012-03-29 15:18:34,956 | [17] | INFO  | DcmWeb.Filters.ProfileResultAttribute | Result execution - elapsed time: 0.0005838 seconds.;
2012-03-29 15:18:36,079 | [4] | INFO  | DcmWeb.Filters.ProfileResultAttribute | Result execution - elapsed time: 4E-06 seconds.;
2012-03-29 15:18:54,170 | [17] | INFO  | DcmWeb.Filters.ProfileResultAttribute | Result execution - elapsed time: 7.8E-06 seconds.;
2012-03-29 15:18:55,184 | [11] | INFO  | DcmWeb.Filters.ProfileResultAttribute | Result execution - elapsed time: 5.9E-06 seconds.;
2012-03-29 15:19:28,805 | [15] | INFO  | DcmWeb.Filters.ProfileResultAttribute | Result execution - elapsed time: 0.0065606 seconds.;
2012-03-29 15:19:31,364 | [11] | INFO  | DcmWeb.Filters.ProfileResultAttribute | Result execution - elapsed time: 0.0015102 seconds.;
2012-03-29 15:19:31,942 | [14] | INFO  | DcmWeb.Filters.ProfileResultAttribute | Result execution - elapsed time: 0.0003777 seconds.;
2012-03-29 15:19:31,942 | [4] | INFO  | DcmWeb.Filters.ProfileResultAttribute | Result execution - elapsed time: 0.0001422 seconds.;
2012-03-29 15:19:31,973 | [11] | INFO  | DcmWeb.Filters.ProfileResultAttribute | Result execution - elapsed time: 0.0005106 seconds.;
2012-03-29 15:19:32,270 | [15] | INFO  | DcmWeb.Filters.ProfileResultAttribute | Result execution - elapsed time: 0.0004548 seconds.;
2012-03-29 15:19:32,270 | [14] | INFO  | DcmWeb.Filters.ProfileResultAttribute | Result execution - elapsed time: 0.0001804 seconds.;
2012-03-29 15:19:32,270 | [17] | INFO  | DcmWeb.Filters.ProfileResultAttribute | Result execution - elapsed time: 0.0014656 seconds.;
2012-03-29 15:19:34,408 | [4] | INFO  | DcmWeb.Filters.ProfileResultAttribute | Result execution - elapsed time: 0.0013489 seconds.;
2012-03-29 15:19:35,345 | [17] | INFO  | DcmWeb.Filters.ProfileResultAttribute | Result execution - elapsed time: 0.0005505 seconds.;
2012-03-29 15:19:36,500 | [4] | INFO  | DcmWeb.Filters.ProfileResultAttribute | Result execution - elapsed time: 4.1E-06 seconds.;
2012-03-29 15:19:58,102 | [11] | INFO  | DcmWeb.Filters.ProfileResultAttribute | Result execution - elapsed time: 0.0044081 seconds.;
2012-03-29 15:20:00,786 | [15] | INFO  | DcmWeb.Filters.ProfileResultAttribute | Result execution - elapsed time: 0.0013696 seconds.;
2012-03-29 15:20:01,520 | [14] | INFO  | DcmWeb.Filters.ProfileResultAttribute | Result execution - elapsed time: 0.0004518 seconds.;
2012-03-29 15:20:01,535 | [11] | INFO  | DcmWeb.Filters.ProfileResultAttribute | Result execution - elapsed time: 0.0002254 seconds.;
2012-03-29 15:20:01,567 | [4] | INFO  | DcmWeb.Filters.ProfileResultAttribute | Result execution - elapsed time: 0.0002102 seconds.;
2012-03-29 15:20:01,660 | [17] | INFO  | DcmWeb.Filters.ProfileResultAttribute | Result execution - elapsed time: 0.001705 seconds.;
2012-03-29 15:20:01,676 | [15] | INFO  | DcmWeb.Filters.ProfileResultAttribute | Result execution - elapsed time: 0.000436 seconds.;
2012-03-29 15:20:01,723 | [14] | INFO  | DcmWeb.Filters.ProfileResultAttribute | Result execution - elapsed time: 0.0001655 seconds.;
2012-03-29 15:20:07,872 | [4] | INFO  | DcmWeb.Filters.ProfileResultAttribute | Result execution - elapsed time: 0.0015864 seconds.;
2012-03-29 15:20:08,887 | [17] | INFO  | DcmWeb.Filters.ProfileResultAttribute | Result execution - elapsed time: 0.0005564 seconds.;
2012-03-29 15:20:09,995 | [15] | INFO  | DcmWeb.Filters.ProfileResultAttribute | Result execution - elapsed time: 6.1E-06 seconds.;
2012-03-29 15:20:38,808 | [4] | INFO  | DcmWeb.Filters.ProfileResultAttribute | Result execution - elapsed time: 0.004189 seconds.;
2012-03-29 15:20:41,415 | [17] | INFO  | DcmWeb.Filters.ProfileResultAttribute | Result execution - elapsed time: 0.0013743 seconds.;
2012-03-29 15:20:41,977 | [17] | INFO  | DcmWeb.Filters.ProfileResultAttribute | Result execution - elapsed time: 0.0004222 seconds.;
2012-03-29 15:20:41,977 | [15] | INFO  | DcmWeb.Filters.ProfileResultAttribute | Result execution - elapsed time: 0.0001366 seconds.;
2012-03-29 15:20:42,164 | [4] | INFO  | DcmWeb.Filters.ProfileResultAttribute | Result execution - elapsed time: 0.000661 seconds.;
2012-03-29 15:20:42,227 | [14] | INFO  | DcmWeb.Filters.ProfileResultAttribute | Result execution - elapsed time: 0.0001621 seconds.;
2012-03-29 15:20:42,242 | [11] | INFO  | DcmWeb.Filters.ProfileResultAttribute | Result execution - elapsed time: 0.0017702 seconds.;
2012-03-29 15:20:42,273 | [17] | INFO  | DcmWeb.Filters.ProfileResultAttribute | Result execution - elapsed time: 0.0001711 seconds.;
2012-03-29 15:20:44,053 | [17] | INFO  | DcmWeb.Filters.ProfileResultAttribute | Result execution - elapsed time: 0.0013842 seconds.;
2012-03-29 15:20:45,457 | [14] | INFO  | DcmWeb.Filters.ProfileResultAttribute | Result execution - elapsed time: 0.0005564 seconds.;
2012-03-29 15:20:46,425 | [11] | INFO  | DcmWeb.Filters.ProfileResultAttribute | Result execution - elapsed time: 4.4E-06 seconds.;
2012-03-29 15:20:59,302 | [15] | INFO  | DcmWeb.Filters.ProfileResultAttribute | Result execution - elapsed time: 7.7E-06 seconds.;
2012-03-29 15:21:11,586 | [15] | INFO  | DcmWeb.Filters.ProfileResultAttribute | Result execution - elapsed time: 0.0047524 seconds.;
2012-03-29 15:21:14,005 | [15] | INFO  | DcmWeb.Filters.ProfileResultAttribute | Result execution - elapsed time: 0.0016489 seconds.;
2012-03-29 15:21:14,630 | [4] | INFO  | DcmWeb.Filters.ProfileResultAttribute | Result execution - elapsed time: 0.0004143 seconds.;
2012-03-29 15:21:14,661 | [11] | INFO  | DcmWeb.Filters.ProfileResultAttribute | Result execution - elapsed time: 0.0004232 seconds.;
2012-03-29 15:21:14,661 | [17] | INFO  | DcmWeb.Filters.ProfileResultAttribute | Result execution - elapsed time: 0.0001561 seconds.;
2012-03-29 15:21:14,895 | [14] | INFO  | DcmWeb.Filters.ProfileResultAttribute | Result execution - elapsed time: 0.0017945 seconds.;
2012-03-29 15:21:14,911 | [15] | INFO  | DcmWeb.Filters.ProfileResultAttribute | Result execution - elapsed time: 0.000498 seconds.;
2012-03-29 15:21:14,926 | [4] | INFO  | DcmWeb.Filters.ProfileResultAttribute | Result execution - elapsed time: 0.0001883 seconds.;
2012-03-29 15:21:16,908 | [17] | INFO  | DcmWeb.Filters.ProfileResultAttribute | Result execution - elapsed time: 0.0013667 seconds.;
2012-03-29 15:21:17,954 | [17] | INFO  | DcmWeb.Filters.ProfileResultAttribute | Result execution - elapsed time: 0.0005518 seconds.;
2012-03-29 15:21:19,218 | [14] | INFO  | DcmWeb.Filters.ProfileResultAttribute | Result execution - elapsed time: 8.1E-06 seconds.;
2012-03-29 15:21:49,733 | [17] | INFO  | DcmWeb.Filters.ProfileResultAttribute | Result execution - elapsed time: 0.0075631 seconds.;
2012-03-29 15:21:52,105 | [11] | INFO  | DcmWeb.Filters.ProfileResultAttribute | Result execution - elapsed time: 0.0015339 seconds.;
2012-03-29 15:21:52,683 | [17] | INFO  | DcmWeb.Filters.ProfileResultAttribute | Result execution - elapsed time: 0.0003975 seconds.;
2012-03-29 15:21:52,698 | [4] | INFO  | DcmWeb.Filters.ProfileResultAttribute | Result execution - elapsed time: 0.0001617 seconds.;
2012-03-29 15:21:52,714 | [11] | INFO  | DcmWeb.Filters.ProfileResultAttribute | Result execution - elapsed time: 0.0005336 seconds.;
2012-03-29 15:21:52,964 | [15] | INFO  | DcmWeb.Filters.ProfileResultAttribute | Result execution - elapsed time: 0.0014659 seconds.;
2012-03-29 15:21:52,995 | [17] | INFO  | DcmWeb.Filters.ProfileResultAttribute | Result execution - elapsed time: 0.0001748 seconds.;
2012-03-29 15:21:52,995 | [14] | INFO  | DcmWeb.Filters.ProfileResultAttribute | Result execution - elapsed time: 0.0001873 seconds.;
2012-03-29 15:21:54,369 | [14] | INFO  | DcmWeb.Filters.ProfileResultAttribute | Result execution - elapsed time: 0.001309 seconds.;
2012-03-29 15:21:56,164 | [11] | INFO  | DcmWeb.Filters.ProfileResultAttribute | Result execution - elapsed time: 0.000642 seconds.;
2012-03-29 15:21:57,490 | [17] | INFO  | DcmWeb.Filters.ProfileResultAttribute | Result execution - elapsed time: 4.8E-06 seconds.;
2012-03-29 15:23:49,949 | [11] | INFO  | DcmWeb.Filters.ProfileResultAttribute | Result execution - elapsed time: 0.0005429 seconds.;
2012-03-29 15:24:51,524 | [4] | INFO  | DcmWeb.Filters.ProfileResultAttribute | Result execution - elapsed time: 1.113892 seconds.;
2012-03-29 15:25:01,092 | [15] | INFO  | DcmWeb.Filters.ProfileResultAttribute | Result execution - elapsed time: 0.0015002 seconds.;
2012-03-29 15:25:01,185 | [14] | INFO  | DcmWeb.Filters.ProfileResultAttribute | Result execution - elapsed time: 0.0001345 seconds.;
2012-03-29 15:25:01,295 | [16] | INFO  | DcmWeb.Filters.ProfileResultAttribute | Result execution - elapsed time: 0.0001327 seconds.;
2012-03-29 15:25:02,184 | [11] | INFO  | DcmWeb.Filters.ProfileResultAttribute | Result execution - elapsed time: 0.0005503 seconds.;
2012-03-29 15:25:02,247 | [17] | INFO  | DcmWeb.Filters.ProfileResultAttribute | Result execution - elapsed time: 0.0243493 seconds.;
2012-03-29 15:25:02,325 | [4] | INFO  | DcmWeb.Filters.ProfileResultAttribute | Result execution - elapsed time: 0.0006775 seconds.;
2012-03-29 15:25:02,325 | [15] | INFO  | DcmWeb.Filters.ProfileResultAttribute | Result execution - elapsed time: 0.0004157 seconds.;
2012-03-29 15:25:05,915 | [11] | INFO  | DcmWeb.Filters.ProfileResultAttribute | Result execution - elapsed time: 0.0026733 seconds.;
2012-03-29 15:25:07,320 | [17] | INFO  | DcmWeb.Filters.ProfileResultAttribute | Result execution - elapsed time: 0.0030568 seconds.;
2012-03-29 15:27:26,390 | [16] | INFO  | DcmWeb.Filters.ProfileResultAttribute | Result execution - elapsed time: 5E-06 seconds.;
2012-03-29 15:30:39,981 | [4] | INFO  | DcmWeb.Filters.ProfileResultAttribute | Result execution - elapsed time: 4.2848577 seconds.;
2012-03-29 15:30:50,189 | [13] | INFO  | DcmWeb.Filters.ProfileResultAttribute | Result execution - elapsed time: 0.0013056 seconds.;
2012-03-29 15:30:50,189 | [11] | INFO  | DcmWeb.Filters.ProfileResultAttribute | Result execution - elapsed time: 0.0013056 seconds.;
2012-03-29 15:30:50,361 | [4] | INFO  | DcmWeb.Filters.ProfileResultAttribute | Result execution - elapsed time: 0.000144 seconds.;
2012-03-29 15:30:50,907 | [16] | INFO  | DcmWeb.Filters.ProfileResultAttribute | Result execution - elapsed time: 0.0057642 seconds.;
2012-03-29 15:30:51,079 | [14] | INFO  | DcmWeb.Filters.ProfileResultAttribute | Result execution - elapsed time: 0.001401 seconds.;
2012-03-29 15:30:51,095 | [12] | INFO  | DcmWeb.Filters.ProfileResultAttribute | Result execution - elapsed time: 0.0003851 seconds.;
2012-03-29 15:30:51,266 | [13] | INFO  | DcmWeb.Filters.ProfileResultAttribute | Result execution - elapsed time: 0.0001696 seconds.;
2012-03-29 15:31:14,320 | [12] | INFO  | DcmWeb.Filters.ProfileResultAttribute | Result execution - elapsed time: 0.0026997 seconds.;
2012-03-29 15:31:15,896 | [4] | INFO  | DcmWeb.Filters.ProfileResultAttribute | Result execution - elapsed time: 0.0030324 seconds.;
2012-03-29 15:31:46,442 | [14] | INFO  | DcmWeb.Filters.ProfileResultAttribute | Result execution - elapsed time: 7.3E-06 seconds.;
2012-03-29 15:32:36,545 | [4] | INFO  | DcmWeb.Filters.ProfileResultAttribute | Result execution - elapsed time: 6.3E-06 seconds.;
2012-03-29 15:32:41,259 | [4] | INFO  | DcmWeb.Filters.ProfileResultAttribute | Result execution - elapsed time: 0.0005498 seconds.;
2012-03-29 15:33:33,843 | [16] | INFO  | DcmWeb.Filters.ProfileResultAttribute | Result execution - elapsed time: 0.0005733 seconds.;
2012-03-29 15:34:29,987 | [4] | INFO  | DcmWeb.Filters.ProfileResultAttribute | Result execution - elapsed time: 3.3803595 seconds.;
2012-03-29 15:35:41,863 | [4] | INFO  | DcmWeb.Filters.ProfileResultAttribute | Result execution - elapsed time: 0.0010893 seconds.;
2012-03-29 15:36:08,694 | [13] | INFO  | DcmWeb.Filters.ProfileResultAttribute | Result execution - elapsed time: 4.4E-06 seconds.;
2012-03-29 15:36:09,241 | [15] | INFO  | DcmWeb.Filters.ProfileResultAttribute | Result execution - elapsed time: 0.0017565 seconds.;
2012-03-29 15:36:09,319 | [14] | INFO  | DcmWeb.Filters.ProfileResultAttribute | Result execution - elapsed time: 0.0016126 seconds.;
2012-03-29 15:38:41,579 | [14] | INFO  | DcmWeb.Filters.ProfileResultAttribute | Result execution - elapsed time: 0.0053237 seconds.;
2012-03-29 15:38:43,452 | [15] | INFO  | DcmWeb.Filters.ProfileResultAttribute | Result execution - elapsed time: 0.0017996 seconds.;
2012-03-29 15:38:44,513 | [11] | INFO  | DcmWeb.Filters.ProfileResultAttribute | Result execution - elapsed time: 0.0005227 seconds.;
2012-03-29 15:38:44,575 | [13] | INFO  | DcmWeb.Filters.ProfileResultAttribute | Result execution - elapsed time: 0.0006446 seconds.;
2012-03-29 15:38:44,716 | [4] | INFO  | DcmWeb.Filters.ProfileResultAttribute | Result execution - elapsed time: 0.0001957 seconds.;
2012-03-29 15:38:44,763 | [14] | INFO  | DcmWeb.Filters.ProfileResultAttribute | Result execution - elapsed time: 0.0021084 seconds.;
2012-03-29 15:38:44,763 | [15] | INFO  | DcmWeb.Filters.ProfileResultAttribute | Result execution - elapsed time: 0.0001742 seconds.;
2012-03-29 15:38:44,841 | [16] | INFO  | DcmWeb.Filters.ProfileResultAttribute | Result execution - elapsed time: 0.0002488 seconds.;
2012-03-29 15:38:46,589 | [11] | INFO  | DcmWeb.Filters.ProfileResultAttribute | Result execution - elapsed time: 0.0016662 seconds.;
2012-03-29 15:38:48,524 | [15] | INFO  | DcmWeb.Filters.ProfileResultAttribute | Result execution - elapsed time: 0.0009428 seconds.;
2012-03-29 15:38:53,878 | [13] | INFO  | DcmWeb.Filters.ProfileResultAttribute | Result execution - elapsed time: 6.1E-06 seconds.;
2012-03-29 15:40:29,167 | [14] | INFO  | DcmWeb.Filters.ProfileResultAttribute | Result execution - elapsed time: 0.0005429 seconds.;
2012-03-29 15:40:32,507 | [4] | INFO  | DcmWeb.Filters.ProfileResultAttribute | Result execution - elapsed time: 0.0006169 seconds.;
2012-03-29 15:40:46,680 | [16] | INFO  | DcmWeb.Filters.ProfileResultAttribute | Result execution - elapsed time: 1.09E-05 seconds.;
2012-03-29 15:42:08,296 | [16] | DEBUG | DcmWeb.Controllers.DcmController | {method:SchemeSearchAll, name:, code:, status:ALL, principleCode:, effectiveDateSt:, effectiveTimeSt:, elapsedMilliseconds:195};
2012-03-29 15:42:08,296 | [16] | INFO  | DcmWeb.Filters.ProfileResultAttribute | Result execution - elapsed time: 0.0016579 seconds.;
2012-03-29 15:42:14,508 | [15] | INFO  | DcmWeb.Filters.ProfileResultAttribute | Result execution - elapsed time: 0.0011397 seconds.;
2012-03-29 15:42:15,133 | [14] | INFO  | DcmWeb.Filters.ProfileResultAttribute | Result execution - elapsed time: 0.0003397 seconds.;
2012-03-29 15:42:15,133 | [15] | INFO  | DcmWeb.Filters.ProfileResultAttribute | Result execution - elapsed time: 0.0009819 seconds.;
2012-03-29 15:42:15,180 | [13] | INFO  | DcmWeb.Filters.ProfileResultAttribute | Result execution - elapsed time: 0.0001269 seconds.;
2012-03-29 15:42:18,254 | [15] | INFO  | DcmWeb.Filters.ProfileResultAttribute | Result execution - elapsed time: 0.0005521 seconds.;
2012-03-29 15:42:18,426 | [11] | DEBUG | DcmWeb.Controllers.DcmController | {method:SchemeSearchAll, name:, code:, status:ALL, principleCode:, effectiveDateSt:, effectiveTimeSt:, elapsedMilliseconds:33};
2012-03-29 15:42:18,426 | [11] | INFO  | DcmWeb.Filters.ProfileResultAttribute | Result execution - elapsed time: 0.0007034 seconds.;
2012-03-29 15:42:21,563 | [16] | DEBUG | DcmWeb.Controllers.DcmController | {method:SchemeSearchAll, name:, code:, status:ALL, principleCode:, effectiveDateSt:, effectiveTimeSt:, elapsedMilliseconds:32};
2012-03-29 15:42:21,563 | [16] | INFO  | DcmWeb.Filters.ProfileResultAttribute | Result execution - elapsed time: 0.0003475 seconds.;
2012-03-29 15:42:33,036 | [15] | INFO  | DcmWeb.Filters.ProfileResultAttribute | Result execution - elapsed time: 0.0005876 seconds.;
2012-03-29 15:52:12,404 | [13] | INFO  | DcmWeb.Filters.ProfileResultAttribute | Result execution - elapsed time: 2.8477812 seconds.;
2012-03-29 15:52:23,704 | [11] | INFO  | DcmWeb.Filters.ProfileResultAttribute | Result execution - elapsed time: 0.0054144 seconds.;
2012-03-29 15:52:23,829 | [4] | INFO  | DcmWeb.Filters.ProfileResultAttribute | Result execution - elapsed time: 0.0021712 seconds.;
2012-03-29 15:52:23,845 | [12] | INFO  | DcmWeb.Filters.ProfileResultAttribute | Result execution - elapsed time: 0.0013309 seconds.;
2012-03-29 15:52:23,923 | [12] | INFO  | DcmWeb.Filters.ProfileResultAttribute | Result execution - elapsed time: 0.0003611 seconds.;
2012-03-29 15:52:24,032 | [13] | INFO  | DcmWeb.Filters.ProfileResultAttribute | Result execution - elapsed time: 0.0001676 seconds.;
2012-03-29 15:52:24,079 | [5] | INFO  | DcmWeb.Filters.ProfileResultAttribute | Result execution - elapsed time: 0.0001936 seconds.;
2012-03-29 15:52:24,172 | [11] | INFO  | DcmWeb.Filters.ProfileResultAttribute | Result execution - elapsed time: 0.0001894 seconds.;
2012-03-29 15:52:42,856 | [13] | INFO  | DcmWeb.Filters.ProfileResultAttribute | Result execution - elapsed time: 0.0031555 seconds.;
2012-03-29 15:52:44,151 | [5] | INFO  | DcmWeb.Filters.ProfileResultAttribute | Result execution - elapsed time: 0.0029591 seconds.;
2012-03-29 15:52:54,921 | [13] | INFO  | DcmWeb.Filters.ProfileResultAttribute | Result execution - elapsed time: 0.0005025 seconds.;
2012-03-29 15:54:28,103 | [5] | INFO  | DcmWeb.Filters.ProfileResultAttribute | Result execution - elapsed time: 0.0052693 seconds.;
2012-03-29 15:54:30,585 | [5] | INFO  | DcmWeb.Filters.ProfileResultAttribute | Result execution - elapsed time: 0.0035763 seconds.;
2012-03-29 15:54:31,225 | [11] | INFO  | DcmWeb.Filters.ProfileResultAttribute | Result execution - elapsed time: 0.0007879 seconds.;
2012-03-29 15:54:31,303 | [4] | INFO  | DcmWeb.Filters.ProfileResultAttribute | Result execution - elapsed time: 0.0004285 seconds.;
2012-03-29 15:54:31,303 | [13] | INFO  | DcmWeb.Filters.ProfileResultAttribute | Result execution - elapsed time: 0.0001668 seconds.;
2012-03-29 15:54:31,303 | [5] | INFO  | DcmWeb.Filters.ProfileResultAttribute | Result execution - elapsed time: 0.0001825 seconds.;
2012-03-29 15:54:31,506 | [16] | INFO  | DcmWeb.Filters.ProfileResultAttribute | Result execution - elapsed time: 0.0006639 seconds.;
2012-03-29 15:54:31,521 | [12] | INFO  | DcmWeb.Filters.ProfileResultAttribute | Result execution - elapsed time: 0.0002367 seconds.;
2012-03-29 15:54:46,599 | [16] | INFO  | DcmWeb.Filters.ProfileResultAttribute | Result execution - elapsed time: 0.0018983 seconds.;
2012-03-29 15:54:51,828 | [4] | INFO  | DcmWeb.Filters.ProfileResultAttribute | Result execution - elapsed time: 0.0008331 seconds.;
2012-03-29 15:54:54,310 | [16] | INFO  | DcmWeb.Filters.ProfileResultAttribute | Result execution - elapsed time: 0.0005656 seconds.;
2012-03-29 15:54:57,759 | [13] | INFO  | DcmWeb.Filters.ProfileResultAttribute | Result execution - elapsed time: 0.0002428 seconds.;
2012-03-29 15:55:58,023 | [13] | INFO  | DcmWeb.Filters.ProfileResultAttribute | Result execution - elapsed time: 0.0054636 seconds.;
2012-03-29 15:56:00,458 | [5] | INFO  | DcmWeb.Filters.ProfileResultAttribute | Result execution - elapsed time: 0.0021773 seconds.;
2012-03-29 15:56:01,067 | [11] | INFO  | DcmWeb.Filters.ProfileResultAttribute | Result execution - elapsed time: 0.0004132 seconds.;
2012-03-29 15:56:01,098 | [5] | INFO  | DcmWeb.Filters.ProfileResultAttribute | Result execution - elapsed time: 0.0001612 seconds.;
2012-03-29 15:56:01,129 | [4] | INFO  | DcmWeb.Filters.ProfileResultAttribute | Result execution - elapsed time: 0.0003873 seconds.;
2012-03-29 15:56:01,332 | [14] | INFO  | DcmWeb.Filters.ProfileResultAttribute | Result execution - elapsed time: 0.002404 seconds.;
2012-03-29 15:56:01,348 | [13] | INFO  | DcmWeb.Filters.ProfileResultAttribute | Result execution - elapsed time: 0.0004666 seconds.;
2012-03-29 15:56:01,363 | [12] | INFO  | DcmWeb.Filters.ProfileResultAttribute | Result execution - elapsed time: 0.0001965 seconds.;
2012-03-29 15:56:08,528 | [12] | INFO  | DcmWeb.Filters.ProfileResultAttribute | Result execution - elapsed time: 0.0023837 seconds.;
2012-03-29 15:56:09,870 | [13] | INFO  | DcmWeb.Filters.ProfileResultAttribute | Result execution - elapsed time: 0.0006664 seconds.;
2012-03-29 15:56:12,352 | [14] | INFO  | DcmWeb.Filters.ProfileResultAttribute | Result execution - elapsed time: 0.0002421 seconds.;
2012-03-29 15:58:27,130 | [12] | INFO  | DcmWeb.Filters.ProfileResultAttribute | Result execution - elapsed time: 0.0054534 seconds.;
2012-03-29 15:58:29,565 | [13] | INFO  | DcmWeb.Filters.ProfileResultAttribute | Result execution - elapsed time: 0.0019277 seconds.;
2012-03-29 15:58:30,096 | [4] | INFO  | DcmWeb.Filters.ProfileResultAttribute | Result execution - elapsed time: 0.0005599 seconds.;
2012-03-29 15:58:30,111 | [12] | INFO  | DcmWeb.Filters.ProfileResultAttribute | Result execution - elapsed time: 0.0001877 seconds.;
2012-03-29 15:58:30,143 | [13] | INFO  | DcmWeb.Filters.ProfileResultAttribute | Result execution - elapsed time: 0.0001564 seconds.;
2012-03-29 15:58:30,314 | [14] | INFO  | DcmWeb.Filters.ProfileResultAttribute | Result execution - elapsed time: 0.0023825 seconds.;
2012-03-29 15:58:30,361 | [5] | INFO  | DcmWeb.Filters.ProfileResultAttribute | Result execution - elapsed time: 0.0006044 seconds.;
2012-03-29 15:58:30,392 | [11] | INFO  | DcmWeb.Filters.ProfileResultAttribute | Result execution - elapsed time: 0.000215 seconds.;
2012-03-29 15:58:33,920 | [14] | INFO  | DcmWeb.Filters.ProfileResultAttribute | Result execution - elapsed time: 0.0018337 seconds.;
2012-03-29 15:58:35,871 | [4] | INFO  | DcmWeb.Filters.ProfileResultAttribute | Result execution - elapsed time: 0.0005465 seconds.;
2012-03-29 16:02:56,564 | [12] | INFO  | DcmWeb.Filters.ProfileResultAttribute | Result execution - elapsed time: 0.0052295 seconds.;
2012-03-29 16:02:58,776 | [14] | INFO  | DcmWeb.Filters.ProfileResultAttribute | Result execution - elapsed time: 0.0018575 seconds.;
2012-03-29 16:02:59,224 | [12] | INFO  | DcmWeb.Filters.ProfileResultAttribute | Result execution - elapsed time: 0.0005996 seconds.;
2012-03-29 16:02:59,239 | [4] | INFO  | DcmWeb.Filters.ProfileResultAttribute | Result execution - elapsed time: 0.0001641 seconds.;
2012-03-29 16:02:59,284 | [12] | INFO  | DcmWeb.Filters.ProfileResultAttribute | Result execution - elapsed time: 0.0007729 seconds.;
2012-03-29 16:02:59,463 | [13] | INFO  | DcmWeb.Filters.ProfileResultAttribute | Result execution - elapsed time: 0.0004755 seconds.;
2012-03-29 16:02:59,493 | [4] | INFO  | DcmWeb.Filters.ProfileResultAttribute | Result execution - elapsed time: 0.0004841 seconds.;
2012-03-29 16:02:59,508 | [14] | INFO  | DcmWeb.Filters.ProfileResultAttribute | Result execution - elapsed time: 0.0018325 seconds.;
2012-03-29 16:03:08,145 | [4] | INFO  | DcmWeb.Filters.ProfileResultAttribute | Result execution - elapsed time: 0.0016533 seconds.;
2012-03-29 16:03:09,938 | [12] | INFO  | DcmWeb.Filters.ProfileResultAttribute | Result execution - elapsed time: 0.0005642 seconds.;
2012-03-29 16:03:24,537 | [14] | INFO  | DcmWeb.Filters.ProfileResultAttribute | Result execution - elapsed time: 0.0067952 seconds.;
2012-03-29 16:03:26,868 | [12] | INFO  | DcmWeb.Filters.ProfileResultAttribute | Result execution - elapsed time: 0.0018935 seconds.;
2012-03-29 16:03:27,525 | [4] | INFO  | DcmWeb.Filters.ProfileResultAttribute | Result execution - elapsed time: 0.0005471 seconds.;
2012-03-29 16:03:27,540 | [14] | INFO  | DcmWeb.Filters.ProfileResultAttribute | Result execution - elapsed time: 0.000175 seconds.;
2012-03-29 16:03:27,555 | [4] | INFO  | DcmWeb.Filters.ProfileResultAttribute | Result execution - elapsed time: 0.0004482 seconds.;
2012-03-29 16:03:27,734 | [12] | INFO  | DcmWeb.Filters.ProfileResultAttribute | Result execution - elapsed time: 0.0003066 seconds.;
2012-03-29 16:03:27,764 | [13] | INFO  | DcmWeb.Filters.ProfileResultAttribute | Result execution - elapsed time: 0.00231 seconds.;
2012-03-29 16:03:27,794 | [14] | INFO  | DcmWeb.Filters.ProfileResultAttribute | Result execution - elapsed time: 0.0002036 seconds.;
2012-03-29 16:03:29,886 | [12] | INFO  | DcmWeb.Filters.ProfileResultAttribute | Result execution - elapsed time: 0.0018107 seconds.;
2012-03-29 16:03:31,067 | [14] | INFO  | DcmWeb.Filters.ProfileResultAttribute | Result execution - elapsed time: 0.0006684 seconds.;
2012-03-29 16:04:38,861 | [14] | INFO  | DcmWeb.Filters.ProfileResultAttribute | Result execution - elapsed time: 0.0065498 seconds.;
2012-03-29 16:04:41,013 | [13] | INFO  | DcmWeb.Filters.ProfileResultAttribute | Result execution - elapsed time: 0.0022498 seconds.;
2012-03-29 16:04:41,416 | [12] | INFO  | DcmWeb.Filters.ProfileResultAttribute | Result execution - elapsed time: 0.0004535 seconds.;
2012-03-29 16:04:41,461 | [14] | INFO  | DcmWeb.Filters.ProfileResultAttribute | Result execution - elapsed time: 0.0001177 seconds.;
2012-03-29 16:04:41,461 | [12] | INFO  | DcmWeb.Filters.ProfileResultAttribute | Result execution - elapsed time: 0.0001177 seconds.;
2012-03-29 16:04:41,626 | [13] | INFO  | DcmWeb.Filters.ProfileResultAttribute | Result execution - elapsed time: 0.0004835 seconds.;
2012-03-29 16:04:41,626 | [4] | INFO  | DcmWeb.Filters.ProfileResultAttribute | Result execution - elapsed time: 0.0021864 seconds.;
2012-03-29 16:04:41,670 | [14] | INFO  | DcmWeb.Filters.ProfileResultAttribute | Result execution - elapsed time: 0.0001999 seconds.;
2012-03-29 16:04:52,026 | [4] | INFO  | DcmWeb.Filters.ProfileResultAttribute | Result execution - elapsed time: 0.0016555 seconds.;
2012-03-29 16:04:53,146 | [13] | INFO  | DcmWeb.Filters.ProfileResultAttribute | Result execution - elapsed time: 0.0005563 seconds.;
2012-03-29 16:04:55,433 | [13] | INFO  | DcmWeb.Filters.ProfileResultAttribute | Result execution - elapsed time: 0.0002314 seconds.;
2012-03-29 16:04:57,943 | [14] | INFO  | DcmWeb.Filters.ProfileResultAttribute | Result execution - elapsed time: 0.0005566 seconds.;
2012-03-29 16:04:59,990 | [4] | INFO  | DcmWeb.Filters.ProfileResultAttribute | Result execution - elapsed time: 0.0002268 seconds.;
2012-03-29 16:05:01,753 | [12] | INFO  | DcmWeb.Filters.ProfileResultAttribute | Result execution - elapsed time: 0.0005602 seconds.;
2012-03-29 16:05:04,398 | [13] | INFO  | DcmWeb.Filters.ProfileResultAttribute | Result execution - elapsed time: 0.000225 seconds.;
2012-03-29 16:05:05,833 | [14] | INFO  | DcmWeb.Filters.ProfileResultAttribute | Result execution - elapsed time: 0.0005644 seconds.;
2012-03-29 16:05:12,437 | [13] | INFO  | DcmWeb.Filters.ProfileResultAttribute | Result execution - elapsed time: 0.0002122 seconds.;
2012-03-29 16:05:14,290 | [13] | INFO  | DcmWeb.Filters.ProfileResultAttribute | Result execution - elapsed time: 0.0005489 seconds.;
2012-03-29 16:05:16,412 | [4] | INFO  | DcmWeb.Filters.ProfileResultAttribute | Result execution - elapsed time: 0.0005145 seconds.;
2012-03-29 16:10:38,387 | [13] | INFO  | DcmWeb.Filters.ProfileResultAttribute | Result execution - elapsed time: 0.0050634 seconds.;
2012-03-29 16:10:40,662 | [4] | INFO  | DcmWeb.Filters.ProfileResultAttribute | Result execution - elapsed time: 0.0018413 seconds.;
2012-03-29 16:10:41,231 | [4] | INFO  | DcmWeb.Filters.ProfileResultAttribute | Result execution - elapsed time: 0.0004353 seconds.;
2012-03-29 16:10:41,261 | [4] | INFO  | DcmWeb.Filters.ProfileResultAttribute | Result execution - elapsed time: 0.0005918 seconds.;
2012-03-29 16:10:41,277 | [14] | INFO  | DcmWeb.Filters.ProfileResultAttribute | Result execution - elapsed time: 0.0001762 seconds.;
2012-03-29 16:10:41,461 | [12] | INFO  | DcmWeb.Filters.ProfileResultAttribute | Result execution - elapsed time: 0.0024975 seconds.;
2012-03-29 16:10:41,523 | [13] | INFO  | DcmWeb.Filters.ProfileResultAttribute | Result execution - elapsed time: 0.0005626 seconds.;
2012-03-29 16:10:41,538 | [4] | INFO  | DcmWeb.Filters.ProfileResultAttribute | Result execution - elapsed time: 0.0001973 seconds.;
2012-03-29 16:10:44,043 | [12] | INFO  | DcmWeb.Filters.ProfileResultAttribute | Result execution - elapsed time: 0.0022813 seconds.;
2012-03-29 16:10:58,367 | [14] | INFO  | DcmWeb.Filters.ProfileResultAttribute | Result execution - elapsed time: 0.0005474 seconds.;
2012-03-29 16:11:18,039 | [4] | INFO  | DcmWeb.Filters.ProfileResultAttribute | Result execution - elapsed time: 0.0048517 seconds.;
2012-03-29 16:11:20,313 | [14] | INFO  | DcmWeb.Filters.ProfileResultAttribute | Result execution - elapsed time: 0.0018422 seconds.;
2012-03-29 16:11:20,990 | [12] | INFO  | DcmWeb.Filters.ProfileResultAttribute | Result execution - elapsed time: 0.0004629 seconds.;
2012-03-29 16:11:20,990 | [4] | INFO  | DcmWeb.Filters.ProfileResultAttribute | Result execution - elapsed time: 0.0001764 seconds.;
2012-03-29 16:11:21,005 | [12] | INFO  | DcmWeb.Filters.ProfileResultAttribute | Result execution - elapsed time: 0.0002351 seconds.;
2012-03-29 16:11:21,128 | [13] | INFO  | DcmWeb.Filters.ProfileResultAttribute | Result execution - elapsed time: 0.0023158 seconds.;
2012-03-29 16:11:21,236 | [14] | INFO  | DcmWeb.Filters.ProfileResultAttribute | Result execution - elapsed time: 0.0004536 seconds.;
2012-03-29 16:11:21,266 | [4] | INFO  | DcmWeb.Filters.ProfileResultAttribute | Result execution - elapsed time: 0.0002388 seconds.;
2012-03-29 16:11:26,276 | [4] | INFO  | DcmWeb.Filters.ProfileResultAttribute | Result execution - elapsed time: 0.0017681 seconds.;
2012-03-29 16:12:07,934 | [14] | INFO  | DcmWeb.Filters.ProfileResultAttribute | Result execution - elapsed time: 0.0047484 seconds.;
2012-03-29 16:12:10,200 | [12] | INFO  | DcmWeb.Filters.ProfileResultAttribute | Result execution - elapsed time: 0.0019089 seconds.;
2012-03-29 16:12:10,790 | [12] | INFO  | DcmWeb.Filters.ProfileResultAttribute | Result execution - elapsed time: 0.0005626 seconds.;
2012-03-29 16:12:10,821 | [12] | INFO  | DcmWeb.Filters.ProfileResultAttribute | Result execution - elapsed time: 0.000204 seconds.;
2012-03-29 16:12:10,836 | [4] | INFO  | DcmWeb.Filters.ProfileResultAttribute | Result execution - elapsed time: 0.0010105 seconds.;
2012-03-29 16:12:11,069 | [13] | INFO  | DcmWeb.Filters.ProfileResultAttribute | Result execution - elapsed time: 0.0003525 seconds.;
2012-03-29 16:12:11,069 | [14] | INFO  | DcmWeb.Filters.ProfileResultAttribute | Result execution - elapsed time: 0.0021295 seconds.;
2012-03-29 16:12:11,085 | [12] | INFO  | DcmWeb.Filters.ProfileResultAttribute | Result execution - elapsed time: 0.0001957 seconds.;
2012-03-29 16:12:14,329 | [4] | INFO  | DcmWeb.Filters.ProfileResultAttribute | Result execution - elapsed time: 0.0021322 seconds.;
2012-03-29 16:13:16,836 | [14] | INFO  | DcmWeb.Filters.ProfileResultAttribute | Result execution - elapsed time: 0.0058028 seconds.;
2012-03-29 16:13:19,134 | [12] | INFO  | DcmWeb.Filters.ProfileResultAttribute | Result execution - elapsed time: 0.001868 seconds.;
2012-03-29 16:13:19,599 | [12] | INFO  | DcmWeb.Filters.ProfileResultAttribute | Result execution - elapsed time: 0.0005474 seconds.;
2012-03-29 16:13:19,615 | [4] | INFO  | DcmWeb.Filters.ProfileResultAttribute | Result execution - elapsed time: 0.0001985 seconds.;
2012-03-29 16:13:19,630 | [12] | INFO  | DcmWeb.Filters.ProfileResultAttribute | Result execution - elapsed time: 0.0002234 seconds.;
2012-03-29 16:13:19,848 | [13] | INFO  | DcmWeb.Filters.ProfileResultAttribute | Result execution - elapsed time: 0.0018326 seconds.;
2012-03-29 16:13:19,848 | [14] | INFO  | DcmWeb.Filters.ProfileResultAttribute | Result execution - elapsed time: 0.0004272 seconds.;
2012-03-29 16:13:19,910 | [4] | INFO  | DcmWeb.Filters.ProfileResultAttribute | Result execution - elapsed time: 0.0001896 seconds.;
2012-03-29 16:13:22,238 | [13] | INFO  | DcmWeb.Filters.ProfileResultAttribute | Result execution - elapsed time: 0.0021298 seconds.;
2012-03-29 16:17:00,752 | [14] | INFO  | DcmWeb.Filters.ProfileResultAttribute | Result execution - elapsed time: 0.0079242 seconds.;
2012-03-29 16:17:03,042 | [12] | INFO  | DcmWeb.Filters.ProfileResultAttribute | Result execution - elapsed time: 0.0019772 seconds.;
2012-03-29 16:17:03,618 | [13] | INFO  | DcmWeb.Filters.ProfileResultAttribute | Result execution - elapsed time: 0.00072 seconds.;
2012-03-29 16:17:03,634 | [12] | INFO  | DcmWeb.Filters.ProfileResultAttribute | Result execution - elapsed time: 0.0002527 seconds.;
2012-03-29 16:17:03,665 | [4] | INFO  | DcmWeb.Filters.ProfileResultAttribute | Result execution - elapsed time: 0.0005242 seconds.;
2012-03-29 16:17:03,712 | [14] | INFO  | DcmWeb.Filters.ProfileResultAttribute | Result execution - elapsed time: 0.0023786 seconds.;
2012-03-29 16:17:03,805 | [5] | INFO  | DcmWeb.Filters.ProfileResultAttribute | Result execution - elapsed time: 0.0002354 seconds.;
2012-03-29 16:17:03,837 | [13] | INFO  | DcmWeb.Filters.ProfileResultAttribute | Result execution - elapsed time: 0.0002412 seconds.;
2012-03-29 16:17:06,968 | [14] | INFO  | DcmWeb.Filters.ProfileResultAttribute | Result execution - elapsed time: 0.0019855 seconds.;
2012-03-29 16:17:08,977 | [13] | INFO  | DcmWeb.Filters.ProfileResultAttribute | Result execution - elapsed time: 0.0005412 seconds.;
2012-03-29 16:17:17,996 | [13] | INFO  | DcmWeb.Filters.ProfileResultAttribute | Result execution - elapsed time: 0.0005493 seconds.;
2012-03-29 16:17:20,551 | [5] | INFO  | DcmWeb.Filters.ProfileResultAttribute | Result execution - elapsed time: 0.0002138 seconds.;
2012-03-29 16:17:22,888 | [5] | INFO  | DcmWeb.Filters.ProfileResultAttribute | Result execution - elapsed time: 0.0005485 seconds.;
2012-03-29 16:17:25,131 | [12] | INFO  | DcmWeb.Filters.ProfileResultAttribute | Result execution - elapsed time: 0.0005392 seconds.;
2012-03-29 16:17:27,343 | [5] | INFO  | DcmWeb.Filters.ProfileResultAttribute | Result execution - elapsed time: 0.0002559 seconds.;
2012-03-29 16:17:29,851 | [5] | INFO  | DcmWeb.Filters.ProfileResultAttribute | Result execution - elapsed time: 0.0005458 seconds.;
2012-03-29 16:17:32,857 | [13] | INFO  | DcmWeb.Filters.ProfileResultAttribute | Result execution - elapsed time: 0.0002794 seconds.;
2012-03-29 16:17:35,163 | [4] | INFO  | DcmWeb.Filters.ProfileResultAttribute | Result execution - elapsed time: 0.0005643 seconds.;
2012-03-29 16:17:37,328 | [5] | INFO  | DcmWeb.Filters.ProfileResultAttribute | Result execution - elapsed time: 0.000715 seconds.;
2012-03-29 16:17:39,431 | [14] | INFO  | DcmWeb.Filters.ProfileResultAttribute | Result execution - elapsed time: 0.0006611 seconds.;
2012-03-29 16:23:24,035 | [4] | INFO  | DcmWeb.Filters.ProfileResultAttribute | Result execution - elapsed time: 0.0024849 seconds.;
2012-03-29 16:24:55,294 | [11] | INFO  | DcmWeb.Filters.ProfileResultAttribute | Result execution - elapsed time: 0.0043793 seconds.;
2012-03-29 16:24:57,556 | [4] | INFO  | DcmWeb.Filters.ProfileResultAttribute | Result execution - elapsed time: 0.0006817 seconds.;
2012-03-29 16:25:02,110 | [5] | INFO  | DcmWeb.Filters.ProfileResultAttribute | Result execution - elapsed time: 0.001143 seconds.;
2012-03-29 16:25:02,952 | [11] | INFO  | DcmWeb.Filters.ProfileResultAttribute | Result execution - elapsed time: 0.0003604 seconds.;
2012-03-29 16:25:03,872 | [5] | INFO  | DcmWeb.Filters.ProfileResultAttribute | Result execution - elapsed time: 0.0004048 seconds.;
2012-03-29 16:25:03,888 | [4] | INFO  | DcmWeb.Filters.ProfileResultAttribute | Result execution - elapsed time: 0.0017518 seconds.;
2012-03-29 16:25:09,815 | [5] | INFO  | DcmWeb.Filters.ProfileResultAttribute | Result execution - elapsed time: 0.0003757 seconds.;
2012-03-29 16:25:13,901 | [4] | INFO  | DcmWeb.Filters.ProfileResultAttribute | Result execution - elapsed time: 0.0031911 seconds.;
2012-03-29 16:25:57,012 | [5] | INFO  | DcmWeb.Filters.ProfileResultAttribute | Result execution - elapsed time: 0.0005018 seconds.;
2012-03-29 16:25:57,262 | [11] | INFO  | DcmWeb.Filters.ProfileResultAttribute | Result execution - elapsed time: 0.0006034 seconds.;
2012-03-29 17:09:52,782 | [4] | INFO  | DcmWeb.Filters.ProfileResultAttribute | Result execution - elapsed time: 3.1143177 seconds.;
2012-03-29 17:10:01,825 | [4] | INFO  | DcmWeb.Filters.ProfileResultAttribute | Result execution - elapsed time: 0.0015569 seconds.;
2012-03-29 17:10:02,051 | [13] | INFO  | DcmWeb.Filters.ProfileResultAttribute | Result execution - elapsed time: 0.0006144 seconds.;
2012-03-29 17:10:02,066 | [16] | INFO  | DcmWeb.Filters.ProfileResultAttribute | Result execution - elapsed time: 0.0001786 seconds.;
2012-03-29 17:10:02,803 | [15] | INFO  | DcmWeb.Filters.ProfileResultAttribute | Result execution - elapsed time: 0.0004264 seconds.;
2012-03-29 17:10:02,818 | [10] | INFO  | DcmWeb.Filters.ProfileResultAttribute | Result execution - elapsed time: 0.0062148 seconds.;
2012-03-29 17:10:02,878 | [14] | INFO  | DcmWeb.Filters.ProfileResultAttribute | Result execution - elapsed time: 0.0002031 seconds.;
2012-03-29 17:10:04,232 | [9] | INFO  | DcmWeb.Filters.ProfileResultAttribute | Result execution - elapsed time: 0.0008355 seconds.;
2012-03-29 17:12:29,393 | [12] | INFO  | DcmWeb.Filters.ProfileResultAttribute | Result execution - elapsed time: 2.3292418 seconds.;
2012-03-29 17:12:33,826 | [12] | INFO  | DcmWeb.Filters.ProfileResultAttribute | Result execution - elapsed time: 0.0053046 seconds.;
2012-03-29 17:12:34,057 | [5] | INFO  | DcmWeb.Filters.ProfileResultAttribute | Result execution - elapsed time: 0.0020957 seconds.;
2012-03-29 17:12:34,119 | [5] | INFO  | DcmWeb.Filters.ProfileResultAttribute | Result execution - elapsed time: 0.0016659 seconds.;
2012-03-29 17:12:34,165 | [5] | INFO  | DcmWeb.Filters.ProfileResultAttribute | Result execution - elapsed time: 0.0001407 seconds.;
2012-03-29 17:12:34,196 | [12] | INFO  | DcmWeb.Filters.ProfileResultAttribute | Result execution - elapsed time: 0.0001975 seconds.;
2012-03-29 17:12:34,273 | [5] | INFO  | DcmWeb.Filters.ProfileResultAttribute | Result execution - elapsed time: 0.0004486 seconds.;
2012-03-29 17:12:34,426 | [12] | INFO  | DcmWeb.Filters.ProfileResultAttribute | Result execution - elapsed time: 0.0004561 seconds.;
2012-03-29 17:12:34,473 | [4] | INFO  | DcmWeb.Filters.ProfileResultAttribute | Result execution - elapsed time: 0.0028519 seconds.;
2012-03-29 17:12:36,381 | [5] | INFO  | DcmWeb.Filters.ProfileResultAttribute | Result execution - elapsed time: 0.0017043 seconds.;
