2012-03-22 09:31:53,470 | [9] | DEBUG | DcmWeb.Controllers.DcmController | {method:SearchAll, type:ALL, code:, name:, status:, effectiveDateSt:, createDateSt:, elapsedMilliseconds:4287};
2012-03-22 09:31:57,813 | [4] | DEBUG | DcmWeb.Controllers.DcmController | {method:SchemeSearchAll, name:, code:, status:, principleCode:, effectiveDateSt:, effectiveTimeSt:, elapsedMilliseconds:137};
2012-03-22 09:40:17,796 | [4] | DEBUG | DcmWeb.Controllers.DcmController | {method:SchemeSearchAll, name:, code:, status:, principleCode:, effectiveDateSt:22/03/2012, effectiveTimeSt:, elapsedMilliseconds:1427};
2012-03-22 11:38:15,941 | [9] | INFO  | DcmWeb.Filters.ProfileResultAttribute | Result execution - elapsed time: 2.4648117 seconds.;
2012-03-22 11:41:35,855 | [4] | INFO  | DcmWeb.Filters.ProfileResultAttribute | Result execution - elapsed time: 2.5050483 seconds.;
2012-03-22 11:41:44,126 | [13] | INFO  | DcmWeb.Filters.ProfileResultAttribute | Result execution - elapsed time: 0.0013472 seconds.;
2012-03-22 11:41:44,142 | [19] | INFO  | DcmWeb.Filters.ProfileResultAttribute | Result execution - elapsed time: 0.0002377 seconds.;
2012-03-22 11:41:44,189 | [15] | INFO  | DcmWeb.Filters.ProfileResultAttribute | Result execution - elapsed time: 0.0002588 seconds.;
2012-03-22 11:41:44,675 | [14] | INFO  | DcmWeb.Filters.ProfileResultAttribute | Result execution - elapsed time: 0.0005313 seconds.;
2012-03-22 11:41:44,690 | [18] | INFO  | DcmWeb.Filters.ProfileResultAttribute | Result execution - elapsed time: 0.0053776 seconds.;
2012-03-22 11:41:44,769 | [4] | INFO  | DcmWeb.Filters.ProfileResultAttribute | Result execution - elapsed time: 0.0024637 seconds.;
2012-03-22 11:41:44,784 | [8] | INFO  | DcmWeb.Filters.ProfileResultAttribute | Result execution - elapsed time: 0.0005157 seconds.;
2012-03-22 11:42:41,918 | [18] | INFO  | DcmWeb.Filters.ProfileResultAttribute | Result execution - elapsed time: 0.0056509 seconds.;
2012-03-22 11:42:44,253 | [4] | INFO  | DcmWeb.Filters.ProfileResultAttribute | Result execution - elapsed time: 0.00268 seconds.;
2012-03-22 11:42:44,691 | [15] | INFO  | DcmWeb.Filters.ProfileResultAttribute | Result execution - elapsed time: 0.0004642 seconds.;
2012-03-22 11:42:44,722 | [15] | INFO  | DcmWeb.Filters.ProfileResultAttribute | Result execution - elapsed time: 0.0055681 seconds.;
2012-03-22 11:42:44,738 | [8] | INFO  | DcmWeb.Filters.ProfileResultAttribute | Result execution - elapsed time: 0.0002244 seconds.;
2012-03-22 11:42:44,926 | [18] | INFO  | DcmWeb.Filters.ProfileResultAttribute | Result execution - elapsed time: 0.0003304 seconds.;
2012-03-22 11:42:44,973 | [4] | INFO  | DcmWeb.Filters.ProfileResultAttribute | Result execution - elapsed time: 0.002421 seconds.;
2012-03-22 11:42:44,989 | [15] | INFO  | DcmWeb.Filters.ProfileResultAttribute | Result execution - elapsed time: 0.0002683 seconds.;
2012-03-22 11:49:27,867 | [9] | INFO  | DcmWeb.Filters.ProfileResultAttribute | Result Action System.Web.Mvc.ViewResult execution - elapsed time: 1.835542 seconds.;
2012-03-22 11:49:35,919 | [21] | INFO  | DcmWeb.Filters.ProfileResultAttribute | Result Action System.Web.Mvc.JsonResult execution - elapsed time: 0.0013397 seconds.;
2012-03-22 11:49:35,966 | [23] | INFO  | DcmWeb.Filters.ProfileResultAttribute | Result Action System.Web.Mvc.JsonResult execution - elapsed time: 0.0001617 seconds.;
2012-03-22 11:49:35,966 | [24] | INFO  | DcmWeb.Filters.ProfileResultAttribute | Result Action System.Web.Mvc.JsonResult execution - elapsed time: 0.0001617 seconds.;
2012-03-22 11:49:36,434 | [4] | INFO  | DcmWeb.Filters.ProfileResultAttribute | Result Action System.Web.Mvc.JsonResult execution - elapsed time: 0.0004966 seconds.;
2012-03-22 11:49:36,543 | [22] | INFO  | DcmWeb.Filters.ProfileResultAttribute | Result Action System.Web.Mvc.JsonResult execution - elapsed time: 0.0061223 seconds.;
2012-03-22 11:49:36,606 | [25] | INFO  | DcmWeb.Filters.ProfileResultAttribute | Result Action System.Web.Mvc.JsonResult execution - elapsed time: 0.0006182 seconds.;
2012-03-22 11:49:36,606 | [9] | INFO  | DcmWeb.Filters.ProfileResultAttribute | Result Action System.Web.Mvc.JsonResult execution - elapsed time: 0.0014107 seconds.;
2012-03-22 11:50:12,778 | [4] | INFO  | DcmWeb.Filters.ProfileResultAttribute | Result Action Index execution - elapsed time: 2.1029085 seconds.;
2012-03-22 11:51:15,588 | [25] | DEBUG | DcmWeb.Controllers.DcmController | {method:SearchAll, type:ALL, code:, name:, status:, effectiveDateSt:22/03/2012, createDateSt:22/03/2012, elapsedMilliseconds:395};
2012-03-22 11:52:03,401 | [25] | DEBUG | DcmWeb.Controllers.DcmController | {method:SearchAll, type:ALL, code:, name:, status:, effectiveDateSt:22/03/2012, createDateSt:22/03/2012, elapsedMilliseconds:6123};
2012-03-22 11:52:03,417 | [25] | INFO  | DcmWeb.Filters.ProfileResultAttribute | Result execution - elapsed time: 0.0010716 seconds.;
2012-03-22 11:54:15,181 | [9] | DEBUG | DcmWeb.Controllers.DcmController | {method:SearchAll, type:ALL, code:, name:, status:, effectiveDateSt:22/03/2012, createDateSt:22/03/2012, elapsedMilliseconds:85};
2012-03-22 11:54:15,181 | [9] | INFO  | DcmWeb.Filters.ProfileResultAttribute | Result execution - elapsed time: 0.0002642 seconds.;
2012-03-22 11:55:06,580 | [25] | INFO  | DcmWeb.Filters.ProfileResultAttribute | Result execution - elapsed time: 0.0044027 seconds.;
2012-03-22 11:55:33,645 | [4] | INFO  | DcmWeb.Filters.ProfileResultAttribute | Result execution - elapsed time: 0.0022859 seconds.;
2012-03-22 11:58:35,709 | [4] | INFO  | DcmWeb.Filters.ProfileResultAttribute | Result execution - elapsed time: 1.7887499 seconds.;
2012-03-22 11:59:16,587 | [20] | INFO  | DcmWeb.Filters.ProfileResultAttribute | Result execution - elapsed time: 1.9325319 seconds.;
2012-03-22 11:59:24,546 | [23] | INFO  | DcmWeb.Filters.ProfileResultAttribute | Result execution - elapsed time: 0.0017301 seconds.;
2012-03-22 11:59:24,562 | [10] | INFO  | DcmWeb.Filters.ProfileResultAttribute | Result execution - elapsed time: 0.0003398 seconds.;
2012-03-22 11:59:24,593 | [21] | INFO  | DcmWeb.Filters.ProfileResultAttribute | Result execution - elapsed time: 0.0006211 seconds.;
2012-03-22 11:59:25,157 | [22] | INFO  | DcmWeb.Filters.ProfileResultAttribute | Result execution - elapsed time: 0.0009045 seconds.;
2012-03-22 11:59:25,188 | [20] | INFO  | DcmWeb.Filters.ProfileResultAttribute | Result execution - elapsed time: 0.0008896 seconds.;
2012-03-22 11:59:25,251 | [4] | INFO  | DcmWeb.Filters.ProfileResultAttribute | Result execution - elapsed time: 0.0097867 seconds.;
2012-03-22 11:59:25,251 | [24] | INFO  | DcmWeb.Filters.ProfileResultAttribute | Result execution - elapsed time: 0.0025797 seconds.;
2012-03-22 12:01:42,606 | [10] | INFO  | DcmWeb.Filters.ProfileResultAttribute | Result execution - elapsed time: 0.5867714 seconds.;
2012-03-22 12:01:50,700 | [10] | INFO  | DcmWeb.Filters.ProfileResultAttribute | Result execution - elapsed time: 0.0014289 seconds.;
2012-03-22 12:01:50,731 | [20] | INFO  | DcmWeb.Filters.ProfileResultAttribute | Result execution - elapsed time: 0.0006145 seconds.;
2012-03-22 12:01:50,731 | [4] | INFO  | DcmWeb.Filters.ProfileResultAttribute | Result execution - elapsed time: 0.0003885 seconds.;
2012-03-22 12:01:51,247 | [23] | INFO  | DcmWeb.Filters.ProfileResultAttribute | Result execution - elapsed time: 0.0006381 seconds.;
2012-03-22 12:01:51,247 | [21] | INFO  | DcmWeb.Filters.ProfileResultAttribute | Result execution - elapsed time: 0.0006381 seconds.;
2012-03-22 12:01:51,278 | [24] | INFO  | DcmWeb.Filters.ProfileResultAttribute | Result execution - elapsed time: 0.0018492 seconds.;
2012-03-22 12:01:51,403 | [9] | INFO  | DcmWeb.Filters.ProfileResultAttribute | Result execution - elapsed time: 0.0004033 seconds.;
2012-03-22 12:01:54,029 | [9] | INFO  | DcmWeb.Filters.ProfileResultAttribute | Result execution - elapsed time: 0.0054131 seconds.;
2012-03-22 12:01:55,357 | [9] | INFO  | DcmWeb.Filters.ProfileResultAttribute | Result execution - elapsed time: 0.003046 seconds.;
2012-03-22 12:01:55,810 | [20] | INFO  | DcmWeb.Filters.ProfileResultAttribute | Result execution - elapsed time: 0.0007438 seconds.;
2012-03-22 12:01:55,826 | [21] | INFO  | DcmWeb.Filters.ProfileResultAttribute | Result execution - elapsed time: 0.0004778 seconds.;
2012-03-22 12:01:55,841 | [23] | INFO  | DcmWeb.Filters.ProfileResultAttribute | Result execution - elapsed time: 0.0006812 seconds.;
2012-03-22 12:01:56,060 | [4] | INFO  | DcmWeb.Filters.ProfileResultAttribute | Result execution - elapsed time: 0.0025161 seconds.;
2012-03-22 12:01:56,091 | [9] | INFO  | DcmWeb.Filters.ProfileResultAttribute | Result execution - elapsed time: 0.0004019 seconds.;
2012-03-22 12:01:56,107 | [20] | INFO  | DcmWeb.Filters.ProfileResultAttribute | Result execution - elapsed time: 0.0004061 seconds.;
2012-03-22 12:01:58,576 | [21] | INFO  | DcmWeb.Filters.ProfileResultAttribute | Result execution - elapsed time: 0.0090172 seconds.;
2012-03-22 12:01:59,263 | [20] | INFO  | DcmWeb.Filters.ProfileResultAttribute | Result execution - elapsed time: 0.0025121 seconds.;
2012-03-22 12:01:59,623 | [23] | INFO  | DcmWeb.Filters.ProfileResultAttribute | Result execution - elapsed time: 0.000874 seconds.;
2012-03-22 12:01:59,654 | [20] | INFO  | DcmWeb.Filters.ProfileResultAttribute | Result execution - elapsed time: 0.0007934 seconds.;
2012-03-22 12:01:59,670 | [23] | INFO  | DcmWeb.Filters.ProfileResultAttribute | Result execution - elapsed time: 0.0004465 seconds.;
2012-03-22 12:01:59,904 | [9] | INFO  | DcmWeb.Filters.ProfileResultAttribute | Result execution - elapsed time: 0.0007002 seconds.;
2012-03-22 12:01:59,920 | [4] | INFO  | DcmWeb.Filters.ProfileResultAttribute | Result execution - elapsed time: 0.0025885 seconds.;
2012-03-22 12:01:59,920 | [21] | INFO  | DcmWeb.Filters.ProfileResultAttribute | Result execution - elapsed time: 0.0004049 seconds.;
2012-03-22 12:02:24,781 | [9] | INFO  | DcmWeb.Filters.ProfileResultAttribute | Result execution - elapsed time: 1.7968349 seconds.;
2012-03-22 12:02:31,001 | [20] | INFO  | DcmWeb.Filters.ProfileResultAttribute | Result execution - elapsed time: 0.0040505 seconds.;
2012-03-22 12:02:32,907 | [4] | INFO  | DcmWeb.Filters.ProfileResultAttribute | Result execution - elapsed time: 0.0013121 seconds.;
2012-03-22 12:02:32,938 | [9] | INFO  | DcmWeb.Filters.ProfileResultAttribute | Result execution - elapsed time: 0.0002485 seconds.;
2012-03-22 12:02:32,954 | [24] | INFO  | DcmWeb.Filters.ProfileResultAttribute | Result execution - elapsed time: 0.0002576 seconds.;
2012-03-22 12:02:33,298 | [21] | INFO  | DcmWeb.Filters.ProfileResultAttribute | Result execution - elapsed time: 0.0061223 seconds.;
2012-03-22 12:02:33,423 | [23] | INFO  | DcmWeb.Filters.ProfileResultAttribute | Result execution - elapsed time: 0.0024758 seconds.;
2012-03-22 12:02:33,454 | [10] | INFO  | DcmWeb.Filters.ProfileResultAttribute | Result execution - elapsed time: 0.0004991 seconds.;
2012-03-22 12:02:33,579 | [21] | INFO  | DcmWeb.Filters.ProfileResultAttribute | Result execution - elapsed time: 0.0017147 seconds.;
2012-03-22 12:02:33,610 | [21] | INFO  | DcmWeb.Filters.ProfileResultAttribute | Result execution - elapsed time: 0.0003069 seconds.;
2012-03-22 12:02:33,626 | [21] | INFO  | DcmWeb.Filters.ProfileResultAttribute | Result execution - elapsed time: 0.000242 seconds.;
2012-03-22 12:02:33,657 | [21] | INFO  | DcmWeb.Filters.ProfileResultAttribute | Result execution - elapsed time: 0.0002477 seconds.;
2012-03-22 12:02:33,720 | [23] | INFO  | DcmWeb.Filters.ProfileResultAttribute | Result execution - elapsed time: 0.0024212 seconds.;
2012-03-22 12:02:33,720 | [10] | INFO  | DcmWeb.Filters.ProfileResultAttribute | Result execution - elapsed time: 0.0006497 seconds.;
2012-03-22 12:02:33,813 | [21] | INFO  | DcmWeb.Filters.ProfileResultAttribute | Result execution - elapsed time: 0.0002563 seconds.;
2012-03-22 12:02:37,720 | [10] | INFO  | DcmWeb.Filters.ProfileResultAttribute | Result execution - elapsed time: 0.0039985 seconds.;
2012-03-22 12:02:38,533 | [10] | INFO  | DcmWeb.Filters.ProfileResultAttribute | Result execution - elapsed time: 0.0023662 seconds.;
2012-03-22 12:02:39,001 | [21] | INFO  | DcmWeb.Filters.ProfileResultAttribute | Result execution - elapsed time: 0.0006677 seconds.;
2012-03-22 12:02:39,033 | [21] | INFO  | DcmWeb.Filters.ProfileResultAttribute | Result execution - elapsed time: 0.0006835 seconds.;
2012-03-22 12:02:39,064 | [21] | INFO  | DcmWeb.Filters.ProfileResultAttribute | Result execution - elapsed time: 0.0005305 seconds.;
2012-03-22 12:02:39,173 | [23] | INFO  | DcmWeb.Filters.ProfileResultAttribute | Result execution - elapsed time: 0.0024207 seconds.;
2012-03-22 12:02:39,220 | [10] | INFO  | DcmWeb.Filters.ProfileResultAttribute | Result execution - elapsed time: 0.000547 seconds.;
2012-03-22 12:02:39,267 | [21] | INFO  | DcmWeb.Filters.ProfileResultAttribute | Result execution - elapsed time: 0.0002674 seconds.;
2012-03-22 12:03:06,676 | [23] | INFO  | DcmWeb.Filters.ProfileResultAttribute | Result execution - elapsed time: 1.7644019 seconds.;
2012-03-22 12:03:13,629 | [21] | INFO  | DcmWeb.Filters.ProfileResultAttribute | Result execution - elapsed time: 0.0013514 seconds.;
2012-03-22 12:03:13,661 | [16] | INFO  | DcmWeb.Filters.ProfileResultAttribute | Result execution - elapsed time: 0.0002007 seconds.;
2012-03-22 12:03:13,770 | [22] | INFO  | DcmWeb.Filters.ProfileResultAttribute | Result execution - elapsed time: 0.0004677 seconds.;
2012-03-22 12:03:14,129 | [10] | INFO  | DcmWeb.Filters.ProfileResultAttribute | Result execution - elapsed time: 0.0004872 seconds.;
2012-03-22 12:03:14,301 | [23] | INFO  | DcmWeb.Filters.ProfileResultAttribute | Result execution - elapsed time: 0.0005639 seconds.;
2012-03-22 12:03:14,333 | [9] | INFO  | DcmWeb.Filters.ProfileResultAttribute | Result execution - elapsed time: 0.0054296 seconds.;
2012-03-22 12:03:14,333 | [20] | INFO  | DcmWeb.Filters.ProfileResultAttribute | Result execution - elapsed time: 0.0015608 seconds.;
2012-03-22 12:03:17,442 | [22] | INFO  | DcmWeb.Filters.ProfileResultAttribute | Result execution - elapsed time: 0.0040106 seconds.;
2012-03-22 12:03:18,270 | [16] | INFO  | DcmWeb.Filters.ProfileResultAttribute | Result execution - elapsed time: 0.004765 seconds.;
2012-03-22 12:03:18,661 | [10] | INFO  | DcmWeb.Filters.ProfileResultAttribute | Result execution - elapsed time: 0.0006637 seconds.;
2012-03-22 12:03:18,661 | [23] | INFO  | DcmWeb.Filters.ProfileResultAttribute | Result execution - elapsed time: 0.0002902 seconds.;
2012-03-22 12:03:18,677 | [22] | INFO  | DcmWeb.Filters.ProfileResultAttribute | Result execution - elapsed time: 0.0003763 seconds.;
2012-03-22 12:03:18,895 | [21] | INFO  | DcmWeb.Filters.ProfileResultAttribute | Result execution - elapsed time: 0.0016994 seconds.;
2012-03-22 12:03:18,911 | [20] | INFO  | DcmWeb.Filters.ProfileResultAttribute | Result execution - elapsed time: 0.0006337 seconds.;
2012-03-22 12:03:18,927 | [4] | INFO  | DcmWeb.Filters.ProfileResultAttribute | Result execution - elapsed time: 0.0002605 seconds.;
2012-03-22 12:03:51,148 | [23] | INFO  | DcmWeb.Filters.ProfileResultAttribute | Result execution - elapsed time: 2.0778859 seconds.;
2012-03-22 12:03:58,087 | [4] | INFO  | DcmWeb.Filters.ProfileResultAttribute | Result execution - elapsed time: 0.0012888 seconds.;
2012-03-22 12:03:58,118 | [21] | INFO  | DcmWeb.Filters.ProfileResultAttribute | Result execution - elapsed time: 0.0005056 seconds.;
2012-03-22 12:03:58,196 | [10] | INFO  | DcmWeb.Filters.ProfileResultAttribute | Result execution - elapsed time: 0.0081229 seconds.;
2012-03-22 12:03:58,524 | [23] | INFO  | DcmWeb.Filters.ProfileResultAttribute | Result execution - elapsed time: 0.0005021 seconds.;
2012-03-22 12:03:58,633 | [20] | INFO  | DcmWeb.Filters.ProfileResultAttribute | Result execution - elapsed time: 0.0003167 seconds.;
2012-03-22 12:03:58,743 | [16] | INFO  | DcmWeb.Filters.ProfileResultAttribute | Result execution - elapsed time: 0.0049698 seconds.;
2012-03-22 12:03:58,758 | [9] | INFO  | DcmWeb.Filters.ProfileResultAttribute | Result execution - elapsed time: 0.0049698 seconds.;
2012-03-22 12:04:43,825 | [23] | INFO  | DcmWeb.Filters.ProfileResultAttribute | Result execution - elapsed time: 1.9065899 seconds.;
2012-03-22 12:04:51,169 | [22] | INFO  | DcmWeb.Filters.ProfileResultAttribute | Result execution - elapsed time: 0.0014914 seconds.;
2012-03-22 12:04:51,201 | [20] | INFO  | DcmWeb.Filters.ProfileResultAttribute | Result execution - elapsed time: 0.0006525 seconds.;
2012-03-22 12:04:51,216 | [10] | INFO  | DcmWeb.Filters.ProfileResultAttribute | Result execution - elapsed time: 0.0006251 seconds.;
2012-03-22 12:04:51,591 | [4] | INFO  | DcmWeb.Filters.ProfileResultAttribute | Result execution - elapsed time: 0.0051487 seconds.;
2012-03-22 12:04:51,623 | [16] | INFO  | DcmWeb.Filters.ProfileResultAttribute | Result execution - elapsed time: 0.0007749 seconds.;
2012-03-22 12:04:51,669 | [9] | INFO  | DcmWeb.Filters.ProfileResultAttribute | Result execution - elapsed time: 0.0016463 seconds.;
2012-03-22 12:06:34,957 | [17] | INFO  | DcmWeb.Filters.ProfileResultAttribute | Result execution - elapsed time: 0.6091796 seconds.;
2012-03-22 12:06:42,793 | [11] | INFO  | DcmWeb.Filters.ProfileResultAttribute | Result execution - elapsed time: 0.0012968 seconds.;
2012-03-22 12:06:42,840 | [21] | INFO  | DcmWeb.Filters.ProfileResultAttribute | Result execution - elapsed time: 0.0004912 seconds.;
2012-03-22 12:06:42,856 | [14] | INFO  | DcmWeb.Filters.ProfileResultAttribute | Result execution - elapsed time: 0.0002518 seconds.;
2012-03-22 12:06:43,199 | [4] | INFO  | DcmWeb.Filters.ProfileResultAttribute | Result execution - elapsed time: 0.0005825 seconds.;
2012-03-22 12:06:43,434 | [11] | INFO  | DcmWeb.Filters.ProfileResultAttribute | Result execution - elapsed time: 0.0005365 seconds.;
2012-03-22 12:06:43,480 | [15] | INFO  | DcmWeb.Filters.ProfileResultAttribute | Result execution - elapsed time: 0.004287 seconds.;
2012-03-22 12:06:43,480 | [12] | INFO  | DcmWeb.Filters.ProfileResultAttribute | Result execution - elapsed time: 0.004287 seconds.;
2012-03-22 12:06:51,005 | [12] | INFO  | DcmWeb.Filters.ProfileResultAttribute | Result execution - elapsed time: 0.0046941 seconds.;
2012-03-22 12:06:52,832 | [15] | INFO  | DcmWeb.Filters.ProfileResultAttribute | Result execution - elapsed time: 0.0023722 seconds.;
2012-03-22 12:06:53,144 | [12] | INFO  | DcmWeb.Filters.ProfileResultAttribute | Result execution - elapsed time: 0.0006722 seconds.;
2012-03-22 12:06:53,159 | [15] | INFO  | DcmWeb.Filters.ProfileResultAttribute | Result execution - elapsed time: 0.0003166 seconds.;
2012-03-22 12:06:53,159 | [14] | INFO  | DcmWeb.Filters.ProfileResultAttribute | Result execution - elapsed time: 0.0002173 seconds.;
2012-03-22 12:06:53,440 | [11] | INFO  | DcmWeb.Filters.ProfileResultAttribute | Result execution - elapsed time: 0.0024442 seconds.;
2012-03-22 12:06:53,440 | [4] | INFO  | DcmWeb.Filters.ProfileResultAttribute | Result execution - elapsed time: 0.0005334 seconds.;
2012-03-22 12:06:53,440 | [21] | INFO  | DcmWeb.Filters.ProfileResultAttribute | Result execution - elapsed time: 0.0002635 seconds.;
2012-03-22 12:07:12,486 | [21] | INFO  | DcmWeb.Filters.ProfileResultAttribute | Result execution - elapsed time: 2.3852143 seconds.;
2012-03-22 12:07:20,464 | [15] | INFO  | DcmWeb.Filters.ProfileResultAttribute | Result execution - elapsed time: 0.0013228 seconds.;
2012-03-22 12:07:20,479 | [21] | INFO  | DcmWeb.Filters.ProfileResultAttribute | Result execution - elapsed time: 0.001048 seconds.;
2012-03-22 12:07:20,511 | [11] | INFO  | DcmWeb.Filters.ProfileResultAttribute | Result execution - elapsed time: 0.0002336 seconds.;
2012-03-22 12:07:20,807 | [14] | INFO  | DcmWeb.Filters.ProfileResultAttribute | Result execution - elapsed time: 0.0005115 seconds.;
2012-03-22 12:07:21,010 | [21] | INFO  | DcmWeb.Filters.ProfileResultAttribute | Result execution - elapsed time: 0.0006835 seconds.;
2012-03-22 12:07:21,151 | [16] | INFO  | DcmWeb.Filters.ProfileResultAttribute | Result execution - elapsed time: 0.0052178 seconds.;
2012-03-22 12:07:21,182 | [12] | INFO  | DcmWeb.Filters.ProfileResultAttribute | Result execution - elapsed time: 0.0025078 seconds.;
2012-03-22 12:07:43,225 | [15] | DEBUG | DcmWeb.Controllers.DcmController | {method:SearchAll, type:ALL, code:, name:, status:, effectiveDateSt:22/03/2012, createDateSt:22/03/2012, elapsedMilliseconds:394};
2012-03-22 12:07:43,225 | [15] | INFO  | DcmWeb.Filters.ProfileResultAttribute | Result execution - elapsed time: 0.0004091 seconds.;
2012-03-22 12:07:45,036 | [15] | INFO  | DcmWeb.Filters.ProfileResultAttribute | Result execution - elapsed time: 0.0033403 seconds.;
2012-03-22 13:29:31,879 | [8] | INFO  | DcmWeb.Filters.ProfileResultAttribute | Result execution - elapsed time: 7.2044585 seconds.;
2012-03-22 13:29:55,668 | [4] | INFO  | DcmWeb.Filters.ProfileResultAttribute | Result execution - elapsed time: 12.26646 seconds.;
2012-03-22 13:29:55,668 | [11] | INFO  | DcmWeb.Filters.ProfileResultAttribute | Result execution - elapsed time: 12.26646 seconds.;
2012-03-22 13:29:55,683 | [8] | INFO  | DcmWeb.Filters.ProfileResultAttribute | Result execution - elapsed time: 12.26646 seconds.;
2012-03-22 13:29:56,497 | [13] | INFO  | DcmWeb.Filters.ProfileResultAttribute | Result execution - elapsed time: 0.0068378 seconds.;
2012-03-22 13:29:56,528 | [8] | INFO  | DcmWeb.Filters.ProfileResultAttribute | Result execution - elapsed time: 0.0005696 seconds.;
2012-03-22 13:29:56,575 | [14] | INFO  | DcmWeb.Filters.ProfileResultAttribute | Result execution - elapsed time: 0.000363 seconds.;
2012-03-22 13:29:56,591 | [12] | INFO  | DcmWeb.Filters.ProfileResultAttribute | Result execution - elapsed time: 0.0017561 seconds.;
2012-03-22 13:30:11,474 | [13] | INFO  | DcmWeb.Filters.ProfileResultAttribute | Result execution - elapsed time: 0.0007254 seconds.;
2012-03-22 13:48:05,905 | [8] | INFO  | DcmWeb.Filters.ProfileResultAttribute | Result execution - elapsed time: 0.0001745 seconds.;
2012-03-22 13:55:14,339 | [8] | INFO  | DcmWeb.Filters.ProfileResultAttribute | Result execution - elapsed time: 0.0001999 seconds.;
2012-03-22 14:04:46,140 | [4] | INFO  | DcmWeb.Filters.ProfileResultAttribute | Result execution - elapsed time: 0.0083983 seconds.;
2012-03-22 14:04:48,750 | [14] | INFO  | DcmWeb.Filters.ProfileResultAttribute | Result execution - elapsed time: 0.0022867 seconds.;
2012-03-22 14:04:49,375 | [9] | INFO  | DcmWeb.Filters.ProfileResultAttribute | Result execution - elapsed time: 0.0004699 seconds.;
2012-03-22 14:04:49,390 | [13] | INFO  | DcmWeb.Filters.ProfileResultAttribute | Result execution - elapsed time: 0.0002947 seconds.;
2012-03-22 14:04:49,406 | [12] | INFO  | DcmWeb.Filters.ProfileResultAttribute | Result execution - elapsed time: 0.0006052 seconds.;
2012-03-22 14:04:49,593 | [15] | INFO  | DcmWeb.Filters.ProfileResultAttribute | Result execution - elapsed time: 0.0023523 seconds.;
2012-03-22 14:04:49,656 | [11] | INFO  | DcmWeb.Filters.ProfileResultAttribute | Result execution - elapsed time: 0.0002753 seconds.;
2012-03-22 14:04:49,671 | [4] | INFO  | DcmWeb.Filters.ProfileResultAttribute | Result execution - elapsed time: 0.0002731 seconds.;
2012-03-22 14:04:51,890 | [15] | DEBUG | DcmWeb.Controllers.DcmController | {method:SearchAll, type:ALL, code:, name:, status:, effectiveDateSt:, createDateSt:, elapsedMilliseconds:443};
2012-03-22 14:04:51,890 | [15] | INFO  | DcmWeb.Filters.ProfileResultAttribute | Result execution - elapsed time: 0.0039735 seconds.;
2012-03-22 14:04:59,578 | [13] | DEBUG | DcmWeb.Controllers.DcmController | {method:SchemeSearchAll, name:, code:, status:, principleCode:, effectiveDateSt:, effectiveTimeSt:, elapsedMilliseconds:196};
2012-03-22 14:04:59,578 | [13] | INFO  | DcmWeb.Filters.ProfileResultAttribute | Result execution - elapsed time: 0.0016543 seconds.;
2012-03-22 14:05:03,828 | [12] | INFO  | DcmWeb.Filters.ProfileResultAttribute | Result execution - elapsed time: 0.0033498 seconds.;
2012-03-22 14:05:08,797 | [15] | INFO  | DcmWeb.Filters.ProfileResultAttribute | Result execution - elapsed time: 0.0025481 seconds.;
2012-03-22 14:06:29,423 | [14] | INFO  | DcmWeb.Filters.ProfileResultAttribute | Result execution - elapsed time: 0.0050306 seconds.;
2012-03-22 14:06:31,923 | [14] | INFO  | DcmWeb.Filters.ProfileResultAttribute | Result execution - elapsed time: 0.0021834 seconds.;
2012-03-22 14:06:32,517 | [9] | INFO  | DcmWeb.Filters.ProfileResultAttribute | Result execution - elapsed time: 0.0005494 seconds.;
2012-03-22 14:06:32,533 | [14] | INFO  | DcmWeb.Filters.ProfileResultAttribute | Result execution - elapsed time: 0.0002205 seconds.;
2012-03-22 14:06:32,533 | [16] | INFO  | DcmWeb.Filters.ProfileResultAttribute | Result execution - elapsed time: 0.0002929 seconds.;
2012-03-22 14:06:32,752 | [4] | INFO  | DcmWeb.Filters.ProfileResultAttribute | Result execution - elapsed time: 0.0022715 seconds.;
2012-03-22 14:06:32,783 | [11] | INFO  | DcmWeb.Filters.ProfileResultAttribute | Result execution - elapsed time: 0.0004601 seconds.;
2012-03-22 14:06:32,798 | [8] | INFO  | DcmWeb.Filters.ProfileResultAttribute | Result execution - elapsed time: 0.0002713 seconds.;
2012-03-22 14:06:36,002 | [4] | DEBUG | DcmWeb.Controllers.DcmController | {method:SearchAll, type:ALL, code:, name:, status:, effectiveDateSt:, createDateSt:, elapsedMilliseconds:69};
2012-03-22 14:06:36,002 | [4] | INFO  | DcmWeb.Filters.ProfileResultAttribute | Result execution - elapsed time: 0.002906 seconds.;
2012-03-22 14:07:31,268 | [16] | INFO  | DcmWeb.Filters.ProfileResultAttribute | Result execution - elapsed time: 0.0023884 seconds.;
2012-03-22 14:08:12,643 | [8] | INFO  | DcmWeb.Filters.ProfileResultAttribute | Result execution - elapsed time: 0.0052282 seconds.;
2012-03-22 14:08:14,799 | [10] | INFO  | DcmWeb.Filters.ProfileResultAttribute | Result execution - elapsed time: 0.0021979 seconds.;
2012-03-22 14:08:15,455 | [11] | INFO  | DcmWeb.Filters.ProfileResultAttribute | Result execution - elapsed time: 0.0004897 seconds.;
2012-03-22 14:08:15,471 | [9] | INFO  | DcmWeb.Filters.ProfileResultAttribute | Result execution - elapsed time: 0.0003288 seconds.;
2012-03-22 14:08:15,487 | [15] | INFO  | DcmWeb.Filters.ProfileResultAttribute | Result execution - elapsed time: 0.0002265 seconds.;
2012-03-22 14:08:15,721 | [12] | INFO  | DcmWeb.Filters.ProfileResultAttribute | Result execution - elapsed time: 0.0004721 seconds.;
2012-03-22 14:08:15,783 | [8] | INFO  | DcmWeb.Filters.ProfileResultAttribute | Result execution - elapsed time: 0.0002773 seconds.;
2012-03-22 14:08:15,783 | [14] | INFO  | DcmWeb.Filters.ProfileResultAttribute | Result execution - elapsed time: 0.0023891 seconds.;
2012-03-22 14:08:18,330 | [9] | INFO  | DcmWeb.Filters.ProfileResultAttribute | Result execution - elapsed time: 0.0020554 seconds.;
2012-03-22 14:10:03,190 | [9] | INFO  | DcmWeb.Filters.ProfileResultAttribute | Result execution - elapsed time: 0.0090959 seconds.;
2012-03-22 14:10:05,378 | [11] | INFO  | DcmWeb.Filters.ProfileResultAttribute | Result execution - elapsed time: 0.0021552 seconds.;
2012-03-22 14:10:05,878 | [10] | INFO  | DcmWeb.Filters.ProfileResultAttribute | Result execution - elapsed time: 0.0005519 seconds.;
2012-03-22 14:10:05,878 | [4] | INFO  | DcmWeb.Filters.ProfileResultAttribute | Result execution - elapsed time: 0.0002244 seconds.;
2012-03-22 14:10:05,909 | [14] | INFO  | DcmWeb.Filters.ProfileResultAttribute | Result execution - elapsed time: 0.0003283 seconds.;
2012-03-22 14:10:06,159 | [8] | INFO  | DcmWeb.Filters.ProfileResultAttribute | Result execution - elapsed time: 0.0008366 seconds.;
2012-03-22 14:10:06,175 | [17] | INFO  | DcmWeb.Filters.ProfileResultAttribute | Result execution - elapsed time: 0.0026238 seconds.;
2012-03-22 14:10:06,175 | [11] | INFO  | DcmWeb.Filters.ProfileResultAttribute | Result execution - elapsed time: 0.0002618 seconds.;
2012-03-22 14:10:07,800 | [14] | INFO  | DcmWeb.Filters.ProfileResultAttribute | Result execution - elapsed time: 0.0020395 seconds.;
2012-03-22 14:10:11,550 | [11] | INFO  | DcmWeb.Filters.ProfileResultAttribute | Result execution - elapsed time: 0.0020241 seconds.;
2012-03-22 14:48:06,805 | [8] | INFO  | DcmWeb.Filters.ProfileResultAttribute | Result execution - elapsed time: 0.0071398 seconds.;
2012-03-22 14:48:08,930 | [18] | INFO  | DcmWeb.Filters.ProfileResultAttribute | Result execution - elapsed time: 0.0021866 seconds.;
2012-03-22 14:48:09,398 | [18] | INFO  | DcmWeb.Filters.ProfileResultAttribute | Result execution - elapsed time: 0.0004515 seconds.;
2012-03-22 14:48:09,492 | [14] | INFO  | DcmWeb.Filters.ProfileResultAttribute | Result execution - elapsed time: 0.0005025 seconds.;
2012-03-22 14:48:09,523 | [4] | INFO  | DcmWeb.Filters.ProfileResultAttribute | Result execution - elapsed time: 0.0002327 seconds.;
2012-03-22 14:48:09,664 | [11] | INFO  | DcmWeb.Filters.ProfileResultAttribute | Result execution - elapsed time: 0.0007922 seconds.;
2012-03-22 14:48:09,711 | [21] | INFO  | DcmWeb.Filters.ProfileResultAttribute | Result execution - elapsed time: 0.0026737 seconds.;
2012-03-22 14:48:09,726 | [8] | INFO  | DcmWeb.Filters.ProfileResultAttribute | Result execution - elapsed time: 0.0002879 seconds.;
2012-03-22 14:48:15,039 | [11] | INFO  | DcmWeb.Filters.ProfileResultAttribute | Result execution - elapsed time: 0.0002984 seconds.;
2012-03-22 15:02:14,065 | [8] | INFO  | DcmWeb.Filters.ProfileResultAttribute | Result execution - elapsed time: 0.0052024 seconds.;
2012-03-22 15:02:16,362 | [14] | INFO  | DcmWeb.Filters.ProfileResultAttribute | Result execution - elapsed time: 0.0022315 seconds.;
2012-03-22 15:02:17,018 | [11] | INFO  | DcmWeb.Filters.ProfileResultAttribute | Result execution - elapsed time: 0.0005039 seconds.;
2012-03-22 15:02:17,034 | [8] | INFO  | DcmWeb.Filters.ProfileResultAttribute | Result execution - elapsed time: 0.0003408 seconds.;
2012-03-22 15:02:17,096 | [10] | INFO  | DcmWeb.Filters.ProfileResultAttribute | Result execution - elapsed time: 0.0006954 seconds.;
2012-03-22 15:02:17,128 | [17] | INFO  | DcmWeb.Filters.ProfileResultAttribute | Result execution - elapsed time: 0.0021884 seconds.;
2012-03-22 15:02:17,206 | [4] | INFO  | DcmWeb.Filters.ProfileResultAttribute | Result execution - elapsed time: 0.0004717 seconds.;
2012-03-22 15:02:17,253 | [13] | INFO  | DcmWeb.Filters.ProfileResultAttribute | Result execution - elapsed time: 0.0002859 seconds.;
2012-03-22 15:02:22,487 | [20] | INFO  | DcmWeb.Filters.ProfileResultAttribute | Result execution - elapsed time: 0.0002494 seconds.;
2012-03-22 15:04:23,050 | [10] | INFO  | DcmWeb.Filters.ProfileResultAttribute | Result execution - elapsed time: 0.0050582 seconds.;
2012-03-22 15:04:25,253 | [10] | INFO  | DcmWeb.Filters.ProfileResultAttribute | Result execution - elapsed time: 0.0023388 seconds.;
2012-03-22 15:04:25,768 | [11] | INFO  | DcmWeb.Filters.ProfileResultAttribute | Result execution - elapsed time: 0.0004528 seconds.;
2012-03-22 15:04:25,768 | [19] | INFO  | DcmWeb.Filters.ProfileResultAttribute | Result execution - elapsed time: 0.0002108 seconds.;
2012-03-22 15:04:25,815 | [18] | INFO  | DcmWeb.Filters.ProfileResultAttribute | Result execution - elapsed time: 0.0006248 seconds.;
2012-03-22 15:04:25,971 | [4] | INFO  | DcmWeb.Filters.ProfileResultAttribute | Result execution - elapsed time: 0.0002802 seconds.;
2012-03-22 15:04:26,050 | [10] | INFO  | DcmWeb.Filters.ProfileResultAttribute | Result execution - elapsed time: 0.0002913 seconds.;
2012-03-22 15:04:26,050 | [14] | INFO  | DcmWeb.Filters.ProfileResultAttribute | Result execution - elapsed time: 0.002173 seconds.;
2012-03-22 15:04:27,753 | [4] | INFO  | DcmWeb.Filters.ProfileResultAttribute | Result execution - elapsed time: 0.0002871 seconds.;
2012-03-22 15:07:13,581 | [18] | INFO  | DcmWeb.Filters.ProfileResultAttribute | Result execution - elapsed time: 0.010231 seconds.;
2012-03-22 15:07:15,909 | [13] | INFO  | DcmWeb.Filters.ProfileResultAttribute | Result execution - elapsed time: 0.0021955 seconds.;
2012-03-22 15:07:16,393 | [4] | INFO  | DcmWeb.Filters.ProfileResultAttribute | Result execution - elapsed time: 0.0005159 seconds.;
2012-03-22 15:07:16,409 | [11] | INFO  | DcmWeb.Filters.ProfileResultAttribute | Result execution - elapsed time: 0.0003489 seconds.;
2012-03-22 15:07:16,409 | [17] | INFO  | DcmWeb.Filters.ProfileResultAttribute | Result execution - elapsed time: 0.0002396 seconds.;
2012-03-22 15:07:16,596 | [14] | INFO  | DcmWeb.Filters.ProfileResultAttribute | Result execution - elapsed time: 0.0026549 seconds.;
2012-03-22 15:07:16,628 | [13] | INFO  | DcmWeb.Filters.ProfileResultAttribute | Result execution - elapsed time: 0.0004896 seconds.;
2012-03-22 15:07:16,643 | [9] | INFO  | DcmWeb.Filters.ProfileResultAttribute | Result execution - elapsed time: 0.0002678 seconds.;
2012-03-22 15:07:26,971 | [11] | INFO  | DcmWeb.Filters.ProfileResultAttribute | Result execution - elapsed time: 0.0002743 seconds.;
2012-03-22 15:11:41,487 | [8] | INFO  | DcmWeb.Filters.ProfileResultAttribute | Result execution - elapsed time: 0.0076672 seconds.;
2012-03-22 15:11:43,628 | [14] | INFO  | DcmWeb.Filters.ProfileResultAttribute | Result execution - elapsed time: 0.002206 seconds.;
2012-03-22 15:11:44,331 | [14] | INFO  | DcmWeb.Filters.ProfileResultAttribute | Result execution - elapsed time: 0.0021798 seconds.;
2012-03-22 15:11:44,362 | [8] | INFO  | DcmWeb.Filters.ProfileResultAttribute | Result execution - elapsed time: 0.0004628 seconds.;
2012-03-22 15:11:44,378 | [8] | INFO  | DcmWeb.Filters.ProfileResultAttribute | Result execution - elapsed time: 0.0002658 seconds.;
2012-03-22 15:11:44,409 | [8] | INFO  | DcmWeb.Filters.ProfileResultAttribute | Result execution - elapsed time: 0.0004146 seconds.;
2012-03-22 15:11:44,425 | [8] | INFO  | DcmWeb.Filters.ProfileResultAttribute | Result execution - elapsed time: 0.0002771 seconds.;
2012-03-22 15:11:44,534 | [8] | INFO  | DcmWeb.Filters.ProfileResultAttribute | Result execution - elapsed time: 0.0002627 seconds.;
2012-03-22 15:11:53,518 | [8] | INFO  | DcmWeb.Filters.ProfileResultAttribute | Result execution - elapsed time: 0.0001946 seconds.;
2012-03-22 15:15:32,425 | [4] | INFO  | DcmWeb.Filters.ProfileResultAttribute | Result execution - elapsed time: 0.0051189 seconds.;
2012-03-22 15:15:34,425 | [14] | INFO  | DcmWeb.Filters.ProfileResultAttribute | Result execution - elapsed time: 0.0022589 seconds.;
2012-03-22 15:15:34,925 | [14] | INFO  | DcmWeb.Filters.ProfileResultAttribute | Result execution - elapsed time: 0.0024715 seconds.;
2012-03-22 15:15:35,081 | [14] | INFO  | DcmWeb.Filters.ProfileResultAttribute | Result execution - elapsed time: 0.0004712 seconds.;
2012-03-22 15:15:35,096 | [14] | INFO  | DcmWeb.Filters.ProfileResultAttribute | Result execution - elapsed time: 0.0004705 seconds.;
2012-03-22 15:15:35,112 | [8] | INFO  | DcmWeb.Filters.ProfileResultAttribute | Result execution - elapsed time: 0.0002549 seconds.;
2012-03-22 15:15:35,128 | [14] | INFO  | DcmWeb.Filters.ProfileResultAttribute | Result execution - elapsed time: 0.0002293 seconds.;
2012-03-22 15:15:35,237 | [8] | INFO  | DcmWeb.Filters.ProfileResultAttribute | Result execution - elapsed time: 0.0002686 seconds.;
2012-03-22 15:15:39,190 | [14] | INFO  | DcmWeb.Filters.ProfileResultAttribute | Result execution - elapsed time: 0.0002274 seconds.;
2012-03-22 15:37:34,808 | [14] | INFO  | DcmWeb.Filters.ProfileResultAttribute | Result execution - elapsed time: 0.0071064 seconds.;
2012-03-22 15:37:37,027 | [11] | INFO  | DcmWeb.Filters.ProfileResultAttribute | Result execution - elapsed time: 0.0021929 seconds.;
2012-03-22 15:37:37,590 | [8] | INFO  | DcmWeb.Filters.ProfileResultAttribute | Result execution - elapsed time: 0.0005633 seconds.;
2012-03-22 15:37:37,621 | [14] | INFO  | DcmWeb.Filters.ProfileResultAttribute | Result execution - elapsed time: 0.0002348 seconds.;
2012-03-22 15:37:37,621 | [8] | INFO  | DcmWeb.Filters.ProfileResultAttribute | Result execution - elapsed time: 0.0002737 seconds.;
2012-03-22 15:37:37,808 | [4] | INFO  | DcmWeb.Filters.ProfileResultAttribute | Result execution - elapsed time: 0.002182 seconds.;
2012-03-22 15:37:37,855 | [11] | INFO  | DcmWeb.Filters.ProfileResultAttribute | Result execution - elapsed time: 0.0004916 seconds.;
2012-03-22 15:37:37,886 | [14] | INFO  | DcmWeb.Filters.ProfileResultAttribute | Result execution - elapsed time: 0.0006005 seconds.;
2012-03-22 15:37:39,949 | [11] | INFO  | DcmWeb.Filters.ProfileResultAttribute | Result execution - elapsed time: 0.000377 seconds.;
2012-03-22 15:39:09,590 | [8] | INFO  | DcmWeb.Filters.ProfileResultAttribute | Result execution - elapsed time: 0.0114165 seconds.;
2012-03-22 15:39:11,543 | [11] | INFO  | DcmWeb.Filters.ProfileResultAttribute | Result execution - elapsed time: 0.0022314 seconds.;
2012-03-22 15:39:11,996 | [8] | INFO  | DcmWeb.Filters.ProfileResultAttribute | Result execution - elapsed time: 0.0005801 seconds.;
2012-03-22 15:39:12,012 | [4] | INFO  | DcmWeb.Filters.ProfileResultAttribute | Result execution - elapsed time: 0.0002411 seconds.;
2012-03-22 15:39:12,059 | [13] | INFO  | DcmWeb.Filters.ProfileResultAttribute | Result execution - elapsed time: 0.000548 seconds.;
2012-03-22 15:39:12,262 | [14] | INFO  | DcmWeb.Filters.ProfileResultAttribute | Result execution - elapsed time: 0.0003118 seconds.;
2012-03-22 15:39:12,278 | [11] | INFO  | DcmWeb.Filters.ProfileResultAttribute | Result execution - elapsed time: 0.0002708 seconds.;
2012-03-22 15:39:12,293 | [9] | INFO  | DcmWeb.Filters.ProfileResultAttribute | Result execution - elapsed time: 0.0021628 seconds.;
2012-03-22 15:39:15,653 | [10] | INFO  | DcmWeb.Filters.ProfileResultAttribute | Result execution - elapsed time: 0.0136831 seconds.;
2012-03-22 15:40:30,106 | [11] | INFO  | DcmWeb.Filters.ProfileResultAttribute | Result execution - elapsed time: 0.0050217 seconds.;
2012-03-22 15:40:32,090 | [8] | INFO  | DcmWeb.Filters.ProfileResultAttribute | Result execution - elapsed time: 0.0021835 seconds.;
2012-03-22 15:40:32,559 | [11] | INFO  | DcmWeb.Filters.ProfileResultAttribute | Result execution - elapsed time: 0.0004079 seconds.;
2012-03-22 15:40:32,575 | [9] | INFO  | DcmWeb.Filters.ProfileResultAttribute | Result execution - elapsed time: 0.0004464 seconds.;
2012-03-22 15:40:32,575 | [8] | INFO  | DcmWeb.Filters.ProfileResultAttribute | Result execution - elapsed time: 0.0005556 seconds.;
2012-03-22 15:40:32,762 | [14] | INFO  | DcmWeb.Filters.ProfileResultAttribute | Result execution - elapsed time: 0.0022499 seconds.;
2012-03-22 15:40:32,840 | [13] | INFO  | DcmWeb.Filters.ProfileResultAttribute | Result execution - elapsed time: 0.0004674 seconds.;
2012-03-22 15:40:32,840 | [4] | INFO  | DcmWeb.Filters.ProfileResultAttribute | Result execution - elapsed time: 0.000254 seconds.;
2012-03-22 15:40:34,872 | [11] | INFO  | DcmWeb.Filters.ProfileResultAttribute | Result execution - elapsed time: 0.0002138 seconds.;
2012-03-22 15:43:14,419 | [8] | INFO  | DcmWeb.Filters.ProfileResultAttribute | Result execution - elapsed time: 0.0079001 seconds.;
2012-03-22 15:43:16,512 | [4] | INFO  | DcmWeb.Filters.ProfileResultAttribute | Result execution - elapsed time: 0.0021765 seconds.;
2012-03-22 15:43:16,872 | [11] | INFO  | DcmWeb.Filters.ProfileResultAttribute | Result execution - elapsed time: 0.0005249 seconds.;
2012-03-22 15:43:16,887 | [9] | INFO  | DcmWeb.Filters.ProfileResultAttribute | Result execution - elapsed time: 0.000279 seconds.;
2012-03-22 15:43:16,919 | [15] | INFO  | DcmWeb.Filters.ProfileResultAttribute | Result execution - elapsed time: 0.0004936 seconds.;
2012-03-22 15:43:17,090 | [4] | INFO  | DcmWeb.Filters.ProfileResultAttribute | Result execution - elapsed time: 0.0022082 seconds.;
2012-03-22 15:43:17,153 | [12] | INFO  | DcmWeb.Filters.ProfileResultAttribute | Result execution - elapsed time: 0.0002771 seconds.;
2012-03-22 15:43:17,169 | [16] | INFO  | DcmWeb.Filters.ProfileResultAttribute | Result execution - elapsed time: 0.0002875 seconds.;
2012-03-22 15:43:18,919 | [9] | INFO  | DcmWeb.Filters.ProfileResultAttribute | Result execution - elapsed time: 0.0003237 seconds.;
2012-03-22 15:46:37,544 | [8] | INFO  | DcmWeb.Filters.ProfileResultAttribute | Result execution - elapsed time: 0.0050582 seconds.;
2012-03-22 15:46:39,684 | [19] | INFO  | DcmWeb.Filters.ProfileResultAttribute | Result execution - elapsed time: 0.0021949 seconds.;
2012-03-22 15:46:40,200 | [8] | INFO  | DcmWeb.Filters.ProfileResultAttribute | Result execution - elapsed time: 0.000543 seconds.;
2012-03-22 15:46:40,200 | [12] | INFO  | DcmWeb.Filters.ProfileResultAttribute | Result execution - elapsed time: 0.0002405 seconds.;
2012-03-22 15:46:40,215 | [17] | INFO  | DcmWeb.Filters.ProfileResultAttribute | Result execution - elapsed time: 0.0003391 seconds.;
2012-03-22 15:46:40,419 | [19] | INFO  | DcmWeb.Filters.ProfileResultAttribute | Result execution - elapsed time: 0.0004697 seconds.;
2012-03-22 15:46:40,434 | [11] | INFO  | DcmWeb.Filters.ProfileResultAttribute | Result execution - elapsed time: 0.0022275 seconds.;
2012-03-22 15:46:40,481 | [4] | INFO  | DcmWeb.Filters.ProfileResultAttribute | Result execution - elapsed time: 0.0004792 seconds.;
2012-03-22 15:46:41,278 | [17] | INFO  | DcmWeb.Filters.ProfileResultAttribute | Result execution - elapsed time: 0.0002448 seconds.;
2012-03-22 15:47:17,981 | [8] | INFO  | DcmWeb.Filters.ProfileResultAttribute | Result execution - elapsed time: 0.0072864 seconds.;
2012-03-22 15:47:19,887 | [19] | INFO  | DcmWeb.Filters.ProfileResultAttribute | Result execution - elapsed time: 0.0021813 seconds.;
2012-03-22 15:47:20,528 | [19] | INFO  | DcmWeb.Filters.ProfileResultAttribute | Result execution - elapsed time: 0.0006531 seconds.;
2012-03-22 15:47:20,528 | [4] | INFO  | DcmWeb.Filters.ProfileResultAttribute | Result execution - elapsed time: 0.0021707 seconds.;
2012-03-22 15:47:20,544 | [4] | INFO  | DcmWeb.Filters.ProfileResultAttribute | Result execution - elapsed time: 0.0002581 seconds.;
2012-03-22 15:47:20,559 | [4] | INFO  | DcmWeb.Filters.ProfileResultAttribute | Result execution - elapsed time: 0.0002452 seconds.;
2012-03-22 15:47:20,575 | [4] | INFO  | DcmWeb.Filters.ProfileResultAttribute | Result execution - elapsed time: 0.0004571 seconds.;
2012-03-22 15:47:20,700 | [4] | INFO  | DcmWeb.Filters.ProfileResultAttribute | Result execution - elapsed time: 0.0002651 seconds.;
2012-03-22 15:47:24,012 | [4] | INFO  | DcmWeb.Filters.ProfileResultAttribute | Result execution - elapsed time: 0.0002069 seconds.;
2012-03-22 15:50:02,075 | [8] | INFO  | DcmWeb.Filters.ProfileResultAttribute | Result execution - elapsed time: 0.0056667 seconds.;
2012-03-22 15:50:04,231 | [11] | INFO  | DcmWeb.Filters.ProfileResultAttribute | Result execution - elapsed time: 0.0022202 seconds.;
2012-03-22 15:50:04,778 | [11] | INFO  | DcmWeb.Filters.ProfileResultAttribute | Result execution - elapsed time: 0.0023397 seconds.;
2012-03-22 15:50:04,903 | [11] | INFO  | DcmWeb.Filters.ProfileResultAttribute | Result execution - elapsed time: 0.0004694 seconds.;
2012-03-22 15:50:04,919 | [11] | INFO  | DcmWeb.Filters.ProfileResultAttribute | Result execution - elapsed time: 0.0002498 seconds.;
2012-03-22 15:50:04,934 | [11] | INFO  | DcmWeb.Filters.ProfileResultAttribute | Result execution - elapsed time: 0.0002224 seconds.;
2012-03-22 15:50:04,950 | [11] | INFO  | DcmWeb.Filters.ProfileResultAttribute | Result execution - elapsed time: 0.0002503 seconds.;
2012-03-22 15:50:05,059 | [11] | INFO  | DcmWeb.Filters.ProfileResultAttribute | Result execution - elapsed time: 0.000469 seconds.;
2012-03-22 15:50:06,715 | [11] | INFO  | DcmWeb.Filters.ProfileResultAttribute | Result execution - elapsed time: 0.0002688 seconds.;
2012-03-22 15:53:52,809 | [4] | INFO  | DcmWeb.Filters.ProfileResultAttribute | Result execution - elapsed time: 0.0048449 seconds.;
2012-03-22 15:53:55,059 | [11] | INFO  | DcmWeb.Filters.ProfileResultAttribute | Result execution - elapsed time: 0.0021918 seconds.;
2012-03-22 15:53:55,590 | [8] | INFO  | DcmWeb.Filters.ProfileResultAttribute | Result execution - elapsed time: 0.0004303 seconds.;
2012-03-22 15:53:55,606 | [4] | INFO  | DcmWeb.Filters.ProfileResultAttribute | Result execution - elapsed time: 0.000268 seconds.;
2012-03-22 15:53:55,606 | [8] | INFO  | DcmWeb.Filters.ProfileResultAttribute | Result execution - elapsed time: 0.0003368 seconds.;
2012-03-22 15:53:55,700 | [11] | INFO  | DcmWeb.Filters.ProfileResultAttribute | Result execution - elapsed time: 0.0022829 seconds.;
2012-03-22 15:53:55,794 | [14] | INFO  | DcmWeb.Filters.ProfileResultAttribute | Result execution - elapsed time: 0.000564 seconds.;
2012-03-22 15:53:55,825 | [4] | INFO  | DcmWeb.Filters.ProfileResultAttribute | Result execution - elapsed time: 0.0002763 seconds.;
2012-03-22 15:53:56,809 | [14] | INFO  | DcmWeb.Filters.ProfileResultAttribute | Result execution - elapsed time: 0.0004681 seconds.;
2012-03-22 15:56:15,794 | [4] | INFO  | DcmWeb.Filters.ProfileResultAttribute | Result execution - elapsed time: 0.0050397 seconds.;
2012-03-22 15:56:17,872 | [8] | INFO  | DcmWeb.Filters.ProfileResultAttribute | Result execution - elapsed time: 0.0021972 seconds.;
2012-03-22 15:56:18,278 | [14] | INFO  | DcmWeb.Filters.ProfileResultAttribute | Result execution - elapsed time: 0.0004401 seconds.;
2012-03-22 15:56:18,325 | [14] | INFO  | DcmWeb.Filters.ProfileResultAttribute | Result execution - elapsed time: 0.0005487 seconds.;
2012-03-22 15:56:18,325 | [8] | INFO  | DcmWeb.Filters.ProfileResultAttribute | Result execution - elapsed time: 0.0002076 seconds.;
2012-03-22 15:56:18,544 | [4] | INFO  | DcmWeb.Filters.ProfileResultAttribute | Result execution - elapsed time: 0.0005444 seconds.;
2012-03-22 15:56:18,590 | [14] | INFO  | DcmWeb.Filters.ProfileResultAttribute | Result execution - elapsed time: 0.0005051 seconds.;
2012-03-22 15:56:18,606 | [11] | INFO  | DcmWeb.Filters.ProfileResultAttribute | Result execution - elapsed time: 0.0022422 seconds.;
2012-03-22 15:56:20,090 | [14] | INFO  | DcmWeb.Filters.ProfileResultAttribute | Result execution - elapsed time: 0.0003739 seconds.;
2012-03-22 15:57:29,153 | [11] | INFO  | DcmWeb.Filters.ProfileResultAttribute | Result execution - elapsed time: 0.0073609 seconds.;
2012-03-22 15:57:31,247 | [4] | INFO  | DcmWeb.Filters.ProfileResultAttribute | Result execution - elapsed time: 0.0021574 seconds.;
2012-03-22 15:57:31,653 | [14] | INFO  | DcmWeb.Filters.ProfileResultAttribute | Result execution - elapsed time: 0.0004945 seconds.;
2012-03-22 15:57:31,684 | [8] | INFO  | DcmWeb.Filters.ProfileResultAttribute | Result execution - elapsed time: 0.0005657 seconds.;
2012-03-22 15:57:31,700 | [14] | INFO  | DcmWeb.Filters.ProfileResultAttribute | Result execution - elapsed time: 0.0003219 seconds.;
2012-03-22 15:57:31,934 | [11] | INFO  | DcmWeb.Filters.ProfileResultAttribute | Result execution - elapsed time: 0.0022826 seconds.;
2012-03-22 15:57:31,934 | [4] | INFO  | DcmWeb.Filters.ProfileResultAttribute | Result execution - elapsed time: 0.0002871 seconds.;
2012-03-22 15:57:31,965 | [8] | INFO  | DcmWeb.Filters.ProfileResultAttribute | Result execution - elapsed time: 0.0002657 seconds.;
2012-03-22 15:57:32,731 | [4] | INFO  | DcmWeb.Filters.ProfileResultAttribute | Result execution - elapsed time: 0.0002512 seconds.;
2012-03-22 16:00:05,511 | [4] | INFO  | DcmWeb.Filters.ProfileResultAttribute | Result execution - elapsed time: 0.0049797 seconds.;
2012-03-22 16:00:07,558 | [14] | INFO  | DcmWeb.Filters.ProfileResultAttribute | Result execution - elapsed time: 0.002184 seconds.;
2012-03-22 16:00:07,918 | [8] | INFO  | DcmWeb.Filters.ProfileResultAttribute | Result execution - elapsed time: 0.0005262 seconds.;
2012-03-22 16:00:07,918 | [17] | INFO  | DcmWeb.Filters.ProfileResultAttribute | Result execution - elapsed time: 0.0002493 seconds.;
2012-03-22 16:00:07,933 | [4] | INFO  | DcmWeb.Filters.ProfileResultAttribute | Result execution - elapsed time: 0.0002708 seconds.;
2012-03-22 16:00:08,136 | [12] | INFO  | DcmWeb.Filters.ProfileResultAttribute | Result execution - elapsed time: 0.0002717 seconds.;
2012-03-22 16:00:08,152 | [11] | INFO  | DcmWeb.Filters.ProfileResultAttribute | Result execution - elapsed time: 0.0023553 seconds.;
2012-03-22 16:00:08,199 | [14] | INFO  | DcmWeb.Filters.ProfileResultAttribute | Result execution - elapsed time: 0.0002728 seconds.;
2012-03-22 16:00:09,949 | [4] | INFO  | DcmWeb.Filters.ProfileResultAttribute | Result execution - elapsed time: 0.0002563 seconds.;
2012-03-22 16:03:22,337 | [14] | INFO  | DcmWeb.Controllers.DcmController | {method:SaveCommunicationPrinciple, Id:0, Code:COMM-5, success:True, message:Save Communication Principle Completed.};
2012-03-22 16:03:22,337 | [14] | INFO  | DcmWeb.Filters.ProfileResultAttribute | Result execution - elapsed time: 0.0004752 seconds.;
2012-03-22 16:03:41,290 | [14] | DEBUG | DcmWeb.Controllers.DcmController | {method:SearchAll, type:ALL, code:, name:, status:, effectiveDateSt:, createDateSt:, elapsedMilliseconds:79};
2012-03-22 16:03:41,290 | [14] | INFO  | DcmWeb.Filters.ProfileResultAttribute | Result execution - elapsed time: 0.002817 seconds.;
2012-03-22 16:03:49,915 | [4] | INFO  | DcmWeb.Filters.ProfileResultAttribute | Result execution - elapsed time: 0.0007672 seconds.;
2012-03-22 16:03:55,352 | [4] | INFO  | DcmWeb.Filters.ProfileResultAttribute | Result execution - elapsed time: 0.0097476 seconds.;
2012-03-22 16:03:59,352 | [8] | INFO  | DcmWeb.Filters.ProfileResultAttribute | Result execution - elapsed time: 0.0003687 seconds.;
2012-03-22 16:04:07,930 | [4] | INFO  | DcmWeb.Filters.ProfileResultAttribute | Result execution - elapsed time: 0.0004004 seconds.;
2012-03-22 16:04:11,555 | [14] | INFO  | DcmWeb.Filters.ProfileResultAttribute | Result execution - elapsed time: 0.0005692 seconds.;
2012-03-22 16:04:17,805 | [4] | INFO  | DcmWeb.Filters.ProfileResultAttribute | Result execution - elapsed time: 0.0001844 seconds.;
2012-03-22 16:04:56,477 | [14] | INFO  | DcmWeb.Filters.ProfileResultAttribute | Result execution - elapsed time: 0.0001976 seconds.;
2012-03-22 16:06:57,132 | [8] | INFO  | DcmWeb.Filters.ProfileResultAttribute | Result execution - elapsed time: 0.0099851 seconds.;
2012-03-22 16:06:59,304 | [14] | INFO  | DcmWeb.Filters.ProfileResultAttribute | Result execution - elapsed time: 0.0045528 seconds.;
2012-03-22 16:06:59,867 | [4] | INFO  | DcmWeb.Filters.ProfileResultAttribute | Result execution - elapsed time: 0.0004704 seconds.;
2012-03-22 16:06:59,882 | [12] | INFO  | DcmWeb.Filters.ProfileResultAttribute | Result execution - elapsed time: 0.0003157 seconds.;
2012-03-22 16:06:59,898 | [8] | INFO  | DcmWeb.Filters.ProfileResultAttribute | Result execution - elapsed time: 0.000338 seconds.;
2012-03-22 16:07:00,054 | [14] | INFO  | DcmWeb.Filters.ProfileResultAttribute | Result execution - elapsed time: 0.0016911 seconds.;
2012-03-22 16:07:00,117 | [11] | INFO  | DcmWeb.Filters.ProfileResultAttribute | Result execution - elapsed time: 0.0002899 seconds.;
2012-03-22 16:07:00,132 | [4] | INFO  | DcmWeb.Filters.ProfileResultAttribute | Result execution - elapsed time: 0.000464 seconds.;
2012-03-22 16:07:03,335 | [11] | INFO  | DcmWeb.Filters.ProfileResultAttribute | Result execution - elapsed time: 0.0001886 seconds.;
2012-03-22 16:08:42,757 | [4] | INFO  | DcmWeb.Filters.ProfileResultAttribute | Result execution - elapsed time: 0.0003804 seconds.;
2012-03-22 16:08:44,804 | [14] | INFO  | DcmWeb.Filters.ProfileResultAttribute | Result execution - elapsed time: 0.000596 seconds.;
2012-03-22 16:08:45,491 | [4] | INFO  | DcmWeb.Filters.ProfileResultAttribute | Result execution - elapsed time: 0.0007011 seconds.;
2012-03-22 16:08:46,069 | [14] | INFO  | DcmWeb.Filters.ProfileResultAttribute | Result execution - elapsed time: 0.0004535 seconds.;
2012-03-22 16:12:17,366 | [4] | INFO  | DcmWeb.Filters.ProfileResultAttribute | Result execution - elapsed time: 0.0008841 seconds.;
2012-03-22 16:12:19,350 | [15] | INFO  | DcmWeb.Filters.ProfileResultAttribute | Result execution - elapsed time: 0.0013695 seconds.;
2012-03-22 16:12:20,788 | [15] | INFO  | DcmWeb.Filters.ProfileResultAttribute | Result execution - elapsed time: 0.0005037 seconds.;
2012-03-22 16:12:20,788 | [4] | INFO  | DcmWeb.Filters.ProfileResultAttribute | Result execution - elapsed time: 0.0007788 seconds.;
2012-03-22 16:13:13,053 | [12] | INFO  | DcmWeb.Filters.ProfileResultAttribute | Result execution - elapsed time: 0.0038349 seconds.;
2012-03-22 16:13:14,428 | [4] | INFO  | DcmWeb.Filters.ProfileResultAttribute | Result execution - elapsed time: 0.0014017 seconds.;
2012-03-22 16:13:15,757 | [4] | INFO  | DcmWeb.Filters.ProfileResultAttribute | Result execution - elapsed time: 0.0004466 seconds.;
2012-03-22 16:13:16,413 | [15] | INFO  | DcmWeb.Filters.ProfileResultAttribute | Result execution - elapsed time: 0.0013975 seconds.;
2012-03-22 16:13:16,663 | [4] | INFO  | DcmWeb.Filters.ProfileResultAttribute | Result execution - elapsed time: 0.0015437 seconds.;
2012-03-22 16:13:16,850 | [12] | INFO  | DcmWeb.Filters.ProfileResultAttribute | Result execution - elapsed time: 0.0004289 seconds.;
2012-03-22 16:13:17,053 | [15] | INFO  | DcmWeb.Filters.ProfileResultAttribute | Result execution - elapsed time: 0.0014103 seconds.;
2012-03-22 16:16:53,694 | [14] | INFO  | DcmWeb.Filters.ProfileResultAttribute | Result execution - elapsed time: 0.1940763 seconds.;
2012-03-22 16:16:56,069 | [14] | INFO  | DcmWeb.Filters.ProfileResultAttribute | Result execution - elapsed time: 0.0039447 seconds.;
2012-03-22 16:16:56,616 | [8] | INFO  | DcmWeb.Filters.ProfileResultAttribute | Result execution - elapsed time: 0.0006849 seconds.;
2012-03-22 16:16:56,647 | [4] | INFO  | DcmWeb.Filters.ProfileResultAttribute | Result execution - elapsed time: 0.0005107 seconds.;
2012-03-22 16:16:56,678 | [10] | INFO  | DcmWeb.Filters.ProfileResultAttribute | Result execution - elapsed time: 0.0002003 seconds.;
2012-03-22 16:16:56,694 | [11] | INFO  | DcmWeb.Filters.ProfileResultAttribute | Result execution - elapsed time: 0.0002479 seconds.;
2012-03-22 16:16:56,710 | [14] | INFO  | DcmWeb.Filters.ProfileResultAttribute | Result execution - elapsed time: 0.0002479 seconds.;
2012-03-22 16:16:56,882 | [10] | INFO  | DcmWeb.Filters.ProfileResultAttribute | Result execution - elapsed time: 0.0005177 seconds.;
2012-03-22 16:16:59,257 | [4] | INFO  | DcmWeb.Filters.ProfileResultAttribute | Result execution - elapsed time: 0.0014006 seconds.;
2012-03-22 16:24:21,366 | [10] | INFO  | DcmWeb.Filters.ProfileResultAttribute | Result execution - elapsed time: 2.275124 seconds.;
2012-03-22 16:24:30,116 | [12] | INFO  | DcmWeb.Filters.ProfileResultAttribute | Result execution - elapsed time: 0.0013418 seconds.;
2012-03-22 16:24:30,132 | [8] | INFO  | DcmWeb.Filters.ProfileResultAttribute | Result execution - elapsed time: 0.0002953 seconds.;
2012-03-22 16:24:30,163 | [9] | INFO  | DcmWeb.Filters.ProfileResultAttribute | Result execution - elapsed time: 0.0004796 seconds.;
2012-03-22 16:24:30,538 | [11] | INFO  | DcmWeb.Filters.ProfileResultAttribute | Result execution - elapsed time: 0.0068715 seconds.;
2012-03-22 16:24:30,741 | [12] | INFO  | DcmWeb.Filters.ProfileResultAttribute | Result execution - elapsed time: 0.0007195 seconds.;
2012-03-22 16:24:30,803 | [13] | INFO  | DcmWeb.Filters.ProfileResultAttribute | Result execution - elapsed time: 0.0001706 seconds.;
2012-03-22 16:24:30,803 | [10] | INFO  | DcmWeb.Filters.ProfileResultAttribute | Result execution - elapsed time: 0.0001706 seconds.;
2012-03-22 16:24:32,882 | [4] | INFO  | DcmWeb.Filters.ProfileResultAttribute | Result execution - elapsed time: 0.0028732 seconds.;
2012-03-22 16:29:16,225 | [9] | INFO  | DcmWeb.Filters.ProfileResultAttribute | Result execution - elapsed time: 0.0013886 seconds.;
2012-03-22 16:30:04,678 | [9] | INFO  | DcmWeb.Filters.ProfileResultAttribute | Result execution - elapsed time: 0.0056251 seconds.;
2012-03-22 16:30:06,085 | [11] | INFO  | DcmWeb.Filters.ProfileResultAttribute | Result execution - elapsed time: 0.0024196 seconds.;
2012-03-22 16:30:06,694 | [11] | INFO  | DcmWeb.Filters.ProfileResultAttribute | Result execution - elapsed time: 0.002446 seconds.;
2012-03-22 16:30:06,803 | [11] | INFO  | DcmWeb.Filters.ProfileResultAttribute | Result execution - elapsed time: 0.0005294 seconds.;
2012-03-22 16:30:06,835 | [11] | INFO  | DcmWeb.Filters.ProfileResultAttribute | Result execution - elapsed time: 0.0007441 seconds.;
2012-03-22 16:30:06,866 | [11] | INFO  | DcmWeb.Filters.ProfileResultAttribute | Result execution - elapsed time: 0.0006202 seconds.;
2012-03-22 16:30:06,882 | [11] | INFO  | DcmWeb.Filters.ProfileResultAttribute | Result execution - elapsed time: 0.0002764 seconds.;
2012-03-22 16:30:07,007 | [11] | INFO  | DcmWeb.Filters.ProfileResultAttribute | Result execution - elapsed time: 0.0002982 seconds.;
2012-03-22 16:30:15,303 | [10] | INFO  | DcmWeb.Filters.ProfileResultAttribute | Result execution - elapsed time: 0.0007491 seconds.;
2012-03-22 16:30:16,585 | [10] | INFO  | DcmWeb.Filters.ProfileResultAttribute | Result execution - elapsed time: 0.000558 seconds.;
2012-03-22 16:30:17,335 | [9] | INFO  | DcmWeb.Filters.ProfileResultAttribute | Result execution - elapsed time: 0.0004891 seconds.;
2012-03-22 16:30:17,350 | [11] | INFO  | DcmWeb.Filters.ProfileResultAttribute | Result execution - elapsed time: 0.0021821 seconds.;
2012-03-22 16:30:31,428 | [9] | INFO  | DcmWeb.Filters.ProfileResultAttribute | Result execution - elapsed time: 0.0005105 seconds.;
2012-03-22 16:30:31,444 | [11] | INFO  | DcmWeb.Filters.ProfileResultAttribute | Result execution - elapsed time: 0.0004071 seconds.;
2012-03-22 16:30:31,460 | [9] | INFO  | DcmWeb.Filters.ProfileResultAttribute | Result execution - elapsed time: 0.0005622 seconds.;
2012-03-22 16:30:31,507 | [10] | INFO  | DcmWeb.Filters.ProfileResultAttribute | Result execution - elapsed time: 0.0008863 seconds.;
2012-03-22 16:31:10,725 | [9] | INFO  | DcmWeb.Filters.ProfileResultAttribute | Result execution - elapsed time: 0.0004657 seconds.;
2012-03-22 16:31:19,678 | [10] | INFO  | DcmWeb.Filters.ProfileResultAttribute | Result execution - elapsed time: 0.0029213 seconds.;
2012-03-22 16:39:07,363 | [4] | INFO  | DcmWeb.Filters.ProfileResultAttribute | Result execution - elapsed time: 0.7881651 seconds.;
2012-03-22 16:39:15,332 | [16] | INFO  | DcmWeb.Filters.ProfileResultAttribute | Result execution - elapsed time: 0.001547 seconds.;
2012-03-22 16:39:15,332 | [14] | INFO  | DcmWeb.Filters.ProfileResultAttribute | Result execution - elapsed time: 0.001547 seconds.;
2012-03-22 16:39:15,441 | [4] | INFO  | DcmWeb.Filters.ProfileResultAttribute | Result execution - elapsed time: 0.0010149 seconds.;
2012-03-22 16:39:16,207 | [14] | INFO  | DcmWeb.Filters.ProfileResultAttribute | Result execution - elapsed time: 0.0010103 seconds.;
2012-03-22 16:39:16,238 | [12] | INFO  | DcmWeb.Filters.ProfileResultAttribute | Result execution - elapsed time: 0.0002759 seconds.;
2012-03-22 16:39:16,254 | [15] | INFO  | DcmWeb.Filters.ProfileResultAttribute | Result execution - elapsed time: 0.0046082 seconds.;
2012-03-22 16:39:16,254 | [13] | INFO  | DcmWeb.Filters.ProfileResultAttribute | Result execution - elapsed time: 0.0046082 seconds.;
2012-03-22 16:39:36,817 | [4] | INFO  | DcmWeb.Filters.ProfileResultAttribute | Result execution - elapsed time: 0.0042803 seconds.;
2012-03-22 16:40:08,052 | [14] | DEBUG | DcmWeb.Controllers.DcmController | {method:SchemeSearchAll, name:, code:, status:, principleCode:, effectiveDateSt:, effectiveTimeSt:, elapsedMilliseconds:192};
2012-03-22 16:40:08,052 | [14] | INFO  | DcmWeb.Filters.ProfileResultAttribute | Result execution - elapsed time: 0.001814 seconds.;
2012-03-22 16:40:17,489 | [13] | INFO  | DcmWeb.Filters.ProfileResultAttribute | Result execution - elapsed time: 0.0027369 seconds.;
2012-03-22 16:41:10,381 | [13] | INFO  | DcmWeb.Filters.ProfileResultAttribute | Result execution - elapsed time: 0.0050495 seconds.;
2012-03-22 16:41:11,912 | [14] | INFO  | DcmWeb.Filters.ProfileResultAttribute | Result execution - elapsed time: 0.0023052 seconds.;
2012-03-22 16:41:12,631 | [14] | INFO  | DcmWeb.Filters.ProfileResultAttribute | Result execution - elapsed time: 0.0013515 seconds.;
2012-03-22 16:41:12,787 | [14] | INFO  | DcmWeb.Filters.ProfileResultAttribute | Result execution - elapsed time: 0.0005187 seconds.;
2012-03-22 16:41:12,850 | [14] | INFO  | DcmWeb.Filters.ProfileResultAttribute | Result execution - elapsed time: 0.0005074 seconds.;
2012-03-22 16:41:12,897 | [14] | INFO  | DcmWeb.Filters.ProfileResultAttribute | Result execution - elapsed time: 0.0002165 seconds.;
2012-03-22 16:41:12,944 | [14] | INFO  | DcmWeb.Filters.ProfileResultAttribute | Result execution - elapsed time: 0.0002518 seconds.;
2012-03-22 16:41:13,084 | [14] | INFO  | DcmWeb.Filters.ProfileResultAttribute | Result execution - elapsed time: 0.0005404 seconds.;
2012-03-22 16:41:17,991 | [14] | INFO  | DcmWeb.Filters.ProfileResultAttribute | Result execution - elapsed time: 0.0021275 seconds.;
2012-03-22 16:43:10,118 | [4] | INFO  | DcmWeb.Filters.ProfileResultAttribute | Result execution - elapsed time: 0.0051872 seconds.;
2012-03-22 16:43:12,665 | [4] | INFO  | DcmWeb.Filters.ProfileResultAttribute | Result execution - elapsed time: 0.0023139 seconds.;
2012-03-22 16:43:13,368 | [4] | INFO  | DcmWeb.Filters.ProfileResultAttribute | Result execution - elapsed time: 0.0014242 seconds.;
2012-03-22 16:43:13,540 | [4] | INFO  | DcmWeb.Filters.ProfileResultAttribute | Result execution - elapsed time: 0.0005243 seconds.;
2012-03-22 16:43:13,586 | [4] | INFO  | DcmWeb.Filters.ProfileResultAttribute | Result execution - elapsed time: 0.0002624 seconds.;
2012-03-22 16:43:13,633 | [4] | INFO  | DcmWeb.Filters.ProfileResultAttribute | Result execution - elapsed time: 0.0002204 seconds.;
2012-03-22 16:43:13,696 | [4] | INFO  | DcmWeb.Filters.ProfileResultAttribute | Result execution - elapsed time: 0.0002708 seconds.;
2012-03-22 16:43:13,836 | [4] | INFO  | DcmWeb.Filters.ProfileResultAttribute | Result execution - elapsed time: 0.0005466 seconds.;
2012-03-22 16:43:18,758 | [14] | INFO  | DcmWeb.Filters.ProfileResultAttribute | Result execution - elapsed time: 0.0021179 seconds.;
2012-03-22 16:43:38,008 | [4] | INFO  | DcmWeb.Filters.ProfileResultAttribute | Result execution - elapsed time: 0.0080883 seconds.;
2012-03-22 16:43:40,321 | [15] | INFO  | DcmWeb.Filters.ProfileResultAttribute | Result execution - elapsed time: 0.0077642 seconds.;
2012-03-22 16:43:41,243 | [15] | INFO  | DcmWeb.Filters.ProfileResultAttribute | Result execution - elapsed time: 0.0005406 seconds.;
2012-03-22 16:43:41,258 | [13] | INFO  | DcmWeb.Filters.ProfileResultAttribute | Result execution - elapsed time: 0.0119751 seconds.;
2012-03-22 16:43:41,462 | [13] | INFO  | DcmWeb.Filters.ProfileResultAttribute | Result execution - elapsed time: 0.0004829 seconds.;
2012-03-22 16:43:41,462 | [15] | INFO  | DcmWeb.Filters.ProfileResultAttribute | Result execution - elapsed time: 0.0002324 seconds.;
2012-03-22 16:43:41,602 | [15] | INFO  | DcmWeb.Filters.ProfileResultAttribute | Result execution - elapsed time: 0.0002812 seconds.;
2012-03-22 16:43:41,712 | [13] | INFO  | DcmWeb.Filters.ProfileResultAttribute | Result execution - elapsed time: 0.0002705 seconds.;
2012-03-22 16:43:43,149 | [13] | INFO  | DcmWeb.Filters.ProfileResultAttribute | Result execution - elapsed time: 0.0022957 seconds.;
2012-03-22 16:43:57,509 | [13] | INFO  | DcmWeb.Filters.ProfileResultAttribute | Result execution - elapsed time: 0.004292 seconds.;
2012-03-22 16:43:59,743 | [14] | INFO  | DcmWeb.Filters.ProfileResultAttribute | Result execution - elapsed time: 0.002249 seconds.;
2012-03-22 16:44:00,399 | [14] | INFO  | DcmWeb.Filters.ProfileResultAttribute | Result execution - elapsed time: 0.000605 seconds.;
2012-03-22 16:44:00,462 | [12] | INFO  | DcmWeb.Filters.ProfileResultAttribute | Result execution - elapsed time: 0.0003214 seconds.;
2012-03-22 16:44:00,571 | [4] | INFO  | DcmWeb.Filters.ProfileResultAttribute | Result execution - elapsed time: 0.0069431 seconds.;
2012-03-22 16:44:00,712 | [15] | INFO  | DcmWeb.Filters.ProfileResultAttribute | Result execution - elapsed time: 0.0003177 seconds.;
2012-03-22 16:44:00,759 | [13] | INFO  | DcmWeb.Filters.ProfileResultAttribute | Result execution - elapsed time: 0.0027793 seconds.;
2012-03-22 16:44:00,790 | [12] | INFO  | DcmWeb.Filters.ProfileResultAttribute | Result execution - elapsed time: 0.0002612 seconds.;
2012-03-22 16:44:13,977 | [13] | INFO  | DcmWeb.Filters.ProfileResultAttribute | Result execution - elapsed time: 0.002141 seconds.;
2012-03-22 16:45:30,900 | [4] | INFO  | DcmWeb.Filters.ProfileResultAttribute | Result execution - elapsed time: 0.0078973 seconds.;
2012-03-22 16:45:33,275 | [14] | INFO  | DcmWeb.Filters.ProfileResultAttribute | Result execution - elapsed time: 0.0025296 seconds.;
2012-03-22 16:45:34,056 | [9] | INFO  | DcmWeb.Filters.ProfileResultAttribute | Result execution - elapsed time: 0.0005456 seconds.;
2012-03-22 16:45:34,119 | [14] | INFO  | DcmWeb.Filters.ProfileResultAttribute | Result execution - elapsed time: 0.0003047 seconds.;
2012-03-22 16:45:34,290 | [11] | INFO  | DcmWeb.Filters.ProfileResultAttribute | Result execution - elapsed time: 0.0397466 seconds.;
2012-03-22 16:45:34,431 | [8] | INFO  | DcmWeb.Filters.ProfileResultAttribute | Result execution - elapsed time: 0.0002903 seconds.;
2012-03-22 16:45:34,447 | [4] | INFO  | DcmWeb.Filters.ProfileResultAttribute | Result execution - elapsed time: 0.0022659 seconds.;
2012-03-22 16:45:34,462 | [9] | INFO  | DcmWeb.Filters.ProfileResultAttribute | Result execution - elapsed time: 0.000384 seconds.;
2012-03-22 16:45:37,994 | [4] | INFO  | DcmWeb.Filters.ProfileResultAttribute | Result execution - elapsed time: 0.0021016 seconds.;
2012-03-22 16:45:54,900 | [11] | INFO  | DcmWeb.Filters.ProfileResultAttribute | Result execution - elapsed time: 0.0043655 seconds.;
2012-03-22 16:45:56,994 | [11] | INFO  | DcmWeb.Filters.ProfileResultAttribute | Result execution - elapsed time: 0.0024171 seconds.;
2012-03-22 16:45:57,650 | [8] | INFO  | DcmWeb.Filters.ProfileResultAttribute | Result execution - elapsed time: 0.0014337 seconds.;
2012-03-22 16:45:57,822 | [8] | INFO  | DcmWeb.Filters.ProfileResultAttribute | Result execution - elapsed time: 0.0005248 seconds.;
2012-03-22 16:45:57,884 | [8] | INFO  | DcmWeb.Filters.ProfileResultAttribute | Result execution - elapsed time: 0.0005131 seconds.;
2012-03-22 16:45:57,931 | [8] | INFO  | DcmWeb.Filters.ProfileResultAttribute | Result execution - elapsed time: 0.0004841 seconds.;
2012-03-22 16:45:57,978 | [8] | INFO  | DcmWeb.Filters.ProfileResultAttribute | Result execution - elapsed time: 0.0002891 seconds.;
2012-03-22 16:45:58,119 | [8] | INFO  | DcmWeb.Filters.ProfileResultAttribute | Result execution - elapsed time: 0.0002712 seconds.;
2012-03-22 16:46:02,478 | [4] | INFO  | DcmWeb.Filters.ProfileResultAttribute | Result execution - elapsed time: 0.0021317 seconds.;
2012-03-22 16:46:17,213 | [4] | INFO  | DcmWeb.Filters.ProfileResultAttribute | Result execution - elapsed time: 0.0040217 seconds.;
2012-03-22 16:46:19,494 | [8] | INFO  | DcmWeb.Filters.ProfileResultAttribute | Result execution - elapsed time: 0.0023106 seconds.;
2012-03-22 16:46:20,416 | [9] | INFO  | DcmWeb.Filters.ProfileResultAttribute | Result execution - elapsed time: 0.0005336 seconds.;
2012-03-22 16:46:20,431 | [8] | INFO  | DcmWeb.Filters.ProfileResultAttribute | Result execution - elapsed time: 0.0032136 seconds.;
2012-03-22 16:46:20,509 | [9] | INFO  | DcmWeb.Filters.ProfileResultAttribute | Result execution - elapsed time: 0.0005456 seconds.;
2012-03-22 16:46:20,556 | [8] | INFO  | DcmWeb.Filters.ProfileResultAttribute | Result execution - elapsed time: 0.0002384 seconds.;
2012-03-22 16:46:20,603 | [9] | INFO  | DcmWeb.Filters.ProfileResultAttribute | Result execution - elapsed time: 0.0002683 seconds.;
2012-03-22 16:46:20,791 | [8] | INFO  | DcmWeb.Filters.ProfileResultAttribute | Result execution - elapsed time: 0.0005325 seconds.;
2012-03-22 16:46:22,478 | [9] | INFO  | DcmWeb.Filters.ProfileResultAttribute | Result execution - elapsed time: 0.0021503 seconds.;
2012-03-22 16:46:32,244 | [8] | INFO  | DcmWeb.Filters.ProfileResultAttribute | Result execution - elapsed time: 0.0009833 seconds.;
2012-03-22 16:50:51,793 | [14] | INFO  | DcmWeb.Filters.ProfileResultAttribute | Result execution - elapsed time: 0.0071093 seconds.;
2012-03-22 16:50:54,402 | [4] | INFO  | DcmWeb.Filters.ProfileResultAttribute | Result execution - elapsed time: 0.0024334 seconds.;
2012-03-22 16:50:54,918 | [13] | INFO  | DcmWeb.Filters.ProfileResultAttribute | Result execution - elapsed time: 0.0006686 seconds.;
2012-03-22 16:50:54,934 | [4] | INFO  | DcmWeb.Filters.ProfileResultAttribute | Result execution - elapsed time: 0.0002437 seconds.;
2012-03-22 16:50:54,949 | [12] | INFO  | DcmWeb.Filters.ProfileResultAttribute | Result execution - elapsed time: 0.0005453 seconds.;
2012-03-22 16:50:55,121 | [8] | INFO  | DcmWeb.Filters.ProfileResultAttribute | Result execution - elapsed time: 0.003121 seconds.;
2012-03-22 16:50:55,199 | [13] | INFO  | DcmWeb.Filters.ProfileResultAttribute | Result execution - elapsed time: 0.0006605 seconds.;
2012-03-22 16:50:55,199 | [14] | INFO  | DcmWeb.Filters.ProfileResultAttribute | Result execution - elapsed time: 0.0002727 seconds.;
2012-03-22 16:51:00,356 | [12] | INFO  | DcmWeb.Filters.ProfileResultAttribute | Result execution - elapsed time: 0.0010939 seconds.;
2012-03-22 16:51:54,701 | [8] | INFO  | DcmWeb.Filters.ProfileResultAttribute | Result execution - elapsed time: 0.0006716 seconds.;
2012-03-22 16:51:55,998 | [8] | INFO  | DcmWeb.Filters.ProfileResultAttribute | Result execution - elapsed time: 0.0006383 seconds.;
2012-03-22 16:51:57,170 | [14] | INFO  | DcmWeb.Filters.ProfileResultAttribute | Result execution - elapsed time: 0.000482 seconds.;
2012-03-22 16:51:57,201 | [13] | INFO  | DcmWeb.Filters.ProfileResultAttribute | Result execution - elapsed time: 0.0025462 seconds.;
2012-03-22 16:52:14,904 | [13] | INFO  | DcmWeb.Filters.ProfileResultAttribute | Result execution - elapsed time: 0.0002414 seconds.;
2012-03-22 16:52:16,186 | [13] | INFO  | DcmWeb.Filters.ProfileResultAttribute | Result execution - elapsed time: 8.54E-05 seconds.;
2012-03-22 16:52:17,576 | [8] | INFO  | DcmWeb.Filters.ProfileResultAttribute | Result execution - elapsed time: 0.0010646 seconds.;
2012-03-22 17:14:26,554 | [4] | INFO  | DcmWeb.Filters.ProfileResultAttribute | Result execution - elapsed time: 0.0082573 seconds.;
2012-03-22 17:14:28,960 | [12] | INFO  | DcmWeb.Filters.ProfileResultAttribute | Result execution - elapsed time: 0.0023926 seconds.;
2012-03-22 17:14:29,523 | [4] | INFO  | DcmWeb.Filters.ProfileResultAttribute | Result execution - elapsed time: 0.0005393 seconds.;
2012-03-22 17:14:29,554 | [14] | INFO  | DcmWeb.Filters.ProfileResultAttribute | Result execution - elapsed time: 0.0002866 seconds.;
2012-03-22 17:14:29,601 | [12] | INFO  | DcmWeb.Filters.ProfileResultAttribute | Result execution - elapsed time: 0.0005609 seconds.;
2012-03-22 17:14:29,757 | [11] | INFO  | DcmWeb.Filters.ProfileResultAttribute | Result execution - elapsed time: 0.0026849 seconds.;
2012-03-22 17:14:29,773 | [8] | INFO  | DcmWeb.Filters.ProfileResultAttribute | Result execution - elapsed time: 0.0003005 seconds.;
2012-03-22 17:14:29,804 | [9] | INFO  | DcmWeb.Filters.ProfileResultAttribute | Result execution - elapsed time: 0.0007964 seconds.;
2012-03-22 17:16:57,461 | [14] | INFO  | DcmWeb.Filters.ProfileResultAttribute | Result execution - elapsed time: 0.0054319 seconds.;
2012-03-22 17:16:59,961 | [8] | INFO  | DcmWeb.Filters.ProfileResultAttribute | Result execution - elapsed time: 0.002478 seconds.;
2012-03-22 17:17:00,524 | [8] | INFO  | DcmWeb.Filters.ProfileResultAttribute | Result execution - elapsed time: 0.0014711 seconds.;
2012-03-22 17:17:00,695 | [8] | INFO  | DcmWeb.Filters.ProfileResultAttribute | Result execution - elapsed time: 0.0005566 seconds.;
2012-03-22 17:17:00,711 | [8] | INFO  | DcmWeb.Filters.ProfileResultAttribute | Result execution - elapsed time: 0.0003085 seconds.;
2012-03-22 17:17:00,727 | [8] | INFO  | DcmWeb.Filters.ProfileResultAttribute | Result execution - elapsed time: 0.0002368 seconds.;
2012-03-22 17:17:00,758 | [8] | INFO  | DcmWeb.Filters.ProfileResultAttribute | Result execution - elapsed time: 0.0006807 seconds.;
2012-03-22 17:17:00,852 | [14] | INFO  | DcmWeb.Filters.ProfileResultAttribute | Result execution - elapsed time: 0.0003024 seconds.;
2012-03-22 17:17:34,039 | [8] | INFO  | DcmWeb.Filters.ProfileResultAttribute | Result execution - elapsed time: 0.0041039 seconds.;
2012-03-22 17:17:36,305 | [9] | INFO  | DcmWeb.Filters.ProfileResultAttribute | Result execution - elapsed time: 0.0039361 seconds.;
2012-03-22 17:17:36,867 | [9] | INFO  | DcmWeb.Filters.ProfileResultAttribute | Result execution - elapsed time: 0.00143 seconds.;
2012-03-22 17:17:37,008 | [9] | INFO  | DcmWeb.Filters.ProfileResultAttribute | Result execution - elapsed time: 0.0007151 seconds.;
2012-03-22 17:17:37,024 | [9] | INFO  | DcmWeb.Filters.ProfileResultAttribute | Result execution - elapsed time: 0.0004653 seconds.;
2012-03-22 17:17:37,039 | [9] | INFO  | DcmWeb.Filters.ProfileResultAttribute | Result execution - elapsed time: 0.000534 seconds.;
2012-03-22 17:17:37,055 | [9] | INFO  | DcmWeb.Filters.ProfileResultAttribute | Result execution - elapsed time: 0.0003004 seconds.;
2012-03-22 17:17:37,180 | [9] | INFO  | DcmWeb.Filters.ProfileResultAttribute | Result execution - elapsed time: 0.0005519 seconds.;
2012-03-22 17:17:38,086 | [9] | DEBUG | DcmWeb.Controllers.DcmController | {method:SearchAll, type:ALL, code:, name:, status:, effectiveDateSt:22/03/2012, createDateSt:22/03/2012, elapsedMilliseconds:291};
2012-03-22 17:17:38,086 | [9] | INFO  | DcmWeb.Filters.ProfileResultAttribute | Result execution - elapsed time: 0.0016149 seconds.;
2012-03-22 17:17:41,305 | [4] | DEBUG | DcmWeb.Controllers.DcmController | {method:SearchAll, type:ALL, code:, name:, status:, effectiveDateSt:, createDateSt:22/03/2012, elapsedMilliseconds:103};
2012-03-22 17:17:41,305 | [4] | INFO  | DcmWeb.Filters.ProfileResultAttribute | Result execution - elapsed time: 0.000887 seconds.;
2012-03-22 17:17:42,149 | [9] | DEBUG | DcmWeb.Controllers.DcmController | {method:SearchAll, type:ALL, code:, name:, status:, effectiveDateSt:, createDateSt:22/03/2012, elapsedMilliseconds:63};
2012-03-22 17:17:42,149 | [9] | INFO  | DcmWeb.Filters.ProfileResultAttribute | Result execution - elapsed time: 0.0007929 seconds.;
2012-03-22 17:24:24,383 | [8] | INFO  | DcmWeb.Filters.ProfileResultAttribute | Result execution - elapsed time: 0.0072764 seconds.;
2012-03-22 17:24:26,680 | [14] | INFO  | DcmWeb.Filters.ProfileResultAttribute | Result execution - elapsed time: 0.0023076 seconds.;
2012-03-22 17:24:27,414 | [14] | INFO  | DcmWeb.Filters.ProfileResultAttribute | Result execution - elapsed time: 0.0022795 seconds.;
2012-03-22 17:24:27,539 | [14] | INFO  | DcmWeb.Filters.ProfileResultAttribute | Result execution - elapsed time: 0.0005511 seconds.;
2012-03-22 17:24:27,555 | [14] | INFO  | DcmWeb.Filters.ProfileResultAttribute | Result execution - elapsed time: 0.000267 seconds.;
2012-03-22 17:24:27,555 | [14] | INFO  | DcmWeb.Filters.ProfileResultAttribute | Result execution - elapsed time: 0.0002344 seconds.;
2012-03-22 17:24:27,570 | [14] | INFO  | DcmWeb.Filters.ProfileResultAttribute | Result execution - elapsed time: 0.0005167 seconds.;
2012-03-22 17:24:27,695 | [14] | INFO  | DcmWeb.Filters.ProfileResultAttribute | Result execution - elapsed time: 0.0003351 seconds.;
2012-03-22 17:24:30,320 | [14] | DEBUG | DcmWeb.Controllers.DcmController | {method:SchemeSearchAll, name:, code:, status:, principleCode:, effectiveDateSt:22/03/2012, effectiveTimeSt:, elapsedMilliseconds:14};
2012-03-22 17:24:30,320 | [14] | INFO  | DcmWeb.Filters.ProfileResultAttribute | Result execution - elapsed time: 0.0002691 seconds.;
2012-03-22 17:24:33,258 | [4] | DEBUG | DcmWeb.Controllers.DcmController | {method:SchemeSearchAll, name:, code:, status:, principleCode:, effectiveDateSt:, effectiveTimeSt:, elapsedMilliseconds:16};
2012-03-22 17:24:33,258 | [4] | INFO  | DcmWeb.Filters.ProfileResultAttribute | Result execution - elapsed time: 0.0010585 seconds.;
2012-03-22 17:24:41,711 | [14] | DEBUG | DcmWeb.Controllers.DcmController | {method:SchemeSearchAll, name:, code:, status:, principleCode:, effectiveDateSt:, effectiveTimeSt:, elapsedMilliseconds:13};
2012-03-22 17:24:41,711 | [14] | INFO  | DcmWeb.Filters.ProfileResultAttribute | Result execution - elapsed time: 0.0006068 seconds.;
2012-03-22 17:24:41,898 | [8] | DEBUG | DcmWeb.Controllers.DcmController | {method:SchemeSearchAll, name:, code:, status:, principleCode:, effectiveDateSt:, effectiveTimeSt:, elapsedMilliseconds:16};
2012-03-22 17:24:41,898 | [8] | INFO  | DcmWeb.Filters.ProfileResultAttribute | Result execution - elapsed time: 0.0010836 seconds.;
2012-03-22 17:24:42,257 | [4] | DEBUG | DcmWeb.Controllers.DcmController | {method:SchemeSearchAll, name:, code:, status:, principleCode:, effectiveDateSt:, effectiveTimeSt:, elapsedMilliseconds:13};
2012-03-22 17:24:42,257 | [4] | INFO  | DcmWeb.Filters.ProfileResultAttribute | Result execution - elapsed time: 0.0006121 seconds.;
2012-03-22 17:24:45,023 | [14] | DEBUG | DcmWeb.Controllers.DcmController | {method:SchemeSearchAll, name:, code:, status:, principleCode:, effectiveDateSt:, effectiveTimeSt:, elapsedMilliseconds:16};
2012-03-22 17:24:45,023 | [14] | INFO  | DcmWeb.Filters.ProfileResultAttribute | Result execution - elapsed time: 0.0010613 seconds.;
2012-03-22 17:26:03,991 | [14] | INFO  | DcmWeb.Filters.ProfileResultAttribute | Result execution - elapsed time: 0.0049954 seconds.;
2012-03-22 17:26:06,663 | [8] | INFO  | DcmWeb.Filters.ProfileResultAttribute | Result execution - elapsed time: 0.0023601 seconds.;
2012-03-22 17:26:07,303 | [8] | INFO  | DcmWeb.Filters.ProfileResultAttribute | Result execution - elapsed time: 0.0005277 seconds.;
2012-03-22 17:26:07,397 | [8] | INFO  | DcmWeb.Filters.ProfileResultAttribute | Result execution - elapsed time: 0.0005241 seconds.;
2012-03-22 17:26:07,491 | [8] | INFO  | DcmWeb.Filters.ProfileResultAttribute | Result execution - elapsed time: 0.0005481 seconds.;
2012-03-22 17:26:07,538 | [4] | INFO  | DcmWeb.Filters.ProfileResultAttribute | Result execution - elapsed time: 0.0029889 seconds.;
2012-03-22 17:26:07,584 | [14] | INFO  | DcmWeb.Filters.ProfileResultAttribute | Result execution - elapsed time: 0.0005137 seconds.;
2012-03-22 17:26:07,631 | [9] | INFO  | DcmWeb.Filters.ProfileResultAttribute | Result execution - elapsed time: 0.0003036 seconds.;
2012-03-22 17:33:59,643 | [8] | INFO  | DcmWeb.Filters.ProfileResultAttribute | Result execution - elapsed time: 0.0049601 seconds.;
2012-03-22 17:34:02,033 | [14] | INFO  | DcmWeb.Filters.ProfileResultAttribute | Result execution - elapsed time: 0.0023373 seconds.;
2012-03-22 17:34:02,705 | [14] | INFO  | DcmWeb.Filters.ProfileResultAttribute | Result execution - elapsed time: 0.0023438 seconds.;
2012-03-22 17:34:02,830 | [14] | INFO  | DcmWeb.Filters.ProfileResultAttribute | Result execution - elapsed time: 0.0007296 seconds.;
2012-03-22 17:34:02,846 | [14] | INFO  | DcmWeb.Filters.ProfileResultAttribute | Result execution - elapsed time: 0.0002975 seconds.;
2012-03-22 17:34:02,862 | [14] | INFO  | DcmWeb.Filters.ProfileResultAttribute | Result execution - elapsed time: 0.0002638 seconds.;
2012-03-22 17:34:02,877 | [14] | INFO  | DcmWeb.Filters.ProfileResultAttribute | Result execution - elapsed time: 0.0006004 seconds.;
2012-03-22 17:34:03,002 | [14] | INFO  | DcmWeb.Filters.ProfileResultAttribute | Result execution - elapsed time: 0.000296 seconds.;
2012-03-22 17:34:06,705 | [8] | INFO  | DcmWeb.Filters.ProfileResultAttribute | Result execution - elapsed time: 0.0021531 seconds.;
2012-03-22 17:39:11,768 | [14] | INFO  | DcmWeb.Filters.ProfileResultAttribute | Result execution - elapsed time: 0.005638 seconds.;
2012-03-22 17:39:15,580 | [14] | INFO  | DcmWeb.Filters.ProfileResultAttribute | Result execution - elapsed time: 0.0025116 seconds.;
2012-03-22 17:39:16,565 | [14] | INFO  | DcmWeb.Filters.ProfileResultAttribute | Result execution - elapsed time: 0.0014633 seconds.;
2012-03-22 17:39:16,658 | [9] | INFO  | DcmWeb.Filters.ProfileResultAttribute | Result execution - elapsed time: 0.0007715 seconds.;
2012-03-22 17:39:16,674 | [14] | INFO  | DcmWeb.Filters.ProfileResultAttribute | Result execution - elapsed time: 0.0002276 seconds.;
2012-03-22 17:39:16,690 | [9] | INFO  | DcmWeb.Filters.ProfileResultAttribute | Result execution - elapsed time: 0.0006813 seconds.;
2012-03-22 17:39:16,752 | [4] | INFO  | DcmWeb.Filters.ProfileResultAttribute | Result execution - elapsed time: 0.0002873 seconds.;
2012-03-22 17:39:16,846 | [9] | INFO  | DcmWeb.Filters.ProfileResultAttribute | Result execution - elapsed time: 0.0005924 seconds.;
2012-03-22 17:55:58,971 | [8] | INFO  | DcmWeb.Filters.ProfileResultAttribute | Result execution - elapsed time: 0.0010234 seconds.;
2012-03-22 17:56:13,393 | [8] | INFO  | DcmWeb.Filters.ProfileResultAttribute | Result execution - elapsed time: 0.0004821 seconds.;
2012-03-22 17:56:13,408 | [4] | INFO  | DcmWeb.Filters.ProfileResultAttribute | Result execution - elapsed time: 0.0005374 seconds.;
2012-03-22 17:56:13,424 | [14] | INFO  | DcmWeb.Filters.ProfileResultAttribute | Result execution - elapsed time: 0.0008213 seconds.;
2012-03-22 17:56:13,424 | [12] | INFO  | DcmWeb.Filters.ProfileResultAttribute | Result execution - elapsed time: 0.000475 seconds.;
2012-03-22 17:56:19,533 | [4] | INFO  | DcmWeb.Filters.ProfileResultAttribute | Result execution - elapsed time: 0.002971 seconds.;
2012-03-22 17:56:25,221 | [14] | INFO  | DcmWeb.Filters.ProfileResultAttribute | Result execution - elapsed time: 0.0005377 seconds.;
2012-03-22 17:56:25,502 | [14] | INFO  | DcmWeb.Filters.ProfileResultAttribute | Result execution - elapsed time: 0.0005418 seconds.;
2012-03-22 17:56:25,518 | [4] | INFO  | DcmWeb.Filters.ProfileResultAttribute | Result execution - elapsed time: 0.0005364 seconds.;
2012-03-22 17:56:25,518 | [12] | INFO  | DcmWeb.Filters.ProfileResultAttribute | Result execution - elapsed time: 0.0004201 seconds.;
