2012-03-28 09:51:30,054 | [12] | INFO  | DcmWeb.Filters.ProfileResultAttribute | Result execution - elapsed time: 1.2430577 seconds.;
2012-03-28 09:51:41,773 | [10] | INFO  | DcmWeb.Filters.ProfileResultAttribute | Result execution - elapsed time: 0.0139434 seconds.;
2012-03-28 09:51:42,101 | [4] | INFO  | DcmWeb.Filters.ProfileResultAttribute | Result execution - elapsed time: 0.0002366 seconds.;
2012-03-28 09:51:42,398 | [12] | INFO  | DcmWeb.Filters.ProfileResultAttribute | Result execution - elapsed time: 0.0003752 seconds.;
2012-03-28 09:51:43,179 | [4] | DEBUG | DcmWeb.Controllers.DcmController | {method:SearchAll, type:ALL, code:, name:, status:ALL, effectiveDateSt:28/03/2012, createDateSt:28/03/2012, elapsedMilliseconds:852};
2012-03-28 09:51:43,179 | [4] | INFO  | DcmWeb.Filters.ProfileResultAttribute | Result execution - elapsed time: 0.0008848 seconds.;
2012-03-28 09:51:46,335 | [8] | INFO  | DcmWeb.Filters.ProfileResultAttribute | Result execution - elapsed time: 0.0005687 seconds.;
2012-03-28 09:51:46,335 | [9] | INFO  | DcmWeb.Filters.ProfileResultAttribute | Result execution - elapsed time: 0.0005687 seconds.;
2012-03-28 09:51:46,351 | [13] | INFO  | DcmWeb.Filters.ProfileResultAttribute | Result execution - elapsed time: 0.0016733 seconds.;
2012-03-28 09:51:46,523 | [14] | INFO  | DcmWeb.Filters.ProfileResultAttribute | Result execution - elapsed time: 0.0002359 seconds.;
2012-03-28 09:51:47,820 | [10] | DEBUG | DcmWeb.Controllers.DcmController | {method:SearchAll, type:ALL, code:, name:, status:ALL, effectiveDateSt:, createDateSt:, elapsedMilliseconds:325};
2012-03-28 09:51:47,820 | [10] | INFO  | DcmWeb.Filters.ProfileResultAttribute | Result execution - elapsed time: 0.002496 seconds.;
2012-03-28 12:01:17,188 | [4] | INFO  | DcmWeb.Filters.ProfileResultAttribute | Result execution - elapsed time: 2.8781342 seconds.;
2012-03-28 12:01:25,988 | [17] | INFO  | DcmWeb.Filters.ProfileResultAttribute | Result execution - elapsed time: 0.0015607 seconds.;
2012-03-28 12:01:26,096 | [20] | INFO  | DcmWeb.Filters.ProfileResultAttribute | Result execution - elapsed time: 0.0004985 seconds.;
2012-03-28 12:01:26,220 | [4] | INFO  | DcmWeb.Filters.ProfileResultAttribute | Result execution - elapsed time: 0.0002463 seconds.;
2012-03-28 12:01:26,978 | [19] | INFO  | DcmWeb.Filters.ProfileResultAttribute | Result execution - elapsed time: 0.0004895 seconds.;
2012-03-28 12:01:27,024 | [15] | INFO  | DcmWeb.Filters.ProfileResultAttribute | Result execution - elapsed time: 0.0056837 seconds.;
2012-03-28 12:01:27,024 | [16] | INFO  | DcmWeb.Filters.ProfileResultAttribute | Result execution - elapsed time: 0.0015036 seconds.;
2012-03-28 12:01:27,086 | [18] | INFO  | DcmWeb.Filters.ProfileResultAttribute | Result execution - elapsed time: 0.00052 seconds.;
2012-03-28 13:26:33,928 | [4] | INFO  | DcmWeb.Filters.ProfileResultAttribute | Result execution - elapsed time: 0.8075782 seconds.;
2012-03-28 13:26:43,163 | [12] | INFO  | DcmWeb.Filters.ProfileResultAttribute | Result execution - elapsed time: 0.0016053 seconds.;
2012-03-28 13:26:43,163 | [4] | INFO  | DcmWeb.Filters.ProfileResultAttribute | Result execution - elapsed time: 0.0032121 seconds.;
2012-03-28 13:26:43,163 | [18] | INFO  | DcmWeb.Filters.ProfileResultAttribute | Result execution - elapsed time: 0.0003029 seconds.;
2012-03-28 13:26:43,908 | [16] | INFO  | DcmWeb.Filters.ProfileResultAttribute | Result execution - elapsed time: 0.0056995 seconds.;
2012-03-28 13:26:43,970 | [14] | INFO  | DcmWeb.Filters.ProfileResultAttribute | Result execution - elapsed time: 0.0016736 seconds.;
2012-03-28 13:26:43,970 | [19] | INFO  | DcmWeb.Filters.ProfileResultAttribute | Result execution - elapsed time: 0.0005305 seconds.;
2012-03-28 13:26:44,017 | [4] | INFO  | DcmWeb.Filters.ProfileResultAttribute | Result execution - elapsed time: 0.0002768 seconds.;
2012-03-28 13:27:19,077 | [17] | DEBUG | DcmWeb.Controllers.DcmController | {method:SearchAll, type:ALL, code:, name:, status:ALL, effectiveDateSt:, createDateSt:, elapsedMilliseconds:714};
2012-03-28 13:27:19,077 | [17] | INFO  | DcmWeb.Filters.ProfileResultAttribute | Result execution - elapsed time: 0.0041728 seconds.;
2012-03-28 13:27:22,352 | [4] | INFO  | DcmWeb.Filters.ProfileResultAttribute | Result execution - elapsed time: 0.0009661 seconds.;
2012-03-28 13:27:30,267 | [4] | INFO  | DcmWeb.Controllers.DcmController | {method:SaveConfigurationPrinciple, Id:0, Code:CONF-10, success:True, message:Save Configuration Principle Completed.};
2012-03-28 13:27:30,267 | [4] | INFO  | DcmWeb.Filters.ProfileResultAttribute | Result execution - elapsed time: 0.0005315 seconds.;
2012-03-28 13:27:30,515 | [14] | DEBUG | DcmWeb.Controllers.DcmController | {method:SearchAll, type:ALL, code:, name:, status:ALL, effectiveDateSt:, createDateSt:, elapsedMilliseconds:123};
2012-03-28 13:27:30,515 | [14] | INFO  | DcmWeb.Filters.ProfileResultAttribute | Result execution - elapsed time: 0.0033108 seconds.;
2012-03-28 13:27:35,979 | [14] | DEBUG | DcmWeb.Controllers.DcmController | {method:SearchAll, type:ALL, code:, name:, status:ALL, effectiveDateSt:28/03/2012, createDateSt:, elapsedMilliseconds:82};
2012-03-28 13:27:35,979 | [14] | INFO  | DcmWeb.Filters.ProfileResultAttribute | Result execution - elapsed time: 0.0003707 seconds.;
2012-03-28 13:27:44,903 | [4] | INFO  | DcmWeb.Filters.ProfileResultAttribute | Result execution - elapsed time: 0.000221 seconds.;
2012-03-28 13:31:01,554 | [16] | INFO  | DcmWeb.Filters.ProfileResultAttribute | Result execution - elapsed time: 0.0002514 seconds.;
2012-03-28 13:31:08,838 | [14] | INFO  | DcmWeb.Filters.ProfileResultAttribute | Result execution - elapsed time: 0.0002544 seconds.;
2012-03-28 13:31:12,526 | [12] | DEBUG | DcmWeb.Controllers.DcmController | {method:SearchAll, type:ALL, code:, name:, status:ALL, effectiveDateSt:28/03/2012, createDateSt:, elapsedMilliseconds:89};
2012-03-28 13:31:12,526 | [12] | INFO  | DcmWeb.Filters.ProfileResultAttribute | Result execution - elapsed time: 0.0003712 seconds.;
2012-03-28 13:31:13,942 | [19] | INFO  | DcmWeb.Filters.ProfileResultAttribute | Result execution - elapsed time: 0.0002057 seconds.;
2012-03-28 13:31:28,477 | [14] | INFO  | DcmWeb.Filters.ProfileResultAttribute | Result execution - elapsed time: 0.0051177 seconds.;
2012-03-28 13:31:30,827 | [12] | INFO  | DcmWeb.Filters.ProfileResultAttribute | Result execution - elapsed time: 0.0022844 seconds.;
2012-03-28 13:31:31,574 | [19] | INFO  | DcmWeb.Filters.ProfileResultAttribute | Result execution - elapsed time: 0.0004876 seconds.;
2012-03-28 13:31:31,683 | [12] | INFO  | DcmWeb.Filters.ProfileResultAttribute | Result execution - elapsed time: 0.0004007 seconds.;
2012-03-28 13:31:31,714 | [4] | INFO  | DcmWeb.Filters.ProfileResultAttribute | Result execution - elapsed time: 0.0002528 seconds.;
2012-03-28 13:31:31,948 | [16] | INFO  | DcmWeb.Filters.ProfileResultAttribute | Result execution - elapsed time: 0.0040364 seconds.;
2012-03-28 13:31:31,979 | [14] | INFO  | DcmWeb.Filters.ProfileResultAttribute | Result execution - elapsed time: 0.0006613 seconds.;
2012-03-28 13:31:32,010 | [19] | INFO  | DcmWeb.Filters.ProfileResultAttribute | Result execution - elapsed time: 0.0002708 seconds.;
2012-03-28 13:31:48,257 | [16] | INFO  | DcmWeb.Filters.ProfileResultAttribute | Result execution - elapsed time: 0.0002177 seconds.;
2012-03-28 13:31:56,458 | [16] | INFO  | DcmWeb.Filters.ProfileResultAttribute | Result execution - elapsed time: 0.0002039 seconds.;
2012-03-28 13:32:01,065 | [4] | INFO  | DcmWeb.Controllers.DcmController | {method:SaveProfilePrinciple, Id:0, Code:PROF-5, success:True, message:Save Profile Principle Completed.};
2012-03-28 13:32:01,065 | [4] | INFO  | DcmWeb.Filters.ProfileResultAttribute | Result execution - elapsed time: 0.0002133 seconds.;
2012-03-28 13:32:04,100 | [16] | INFO  | DcmWeb.Filters.ProfileResultAttribute | Result execution - elapsed time: 0.0002222 seconds.;
2012-03-28 13:32:06,138 | [19] | INFO  | DcmWeb.Controllers.DcmController | {method:SaveCommunicationPrinciple, Id:0, Code:COMM-6, success:True, message:Save Communication Principle Completed.};
2012-03-28 13:32:06,138 | [19] | INFO  | DcmWeb.Filters.ProfileResultAttribute | Result execution - elapsed time: 0.0002049 seconds.;
2012-03-28 13:32:08,410 | [14] | DEBUG | DcmWeb.Controllers.DcmController | {method:SearchAll, type:ALL, code:, name:, status:ALL, effectiveDateSt:28/03/2012, createDateSt:28/03/2012, elapsedMilliseconds:83};
2012-03-28 13:32:08,410 | [14] | INFO  | DcmWeb.Filters.ProfileResultAttribute | Result execution - elapsed time: 0.0007013 seconds.;
2012-03-28 13:32:13,172 | [4] | INFO  | DcmWeb.Filters.ProfileResultAttribute | Result execution - elapsed time: 0.0007906 seconds.;
2012-03-28 13:32:49,262 | [19] | INFO  | DcmWeb.Controllers.DcmController | {method:SaveCommunicationPrinciple, Id:71, Code:COMM-6, success:True, message:Save Communication Principle Completed.};
2012-03-28 13:32:49,262 | [19] | INFO  | DcmWeb.Filters.ProfileResultAttribute | Result execution - elapsed time: 0.0002194 seconds.;
2012-03-28 13:32:49,464 | [4] | DEBUG | DcmWeb.Controllers.DcmController | {method:SearchAll, type:ALL, code:, name:, status:ALL, effectiveDateSt:28/03/2012, createDateSt:28/03/2012, elapsedMilliseconds:103};
2012-03-28 13:32:49,464 | [4] | INFO  | DcmWeb.Filters.ProfileResultAttribute | Result execution - elapsed time: 0.0007048 seconds.;
2012-03-28 13:32:52,530 | [4] | INFO  | DcmWeb.Filters.ProfileResultAttribute | Result execution - elapsed time: 0.0010602 seconds.;
2012-03-28 13:32:56,311 | [14] | INFO  | DcmWeb.Controllers.DcmController | {method:SaveProfilePrinciple, Id:60, Code:PROF-5, success:True, message:Save Profile Principle Completed.};
2012-03-28 13:32:56,311 | [14] | INFO  | DcmWeb.Filters.ProfileResultAttribute | Result execution - elapsed time: 0.0002136 seconds.;
2012-03-28 13:32:56,545 | [19] | DEBUG | DcmWeb.Controllers.DcmController | {method:SearchAll, type:ALL, code:, name:, status:ALL, effectiveDateSt:28/03/2012, createDateSt:28/03/2012, elapsedMilliseconds:95};
2012-03-28 13:32:56,545 | [19] | INFO  | DcmWeb.Filters.ProfileResultAttribute | Result execution - elapsed time: 0.0007643 seconds.;
2012-03-28 13:32:58,926 | [19] | INFO  | DcmWeb.Filters.ProfileResultAttribute | Result execution - elapsed time: 0.0004045 seconds.;
2012-03-28 13:33:01,745 | [12] | INFO  | DcmWeb.Filters.ProfileResultAttribute | Result execution - elapsed time: 0.0012437 seconds.;
2012-03-28 13:33:06,076 | [4] | INFO  | DcmWeb.Controllers.DcmController | {method:SaveConfigurationPrinciple, Id:59, Code:CONF-10, success:True, message:Save Configuration Principle Completed.};
2012-03-28 13:33:06,076 | [4] | INFO  | DcmWeb.Filters.ProfileResultAttribute | Result execution - elapsed time: 0.0002641 seconds.;
2012-03-28 13:33:06,294 | [14] | DEBUG | DcmWeb.Controllers.DcmController | {method:SearchAll, type:ALL, code:, name:, status:ALL, effectiveDateSt:28/03/2012, createDateSt:28/03/2012, elapsedMilliseconds:88};
2012-03-28 13:33:06,294 | [14] | INFO  | DcmWeb.Filters.ProfileResultAttribute | Result execution - elapsed time: 0.0007432 seconds.;
2012-03-28 13:38:53,443 | [12] | DEBUG | DcmWeb.Controllers.DcmController | {method:SearchAll, type:ALL, code:, name:, status:ALL, effectiveDateSt:28/03/2012, createDateSt:28/03/2012, elapsedMilliseconds:70};
2012-03-28 13:38:53,443 | [12] | INFO  | DcmWeb.Filters.ProfileResultAttribute | Result execution - elapsed time: 0.0006447 seconds.;
2012-03-28 13:38:54,284 | [4] | DEBUG | DcmWeb.Controllers.DcmController | {method:SearchAll, type:ALL, code:, name:, status:ALL, effectiveDateSt:28/03/2012, createDateSt:28/03/2012, elapsedMilliseconds:91};
2012-03-28 13:38:54,284 | [4] | INFO  | DcmWeb.Filters.ProfileResultAttribute | Result execution - elapsed time: 0.0006914 seconds.;
2012-03-28 13:42:03,700 | [12] | INFO  | DcmWeb.Filters.ProfileResultAttribute | Result execution - elapsed time: 0.0050849 seconds.;
2012-03-28 13:42:06,022 | [4] | INFO  | DcmWeb.Filters.ProfileResultAttribute | Result execution - elapsed time: 0.0022662 seconds.;
2012-03-28 13:42:06,708 | [16] | INFO  | DcmWeb.Filters.ProfileResultAttribute | Result execution - elapsed time: 0.0005619 seconds.;
2012-03-28 13:42:06,785 | [14] | INFO  | DcmWeb.Filters.ProfileResultAttribute | Result execution - elapsed time: 0.0008945 seconds.;
2012-03-28 13:42:06,817 | [12] | INFO  | DcmWeb.Filters.ProfileResultAttribute | Result execution - elapsed time: 0.0003245 seconds.;
2012-03-28 13:42:06,910 | [4] | INFO  | DcmWeb.Filters.ProfileResultAttribute | Result execution - elapsed time: 0.002887 seconds.;
2012-03-28 13:42:06,988 | [19] | INFO  | DcmWeb.Filters.ProfileResultAttribute | Result execution - elapsed time: 0.000325 seconds.;
2012-03-28 13:42:07,004 | [16] | INFO  | DcmWeb.Filters.ProfileResultAttribute | Result execution - elapsed time: 0.0002667 seconds.;
2012-03-28 13:42:08,126 | [12] | DEBUG | DcmWeb.Controllers.DcmController | {method:SearchAll, type:ALL, code:, name:, status:ALL, effectiveDateSt:28/03/2012, createDateSt:28/03/2012, elapsedMilliseconds:69};
2012-03-28 13:42:08,126 | [12] | INFO  | DcmWeb.Filters.ProfileResultAttribute | Result execution - elapsed time: 0.0006932 seconds.;
2012-03-28 13:42:11,850 | [4] | DEBUG | CarPass.Dcm.Services.DcmService | {method:UpdatePrincipleStatusDelete, count:1};
2012-03-28 13:42:11,928 | [4] | INFO  | CarPass.Dcm.Services.DcmService | {method:UpdatePrincipleStatusDelete, success:True};
2012-03-28 13:42:11,928 | [4] | ERROR | DcmWeb.Controllers.DcmController | {method:UpdateStatusDelete, Id:True, message:Update status to delete completed.};
2012-03-28 13:42:11,928 | [4] | INFO  | DcmWeb.Filters.ProfileResultAttribute | Result execution - elapsed time: 0.0001923 seconds.;
2012-03-28 13:42:12,115 | [14] | DEBUG | DcmWeb.Controllers.DcmController | {method:SearchAll, type:ALL, code:, name:, status:ALL, effectiveDateSt:28/03/2012, createDateSt:28/03/2012, elapsedMilliseconds:67};
2012-03-28 13:42:12,115 | [14] | INFO  | DcmWeb.Filters.ProfileResultAttribute | Result execution - elapsed time: 0.0004946 seconds.;
2012-03-28 13:42:14,562 | [4] | DEBUG | DcmWeb.Controllers.DcmController | {method:SearchAll, type:ALL, code:, name:, status:ALL, effectiveDateSt:28/03/2012, createDateSt:28/03/2012, elapsedMilliseconds:70};
2012-03-28 13:42:14,562 | [4] | INFO  | DcmWeb.Filters.ProfileResultAttribute | Result execution - elapsed time: 0.0005213 seconds.;
2012-03-28 13:42:15,201 | [14] | DEBUG | DcmWeb.Controllers.DcmController | {method:SearchAll, type:ALL, code:, name:, status:ALL, effectiveDateSt:28/03/2012, createDateSt:28/03/2012, elapsedMilliseconds:71};
2012-03-28 13:42:15,201 | [14] | INFO  | DcmWeb.Filters.ProfileResultAttribute | Result execution - elapsed time: 0.000524 seconds.;
2012-03-28 14:24:48,814 | [4] | INFO  | DcmWeb.Filters.ProfileResultAttribute | Result execution - elapsed time: 4.287896 seconds.;
2012-03-28 14:24:59,881 | [18] | INFO  | DcmWeb.Filters.ProfileResultAttribute | Result execution - elapsed time: 0.0014918 seconds.;
2012-03-28 14:25:00,021 | [11] | INFO  | DcmWeb.Filters.ProfileResultAttribute | Result execution - elapsed time: 0.0005077 seconds.;
2012-03-28 14:25:00,021 | [17] | INFO  | DcmWeb.Filters.ProfileResultAttribute | Result execution - elapsed time: 0.0002099 seconds.;
2012-03-28 14:25:00,893 | [4] | INFO  | DcmWeb.Filters.ProfileResultAttribute | Result execution - elapsed time: 0.0006135 seconds.;
2012-03-28 14:25:00,893 | [15] | INFO  | DcmWeb.Filters.ProfileResultAttribute | Result execution - elapsed time: 0.0011289 seconds.;
2012-03-28 14:25:00,893 | [10] | INFO  | DcmWeb.Filters.ProfileResultAttribute | Result execution - elapsed time: 0.0002456 seconds.;
2012-03-28 14:25:00,893 | [13] | INFO  | DcmWeb.Filters.ProfileResultAttribute | Result execution - elapsed time: 0.0011289 seconds.;
2012-03-28 14:25:28,413 | [10] | DEBUG | DcmWeb.Controllers.DcmController | {method:SchemeSearchAll, name:, code:, status:ALL, principleCode:, effectiveDateSt:28/03/2012, effectiveTimeSt:, elapsedMilliseconds:190};
2012-03-28 14:25:28,413 | [10] | INFO  | DcmWeb.Filters.ProfileResultAttribute | Result execution - elapsed time: 0.0003931 seconds.;
2012-03-28 14:25:29,860 | [4] | DEBUG | DcmWeb.Controllers.DcmController | {method:SchemeSearchAll, name:, code:, status:ALL, principleCode:, effectiveDateSt:, effectiveTimeSt:, elapsedMilliseconds:38};
2012-03-28 14:25:29,860 | [4] | INFO  | DcmWeb.Filters.ProfileResultAttribute | Result execution - elapsed time: 0.0014069 seconds.;
2012-03-28 14:25:32,397 | [17] | INFO  | DcmWeb.Filters.ProfileResultAttribute | Result execution - elapsed time: 0.0005621 seconds.;
2012-03-28 14:25:35,090 | [4] | INFO  | DcmWeb.Filters.ProfileResultAttribute | Result execution - elapsed time: 0.0005141 seconds.;
2012-03-28 14:25:35,355 | [17] | INFO  | DcmWeb.Filters.ProfileResultAttribute | Result execution - elapsed time: 0.0006771 seconds.;
2012-03-28 14:25:36,335 | [15] | INFO  | DcmWeb.Filters.ProfileResultAttribute | Result execution - elapsed time: 0.0006438 seconds.;
2012-03-28 14:25:49,006 | [10] | INFO  | DcmWeb.Filters.ProfileResultAttribute | Result execution - elapsed time: 0.0005728 seconds.;
2012-03-28 14:25:49,146 | [17] | DEBUG | DcmWeb.Controllers.DcmController | {method:SchemeSearchAll, name:, code:, status:ALL, principleCode:, effectiveDateSt:, effectiveTimeSt:, elapsedMilliseconds:41};
2012-03-28 14:25:49,146 | [17] | INFO  | DcmWeb.Filters.ProfileResultAttribute | Result execution - elapsed time: 0.0009885 seconds.;
2012-03-28 14:25:53,629 | [18] | INFO  | DcmWeb.Filters.ProfileResultAttribute | Result execution - elapsed time: 0.0006441 seconds.;
2012-03-28 14:25:54,095 | [15] | INFO  | DcmWeb.Filters.ProfileResultAttribute | Result execution - elapsed time: 0.0005439 seconds.;
2012-03-28 14:25:54,095 | [10] | INFO  | DcmWeb.Filters.ProfileResultAttribute | Result execution - elapsed time: 0.00041 seconds.;
2012-03-28 14:25:54,127 | [17] | INFO  | DcmWeb.Filters.ProfileResultAttribute | Result execution - elapsed time: 0.0005333 seconds.;
2012-03-28 14:26:00,835 | [10] | INFO  | DcmWeb.Filters.ProfileResultAttribute | Result execution - elapsed time: 0.0003206 seconds.;
2012-03-28 14:26:00,975 | [17] | DEBUG | DcmWeb.Controllers.DcmController | {method:SchemeSearchAll, name:, code:, status:ALL, principleCode:, effectiveDateSt:, effectiveTimeSt:, elapsedMilliseconds:46};
2012-03-28 14:26:00,975 | [17] | INFO  | DcmWeb.Filters.ProfileResultAttribute | Result execution - elapsed time: 0.0010023 seconds.;
2012-03-28 14:26:03,730 | [11] | INFO  | DcmWeb.Filters.ProfileResultAttribute | Result execution - elapsed time: 0.0003605 seconds.;
2012-03-28 14:26:04,151 | [15] | INFO  | DcmWeb.Filters.ProfileResultAttribute | Result execution - elapsed time: 0.000593 seconds.;
2012-03-28 14:26:04,151 | [17] | INFO  | DcmWeb.Filters.ProfileResultAttribute | Result execution - elapsed time: 0.0003896 seconds.;
2012-03-28 14:26:04,182 | [4] | INFO  | DcmWeb.Filters.ProfileResultAttribute | Result execution - elapsed time: 0.0002636 seconds.;
2012-03-28 14:26:12,681 | [11] | INFO  | DcmWeb.Filters.ProfileResultAttribute | Result execution - elapsed time: 0.0002751 seconds.;
2012-03-28 14:26:12,992 | [17] | DEBUG | DcmWeb.Controllers.DcmController | {method:SchemeSearchAll, name:, code:, status:ALL, principleCode:, effectiveDateSt:, effectiveTimeSt:, elapsedMilliseconds:91};
2012-03-28 14:26:12,992 | [17] | INFO  | DcmWeb.Filters.ProfileResultAttribute | Result execution - elapsed time: 0.0009022 seconds.;
2012-03-28 15:39:03,534 | [4] | INFO  | DcmWeb.Filters.ProfileResultAttribute | Result execution - elapsed time: 3.866698 seconds.;
2012-03-28 16:31:45,232 | [4] | INFO  | DcmWeb.Filters.ProfileResultAttribute | Result execution - elapsed time: 3.3836534 seconds.;
2012-03-28 16:31:54,007 | [10] | INFO  | DcmWeb.Filters.ProfileResultAttribute | Result execution - elapsed time: 0.0014492 seconds.;
2012-03-28 16:31:54,007 | [15] | INFO  | DcmWeb.Filters.ProfileResultAttribute | Result execution - elapsed time: 0.0001261 seconds.;
2012-03-28 16:31:54,007 | [11] | INFO  | DcmWeb.Filters.ProfileResultAttribute | Result execution - elapsed time: 0.0001293 seconds.;
2012-03-28 16:31:54,534 | [4] | INFO  | DcmWeb.Filters.ProfileResultAttribute | Result execution - elapsed time: 0.001024 seconds.;
2012-03-28 16:31:54,550 | [11] | INFO  | DcmWeb.Filters.ProfileResultAttribute | Result execution - elapsed time: 0.0003557 seconds.;
2012-03-28 16:31:54,596 | [20] | INFO  | DcmWeb.Filters.ProfileResultAttribute | Result execution - elapsed time: 0.0003988 seconds.;
2012-03-28 16:31:54,643 | [19] | INFO  | DcmWeb.Filters.ProfileResultAttribute | Result execution - elapsed time: 0.0002418 seconds.;
2012-03-28 16:32:08,457 | [4] | DEBUG | DcmWeb.Controllers.DcmController | {method:SchemeSearchAll, name:, code:, status:ALL, principleCode:, effectiveDateSt:28/03/2012, effectiveTimeSt:, elapsedMilliseconds:184};
2012-03-28 16:32:08,457 | [4] | INFO  | DcmWeb.Filters.ProfileResultAttribute | Result execution - elapsed time: 0.0004129 seconds.;
2012-03-28 16:32:09,791 | [20] | INFO  | DcmWeb.Filters.ProfileResultAttribute | Result execution - elapsed time: 0.0005615 seconds.;
2012-03-28 16:32:12,395 | [19] | INFO  | DcmWeb.Filters.ProfileResultAttribute | Result execution - elapsed time: 0.0001797 seconds.;
2012-03-28 16:32:12,597 | [10] | INFO  | DcmWeb.Filters.ProfileResultAttribute | Result execution - elapsed time: 0.0001888 seconds.;
2012-03-28 16:32:13,233 | [18] | INFO  | DcmWeb.Filters.ProfileResultAttribute | Result execution - elapsed time: 0.0001839 seconds.;
2012-03-28 16:32:16,054 | [4] | DEBUG | DcmWeb.Controllers.DcmController | {method:SchemeSearchAll, name:, code:, status:ALL, principleCode:, effectiveDateSt:, effectiveTimeSt:, elapsedMilliseconds:28};
2012-03-28 16:32:16,054 | [4] | INFO  | DcmWeb.Filters.ProfileResultAttribute | Result execution - elapsed time: 0.0002187 seconds.;
2012-03-28 16:32:17,992 | [19] | DEBUG | DcmWeb.Controllers.DcmController | {method:SchemeSearchAll, name:, code:, status:ALL, principleCode:, effectiveDateSt:, effectiveTimeSt:, elapsedMilliseconds:30};
2012-03-28 16:32:17,992 | [19] | INFO  | DcmWeb.Filters.ProfileResultAttribute | Result execution - elapsed time: 0.0002316 seconds.;
2012-03-28 16:32:25,109 | [20] | DEBUG | DcmWeb.Controllers.DcmController | {method:SchemeSearchAll, name:, code:, status:ALL, principleCode:, effectiveDateSt:, effectiveTimeSt:, elapsedMilliseconds:27};
2012-03-28 16:32:25,109 | [20] | INFO  | DcmWeb.Filters.ProfileResultAttribute | Result execution - elapsed time: 6.7E-05 seconds.;
2012-03-28 16:32:27,993 | [10] | DEBUG | DcmWeb.Controllers.DcmController | {method:SearchAll, type:ALL, code:, name:, status:ALL, effectiveDateSt:, createDateSt:, elapsedMilliseconds:401};
2012-03-28 16:32:27,993 | [10] | INFO  | DcmWeb.Filters.ProfileResultAttribute | Result execution - elapsed time: 0.0004207 seconds.;
2012-03-28 16:32:28,892 | [15] | DEBUG | DcmWeb.Controllers.DcmController | {method:SearchAll, type:ALL, code:, name:, status:ALL, effectiveDateSt:, createDateSt:, elapsedMilliseconds:83};
2012-03-28 16:32:28,892 | [15] | INFO  | DcmWeb.Filters.ProfileResultAttribute | Result execution - elapsed time: 0.0002601 seconds.;
2012-03-28 16:32:29,698 | [11] | DEBUG | DcmWeb.Controllers.DcmController | {method:SearchAll, type:ALL, code:, name:, status:ALL, effectiveDateSt:, createDateSt:, elapsedMilliseconds:81};
2012-03-28 16:32:29,698 | [11] | INFO  | DcmWeb.Filters.ProfileResultAttribute | Result execution - elapsed time: 0.0002385 seconds.;
2012-03-28 16:32:30,427 | [10] | DEBUG | DcmWeb.Controllers.DcmController | {method:SearchAll, type:ALL, code:, name:, status:ALL, effectiveDateSt:, createDateSt:, elapsedMilliseconds:73};
2012-03-28 16:32:30,427 | [10] | INFO  | DcmWeb.Filters.ProfileResultAttribute | Result execution - elapsed time: 0.0002254 seconds.;
2012-03-28 16:32:31,001 | [20] | DEBUG | DcmWeb.Controllers.DcmController | {method:SearchAll, type:ALL, code:, name:, status:ALL, effectiveDateSt:, createDateSt:, elapsedMilliseconds:74};
2012-03-28 16:32:31,001 | [20] | INFO  | DcmWeb.Filters.ProfileResultAttribute | Result execution - elapsed time: 0.0002455 seconds.;
2012-03-28 16:32:32,101 | [10] | DEBUG | DcmWeb.Controllers.DcmController | {method:SearchAll, type:ALL, code:, name:, status:ALL, effectiveDateSt:, createDateSt:, elapsedMilliseconds:90};
2012-03-28 16:32:32,101 | [10] | INFO  | DcmWeb.Filters.ProfileResultAttribute | Result execution - elapsed time: 0.0002401 seconds.;
2012-03-28 16:56:05,674 | [4] | INFO  | DcmWeb.Filters.ProfileResultAttribute | Result execution - elapsed time: 4.7065477 seconds.;
2012-03-28 16:56:14,761 | [17] | INFO  | DcmWeb.Filters.ProfileResultAttribute | Result execution - elapsed time: 0.0014358 seconds.;
2012-03-28 16:56:14,932 | [16] | INFO  | DcmWeb.Filters.ProfileResultAttribute | Result execution - elapsed time: 0.0003906 seconds.;
2012-03-28 16:56:15,010 | [14] | INFO  | DcmWeb.Filters.ProfileResultAttribute | Result execution - elapsed time: 0.0001744 seconds.;
2012-03-28 16:56:15,696 | [8] | INFO  | DcmWeb.Filters.ProfileResultAttribute | Result execution - elapsed time: 0.0004033 seconds.;
2012-03-28 16:56:15,805 | [9] | INFO  | DcmWeb.Filters.ProfileResultAttribute | Result execution - elapsed time: 0.0052088 seconds.;
2012-03-28 16:56:15,805 | [12] | INFO  | DcmWeb.Filters.ProfileResultAttribute | Result execution - elapsed time: 0.0052088 seconds.;
2012-03-28 16:56:15,805 | [17] | INFO  | DcmWeb.Filters.ProfileResultAttribute | Result execution - elapsed time: 0.0001724 seconds.;
2012-03-28 16:56:17,052 | [16] | DEBUG | DcmWeb.Controllers.DcmController | {method:SchemeSearchAll, name:, code:, status:ALL, principleCode:, effectiveDateSt:, effectiveTimeSt:, elapsedMilliseconds:188};
2012-03-28 16:56:17,052 | [16] | INFO  | DcmWeb.Filters.ProfileResultAttribute | Result execution - elapsed time: 0.0013996 seconds.;
2012-03-28 16:56:19,078 | [12] | INFO  | DcmWeb.Filters.ProfileResultAttribute | Result execution - elapsed time: 0.0006283 seconds.;
2012-03-28 16:56:21,946 | [8] | INFO  | DcmWeb.Filters.ProfileResultAttribute | Result execution - elapsed time: 0.0006908 seconds.;
2012-03-28 16:56:22,008 | [4] | INFO  | DcmWeb.Filters.ProfileResultAttribute | Result execution - elapsed time: 0.0003547 seconds.;
2012-03-28 16:56:22,772 | [9] | INFO  | DcmWeb.Filters.ProfileResultAttribute | Result execution - elapsed time: 0.0003402 seconds.;
2012-03-28 16:56:36,362 | [14] | INFO  | DcmWeb.Filters.ProfileResultAttribute | Result execution - elapsed time: 0.0005416 seconds.;
2012-03-28 16:56:36,502 | [9] | DEBUG | DcmWeb.Controllers.DcmController | {method:SchemeSearchAll, name:, code:, status:ALL, principleCode:, effectiveDateSt:, effectiveTimeSt:, elapsedMilliseconds:34};
2012-03-28 16:56:36,502 | [9] | INFO  | DcmWeb.Filters.ProfileResultAttribute | Result execution - elapsed time: 0.0007312 seconds.;
2012-03-28 16:56:39,090 | [8] | INFO  | DcmWeb.Filters.ProfileResultAttribute | Result execution - elapsed time: 0.0006657 seconds.;
2012-03-28 16:56:39,542 | [16] | INFO  | DcmWeb.Filters.ProfileResultAttribute | Result execution - elapsed time: 0.0004279 seconds.;
2012-03-28 16:56:39,557 | [9] | INFO  | DcmWeb.Filters.ProfileResultAttribute | Result execution - elapsed time: 0.00012 seconds.;
2012-03-28 16:56:39,573 | [14] | INFO  | DcmWeb.Filters.ProfileResultAttribute | Result execution - elapsed time: 0.000121 seconds.;
2012-03-28 16:56:43,719 | [4] | INFO  | DcmWeb.Filters.ProfileResultAttribute | Result execution - elapsed time: 0.0002253 seconds.;
2012-03-28 16:56:43,843 | [9] | DEBUG | DcmWeb.Controllers.DcmController | {method:SchemeSearchAll, name:, code:, status:ALL, principleCode:, effectiveDateSt:, effectiveTimeSt:, elapsedMilliseconds:37};
2012-03-28 16:56:43,843 | [9] | INFO  | DcmWeb.Filters.ProfileResultAttribute | Result execution - elapsed time: 0.0006813 seconds.;
2012-03-28 16:57:06,208 | [16] | INFO  | DcmWeb.Filters.ProfileResultAttribute | Result execution - elapsed time: 0.0024671 seconds.;
2012-03-28 16:57:08,063 | [8] | INFO  | DcmWeb.Filters.ProfileResultAttribute | Result execution - elapsed time: 0.0028981 seconds.;
2012-03-28 16:57:16,433 | [17] | INFO  | DcmWeb.Filters.ProfileResultAttribute | Result execution - elapsed time: 1.38E-05 seconds.;
2012-03-28 16:57:16,822 | [12] | INFO  | DcmWeb.Filters.ProfileResultAttribute | Result execution - elapsed time: 0.0017539 seconds.;
2012-03-28 16:57:16,838 | [8] | INFO  | DcmWeb.Filters.ProfileResultAttribute | Result execution - elapsed time: 0.0017462 seconds.;
2012-03-28 16:57:22,433 | [14] | INFO  | DcmWeb.Filters.ProfileResultAttribute | Result execution - elapsed time: 0.0015073 seconds.;
2012-03-28 16:57:25,909 | [4] | INFO  | DcmWeb.Filters.ProfileResultAttribute | Result execution - elapsed time: 0.0012529 seconds.;
2012-03-28 16:57:28,854 | [17] | INFO  | DcmWeb.Filters.ProfileResultAttribute | Result execution - elapsed time: 0.0012221 seconds.;
2012-03-28 16:57:31,363 | [4] | INFO  | DcmWeb.Filters.ProfileResultAttribute | Result execution - elapsed time: 0.0015468 seconds.;
2012-03-28 17:23:53,207 | [4] | INFO  | DcmWeb.Filters.ProfileResultAttribute | Result execution - elapsed time: 1.870496 seconds.;
2012-03-28 17:24:01,328 | [20] | INFO  | DcmWeb.Filters.ProfileResultAttribute | Result execution - elapsed time: 0.0013222 seconds.;
2012-03-28 17:24:01,343 | [4] | INFO  | DcmWeb.Filters.ProfileResultAttribute | Result execution - elapsed time: 0.0001727 seconds.;
2012-03-28 17:24:01,374 | [18] | INFO  | DcmWeb.Filters.ProfileResultAttribute | Result execution - elapsed time: 0.0001704 seconds.;
2012-03-28 17:24:01,686 | [18] | INFO  | DcmWeb.Filters.ProfileResultAttribute | Result execution - elapsed time: 0.0004248 seconds.;
2012-03-28 17:24:02,045 | [10] | INFO  | DcmWeb.Filters.ProfileResultAttribute | Result execution - elapsed time: 0.0044122 seconds.;
2012-03-28 17:24:02,060 | [15] | INFO  | DcmWeb.Filters.ProfileResultAttribute | Result execution - elapsed time: 0.0005807 seconds.;
2012-03-28 17:24:02,076 | [19] | INFO  | DcmWeb.Filters.ProfileResultAttribute | Result execution - elapsed time: 0.0010181 seconds.;
2012-03-28 17:24:15,542 | [18] | INFO  | DcmWeb.Filters.ProfileResultAttribute | Result execution - elapsed time: 0.0027241 seconds.;
2012-03-28 17:24:20,234 | [10] | INFO  | DcmWeb.Filters.ProfileResultAttribute | Result execution - elapsed time: 0.0017755 seconds.;
2012-03-28 17:24:21,839 | [15] | INFO  | DcmWeb.Filters.ProfileResultAttribute | Result execution - elapsed time: 0.0010759 seconds.;
2012-03-28 17:24:27,559 | [11] | INFO  | DcmWeb.Filters.ProfileResultAttribute | Result execution - elapsed time: 0.0003395 seconds.;
2012-03-28 17:24:27,668 | [18] | INFO  | DcmWeb.Filters.ProfileResultAttribute | Result execution - elapsed time: 0.0003976 seconds.;
2012-03-28 17:24:28,899 | [4] | INFO  | DcmWeb.Filters.ProfileResultAttribute | Result execution - elapsed time: 0.0003895 seconds.;
2012-03-28 17:24:29,071 | [20] | INFO  | DcmWeb.Filters.ProfileResultAttribute | Result execution - elapsed time: 0.0019085 seconds.;
2012-03-28 17:24:33,466 | [19] | INFO  | DcmWeb.Filters.ProfileResultAttribute | Result execution - elapsed time: 0.0004061 seconds.;
2012-03-28 17:24:47,104 | [18] | INFO  | DcmWeb.Filters.ProfileResultAttribute | Result execution - elapsed time: 0.0004749 seconds.;
2012-03-28 17:24:47,369 | [19] | INFO  | DcmWeb.Filters.ProfileResultAttribute | Result execution - elapsed time: 0.0006025 seconds.;
2012-03-28 17:28:27,287 | [4] | INFO  | DcmWeb.Filters.ProfileResultAttribute | Result execution - elapsed time: 3.5473818 seconds.;
2012-03-28 17:28:37,028 | [9] | INFO  | DcmWeb.Filters.ProfileResultAttribute | Result execution - elapsed time: 0.0015076 seconds.;
2012-03-28 17:28:37,028 | [22] | INFO  | DcmWeb.Filters.ProfileResultAttribute | Result execution - elapsed time: 0.0015076 seconds.;
2012-03-28 17:28:37,215 | [4] | INFO  | DcmWeb.Filters.ProfileResultAttribute | Result execution - elapsed time: 0.000175 seconds.;
2012-03-28 17:28:37,917 | [8] | INFO  | DcmWeb.Filters.ProfileResultAttribute | Result execution - elapsed time: 0.0053444 seconds.;
2012-03-28 17:28:37,917 | [16] | INFO  | DcmWeb.Filters.ProfileResultAttribute | Result execution - elapsed time: 0.0053444 seconds.;
2012-03-28 17:28:37,932 | [14] | INFO  | DcmWeb.Filters.ProfileResultAttribute | Result execution - elapsed time: 0.0004402 seconds.;
2012-03-28 17:28:37,948 | [9] | INFO  | DcmWeb.Filters.ProfileResultAttribute | Result execution - elapsed time: 0.0002132 seconds.;
2012-03-28 17:28:57,353 | [14] | INFO  | DcmWeb.Filters.ProfileResultAttribute | Result execution - elapsed time: 0.0023313 seconds.;
2012-03-28 17:29:01,997 | [9] | INFO  | DcmWeb.Filters.ProfileResultAttribute | Result execution - elapsed time: 0.0004278 seconds.;
2012-03-28 17:29:02,247 | [8] | INFO  | DcmWeb.Filters.ProfileResultAttribute | Result execution - elapsed time: 0.000365 seconds.;
2012-03-28 17:29:03,462 | [16] | INFO  | DcmWeb.Filters.ProfileResultAttribute | Result execution - elapsed time: 0.0003633 seconds.;
2012-03-28 17:29:03,681 | [4] | INFO  | DcmWeb.Filters.ProfileResultAttribute | Result execution - elapsed time: 0.0023275 seconds.;
2012-03-28 17:29:08,964 | [9] | INFO  | DcmWeb.Filters.ProfileResultAttribute | Result execution - elapsed time: 0.0004085 seconds.;
2012-03-28 17:32:01,860 | [14] | INFO  | DcmWeb.Filters.ProfileResultAttribute | Result execution - elapsed time: 0.0005923 seconds.;
2012-03-28 17:32:02,280 | [8] | INFO  | DcmWeb.Filters.ProfileResultAttribute | Result execution - elapsed time: 0.0007213 seconds.;
2012-03-28 17:32:15,373 | [9] | INFO  | DcmWeb.Filters.ProfileResultAttribute | Result execution - elapsed time: 0.0004997 seconds.;
2012-03-28 17:32:15,419 | [14] | INFO  | DcmWeb.Filters.ProfileResultAttribute | Result execution - elapsed time: 0.0003533 seconds.;
2012-03-28 17:32:15,466 | [4] | INFO  | DcmWeb.Filters.ProfileResultAttribute | Result execution - elapsed time: 0.0001548 seconds.;
2012-03-28 17:32:15,482 | [17] | INFO  | DcmWeb.Filters.ProfileResultAttribute | Result execution - elapsed time: 0.0006603 seconds.;
2012-03-28 17:32:20,189 | [22] | INFO  | DcmWeb.Filters.ProfileResultAttribute | Result execution - elapsed time: 0.0033552 seconds.;
2012-03-28 17:36:33,212 | [4] | INFO  | DcmWeb.Filters.ProfileResultAttribute | Result execution - elapsed time: 3.0844537 seconds.;
2012-03-28 17:36:42,330 | [15] | INFO  | DcmWeb.Filters.ProfileResultAttribute | Result execution - elapsed time: 0.0014524 seconds.;
2012-03-28 17:36:42,423 | [10] | INFO  | DcmWeb.Filters.ProfileResultAttribute | Result execution - elapsed time: 0.0004267 seconds.;
2012-03-28 17:36:42,517 | [18] | INFO  | DcmWeb.Filters.ProfileResultAttribute | Result execution - elapsed time: 0.0003941 seconds.;
2012-03-28 17:36:43,468 | [19] | INFO  | DcmWeb.Filters.ProfileResultAttribute | Result execution - elapsed time: 0.0003914 seconds.;
2012-03-28 17:36:43,545 | [15] | INFO  | DcmWeb.Filters.ProfileResultAttribute | Result execution - elapsed time: 0.0001866 seconds.;
2012-03-28 17:36:43,545 | [20] | INFO  | DcmWeb.Filters.ProfileResultAttribute | Result execution - elapsed time: 0.0046956 seconds.;
2012-03-28 17:36:43,545 | [11] | INFO  | DcmWeb.Filters.ProfileResultAttribute | Result execution - elapsed time: 0.0046956 seconds.;
2012-03-28 17:37:24,864 | [20] | INFO  | DcmWeb.Filters.ProfileResultAttribute | Result execution - elapsed time: 0.0021092 seconds.;
2012-03-28 17:37:29,477 | [11] | INFO  | DcmWeb.Filters.ProfileResultAttribute | Result execution - elapsed time: 0.0025215 seconds.;
2012-03-28 17:37:34,231 | [19] | INFO  | DcmWeb.Filters.ProfileResultAttribute | Result execution - elapsed time: 0.0003902 seconds.;
2012-03-28 17:37:34,574 | [4] | INFO  | DcmWeb.Filters.ProfileResultAttribute | Result execution - elapsed time: 0.0003562 seconds.;
2012-03-28 17:37:35,899 | [18] | INFO  | DcmWeb.Filters.ProfileResultAttribute | Result execution - elapsed time: 0.0003628 seconds.;
2012-03-28 17:37:36,117 | [20] | INFO  | DcmWeb.Filters.ProfileResultAttribute | Result execution - elapsed time: 0.0022906 seconds.;
2012-03-28 17:37:39,608 | [11] | INFO  | DcmWeb.Filters.ProfileResultAttribute | Result execution - elapsed time: 0.0004044 seconds.;
2012-03-28 17:37:56,862 | [4] | INFO  | DcmWeb.Filters.ProfileResultAttribute | Result execution - elapsed time: 0.0005622 seconds.;
2012-03-28 17:37:57,267 | [10] | INFO  | DcmWeb.Filters.ProfileResultAttribute | Result execution - elapsed time: 0.0006688 seconds.;
2012-03-28 17:38:07,320 | [20] | INFO  | DcmWeb.Filters.ProfileResultAttribute | Result execution - elapsed time: 0.0005478 seconds.;
2012-03-28 17:38:07,383 | [18] | INFO  | DcmWeb.Filters.ProfileResultAttribute | Result execution - elapsed time: 0.0004632 seconds.;
2012-03-28 17:38:07,414 | [4] | INFO  | DcmWeb.Filters.ProfileResultAttribute | Result execution - elapsed time: 9.83E-05 seconds.;
2012-03-28 17:38:07,429 | [11] | INFO  | DcmWeb.Filters.ProfileResultAttribute | Result execution - elapsed time: 0.0005908 seconds.;
2012-03-28 17:38:14,240 | [18] | INFO  | DcmWeb.Filters.ProfileResultAttribute | Result execution - elapsed time: 0.0005164 seconds.;
2012-03-28 17:38:19,898 | [11] | INFO  | DcmWeb.Filters.ProfileResultAttribute | Result execution - elapsed time: 0.0033547 seconds.;
2012-03-28 17:38:57,834 | [10] | INFO  | DcmWeb.Filters.ProfileResultAttribute | Result execution - elapsed time: 0.0002311 seconds.;
2012-03-28 17:38:58,286 | [4] | INFO  | DcmWeb.Filters.ProfileResultAttribute | Result execution - elapsed time: 0.0007164 seconds.;
