2012-03-30 09:49:19,777 | [4] | INFO  | DcmWeb.Filters.ProfileResultAttribute | Result execution - elapsed time: 1.4555068 seconds.;
2012-03-30 09:49:30,399 | [7] | INFO  | DcmWeb.Filters.ProfileResultAttribute | Result execution - elapsed time: 0.0494561 seconds.;
2012-03-30 09:49:30,523 | [8] | INFO  | DcmWeb.Filters.ProfileResultAttribute | Result execution - elapsed time: 0.0005212 seconds.;
2012-03-30 09:49:30,538 | [6] | INFO  | DcmWeb.Filters.ProfileResultAttribute | Result execution - elapsed time: 0.0001777 seconds.;
2012-03-30 09:49:31,439 | [10] | INFO  | DcmWeb.Filters.ProfileResultAttribute | Result execution - elapsed time: 0.0003848 seconds.;
2012-03-30 09:49:31,517 | [9] | INFO  | DcmWeb.Filters.ProfileResultAttribute | Result execution - elapsed time: 0.0053588 seconds.;
2012-03-30 09:49:31,532 | [4] | INFO  | DcmWeb.Filters.ProfileResultAttribute | Result execution - elapsed time: 0.0002232 seconds.;
2012-03-30 09:49:31,532 | [5] | INFO  | DcmWeb.Filters.ProfileResultAttribute | Result execution - elapsed time: 0.0008513 seconds.;
2012-03-30 09:50:39,239 | [6] | INFO  | DcmWeb.Filters.ProfileResultAttribute | Result execution - elapsed time: 0.0030655 seconds.;
2012-03-30 09:50:44,628 | [4] | INFO  | DcmWeb.Filters.ProfileResultAttribute | Result execution - elapsed time: 0.0005259 seconds.;
2012-03-30 09:51:16,167 | [5] | INFO  | DcmWeb.Filters.ProfileResultAttribute | Result execution - elapsed time: 0.0016916 seconds.;
2012-03-30 09:53:21,577 | [6] | INFO  | DcmWeb.Filters.ProfileResultAttribute | Result execution - elapsed time: 0.0029783 seconds.;
2012-03-30 09:53:59,399 | [5] | INFO  | DcmWeb.Filters.ProfileResultAttribute | Result execution - elapsed time: 0.0005168 seconds.;
2012-03-30 09:54:01,722 | [6] | INFO  | DcmWeb.Filters.ProfileResultAttribute | Result execution - elapsed time: 0.0005285 seconds.;
2012-03-30 09:54:04,170 | [8] | INFO  | DcmWeb.Filters.ProfileResultAttribute | Result execution - elapsed time: 0.0002001 seconds.;
2012-03-30 09:54:07,366 | [5] | INFO  | DcmWeb.Filters.ProfileResultAttribute | Result execution - elapsed time: 0.0005455 seconds.;
2012-03-30 09:54:09,861 | [5] | INFO  | DcmWeb.Filters.ProfileResultAttribute | Result execution - elapsed time: 0.0002669 seconds.;
2012-03-30 09:55:14,561 | [5] | INFO  | DcmWeb.Filters.ProfileResultAttribute | Result execution - elapsed time: 0.0068553 seconds.;
2012-03-30 09:55:16,432 | [9] | INFO  | DcmWeb.Filters.ProfileResultAttribute | Result execution - elapsed time: 0.0016282 seconds.;
2012-03-30 09:55:16,915 | [6] | INFO  | DcmWeb.Filters.ProfileResultAttribute | Result execution - elapsed time: 0.0004687 seconds.;
2012-03-30 09:55:16,931 | [9] | INFO  | DcmWeb.Filters.ProfileResultAttribute | Result execution - elapsed time: 0.0001625 seconds.;
2012-03-30 09:55:16,946 | [4] | INFO  | DcmWeb.Filters.ProfileResultAttribute | Result execution - elapsed time: 0.0002105 seconds.;
2012-03-30 09:55:16,946 | [14] | INFO  | DcmWeb.Filters.ProfileResultAttribute | Result execution - elapsed time: 0.0020761 seconds.;
2012-03-30 09:55:17,118 | [17] | INFO  | DcmWeb.Filters.ProfileResultAttribute | Result execution - elapsed time: 0.0003999 seconds.;
2012-03-30 09:55:17,133 | [15] | INFO  | DcmWeb.Filters.ProfileResultAttribute | Result execution - elapsed time: 0.0001945 seconds.;
2012-03-30 09:56:46,812 | [4] | INFO  | DcmWeb.Filters.ProfileResultAttribute | Result execution - elapsed time: 0.0015849 seconds.;
2012-03-30 09:56:47,967 | [6] | INFO  | DcmWeb.Filters.ProfileResultAttribute | Result execution - elapsed time: 0.0005281 seconds.;
2012-03-30 09:57:06,702 | [6] | INFO  | DcmWeb.Filters.ProfileResultAttribute | Result execution - elapsed time: 0.0054197 seconds.;
2012-03-30 09:57:08,872 | [4] | INFO  | DcmWeb.Filters.ProfileResultAttribute | Result execution - elapsed time: 0.0018025 seconds.;
2012-03-30 09:57:09,372 | [16] | INFO  | DcmWeb.Filters.ProfileResultAttribute | Result execution - elapsed time: 0.0004494 seconds.;
2012-03-30 09:57:09,387 | [9] | INFO  | DcmWeb.Filters.ProfileResultAttribute | Result execution - elapsed time: 0.0001636 seconds.;
2012-03-30 09:57:09,403 | [4] | INFO  | DcmWeb.Filters.ProfileResultAttribute | Result execution - elapsed time: 0.0002333 seconds.;
2012-03-30 09:57:09,653 | [15] | INFO  | DcmWeb.Filters.ProfileResultAttribute | Result execution - elapsed time: 0.0018943 seconds.;
2012-03-30 09:57:09,700 | [6] | INFO  | DcmWeb.Filters.ProfileResultAttribute | Result execution - elapsed time: 0.0002316 seconds.;
2012-03-30 09:57:09,715 | [8] | INFO  | DcmWeb.Filters.ProfileResultAttribute | Result execution - elapsed time: 0.0002315 seconds.;
2012-03-30 09:57:12,682 | [5] | INFO  | DcmWeb.Filters.ProfileResultAttribute | Result execution - elapsed time: 0.0015266 seconds.;
2012-03-30 09:57:13,728 | [16] | INFO  | DcmWeb.Filters.ProfileResultAttribute | Result execution - elapsed time: 0.0005438 seconds.;
2012-03-30 09:58:02,095 | [5] | INFO  | DcmWeb.Filters.ProfileResultAttribute | Result execution - elapsed time: 0.0046205 seconds.;
2012-03-30 09:58:04,031 | [16] | INFO  | DcmWeb.Filters.ProfileResultAttribute | Result execution - elapsed time: 0.0016275 seconds.;
2012-03-30 09:58:04,328 | [15] | INFO  | DcmWeb.Filters.ProfileResultAttribute | Result execution - elapsed time: 0.0004629 seconds.;
2012-03-30 09:58:04,344 | [8] | INFO  | DcmWeb.Filters.ProfileResultAttribute | Result execution - elapsed time: 0.0008995 seconds.;
2012-03-30 09:58:04,344 | [5] | INFO  | DcmWeb.Filters.ProfileResultAttribute | Result execution - elapsed time: 0.0001612 seconds.;
2012-03-30 09:58:04,609 | [4] | INFO  | DcmWeb.Filters.ProfileResultAttribute | Result execution - elapsed time: 0.0016766 seconds.;
2012-03-30 09:58:04,609 | [9] | INFO  | DcmWeb.Filters.ProfileResultAttribute | Result execution - elapsed time: 0.000751 seconds.;
2012-03-30 09:58:04,609 | [6] | INFO  | DcmWeb.Filters.ProfileResultAttribute | Result execution - elapsed time: 0.0002167 seconds.;
2012-03-30 09:58:09,714 | [14] | INFO  | DcmWeb.Filters.ProfileResultAttribute | Result execution - elapsed time: 0.0017167 seconds.;
2012-03-30 09:58:11,151 | [6] | INFO  | DcmWeb.Filters.ProfileResultAttribute | Result execution - elapsed time: 0.0005149 seconds.;
2012-03-30 09:58:30,651 | [9] | INFO  | DcmWeb.Filters.ProfileResultAttribute | Result execution - elapsed time: 0.0040772 seconds.;
2012-03-30 09:58:32,665 | [6] | INFO  | DcmWeb.Filters.ProfileResultAttribute | Result execution - elapsed time: 0.0016454 seconds.;
2012-03-30 09:58:33,243 | [15] | INFO  | DcmWeb.Filters.ProfileResultAttribute | Result execution - elapsed time: 0.0004047 seconds.;
2012-03-30 09:58:33,258 | [14] | INFO  | DcmWeb.Filters.ProfileResultAttribute | Result execution - elapsed time: 0.0005655 seconds.;
2012-03-30 09:58:33,305 | [8] | INFO  | DcmWeb.Filters.ProfileResultAttribute | Result execution - elapsed time: 0.0002119 seconds.;
2012-03-30 09:58:33,508 | [16] | INFO  | DcmWeb.Filters.ProfileResultAttribute | Result execution - elapsed time: 0.0016624 seconds.;
2012-03-30 09:58:33,539 | [9] | INFO  | DcmWeb.Filters.ProfileResultAttribute | Result execution - elapsed time: 0.0002072 seconds.;
2012-03-30 09:58:33,539 | [6] | INFO  | DcmWeb.Filters.ProfileResultAttribute | Result execution - elapsed time: 0.0001905 seconds.;
2012-03-30 09:58:35,413 | [15] | INFO  | DcmWeb.Filters.ProfileResultAttribute | Result execution - elapsed time: 0.0018708 seconds.;
2012-03-30 09:58:36,834 | [6] | INFO  | DcmWeb.Filters.ProfileResultAttribute | Result execution - elapsed time: 0.0005159 seconds.;
2012-03-30 10:13:05,229 | [4] | INFO  | DcmWeb.Filters.ProfileResultAttribute | Result execution - elapsed time: 2.0757496 seconds.;
2012-03-30 10:13:13,792 | [5] | INFO  | DcmWeb.Filters.ProfileResultAttribute | Result execution - elapsed time: 0.0013405 seconds.;
2012-03-30 10:13:13,823 | [18] | INFO  | DcmWeb.Filters.ProfileResultAttribute | Result execution - elapsed time: 0.0001727 seconds.;
2012-03-30 10:13:13,870 | [10] | INFO  | DcmWeb.Filters.ProfileResultAttribute | Result execution - elapsed time: 0.0003821 seconds.;
2012-03-30 10:13:14,557 | [17] | INFO  | DcmWeb.Filters.ProfileResultAttribute | Result execution - elapsed time: 0.004666 seconds.;
2012-03-30 10:13:14,635 | [4] | INFO  | DcmWeb.Filters.ProfileResultAttribute | Result execution - elapsed time: 0.0008338 seconds.;
2012-03-30 10:13:14,651 | [5] | INFO  | DcmWeb.Filters.ProfileResultAttribute | Result execution - elapsed time: 0.0004404 seconds.;
2012-03-30 10:13:14,682 | [7] | INFO  | DcmWeb.Filters.ProfileResultAttribute | Result execution - elapsed time: 0.0002204 seconds.;
2012-03-30 10:13:14,776 | [14] | INFO  | DcmWeb.Filters.ProfileResultAttribute | Result execution - elapsed time: 0.0027801 seconds.;
2012-03-30 10:14:36,416 | [17] | INFO  | DcmWeb.Filters.ProfileResultAttribute | Result execution - elapsed time: 0.0049893 seconds.;
2012-03-30 10:14:38,525 | [15] | INFO  | DcmWeb.Filters.ProfileResultAttribute | Result execution - elapsed time: 0.0018265 seconds.;
2012-03-30 10:14:39,056 | [15] | INFO  | DcmWeb.Filters.ProfileResultAttribute | Result execution - elapsed time: 0.0004667 seconds.;
2012-03-30 10:14:39,056 | [18] | INFO  | DcmWeb.Filters.ProfileResultAttribute | Result execution - elapsed time: 9.54E-05 seconds.;
2012-03-30 10:14:39,072 | [7] | INFO  | DcmWeb.Filters.ProfileResultAttribute | Result execution - elapsed time: 0.0002425 seconds.;
2012-03-30 10:14:39,306 | [16] | INFO  | DcmWeb.Filters.ProfileResultAttribute | Result execution - elapsed time: 0.0022886 seconds.;
2012-03-30 10:14:39,338 | [10] | INFO  | DcmWeb.Filters.ProfileResultAttribute | Result execution - elapsed time: 0.0005008 seconds.;
2012-03-30 10:14:39,338 | [17] | INFO  | DcmWeb.Filters.ProfileResultAttribute | Result execution - elapsed time: 0.000195 seconds.;
2012-03-30 10:14:41,181 | [5] | INFO  | DcmWeb.Filters.ProfileResultAttribute | Result execution - elapsed time: 0.0016279 seconds.;
2012-03-30 10:14:48,525 | [18] | INFO  | DcmWeb.Filters.ProfileResultAttribute | Result execution - elapsed time: 0.0026984 seconds.;
2012-03-30 10:14:57,541 | [10] | INFO  | DcmWeb.Filters.ProfileResultAttribute | Result execution - elapsed time: 0.0004715 seconds.;
2012-03-30 10:15:43,253 | [4] | INFO  | DcmWeb.Filters.ProfileResultAttribute | Result execution - elapsed time: 0.004939 seconds.;
2012-03-30 10:15:45,359 | [17] | INFO  | DcmWeb.Filters.ProfileResultAttribute | Result execution - elapsed time: 0.0018371 seconds.;
2012-03-30 10:15:45,874 | [18] | INFO  | DcmWeb.Filters.ProfileResultAttribute | Result execution - elapsed time: 0.0004175 seconds.;
2012-03-30 10:15:45,890 | [4] | INFO  | DcmWeb.Filters.ProfileResultAttribute | Result execution - elapsed time: 0.0001772 seconds.;
2012-03-30 10:15:45,890 | [5] | INFO  | DcmWeb.Filters.ProfileResultAttribute | Result execution - elapsed time: 0.0001139 seconds.;
2012-03-30 10:15:46,155 | [16] | INFO  | DcmWeb.Filters.ProfileResultAttribute | Result execution - elapsed time: 0.0022198 seconds.;
2012-03-30 10:15:46,186 | [10] | INFO  | DcmWeb.Filters.ProfileResultAttribute | Result execution - elapsed time: 0.0004531 seconds.;
2012-03-30 10:15:46,186 | [7] | INFO  | DcmWeb.Filters.ProfileResultAttribute | Result execution - elapsed time: 0.000215 seconds.;
2012-03-30 10:15:48,558 | [18] | INFO  | DcmWeb.Filters.ProfileResultAttribute | Result execution - elapsed time: 0.0016145 seconds.;
2012-03-30 10:18:29,350 | [15] | INFO  | DcmWeb.Filters.ProfileResultAttribute | Result execution - elapsed time: 0.0048876 seconds.;
2012-03-30 10:18:31,768 | [15] | INFO  | DcmWeb.Filters.ProfileResultAttribute | Result execution - elapsed time: 0.0020283 seconds.;
2012-03-30 10:18:32,377 | [15] | INFO  | DcmWeb.Filters.ProfileResultAttribute | Result execution - elapsed time: 0.0018467 seconds.;
2012-03-30 10:18:32,486 | [15] | INFO  | DcmWeb.Filters.ProfileResultAttribute | Result execution - elapsed time: 0.000458 seconds.;
2012-03-30 10:18:32,517 | [15] | INFO  | DcmWeb.Filters.ProfileResultAttribute | Result execution - elapsed time: 0.0001826 seconds.;
2012-03-30 10:18:32,533 | [15] | INFO  | DcmWeb.Filters.ProfileResultAttribute | Result execution - elapsed time: 0.0004303 seconds.;
2012-03-30 10:18:32,548 | [15] | INFO  | DcmWeb.Filters.ProfileResultAttribute | Result execution - elapsed time: 0.0004175 seconds.;
2012-03-30 10:18:32,673 | [15] | INFO  | DcmWeb.Filters.ProfileResultAttribute | Result execution - elapsed time: 0.0002096 seconds.;
2012-03-30 10:18:36,573 | [15] | INFO  | DcmWeb.Filters.ProfileResultAttribute | Result execution - elapsed time: 0.001651 seconds.;
2012-03-30 10:18:39,054 | [15] | INFO  | DcmWeb.Filters.ProfileResultAttribute | Result execution - elapsed time: 0.0008259 seconds.;
2012-03-30 10:18:41,114 | [15] | INFO  | DcmWeb.Filters.ProfileResultAttribute | Result execution - elapsed time: 0.000217 seconds.;
2012-03-30 10:18:43,438 | [15] | INFO  | DcmWeb.Filters.ProfileResultAttribute | Result execution - elapsed time: 0.0016771 seconds.;
2012-03-30 10:18:45,076 | [4] | INFO  | DcmWeb.Filters.ProfileResultAttribute | Result execution - elapsed time: 0.0005374 seconds.;
2012-03-30 10:18:47,292 | [15] | INFO  | DcmWeb.Filters.ProfileResultAttribute | Result execution - elapsed time: 0.000287 seconds.;
2012-03-30 10:18:50,412 | [4] | INFO  | DcmWeb.Filters.ProfileResultAttribute | Result execution - elapsed time: 0.0016659 seconds.;
2012-03-30 10:19:03,658 | [4] | INFO  | DcmWeb.Filters.ProfileResultAttribute | Result execution - elapsed time: 0.0054457 seconds.;
2012-03-30 10:19:05,577 | [4] | INFO  | DcmWeb.Filters.ProfileResultAttribute | Result execution - elapsed time: 0.0020071 seconds.;
2012-03-30 10:19:05,983 | [7] | INFO  | DcmWeb.Filters.ProfileResultAttribute | Result execution - elapsed time: 0.0005383 seconds.;
2012-03-30 10:19:06,014 | [10] | INFO  | DcmWeb.Filters.ProfileResultAttribute | Result execution - elapsed time: 0.0001135 seconds.;
2012-03-30 10:19:06,014 | [7] | INFO  | DcmWeb.Filters.ProfileResultAttribute | Result execution - elapsed time: 0.0001135 seconds.;
2012-03-30 10:19:06,154 | [4] | INFO  | DcmWeb.Filters.ProfileResultAttribute | Result execution - elapsed time: 0.001896 seconds.;
2012-03-30 10:19:06,217 | [5] | INFO  | DcmWeb.Filters.ProfileResultAttribute | Result execution - elapsed time: 0.0004604 seconds.;
2012-03-30 10:19:06,248 | [10] | INFO  | DcmWeb.Filters.ProfileResultAttribute | Result execution - elapsed time: 0.0002104 seconds.;
2012-03-30 10:19:08,120 | [5] | INFO  | DcmWeb.Filters.ProfileResultAttribute | Result execution - elapsed time: 0.0016345 seconds.;
2012-03-30 10:22:59,945 | [4] | INFO  | DcmWeb.Filters.ProfileResultAttribute | Result execution - elapsed time: 0.0054175 seconds.;
2012-03-30 10:23:02,350 | [5] | INFO  | DcmWeb.Filters.ProfileResultAttribute | Result execution - elapsed time: 0.0018371 seconds.;
2012-03-30 10:23:02,865 | [10] | INFO  | DcmWeb.Filters.ProfileResultAttribute | Result execution - elapsed time: 0.0004275 seconds.;
2012-03-30 10:23:02,865 | [4] | INFO  | DcmWeb.Filters.ProfileResultAttribute | Result execution - elapsed time: 0.0002239 seconds.;
2012-03-30 10:23:02,881 | [10] | INFO  | DcmWeb.Filters.ProfileResultAttribute | Result execution - elapsed time: 0.0001833 seconds.;
2012-03-30 10:23:03,131 | [5] | INFO  | DcmWeb.Filters.ProfileResultAttribute | Result execution - elapsed time: 0.0005129 seconds.;
2012-03-30 10:23:03,131 | [7] | INFO  | DcmWeb.Filters.ProfileResultAttribute | Result execution - elapsed time: 0.0018019 seconds.;
2012-03-30 10:23:03,162 | [4] | INFO  | DcmWeb.Filters.ProfileResultAttribute | Result execution - elapsed time: 0.0001976 seconds.;
2012-03-30 10:23:23,196 | [7] | INFO  | DcmWeb.Filters.ProfileResultAttribute | Result execution - elapsed time: 0.0016386 seconds.;
2012-03-30 10:41:12,255 | [4] | INFO  | DcmWeb.Filters.ProfileResultAttribute | Result execution - elapsed time: 0.0907723 seconds.;
2012-03-30 10:41:20,237 | [10] | INFO  | DcmWeb.Filters.ProfileResultAttribute | Result execution - elapsed time: 0.0230116 seconds.;
2012-03-30 10:41:20,237 | [5] | INFO  | DcmWeb.Filters.ProfileResultAttribute | Result execution - elapsed time: 0.0230116 seconds.;
2012-03-30 10:41:20,314 | [5] | INFO  | DcmWeb.Filters.ProfileResultAttribute | Result execution - elapsed time: 0.0004295 seconds.;
2012-03-30 10:41:21,010 | [7] | INFO  | DcmWeb.Filters.ProfileResultAttribute | Result execution - elapsed time: 0.0004324 seconds.;
2012-03-30 10:41:21,134 | [10] | INFO  | DcmWeb.Filters.ProfileResultAttribute | Result execution - elapsed time: 0.0004643 seconds.;
2012-03-30 10:41:21,150 | [4] | INFO  | DcmWeb.Filters.ProfileResultAttribute | Result execution - elapsed time: 0.004528 seconds.;
2012-03-30 10:41:21,165 | [15] | INFO  | DcmWeb.Filters.ProfileResultAttribute | Result execution - elapsed time: 0.0008017 seconds.;
2012-03-30 10:41:21,196 | [5] | INFO  | DcmWeb.Filters.ProfileResultAttribute | Result execution - elapsed time: 0.0027791 seconds.;
2012-03-30 10:42:07,215 | [15] | INFO  | DcmWeb.Filters.ProfileResultAttribute | Result execution - elapsed time: 0.0073188 seconds.;
2012-03-30 10:42:09,473 | [7] | INFO  | DcmWeb.Filters.ProfileResultAttribute | Result execution - elapsed time: 0.0019044 seconds.;
2012-03-30 10:42:10,076 | [7] | INFO  | DcmWeb.Filters.ProfileResultAttribute | Result execution - elapsed time: 0.0006288 seconds.;
2012-03-30 10:42:10,107 | [5] | INFO  | DcmWeb.Filters.ProfileResultAttribute | Result execution - elapsed time: 0.0005548 seconds.;
2012-03-30 10:42:10,123 | [10] | INFO  | DcmWeb.Filters.ProfileResultAttribute | Result execution - elapsed time: 0.0001955 seconds.;
2012-03-30 10:42:10,278 | [15] | INFO  | DcmWeb.Filters.ProfileResultAttribute | Result execution - elapsed time: 0.0018329 seconds.;
2012-03-30 10:42:10,278 | [4] | INFO  | DcmWeb.Filters.ProfileResultAttribute | Result execution - elapsed time: 0.0002726 seconds.;
2012-03-30 10:42:10,401 | [15] | INFO  | DcmWeb.Filters.ProfileResultAttribute | Result execution - elapsed time: 0.0001954 seconds.;
2012-03-30 10:42:13,077 | [15] | INFO  | DcmWeb.Filters.ProfileResultAttribute | Result execution - elapsed time: 0.0016615 seconds.;
2012-03-30 10:55:36,763 | [4] | INFO  | DcmWeb.Filters.ProfileResultAttribute | Result execution - elapsed time: 0.0078046 seconds.;
2012-03-30 10:55:39,072 | [14] | INFO  | DcmWeb.Filters.ProfileResultAttribute | Result execution - elapsed time: 0.0018171 seconds.;
2012-03-30 10:55:39,708 | [17] | INFO  | DcmWeb.Filters.ProfileResultAttribute | Result execution - elapsed time: 0.0007841 seconds.;
2012-03-30 10:55:39,863 | [7] | INFO  | DcmWeb.Filters.ProfileResultAttribute | Result execution - elapsed time: 0.0004597 seconds.;
2012-03-30 10:55:39,878 | [4] | INFO  | DcmWeb.Filters.ProfileResultAttribute | Result execution - elapsed time: 0.0001965 seconds.;
2012-03-30 10:55:39,878 | [15] | INFO  | DcmWeb.Filters.ProfileResultAttribute | Result execution - elapsed time: 9.72E-05 seconds.;
2012-03-30 10:55:40,002 | [9] | INFO  | DcmWeb.Filters.ProfileResultAttribute | Result execution - elapsed time: 0.0005816 seconds.;
2012-03-30 10:55:40,049 | [14] | INFO  | DcmWeb.Filters.ProfileResultAttribute | Result execution - elapsed time: 0.0002022 seconds.;
2012-03-30 10:55:45,908 | [15] | INFO  | DcmWeb.Filters.ProfileResultAttribute | Result execution - elapsed time: 0.0016457 seconds.;
2012-03-30 10:56:55,706 | [16] | INFO  | DcmWeb.Filters.ProfileResultAttribute | Result execution - elapsed time: 0.0049776 seconds.;
2012-03-30 10:56:58,419 | [10] | INFO  | DcmWeb.Filters.ProfileResultAttribute | Result execution - elapsed time: 0.0018201 seconds.;
2012-03-30 10:56:58,775 | [17] | INFO  | DcmWeb.Filters.ProfileResultAttribute | Result execution - elapsed time: 0.0004143 seconds.;
2012-03-30 10:56:58,791 | [8] | INFO  | DcmWeb.Filters.ProfileResultAttribute | Result execution - elapsed time: 0.0001913 seconds.;
2012-03-30 10:56:58,822 | [16] | INFO  | DcmWeb.Filters.ProfileResultAttribute | Result execution - elapsed time: 0.0005371 seconds.;
2012-03-30 10:56:59,070 | [5] | INFO  | DcmWeb.Filters.ProfileResultAttribute | Result execution - elapsed time: 0.0005774 seconds.;
2012-03-30 10:56:59,070 | [10] | INFO  | DcmWeb.Filters.ProfileResultAttribute | Result execution - elapsed time: 0.0018323 seconds.;
2012-03-30 10:56:59,085 | [15] | INFO  | DcmWeb.Filters.ProfileResultAttribute | Result execution - elapsed time: 0.0002029 seconds.;
2012-03-30 10:57:00,821 | [17] | INFO  | DcmWeb.Filters.ProfileResultAttribute | Result execution - elapsed time: 0.0016327 seconds.;
2012-03-30 10:57:46,362 | [17] | INFO  | DcmWeb.Filters.ProfileResultAttribute | Result execution - elapsed time: 0.0045826 seconds.;
2012-03-30 10:57:48,687 | [17] | INFO  | DcmWeb.Filters.ProfileResultAttribute | Result execution - elapsed time: 0.0018192 seconds.;
2012-03-30 10:57:49,338 | [7] | INFO  | DcmWeb.Filters.ProfileResultAttribute | Result execution - elapsed time: 0.0005572 seconds.;
2012-03-30 10:57:49,369 | [8] | INFO  | DcmWeb.Filters.ProfileResultAttribute | Result execution - elapsed time: 0.0001621 seconds.;
2012-03-30 10:57:49,384 | [15] | INFO  | DcmWeb.Filters.ProfileResultAttribute | Result execution - elapsed time: 0.0005424 seconds.;
2012-03-30 10:57:49,539 | [10] | INFO  | DcmWeb.Filters.ProfileResultAttribute | Result execution - elapsed time: 0.0018449 seconds.;
2012-03-30 10:57:49,586 | [17] | INFO  | DcmWeb.Filters.ProfileResultAttribute | Result execution - elapsed time: 0.0004533 seconds.;
2012-03-30 10:57:49,601 | [4] | INFO  | DcmWeb.Filters.ProfileResultAttribute | Result execution - elapsed time: 0.0002097 seconds.;
2012-03-30 10:57:51,105 | [14] | INFO  | DcmWeb.Filters.ProfileResultAttribute | Result execution - elapsed time: 0.0016784 seconds.;
2012-03-30 10:58:01,257 | [10] | INFO  | DcmWeb.Filters.ProfileResultAttribute | Result execution - elapsed time: 0.0026993 seconds.;
2012-03-30 10:58:07,427 | [4] | INFO  | DcmWeb.Filters.ProfileResultAttribute | Result execution - elapsed time: 0.0004707 seconds.;
2012-03-30 10:58:10,279 | [7] | INFO  | DcmWeb.Filters.ProfileResultAttribute | Result execution - elapsed time: 0.0064487 seconds.;
2012-03-30 10:58:12,619 | [4] | INFO  | DcmWeb.Filters.ProfileResultAttribute | Result execution - elapsed time: 0.0018221 seconds.;
2012-03-30 10:58:13,270 | [10] | INFO  | DcmWeb.Filters.ProfileResultAttribute | Result execution - elapsed time: 0.0005678 seconds.;
2012-03-30 10:58:13,286 | [7] | INFO  | DcmWeb.Filters.ProfileResultAttribute | Result execution - elapsed time: 0.0002067 seconds.;
2012-03-30 10:58:13,301 | [9] | INFO  | DcmWeb.Filters.ProfileResultAttribute | Result execution - elapsed time: 0.000202 seconds.;
2012-03-30 10:58:13,518 | [17] | INFO  | DcmWeb.Filters.ProfileResultAttribute | Result execution - elapsed time: 0.0005884 seconds.;
2012-03-30 10:58:13,534 | [14] | INFO  | DcmWeb.Filters.ProfileResultAttribute | Result execution - elapsed time: 0.0018788 seconds.;
2012-03-30 10:58:13,565 | [8] | INFO  | DcmWeb.Filters.ProfileResultAttribute | Result execution - elapsed time: 0.0002074 seconds.;
2012-03-30 10:58:15,797 | [9] | INFO  | DcmWeb.Filters.ProfileResultAttribute | Result execution - elapsed time: 0.0016338 seconds.;
2012-03-30 11:01:27,711 | [14] | INFO  | DcmWeb.Filters.ProfileResultAttribute | Result execution - elapsed time: 0.802356 seconds.;
2012-03-30 11:01:29,843 | [7] | INFO  | DcmWeb.Filters.ProfileResultAttribute | Result execution - elapsed time: 0.0018278 seconds.;
2012-03-30 11:01:30,309 | [16] | INFO  | DcmWeb.Filters.ProfileResultAttribute | Result execution - elapsed time: 0.0004582 seconds.;
2012-03-30 11:01:30,371 | [14] | INFO  | DcmWeb.Filters.ProfileResultAttribute | Result execution - elapsed time: 0.0005005 seconds.;
2012-03-30 11:01:30,403 | [15] | INFO  | DcmWeb.Filters.ProfileResultAttribute | Result execution - elapsed time: 0.0004637 seconds.;
2012-03-30 11:01:30,574 | [7] | INFO  | DcmWeb.Filters.ProfileResultAttribute | Result execution - elapsed time: 0.0022596 seconds.;
2012-03-30 11:01:30,620 | [5] | INFO  | DcmWeb.Filters.ProfileResultAttribute | Result execution - elapsed time: 0.000472 seconds.;
2012-03-30 11:01:30,636 | [4] | INFO  | DcmWeb.Filters.ProfileResultAttribute | Result execution - elapsed time: 0.0001982 seconds.;
2012-03-30 11:01:33,342 | [14] | INFO  | DcmWeb.Filters.ProfileResultAttribute | Result execution - elapsed time: 0.0016293 seconds.;
2012-03-30 11:01:35,271 | [14] | INFO  | DcmWeb.Filters.ProfileResultAttribute | Result execution - elapsed time: 0.0005706 seconds.;
2012-03-30 11:01:37,433 | [14] | INFO  | DcmWeb.Filters.ProfileResultAttribute | Result execution - elapsed time: 0.0002273 seconds.;
2012-03-30 11:01:39,658 | [14] | INFO  | DcmWeb.Filters.ProfileResultAttribute | Result execution - elapsed time: 0.0016689 seconds.;
2012-03-30 11:04:30,932 | [7] | INFO  | DcmWeb.Filters.ProfileResultAttribute | Result execution - elapsed time: 0.0087243 seconds.;
2012-03-30 11:04:33,050 | [15] | INFO  | DcmWeb.Filters.ProfileResultAttribute | Result execution - elapsed time: 0.0018239 seconds.;
2012-03-30 11:04:33,626 | [4] | INFO  | DcmWeb.Filters.ProfileResultAttribute | Result execution - elapsed time: 0.000531 seconds.;
2012-03-30 11:04:33,658 | [4] | INFO  | DcmWeb.Filters.ProfileResultAttribute | Result execution - elapsed time: 0.0001559 seconds.;
2012-03-30 11:04:33,673 | [4] | INFO  | DcmWeb.Filters.ProfileResultAttribute | Result execution - elapsed time: 0.0001849 seconds.;
2012-03-30 11:04:33,782 | [14] | INFO  | DcmWeb.Filters.ProfileResultAttribute | Result execution - elapsed time: 0.0020755 seconds.;
2012-03-30 11:04:33,844 | [15] | INFO  | DcmWeb.Filters.ProfileResultAttribute | Result execution - elapsed time: 0.0004761 seconds.;
2012-03-30 11:04:33,891 | [4] | INFO  | DcmWeb.Filters.ProfileResultAttribute | Result execution - elapsed time: 0.0004539 seconds.;
2012-03-30 11:04:36,508 | [15] | DEBUG | DcmWeb.Controllers.DcmController | {method:SearchAll, type:ALL, code:, name:, status:ALL, effectiveDateSt:30/03/2012, createDateSt:30/03/2012, elapsedMilliseconds:451};
2012-03-30 11:04:36,508 | [15] | INFO  | DcmWeb.Filters.ProfileResultAttribute | Result execution - elapsed time: 0.0003747 seconds.;
2012-03-30 11:04:37,458 | [4] | DEBUG | DcmWeb.Controllers.DcmController | {method:SearchAll, type:ALL, code:, name:, status:ALL, effectiveDateSt:30/03/2012, createDateSt:30/03/2012, elapsedMilliseconds:68};
2012-03-30 11:04:37,458 | [4] | INFO  | DcmWeb.Filters.ProfileResultAttribute | Result execution - elapsed time: 0.0002098 seconds.;
2012-03-30 11:04:38,657 | [15] | DEBUG | DcmWeb.Controllers.DcmController | {method:SearchAll, type:ALL, code:, name:, status:ALL, effectiveDateSt:, createDateSt:, elapsedMilliseconds:138};
2012-03-30 11:04:38,657 | [15] | INFO  | DcmWeb.Filters.ProfileResultAttribute | Result execution - elapsed time: 0.0018044 seconds.;
2012-03-30 11:04:43,657 | [15] | INFO  | DcmWeb.Filters.ProfileResultAttribute | Result execution - elapsed time: 0.0081067 seconds.;
2012-03-30 11:04:48,641 | [15] | INFO  | DcmWeb.Controllers.DcmController | {method:SaveProfilePrinciple, Id:1, Code:PROF-1, success:True, message:Save Profile Principle Completed.};
2012-03-30 11:04:48,641 | [15] | INFO  | DcmWeb.Filters.ProfileResultAttribute | Result execution - elapsed time: 0.0001956 seconds.;
2012-03-30 11:04:48,765 | [4] | DEBUG | DcmWeb.Controllers.DcmController | {method:SearchAll, type:ALL, code:, name:, status:ALL, effectiveDateSt:, createDateSt:, elapsedMilliseconds:51};
2012-03-30 11:04:48,765 | [4] | INFO  | DcmWeb.Filters.ProfileResultAttribute | Result execution - elapsed time: 0.0009394 seconds.;
2012-03-30 11:12:45,700 | [15] | INFO  | DcmWeb.Filters.ProfileResultAttribute | Result execution - elapsed time: 0.0051976 seconds.;
2012-03-30 11:12:48,196 | [18] | INFO  | DcmWeb.Filters.ProfileResultAttribute | Result execution - elapsed time: 0.0018324 seconds.;
2012-03-30 11:12:48,727 | [14] | INFO  | DcmWeb.Filters.ProfileResultAttribute | Result execution - elapsed time: 0.0006034 seconds.;
2012-03-30 11:12:48,742 | [18] | INFO  | DcmWeb.Filters.ProfileResultAttribute | Result execution - elapsed time: 0.0004425 seconds.;
2012-03-30 11:12:48,758 | [5] | INFO  | DcmWeb.Filters.ProfileResultAttribute | Result execution - elapsed time: 0.0001859 seconds.;
2012-03-30 11:12:48,805 | [6] | INFO  | DcmWeb.Filters.ProfileResultAttribute | Result execution - elapsed time: 0.0020199 seconds.;
2012-03-30 11:12:48,961 | [7] | INFO  | DcmWeb.Filters.ProfileResultAttribute | Result execution - elapsed time: 0.0005908 seconds.;
2012-03-30 11:12:49,023 | [14] | INFO  | DcmWeb.Filters.ProfileResultAttribute | Result execution - elapsed time: 0.0004954 seconds.;
2012-03-30 11:12:52,877 | [15] | INFO  | DcmWeb.Filters.ProfileResultAttribute | Result execution - elapsed time: 0.0016396 seconds.;
2012-03-30 11:12:54,468 | [6] | INFO  | DcmWeb.Filters.ProfileResultAttribute | Result execution - elapsed time: 0.0005473 seconds.;
2012-03-30 11:12:56,558 | [18] | INFO  | DcmWeb.Filters.ProfileResultAttribute | Result execution - elapsed time: 0.0002165 seconds.;
2012-03-30 11:13:00,396 | [18] | INFO  | DcmWeb.Filters.ProfileResultAttribute | Result execution - elapsed time: 0.0005158 seconds.;
2012-03-30 11:13:02,128 | [5] | INFO  | DcmWeb.Filters.ProfileResultAttribute | Result execution - elapsed time: 0.0002224 seconds.;
2012-03-30 11:14:43,172 | [4] | INFO  | DcmWeb.Filters.ProfileResultAttribute | Result execution - elapsed time: 0.0074542 seconds.;
2012-03-30 11:14:45,403 | [14] | INFO  | DcmWeb.Filters.ProfileResultAttribute | Result execution - elapsed time: 0.0018685 seconds.;
2012-03-30 11:14:46,027 | [14] | INFO  | DcmWeb.Filters.ProfileResultAttribute | Result execution - elapsed time: 0.0008004 seconds.;
2012-03-30 11:14:46,152 | [14] | INFO  | DcmWeb.Filters.ProfileResultAttribute | Result execution - elapsed time: 0.0004819 seconds.;
2012-03-30 11:14:46,183 | [14] | INFO  | DcmWeb.Filters.ProfileResultAttribute | Result execution - elapsed time: 0.0004989 seconds.;
2012-03-30 11:14:46,199 | [14] | INFO  | DcmWeb.Filters.ProfileResultAttribute | Result execution - elapsed time: 0.0004146 seconds.;
2012-03-30 11:14:46,214 | [14] | INFO  | DcmWeb.Filters.ProfileResultAttribute | Result execution - elapsed time: 0.000186 seconds.;
2012-03-30 11:14:46,355 | [14] | INFO  | DcmWeb.Filters.ProfileResultAttribute | Result execution - elapsed time: 0.0004529 seconds.;
2012-03-30 11:14:48,929 | [14] | INFO  | DcmWeb.Filters.ProfileResultAttribute | Result execution - elapsed time: 0.001656 seconds.;
2012-03-30 11:14:50,286 | [14] | INFO  | DcmWeb.Filters.ProfileResultAttribute | Result execution - elapsed time: 0.0005437 seconds.;
2012-03-30 11:14:52,579 | [14] | INFO  | DcmWeb.Filters.ProfileResultAttribute | Result execution - elapsed time: 0.0002255 seconds.;
2012-03-30 11:14:52,860 | [14] | INFO  | DcmWeb.Filters.ProfileResultAttribute | Result execution - elapsed time: 0.0016538 seconds.;
2012-03-30 11:14:54,997 | [17] | INFO  | DcmWeb.Filters.ProfileResultAttribute | Result execution - elapsed time: 0.0005107 seconds.;
2012-03-30 11:14:57,244 | [15] | INFO  | DcmWeb.Filters.ProfileResultAttribute | Result execution - elapsed time: 0.0002108 seconds.;
2012-03-30 11:14:57,540 | [4] | INFO  | DcmWeb.Filters.ProfileResultAttribute | Result execution - elapsed time: 0.0016457 seconds.;
2012-03-30 11:15:05,262 | [17] | INFO  | DcmWeb.Filters.ProfileResultAttribute | Result execution - elapsed time: 0.0005444 seconds.;
2012-03-30 11:15:09,615 | [14] | INFO  | DcmWeb.Filters.ProfileResultAttribute | Result execution - elapsed time: 0.0002059 seconds.;
2012-03-30 11:15:09,896 | [15] | INFO  | DcmWeb.Filters.ProfileResultAttribute | Result execution - elapsed time: 0.0016424 seconds.;
2012-03-30 11:15:12,751 | [17] | INFO  | DcmWeb.Filters.ProfileResultAttribute | Result execution - elapsed time: 0.0005112 seconds.;
2012-03-30 11:16:40,862 | [4] | INFO  | DcmWeb.Filters.ProfileResultAttribute | Result execution - elapsed time: 0.0050914 seconds.;
2012-03-30 11:16:43,046 | [4] | INFO  | DcmWeb.Filters.ProfileResultAttribute | Result execution - elapsed time: 0.002047 seconds.;
2012-03-30 11:16:43,670 | [4] | INFO  | DcmWeb.Filters.ProfileResultAttribute | Result execution - elapsed time: 0.0018294 seconds.;
2012-03-30 11:16:43,826 | [4] | INFO  | DcmWeb.Filters.ProfileResultAttribute | Result execution - elapsed time: 0.0004913 seconds.;
2012-03-30 11:16:43,842 | [4] | INFO  | DcmWeb.Filters.ProfileResultAttribute | Result execution - elapsed time: 0.0002029 seconds.;
2012-03-30 11:16:43,873 | [4] | INFO  | DcmWeb.Filters.ProfileResultAttribute | Result execution - elapsed time: 0.0004437 seconds.;
2012-03-30 11:16:43,889 | [4] | INFO  | DcmWeb.Filters.ProfileResultAttribute | Result execution - elapsed time: 0.0002047 seconds.;
2012-03-30 11:16:44,014 | [4] | INFO  | DcmWeb.Filters.ProfileResultAttribute | Result execution - elapsed time: 0.0001918 seconds.;
2012-03-30 11:16:46,822 | [7] | INFO  | DcmWeb.Filters.ProfileResultAttribute | Result execution - elapsed time: 0.0019508 seconds.;
2012-03-30 11:16:46,915 | [4] | INFO  | DcmWeb.Filters.ProfileResultAttribute | Result execution - elapsed time: 0.0017934 seconds.;
2012-03-30 11:16:48,163 | [7] | INFO  | DcmWeb.Filters.ProfileResultAttribute | Result execution - elapsed time: 0.0005426 seconds.;
2012-03-30 11:17:13,629 | [7] | INFO  | DcmWeb.Filters.ProfileResultAttribute | Result execution - elapsed time: 0.00883 seconds.;
2012-03-30 11:17:15,859 | [17] | INFO  | DcmWeb.Filters.ProfileResultAttribute | Result execution - elapsed time: 0.0018529 seconds.;
2012-03-30 11:17:16,561 | [17] | INFO  | DcmWeb.Filters.ProfileResultAttribute | Result execution - elapsed time: 0.0004748 seconds.;
2012-03-30 11:17:16,561 | [15] | INFO  | DcmWeb.Filters.ProfileResultAttribute | Result execution - elapsed time: 0.0008157 seconds.;
2012-03-30 11:17:16,623 | [15] | INFO  | DcmWeb.Filters.ProfileResultAttribute | Result execution - elapsed time: 0.0004376 seconds.;
2012-03-30 11:17:16,638 | [15] | INFO  | DcmWeb.Filters.ProfileResultAttribute | Result execution - elapsed time: 0.0001532 seconds.;
2012-03-30 11:17:16,654 | [15] | INFO  | DcmWeb.Filters.ProfileResultAttribute | Result execution - elapsed time: 0.0001859 seconds.;
2012-03-30 11:17:16,779 | [15] | INFO  | DcmWeb.Filters.ProfileResultAttribute | Result execution - elapsed time: 0.0004629 seconds.;
2012-03-30 11:17:18,229 | [15] | INFO  | DcmWeb.Filters.ProfileResultAttribute | Result execution - elapsed time: 0.001632 seconds.;
2012-03-30 11:17:19,508 | [15] | INFO  | DcmWeb.Filters.ProfileResultAttribute | Result execution - elapsed time: 0.0005487 seconds.;
2012-03-30 11:19:11,970 | [4] | INFO  | DcmWeb.Filters.ProfileResultAttribute | Result execution - elapsed time: 0.0005431 seconds.;
2012-03-30 11:21:34,903 | [7] | INFO  | DcmWeb.Filters.ProfileResultAttribute | Result execution - elapsed time: 0.0003522 seconds.;
2012-03-30 11:21:35,386 | [15] | INFO  | DcmWeb.Filters.ProfileResultAttribute | Result execution - elapsed time: 0.0004158 seconds.;
2012-03-30 11:21:36,338 | [4] | INFO  | DcmWeb.Filters.ProfileResultAttribute | Result execution - elapsed time: 0.0003829 seconds.;
2012-03-30 11:21:36,462 | [14] | INFO  | DcmWeb.Filters.ProfileResultAttribute | Result execution - elapsed time: 0.0017043 seconds.;
2012-03-30 11:21:39,503 | [18] | INFO  | DcmWeb.Filters.ProfileResultAttribute | Result execution - elapsed time: 0.000555 seconds.;
2012-03-30 11:21:39,784 | [7] | INFO  | DcmWeb.Filters.ProfileResultAttribute | Result execution - elapsed time: 0.0003522 seconds.;
2012-03-30 11:21:39,799 | [15] | INFO  | DcmWeb.Filters.ProfileResultAttribute | Result execution - elapsed time: 0.0001241 seconds.;
2012-03-30 11:21:39,815 | [4] | INFO  | DcmWeb.Filters.ProfileResultAttribute | Result execution - elapsed time: 0.0004084 seconds.;
2012-03-30 11:27:25,786 | [15] | INFO  | DcmWeb.Filters.ProfileResultAttribute | Result execution - elapsed time: 0.0002672 seconds.;
2012-03-30 11:27:27,922 | [15] | INFO  | DcmWeb.Filters.ProfileResultAttribute | Result execution - elapsed time: 0.0002243 seconds.;
2012-03-30 11:37:47,159 | [14] | INFO  | DcmWeb.Filters.ProfileResultAttribute | Result execution - elapsed time: 1.8780094 seconds.;
2012-03-30 11:37:56,607 | [8] | INFO  | DcmWeb.Filters.ProfileResultAttribute | Result execution - elapsed time: 0.0021596 seconds.;
2012-03-30 11:37:56,685 | [7] | INFO  | DcmWeb.Filters.ProfileResultAttribute | Result execution - elapsed time: 0.0003988 seconds.;
2012-03-30 11:37:57,059 | [5] | INFO  | DcmWeb.Filters.ProfileResultAttribute | Result execution - elapsed time: 0.0004115 seconds.;
2012-03-30 11:37:57,308 | [14] | INFO  | DcmWeb.Filters.ProfileResultAttribute | Result execution - elapsed time: 0.0055179 seconds.;
2012-03-30 11:37:57,495 | [10] | INFO  | DcmWeb.Filters.ProfileResultAttribute | Result execution - elapsed time: 0.0007514 seconds.;
2012-03-30 11:37:57,495 | [4] | INFO  | DcmWeb.Filters.ProfileResultAttribute | Result execution - elapsed time: 0.0026576 seconds.;
2012-03-30 11:37:57,511 | [8] | INFO  | DcmWeb.Filters.ProfileResultAttribute | Result execution - elapsed time: 0.0002051 seconds.;
2012-03-30 11:38:00,224 | [6] | INFO  | DcmWeb.Filters.ProfileResultAttribute | Result execution - elapsed time: 0.0028828 seconds.;
2012-03-30 11:38:03,264 | [7] | INFO  | DcmWeb.Filters.ProfileResultAttribute | Result execution - elapsed time: 0.0028221 seconds.;
2012-03-30 11:39:10,847 | [17] | INFO  | DcmWeb.Filters.ProfileResultAttribute | Result execution - elapsed time: 0.0051512 seconds.;
2012-03-30 11:39:13,186 | [17] | INFO  | DcmWeb.Filters.ProfileResultAttribute | Result execution - elapsed time: 0.0019008 seconds.;
2012-03-30 11:39:13,685 | [4] | INFO  | DcmWeb.Filters.ProfileResultAttribute | Result execution - elapsed time: 0.0004506 seconds.;
2012-03-30 11:39:13,700 | [10] | INFO  | DcmWeb.Filters.ProfileResultAttribute | Result execution - elapsed time: 0.000145 seconds.;
2012-03-30 11:39:13,747 | [15] | INFO  | DcmWeb.Filters.ProfileResultAttribute | Result execution - elapsed time: 0.0004984 seconds.;
2012-03-30 11:39:14,012 | [14] | INFO  | DcmWeb.Filters.ProfileResultAttribute | Result execution - elapsed time: 0.0020077 seconds.;
2012-03-30 11:39:14,012 | [4] | INFO  | DcmWeb.Filters.ProfileResultAttribute | Result execution - elapsed time: 0.0004567 seconds.;
2012-03-30 11:39:14,012 | [17] | INFO  | DcmWeb.Filters.ProfileResultAttribute | Result execution - elapsed time: 0.0001769 seconds.;
2012-03-30 11:39:15,680 | [4] | INFO  | DcmWeb.Filters.ProfileResultAttribute | Result execution - elapsed time: 0.0016767 seconds.;
2012-03-30 11:39:16,974 | [14] | INFO  | DcmWeb.Filters.ProfileResultAttribute | Result execution - elapsed time: 0.0014205 seconds.;
2012-03-30 11:39:26,469 | [4] | INFO  | DcmWeb.Filters.ProfileResultAttribute | Result execution - elapsed time: 0.0013871 seconds.;
2012-03-30 11:39:30,241 | [14] | INFO  | DcmWeb.Filters.ProfileResultAttribute | Result execution - elapsed time: 0.0014706 seconds.;
2012-03-30 11:39:47,765 | [4] | INFO  | DcmWeb.Filters.ProfileResultAttribute | Result execution - elapsed time: 0.0004187 seconds.;
2012-03-30 11:40:54,491 | [17] | INFO  | DcmWeb.Filters.ProfileResultAttribute | Result execution - elapsed time: 0.0066842 seconds.;
2012-03-30 11:40:56,689 | [17] | INFO  | DcmWeb.Filters.ProfileResultAttribute | Result execution - elapsed time: 0.0018876 seconds.;
2012-03-30 11:40:57,437 | [17] | INFO  | DcmWeb.Filters.ProfileResultAttribute | Result execution - elapsed time: 0.000813 seconds.;
2012-03-30 11:40:57,578 | [17] | INFO  | DcmWeb.Filters.ProfileResultAttribute | Result execution - elapsed time: 0.0004533 seconds.;
2012-03-30 11:40:57,593 | [17] | INFO  | DcmWeb.Filters.ProfileResultAttribute | Result execution - elapsed time: 0.0004459 seconds.;
2012-03-30 11:40:57,609 | [17] | INFO  | DcmWeb.Filters.ProfileResultAttribute | Result execution - elapsed time: 0.0001567 seconds.;
2012-03-30 11:40:57,624 | [17] | INFO  | DcmWeb.Filters.ProfileResultAttribute | Result execution - elapsed time: 0.000175 seconds.;
2012-03-30 11:40:57,734 | [17] | INFO  | DcmWeb.Filters.ProfileResultAttribute | Result execution - elapsed time: 0.0004498 seconds.;
2012-03-30 11:40:59,184 | [17] | INFO  | DcmWeb.Filters.ProfileResultAttribute | Result execution - elapsed time: 0.0017301 seconds.;
2012-03-30 11:41:00,493 | [15] | INFO  | DcmWeb.Filters.ProfileResultAttribute | Result execution - elapsed time: 0.0014225 seconds.;
2012-03-30 11:41:10,938 | [10] | INFO  | DcmWeb.Filters.ProfileResultAttribute | Result execution - elapsed time: 0.0004273 seconds.;
2012-03-30 11:41:28,337 | [15] | INFO  | DcmWeb.Filters.ProfileResultAttribute | Result execution - elapsed time: 0.0057757 seconds.;
2012-03-30 11:41:30,629 | [4] | INFO  | DcmWeb.Filters.ProfileResultAttribute | Result execution - elapsed time: 0.0018365 seconds.;
2012-03-30 11:41:31,237 | [4] | INFO  | DcmWeb.Filters.ProfileResultAttribute | Result execution - elapsed time: 0.0004235 seconds.;
2012-03-30 11:41:31,252 | [4] | INFO  | DcmWeb.Filters.ProfileResultAttribute | Result execution - elapsed time: 0.0001959 seconds.;
2012-03-30 11:41:31,268 | [15] | INFO  | DcmWeb.Filters.ProfileResultAttribute | Result execution - elapsed time: 0.0002223 seconds.;
2012-03-30 11:41:31,455 | [10] | INFO  | DcmWeb.Filters.ProfileResultAttribute | Result execution - elapsed time: 0.0004609 seconds.;
2012-03-30 11:41:31,471 | [14] | INFO  | DcmWeb.Filters.ProfileResultAttribute | Result execution - elapsed time: 0.0021975 seconds.;
2012-03-30 11:41:31,502 | [4] | INFO  | DcmWeb.Filters.ProfileResultAttribute | Result execution - elapsed time: 0.000215 seconds.;
2012-03-30 11:41:32,796 | [14] | DEBUG | DcmWeb.Controllers.DcmController | {method:SearchAll, type:ALL, code:, name:, status:ALL, effectiveDateSt:30/03/2012, createDateSt:30/03/2012, elapsedMilliseconds:400};
2012-03-30 11:41:32,796 | [14] | INFO  | DcmWeb.Filters.ProfileResultAttribute | Result execution - elapsed time: 0.0003805 seconds.;
2012-03-30 11:41:34,261 | [10] | DEBUG | DcmWeb.Controllers.DcmController | {method:SearchAll, type:ALL, code:, name:, status:ALL, effectiveDateSt:30/03/2012, createDateSt:30/03/2012, elapsedMilliseconds:71};
2012-03-30 11:41:34,261 | [10] | INFO  | DcmWeb.Filters.ProfileResultAttribute | Result execution - elapsed time: 0.000199 seconds.;
2012-03-30 11:41:36,600 | [15] | INFO  | DcmWeb.Filters.ProfileResultAttribute | Result execution - elapsed time: 0.0016277 seconds.;
2012-03-30 11:41:37,831 | [4] | INFO  | DcmWeb.Filters.ProfileResultAttribute | Result execution - elapsed time: 0.0015966 seconds.;
2012-03-30 11:41:40,560 | [14] | INFO  | DcmWeb.Filters.ProfileResultAttribute | Result execution - elapsed time: 0.0014147 seconds.;
2012-03-30 11:42:21,437 | [14] | INFO  | DcmWeb.Filters.ProfileResultAttribute | Result execution - elapsed time: 0.0014441 seconds.;
2012-03-30 11:44:32,440 | [4] | INFO  | DcmWeb.Filters.ProfileResultAttribute | Result execution - elapsed time: 0.0052643 seconds.;
2012-03-30 11:44:34,717 | [17] | INFO  | DcmWeb.Filters.ProfileResultAttribute | Result execution - elapsed time: 0.0018341 seconds.;
2012-03-30 11:44:35,247 | [10] | INFO  | DcmWeb.Filters.ProfileResultAttribute | Result execution - elapsed time: 0.0004726 seconds.;
2012-03-30 11:44:35,278 | [4] | INFO  | DcmWeb.Filters.ProfileResultAttribute | Result execution - elapsed time: 0.0001674 seconds.;
2012-03-30 11:44:35,325 | [17] | INFO  | DcmWeb.Filters.ProfileResultAttribute | Result execution - elapsed time: 0.0004354 seconds.;
2012-03-30 11:44:35,512 | [15] | INFO  | DcmWeb.Filters.ProfileResultAttribute | Result execution - elapsed time: 0.0002152 seconds.;
2012-03-30 11:44:35,527 | [14] | INFO  | DcmWeb.Filters.ProfileResultAttribute | Result execution - elapsed time: 0.0019248 seconds.;
2012-03-30 11:44:35,543 | [10] | INFO  | DcmWeb.Filters.ProfileResultAttribute | Result execution - elapsed time: 0.0002047 seconds.;
2012-03-30 11:44:37,507 | [4] | INFO  | DcmWeb.Filters.ProfileResultAttribute | Result execution - elapsed time: 0.0016412 seconds.;
2012-03-30 11:44:39,846 | [17] | INFO  | DcmWeb.Filters.ProfileResultAttribute | Result execution - elapsed time: 0.0014187 seconds.;
2012-03-30 11:44:43,946 | [14] | INFO  | DcmWeb.Filters.ProfileResultAttribute | Result execution - elapsed time: 0.0014677 seconds.;
2012-03-30 11:47:46,615 | [17] | INFO  | DcmWeb.Filters.ProfileResultAttribute | Result execution - elapsed time: 1.8848768 seconds.;
2012-03-30 11:47:55,377 | [6] | INFO  | DcmWeb.Filters.ProfileResultAttribute | Result execution - elapsed time: 0.0012827 seconds.;
2012-03-30 11:47:55,424 | [8] | INFO  | DcmWeb.Filters.ProfileResultAttribute | Result execution - elapsed time: 0.0004098 seconds.;
2012-03-30 11:47:55,455 | [15] | INFO  | DcmWeb.Filters.ProfileResultAttribute | Result execution - elapsed time: 0.0003628 seconds.;
2012-03-30 11:47:56,172 | [4] | INFO  | DcmWeb.Filters.ProfileResultAttribute | Result execution - elapsed time: 0.0004074 seconds.;
2012-03-30 11:47:56,188 | [6] | INFO  | DcmWeb.Filters.ProfileResultAttribute | Result execution - elapsed time: 0.0003313 seconds.;
2012-03-30 11:47:56,234 | [7] | INFO  | DcmWeb.Filters.ProfileResultAttribute | Result execution - elapsed time: 0.0043942 seconds.;
2012-03-30 11:47:56,234 | [17] | INFO  | DcmWeb.Filters.ProfileResultAttribute | Result execution - elapsed time: 0.0043942 seconds.;
2012-03-30 11:49:24,521 | [15] | INFO  | DcmWeb.Filters.ProfileResultAttribute | Result execution - elapsed time: 0.0078667 seconds.;
2012-03-30 11:49:26,298 | [6] | INFO  | DcmWeb.Filters.ProfileResultAttribute | Result execution - elapsed time: 0.0027238 seconds.;
2012-03-30 11:49:37,024 | [8] | INFO  | DcmWeb.Filters.ProfileResultAttribute | Result execution - elapsed time: 0.0014518 seconds.;
2012-03-30 11:50:30,701 | [15] | INFO  | DcmWeb.Filters.ProfileResultAttribute | Result execution - elapsed time: 0.00144 seconds.;
2012-03-30 11:50:33,648 | [5] | INFO  | DcmWeb.Filters.ProfileResultAttribute | Result execution - elapsed time: 0.0004183 seconds.;
2012-03-30 11:50:39,899 | [8] | INFO  | DcmWeb.Filters.ProfileResultAttribute | Result execution - elapsed time: 0.0004978 seconds.;
2012-03-30 11:50:40,195 | [6] | INFO  | DcmWeb.Filters.ProfileResultAttribute | Result execution - elapsed time: 0.0017606 seconds.;
2012-03-30 11:50:42,269 | [6] | INFO  | DcmWeb.Filters.ProfileResultAttribute | Result execution - elapsed time: 0.0005494 seconds.;
2012-03-30 11:50:45,356 | [17] | INFO  | DcmWeb.Filters.ProfileResultAttribute | Result execution - elapsed time: 0.0002263 seconds.;
2012-03-30 11:50:45,605 | [5] | INFO  | DcmWeb.Filters.ProfileResultAttribute | Result execution - elapsed time: 0.0016468 seconds.;
2012-03-30 11:52:13,627 | [17] | INFO  | DcmWeb.Filters.ProfileResultAttribute | Result execution - elapsed time: 0.0005471 seconds.;
2012-03-30 11:52:26,333 | [15] | INFO  | DcmWeb.Filters.ProfileResultAttribute | Result execution - elapsed time: 0.0002372 seconds.;
2012-03-30 11:52:26,582 | [8] | INFO  | DcmWeb.Filters.ProfileResultAttribute | Result execution - elapsed time: 0.0016648 seconds.;
2012-03-30 11:52:34,455 | [15] | INFO  | DcmWeb.Filters.ProfileResultAttribute | Result execution - elapsed time: 0.000524 seconds.;
2012-03-30 11:52:36,264 | [17] | INFO  | DcmWeb.Filters.ProfileResultAttribute | Result execution - elapsed time: 0.000238 seconds.;
2012-03-30 11:52:36,529 | [5] | INFO  | DcmWeb.Filters.ProfileResultAttribute | Result execution - elapsed time: 0.0016729 seconds.;
2012-03-30 14:43:33,243 | [6] | INFO  | DcmWeb.Filters.ProfileResultAttribute | Result execution - elapsed time: 2.3281448 seconds.;
2012-03-30 14:43:42,083 | [5] | INFO  | DcmWeb.Filters.ProfileResultAttribute | Result execution - elapsed time: 0.0014988 seconds.;
2012-03-30 14:43:42,114 | [6] | INFO  | DcmWeb.Filters.ProfileResultAttribute | Result execution - elapsed time: 0.0003045 seconds.;
2012-03-30 14:43:42,130 | [12] | INFO  | DcmWeb.Filters.ProfileResultAttribute | Result execution - elapsed time: 0.0001721 seconds.;
2012-03-30 14:43:42,488 | [5] | INFO  | DcmWeb.Filters.ProfileResultAttribute | Result execution - elapsed time: 0.0003729 seconds.;
2012-03-30 14:43:42,941 | [13] | INFO  | DcmWeb.Filters.ProfileResultAttribute | Result execution - elapsed time: 0.0004529 seconds.;
2012-03-30 14:43:42,956 | [4] | INFO  | DcmWeb.Filters.ProfileResultAttribute | Result execution - elapsed time: 0.0052706 seconds.;
2012-03-30 14:43:42,972 | [10] | INFO  | DcmWeb.Filters.ProfileResultAttribute | Result execution - elapsed time: 0.0020684 seconds.;
2012-03-30 14:43:43,050 | [12] | INFO  | DcmWeb.Filters.ProfileResultAttribute | Result execution - elapsed time: 0.0027525 seconds.;
2012-03-30 14:48:47,403 | [6] | INFO  | DcmWeb.Filters.ProfileResultAttribute | Result execution - elapsed time: 0.8830683 seconds.;
2012-03-30 14:48:56,279 | [17] | INFO  | DcmWeb.Filters.ProfileResultAttribute | Result execution - elapsed time: 0.0011801 seconds.;
2012-03-30 14:48:56,342 | [18] | INFO  | DcmWeb.Filters.ProfileResultAttribute | Result execution - elapsed time: 0.0004176 seconds.;
2012-03-30 14:48:56,405 | [16] | INFO  | DcmWeb.Filters.ProfileResultAttribute | Result execution - elapsed time: 0.0004222 seconds.;
2012-03-30 14:48:57,146 | [15] | INFO  | DcmWeb.Filters.ProfileResultAttribute | Result execution - elapsed time: 0.0004255 seconds.;
2012-03-30 14:48:57,162 | [6] | INFO  | DcmWeb.Filters.ProfileResultAttribute | Result execution - elapsed time: 9.4E-06 seconds.;
2012-03-30 14:48:57,162 | [13] | INFO  | DcmWeb.Filters.ProfileResultAttribute | Result execution - elapsed time: 9.4E-06 seconds.;
2012-03-30 14:48:57,162 | [14] | INFO  | DcmWeb.Filters.ProfileResultAttribute | Result execution - elapsed time: 9.4E-06 seconds.;
2012-03-30 14:49:00,110 | [17] | INFO  | DcmWeb.Filters.ProfileResultAttribute | Result execution - elapsed time: 0.0028998 seconds.;
2012-03-30 14:49:03,721 | [16] | INFO  | DcmWeb.Filters.ProfileResultAttribute | Result execution - elapsed time: 0.0017591 seconds.;
2012-03-30 14:51:38,559 | [15] | INFO  | DcmWeb.Filters.ProfileResultAttribute | Result execution - elapsed time: 0.7463094 seconds.;
2012-03-30 14:51:40,829 | [15] | INFO  | DcmWeb.Filters.ProfileResultAttribute | Result execution - elapsed time: 0.0019674 seconds.;
2012-03-30 14:51:41,396 | [6] | INFO  | DcmWeb.Filters.ProfileResultAttribute | Result execution - elapsed time: 0.0004576 seconds.;
2012-03-30 14:51:41,412 | [5] | INFO  | DcmWeb.Filters.ProfileResultAttribute | Result execution - elapsed time: 0.0001848 seconds.;
2012-03-30 14:51:41,428 | [18] | INFO  | DcmWeb.Filters.ProfileResultAttribute | Result execution - elapsed time: 0.0002245 seconds.;
2012-03-30 14:51:41,649 | [16] | INFO  | DcmWeb.Filters.ProfileResultAttribute | Result execution - elapsed time: 0.002207 seconds.;
2012-03-30 14:51:41,664 | [14] | INFO  | DcmWeb.Filters.ProfileResultAttribute | Result execution - elapsed time: 0.0002415 seconds.;
2012-03-30 14:51:41,680 | [15] | INFO  | DcmWeb.Filters.ProfileResultAttribute | Result execution - elapsed time: 0.0002101 seconds.;
2012-03-30 14:51:44,660 | [16] | INFO  | DcmWeb.Filters.ProfileResultAttribute | Result execution - elapsed time: 0.0017314 seconds.;
2012-03-30 14:52:00,615 | [6] | INFO  | DcmWeb.Filters.ProfileResultAttribute | Result execution - elapsed time: 1.0434403 seconds.;
2012-03-30 14:52:02,728 | [17] | INFO  | DcmWeb.Filters.ProfileResultAttribute | Result execution - elapsed time: 0.0018335 seconds.;
2012-03-30 14:52:03,154 | [5] | INFO  | DcmWeb.Filters.ProfileResultAttribute | Result execution - elapsed time: 0.0004065 seconds.;
2012-03-30 14:52:03,185 | [14] | INFO  | DcmWeb.Filters.ProfileResultAttribute | Result execution - elapsed time: 0.0005196 seconds.;
2012-03-30 14:52:03,185 | [16] | INFO  | DcmWeb.Filters.ProfileResultAttribute | Result execution - elapsed time: 0.0001942 seconds.;
2012-03-30 14:52:03,422 | [18] | INFO  | DcmWeb.Filters.ProfileResultAttribute | Result execution - elapsed time: 0.000545 seconds.;
2012-03-30 14:52:03,437 | [6] | INFO  | DcmWeb.Filters.ProfileResultAttribute | Result execution - elapsed time: 0.00227 seconds.;
2012-03-30 14:52:03,453 | [15] | INFO  | DcmWeb.Filters.ProfileResultAttribute | Result execution - elapsed time: 0.0001966 seconds.;
2012-03-30 14:52:06,196 | [14] | INFO  | DcmWeb.Filters.ProfileResultAttribute | Result execution - elapsed time: 0.001777 seconds.;
2012-03-30 14:52:15,419 | [14] | INFO  | DcmWeb.Filters.ProfileResultAttribute | Result execution - elapsed time: 0.0027365 seconds.;
2012-03-30 14:52:18,951 | [18] | INFO  | DcmWeb.Filters.ProfileResultAttribute | Result execution - elapsed time: 0.0014614 seconds.;
2012-03-30 14:52:27,307 | [17] | INFO  | DcmWeb.Filters.ProfileResultAttribute | Result execution - elapsed time: 0.0004648 seconds.;
2012-03-30 14:52:27,591 | [16] | INFO  | DcmWeb.Filters.ProfileResultAttribute | Result execution - elapsed time: 0.0017171 seconds.;
2012-03-30 14:54:06,712 | [15] | INFO  | DcmWeb.Filters.ProfileResultAttribute | Result execution - elapsed time: 0.703368 seconds.;
2012-03-30 14:54:08,967 | [16] | INFO  | DcmWeb.Filters.ProfileResultAttribute | Result execution - elapsed time: 0.001868 seconds.;
2012-03-30 14:54:09,515 | [15] | INFO  | DcmWeb.Filters.ProfileResultAttribute | Result execution - elapsed time: 0.0003836 seconds.;
2012-03-30 14:54:09,531 | [6] | INFO  | DcmWeb.Filters.ProfileResultAttribute | Result execution - elapsed time: 0.0002061 seconds.;
2012-03-30 14:54:09,562 | [4] | INFO  | DcmWeb.Filters.ProfileResultAttribute | Result execution - elapsed time: 0.0005514 seconds.;
2012-03-30 14:54:09,766 | [17] | INFO  | DcmWeb.Filters.ProfileResultAttribute | Result execution - elapsed time: 0.0004963 seconds.;
2012-03-30 14:54:09,812 | [15] | INFO  | DcmWeb.Filters.ProfileResultAttribute | Result execution - elapsed time: 0.0005236 seconds.;
2012-03-30 14:54:09,828 | [16] | INFO  | DcmWeb.Filters.ProfileResultAttribute | Result execution - elapsed time: 0.0018782 seconds.;
2012-03-30 14:54:11,879 | [4] | INFO  | DcmWeb.Filters.ProfileResultAttribute | Result execution - elapsed time: 0.0017939 seconds.;
2012-03-30 14:54:24,186 | [17] | INFO  | DcmWeb.Filters.ProfileResultAttribute | Result execution - elapsed time: 0.8309703 seconds.;
2012-03-30 14:54:26,237 | [6] | INFO  | DcmWeb.Filters.ProfileResultAttribute | Result execution - elapsed time: 0.0022385 seconds.;
2012-03-30 14:54:26,315 | [17] | INFO  | DcmWeb.Filters.ProfileResultAttribute | Result execution - elapsed time: 0.0075803 seconds.;
2012-03-30 14:54:26,315 | [14] | INFO  | DcmWeb.Filters.ProfileResultAttribute | Result execution - elapsed time: 0.0002707 seconds.;
2012-03-30 14:54:26,362 | [15] | INFO  | DcmWeb.Filters.ProfileResultAttribute | Result execution - elapsed time: 0.0007033 seconds.;
2012-03-30 14:54:26,456 | [16] | INFO  | DcmWeb.Filters.ProfileResultAttribute | Result execution - elapsed time: 0.0022909 seconds.;
2012-03-30 14:54:26,487 | [6] | INFO  | DcmWeb.Filters.ProfileResultAttribute | Result execution - elapsed time: 0.0001942 seconds.;
2012-03-30 14:56:33,059 | [14] | INFO  | DcmWeb.Filters.ProfileResultAttribute | Result execution - elapsed time: 0.7788475 seconds.;
2012-03-30 14:56:35,439 | [13] | INFO  | DcmWeb.Filters.ProfileResultAttribute | Result execution - elapsed time: 0.0019067 seconds.;
2012-03-30 14:56:36,003 | [15] | INFO  | DcmWeb.Filters.ProfileResultAttribute | Result execution - elapsed time: 0.0004268 seconds.;
2012-03-30 14:56:36,018 | [6] | INFO  | DcmWeb.Filters.ProfileResultAttribute | Result execution - elapsed time: 0.0001935 seconds.;
2012-03-30 14:56:36,081 | [16] | INFO  | DcmWeb.Filters.ProfileResultAttribute | Result execution - elapsed time: 0.000576 seconds.;
2012-03-30 14:56:36,206 | [14] | INFO  | DcmWeb.Filters.ProfileResultAttribute | Result execution - elapsed time: 0.0022726 seconds.;
2012-03-30 14:56:36,285 | [5] | INFO  | DcmWeb.Filters.ProfileResultAttribute | Result execution - elapsed time: 0.0008529 seconds.;
2012-03-30 14:56:36,285 | [17] | INFO  | DcmWeb.Filters.ProfileResultAttribute | Result execution - elapsed time: 0.0002023 seconds.;
2012-03-30 14:56:38,445 | [15] | INFO  | DcmWeb.Filters.ProfileResultAttribute | Result execution - elapsed time: 0.0018106 seconds.;
2012-03-30 15:07:36,107 | [14] | INFO  | DcmWeb.Filters.ProfileResultAttribute | Result execution - elapsed time: 0.7990466 seconds.;
2012-03-30 15:07:38,495 | [16] | INFO  | DcmWeb.Filters.ProfileResultAttribute | Result execution - elapsed time: 0.001881 seconds.;
2012-03-30 15:07:39,119 | [4] | INFO  | DcmWeb.Filters.ProfileResultAttribute | Result execution - elapsed time: 0.0004145 seconds.;
2012-03-30 15:07:39,119 | [15] | INFO  | DcmWeb.Filters.ProfileResultAttribute | Result execution - elapsed time: 0.0001906 seconds.;
2012-03-30 15:07:39,150 | [17] | INFO  | DcmWeb.Filters.ProfileResultAttribute | Result execution - elapsed time: 0.0005397 seconds.;
2012-03-30 15:07:39,306 | [14] | INFO  | DcmWeb.Filters.ProfileResultAttribute | Result execution - elapsed time: 0.0018536 seconds.;
2012-03-30 15:07:39,337 | [16] | INFO  | DcmWeb.Filters.ProfileResultAttribute | Result execution - elapsed time: 0.0004901 seconds.;
2012-03-30 15:07:39,369 | [4] | INFO  | DcmWeb.Filters.ProfileResultAttribute | Result execution - elapsed time: 0.0001968 seconds.;
2012-03-30 15:07:41,709 | [17] | INFO  | DcmWeb.Filters.ProfileResultAttribute | Result execution - elapsed time: 0.0017192 seconds.;
2012-03-30 15:09:38,108 | [6] | INFO  | DcmWeb.Filters.ProfileResultAttribute | Result execution - elapsed time: 0.849716 seconds.;
2012-03-30 15:09:40,370 | [17] | INFO  | DcmWeb.Filters.ProfileResultAttribute | Result execution - elapsed time: 0.0020096 seconds.;
2012-03-30 15:09:40,947 | [13] | INFO  | DcmWeb.Filters.ProfileResultAttribute | Result execution - elapsed time: 0.0004487 seconds.;
2012-03-30 15:09:40,978 | [15] | INFO  | DcmWeb.Filters.ProfileResultAttribute | Result execution - elapsed time: 0.0002162 seconds.;
2012-03-30 15:09:40,978 | [6] | INFO  | DcmWeb.Filters.ProfileResultAttribute | Result execution - elapsed time: 0.0001439 seconds.;
2012-03-30 15:09:41,181 | [17] | INFO  | DcmWeb.Filters.ProfileResultAttribute | Result execution - elapsed time: 0.0020393 seconds.;
2012-03-30 15:09:41,197 | [16] | INFO  | DcmWeb.Filters.ProfileResultAttribute | Result execution - elapsed time: 0.0005683 seconds.;
2012-03-30 15:09:41,244 | [4] | INFO  | DcmWeb.Filters.ProfileResultAttribute | Result execution - elapsed time: 0.0001947 seconds.;
2012-03-30 15:09:42,757 | [16] | INFO  | DcmWeb.Filters.ProfileResultAttribute | Result execution - elapsed time: 0.0017067 seconds.;
2012-03-30 15:14:06,934 | [15] | INFO  | DcmWeb.Filters.ProfileResultAttribute | Result execution - elapsed time: 0.7567718 seconds.;
2012-03-30 15:14:09,242 | [15] | INFO  | DcmWeb.Filters.ProfileResultAttribute | Result execution - elapsed time: 0.0078092 seconds.;
2012-03-30 15:14:09,741 | [14] | INFO  | DcmWeb.Filters.ProfileResultAttribute | Result execution - elapsed time: 0.0005589 seconds.;
2012-03-30 15:14:09,757 | [17] | INFO  | DcmWeb.Filters.ProfileResultAttribute | Result execution - elapsed time: 0.0002591 seconds.;
2012-03-30 15:14:09,788 | [16] | INFO  | DcmWeb.Filters.ProfileResultAttribute | Result execution - elapsed time: 0.0004782 seconds.;
2012-03-30 15:14:09,944 | [6] | INFO  | DcmWeb.Filters.ProfileResultAttribute | Result execution - elapsed time: 0.0023252 seconds.;
2012-03-30 15:14:09,975 | [11] | INFO  | DcmWeb.Filters.ProfileResultAttribute | Result execution - elapsed time: 0.0002229 seconds.;
2012-03-30 15:14:10,006 | [12] | INFO  | DcmWeb.Filters.ProfileResultAttribute | Result execution - elapsed time: 0.0001885 seconds.;
2012-03-30 15:14:11,909 | [16] | INFO  | DcmWeb.Filters.ProfileResultAttribute | Result execution - elapsed time: 0.0019392 seconds.;
2012-03-30 15:14:11,987 | [11] | INFO  | DcmWeb.Filters.ProfileResultAttribute | Result execution - elapsed time: 0.0044723 seconds.;
2012-03-30 15:15:49,125 | [14] | INFO  | DcmWeb.Filters.ProfileResultAttribute | Result execution - elapsed time: 1.5196462 seconds.;
2012-03-30 15:15:51,667 | [16] | INFO  | DcmWeb.Filters.ProfileResultAttribute | Result execution - elapsed time: 0.0018441 seconds.;
2012-03-30 15:15:52,197 | [4] | INFO  | DcmWeb.Filters.ProfileResultAttribute | Result execution - elapsed time: 0.0004279 seconds.;
2012-03-30 15:15:52,213 | [6] | INFO  | DcmWeb.Filters.ProfileResultAttribute | Result execution - elapsed time: 0.0005297 seconds.;
2012-03-30 15:15:52,275 | [4] | INFO  | DcmWeb.Filters.ProfileResultAttribute | Result execution - elapsed time: 0.0002909 seconds.;
2012-03-30 15:15:52,478 | [11] | INFO  | DcmWeb.Filters.ProfileResultAttribute | Result execution - elapsed time: 0.0023365 seconds.;
2012-03-30 15:15:52,509 | [17] | INFO  | DcmWeb.Filters.ProfileResultAttribute | Result execution - elapsed time: 0.000452 seconds.;
2012-03-30 15:15:52,525 | [14] | INFO  | DcmWeb.Filters.ProfileResultAttribute | Result execution - elapsed time: 0.0002102 seconds.;
2012-03-30 15:15:54,287 | [15] | INFO  | DcmWeb.Filters.ProfileResultAttribute | Result execution - elapsed time: 0.0018304 seconds.;
2012-03-30 15:16:12,801 | [4] | INFO  | DcmWeb.Filters.ProfileResultAttribute | Result execution - elapsed time: 0.8041565 seconds.;
2012-03-30 15:16:15,062 | [4] | INFO  | DcmWeb.Filters.ProfileResultAttribute | Result execution - elapsed time: 0.0018776 seconds.;
2012-03-30 15:16:15,795 | [6] | INFO  | DcmWeb.Filters.ProfileResultAttribute | Result execution - elapsed time: 0.0004384 seconds.;
2012-03-30 15:16:15,811 | [14] | INFO  | DcmWeb.Filters.ProfileResultAttribute | Result execution - elapsed time: 0.0002224 seconds.;
2012-03-30 15:16:15,827 | [11] | INFO  | DcmWeb.Filters.ProfileResultAttribute | Result execution - elapsed time: 0.0005084 seconds.;
2012-03-30 15:16:15,982 | [16] | INFO  | DcmWeb.Filters.ProfileResultAttribute | Result execution - elapsed time: 0.0002324 seconds.;
2012-03-30 15:16:15,998 | [15] | INFO  | DcmWeb.Filters.ProfileResultAttribute | Result execution - elapsed time: 0.0019568 seconds.;
2012-03-30 15:16:16,045 | [17] | INFO  | DcmWeb.Filters.ProfileResultAttribute | Result execution - elapsed time: 0.0002054 seconds.;
2012-03-30 15:16:17,979 | [6] | INFO  | DcmWeb.Filters.ProfileResultAttribute | Result execution - elapsed time: 0.0017264 seconds.;
2012-03-30 15:29:49,655 | [6] | INFO  | DcmWeb.Filters.ProfileResultAttribute | Result execution - elapsed time: 1.4899549 seconds.;
2012-03-30 15:29:58,357 | [13] | INFO  | DcmWeb.Filters.ProfileResultAttribute | Result execution - elapsed time: 0.0019261 seconds.;
2012-03-30 15:29:58,419 | [18] | INFO  | DcmWeb.Filters.ProfileResultAttribute | Result execution - elapsed time: 0.0003923 seconds.;
2012-03-30 15:29:58,513 | [19] | INFO  | DcmWeb.Filters.ProfileResultAttribute | Result execution - elapsed time: 0.0004136 seconds.;
2012-03-30 15:29:58,996 | [5] | INFO  | DcmWeb.Filters.ProfileResultAttribute | Result execution - elapsed time: 0.0052848 seconds.;
2012-03-30 15:29:59,090 | [10] | INFO  | DcmWeb.Filters.ProfileResultAttribute | Result execution - elapsed time: 0.0004482 seconds.;
2012-03-30 15:29:59,137 | [13] | INFO  | DcmWeb.Filters.ProfileResultAttribute | Result execution - elapsed time: 0.0002125 seconds.;
2012-03-30 15:29:59,152 | [6] | INFO  | DcmWeb.Filters.ProfileResultAttribute | Result execution - elapsed time: 0.0008181 seconds.;
2012-03-30 15:30:03,909 | [20] | INFO  | DcmWeb.Filters.ProfileResultAttribute | Result execution - elapsed time: 0.0028215 seconds.;
2012-03-30 18:16:38,037 | [16] | INFO  | DcmWeb.Filters.ProfileResultAttribute | Result execution - elapsed time: 3.1532225 seconds.;
2012-03-30 18:16:45,416 | [23] | INFO  | DcmWeb.Filters.ProfileResultAttribute | Result execution - elapsed time: 0.0016211 seconds.;
2012-03-30 18:16:46,234 | [21] | INFO  | DcmWeb.Filters.ProfileResultAttribute | Result execution - elapsed time: 0.0065586 seconds.;
2012-03-30 18:16:46,348 | [23] | INFO  | DcmWeb.Filters.ProfileResultAttribute | Result execution - elapsed time: 0.0003508 seconds.;
2012-03-30 18:16:46,414 | [22] | INFO  | DcmWeb.Filters.ProfileResultAttribute | Result execution - elapsed time: 0.0001624 seconds.;
2012-03-30 18:16:46,430 | [20] | INFO  | DcmWeb.Filters.ProfileResultAttribute | Result execution - elapsed time: 0.0014727 seconds.;
2012-03-30 18:16:50,439 | [24] | INFO  | DcmWeb.Filters.ProfileResultAttribute | Result execution - elapsed time: 0.000461 seconds.;
2012-03-30 18:16:50,439 | [16] | INFO  | DcmWeb.Filters.ProfileResultAttribute | Result execution - elapsed time: 0.0001606 seconds.;
2012-03-30 18:18:53,211 | [24] | DEBUG | DcmWeb.Controllers.DcmController | {method:SearchAll, type:ALL, code:, name:, status:ALL, effectiveDateSt:30/03/2012, createDateSt:30/03/2012, elapsedMilliseconds:953};
2012-03-30 18:18:53,211 | [24] | INFO  | DcmWeb.Filters.ProfileResultAttribute | Result execution - elapsed time: 0.0020385 seconds.;
2012-03-30 18:18:59,131 | [16] | INFO  | DcmWeb.Filters.ProfileResultAttribute | Result execution - elapsed time: 0.0027002 seconds.;
2012-03-30 18:19:03,004 | [23] | INFO  | DcmWeb.Filters.ProfileResultAttribute | Result execution - elapsed time: 0.0030293 seconds.;
2012-03-30 18:19:11,654 | [24] | INFO  | DcmWeb.Filters.ProfileResultAttribute | Result execution - elapsed time: 0.0005478 seconds.;
2012-03-30 18:19:11,892 | [21] | INFO  | DcmWeb.Filters.ProfileResultAttribute | Result execution - elapsed time: 0.0012907 seconds.;
2012-03-30 18:23:42,882 | [24] | INFO  | DcmWeb.Filters.ProfileResultAttribute | Result execution - elapsed time: 0.0005628 seconds.;
2012-03-30 18:23:45,294 | [23] | INFO  | DcmWeb.Filters.ProfileResultAttribute | Result execution - elapsed time: 0.0001607 seconds.;
2012-03-30 18:23:45,564 | [21] | INFO  | DcmWeb.Filters.ProfileResultAttribute | Result execution - elapsed time: 0.00122 seconds.;
