2012-05-08 10:27:57,868 | [4] | INFO  | DcmWeb.Controllers.DcmController | test mongo;
2012-05-08 10:28:57,883 | [11] | INFO  | DcmWeb.Controllers.DcmController | test mongo;
2012-05-08 10:29:00,456 | [11] | INFO  | DcmWeb.Filters.ProfileResultAttribute | Result execution - elapsed time: 1.7719031 seconds.;
2012-05-08 10:29:03,481 | [4] | INFO  | DcmWeb.Controllers.DcmController | test mongo;
2012-05-08 10:29:04,494 | [8] | INFO  | DcmWeb.Controllers.DcmController | test mongo;
2012-05-08 10:29:04,681 | [11] | INFO  | DcmWeb.Controllers.DcmController | test mongo;
2012-05-08 10:29:04,853 | [9] | INFO  | DcmWeb.Controllers.DcmController | test mongo;
2012-05-08 10:29:05,009 | [13] | INFO  | DcmWeb.Controllers.DcmController | test mongo;
2012-05-08 10:29:05,180 | [12] | INFO  | DcmWeb.Controllers.DcmController | test mongo;
2012-05-08 10:29:19,744 | [13] | INFO  | DcmWeb.Filters.ProfileResultAttribute | Result execution - elapsed time: 0.0201342 seconds.;
2012-05-08 10:29:20,835 | [12] | INFO  | DcmWeb.Filters.ProfileResultAttribute | Result execution - elapsed time: 0.0004135 seconds.;
2012-05-08 10:29:20,929 | [4] | INFO  | DcmWeb.Filters.ProfileResultAttribute | Result execution - elapsed time: 0.0049416 seconds.;
2012-05-08 10:29:20,944 | [8] | INFO  | DcmWeb.Filters.ProfileResultAttribute | Result execution - elapsed time: 0.0049416 seconds.;
2012-05-08 10:29:24,546 | [13] | INFO  | DcmWeb.Controllers.DcmController | test mongo;
2012-05-08 10:29:29,006 | [11] | INFO  | DcmWeb.Filters.ProfileResultAttribute | Result execution - elapsed time: 0.0006503 seconds.;
2012-05-08 10:29:29,006 | [9] | INFO  | DcmWeb.Filters.ProfileResultAttribute | Result execution - elapsed time: 0.0003688 seconds.;
2012-05-08 10:29:29,240 | [13] | INFO  | DcmWeb.Filters.ProfileResultAttribute | Result execution - elapsed time: 0.0004238 seconds.;
2012-05-08 10:31:51,927 | [12] | INFO  | DcmWeb.Controllers.DcmController | test mongo;
2012-05-08 10:31:58,164 | [12] | DEBUG | DcmWeb.Controllers.DcmController | {method:SearchAll, type:ALL, code:, name:, status:ALL, effectiveDateSt:, createDateSt:, elapsedMilliseconds:4389};
2012-05-08 10:31:59,614 | [12] | INFO  | DcmWeb.Filters.ProfileResultAttribute | Result execution - elapsed time: 0.0061238 seconds.;
2012-05-08 11:47:13,879 | [4] | INFO  | DcmWeb.Controllers.DcmController | test mongo;
2012-05-08 11:47:17,558 | [4] | INFO  | DcmWeb.Filters.ProfileResultAttribute | Result execution - elapsed time: 2.9518732 seconds.;
2012-05-08 11:47:20,042 | [15] | INFO  | DcmWeb.Controllers.DcmController | test mongo;
2012-05-08 11:47:20,880 | [4] | INFO  | DcmWeb.Controllers.DcmController | test mongo;
2012-05-08 11:47:20,989 | [18] | INFO  | DcmWeb.Controllers.DcmController | test mongo;
2012-05-08 11:47:21,082 | [17] | INFO  | DcmWeb.Controllers.DcmController | test mongo;
2012-05-08 11:47:21,160 | [16] | INFO  | DcmWeb.Controllers.DcmController | test mongo;
2012-05-08 11:47:21,253 | [20] | INFO  | DcmWeb.Controllers.DcmController | test mongo;
2012-05-08 11:47:27,943 | [20] | INFO  | DcmWeb.Filters.ProfileResultAttribute | Result execution - elapsed time: 0.0018465 seconds.;
2012-05-08 11:47:28,114 | [20] | INFO  | DcmWeb.Controllers.DcmController | test mongo;
2012-05-08 11:47:28,766 | [15] | INFO  | DcmWeb.Filters.ProfileResultAttribute | Result execution - elapsed time: 0.0066586 seconds.;
2012-05-08 11:47:28,890 | [16] | INFO  | DcmWeb.Filters.ProfileResultAttribute | Result execution - elapsed time: 0.0004201 seconds.;
2012-05-08 11:47:28,905 | [20] | INFO  | DcmWeb.Filters.ProfileResultAttribute | Result execution - elapsed time: 0.0004246 seconds.;
2012-05-08 11:47:28,952 | [4] | INFO  | DcmWeb.Filters.ProfileResultAttribute | Result execution - elapsed time: 0.0014376 seconds.;
2012-05-08 11:47:33,143 | [18] | INFO  | DcmWeb.Filters.ProfileResultAttribute | Result execution - elapsed time: 0.0003535 seconds.;
2012-05-08 11:47:33,143 | [17] | INFO  | DcmWeb.Filters.ProfileResultAttribute | Result execution - elapsed time: 0.0003839 seconds.;
2012-05-08 11:48:37,951 | [18] | INFO  | DcmWeb.Controllers.DcmController | test mongo;
2012-05-08 11:48:42,266 | [18] | DEBUG | DcmWeb.Controllers.DcmController | {method:SearchAll, type:ALL, code:, name:, status:ALL, effectiveDateSt:, createDateSt:, elapsedMilliseconds:2215};
2012-05-08 11:48:42,328 | [18] | INFO  | DcmWeb.Filters.ProfileResultAttribute | Result execution - elapsed time: 0.0048714 seconds.;
2012-05-08 11:49:48,145 | [18] | INFO  | DcmWeb.Controllers.DcmController | test mongo;
2012-05-08 11:49:51,700 | [18] | INFO  | DcmWeb.Filters.ProfileResultAttribute | Result execution - elapsed time: 2.8211148 seconds.;
2012-05-08 11:49:58,552 | [16] | INFO  | DcmWeb.Controllers.DcmController | test mongo;
2012-05-08 11:49:59,829 | [17] | INFO  | DcmWeb.Controllers.DcmController | test mongo;
2012-05-08 11:50:01,994 | [18] | INFO  | DcmWeb.Controllers.DcmController | test mongo;
2012-05-08 11:50:02,820 | [20] | INFO  | DcmWeb.Controllers.DcmController | test mongo;
2012-05-08 11:50:03,505 | [4] | INFO  | DcmWeb.Controllers.DcmController | test mongo;
2012-05-08 11:50:03,910 | [19] | INFO  | DcmWeb.Controllers.DcmController | test mongo;
2012-05-08 11:50:09,331 | [4] | INFO  | DcmWeb.Filters.ProfileResultAttribute | Result execution - elapsed time: 0.0016046 seconds.;
2012-05-08 11:50:14,502 | [15] | INFO  | DcmWeb.Controllers.DcmController | test mongo;
2012-05-08 11:50:14,751 | [18] | INFO  | DcmWeb.Filters.ProfileResultAttribute | Result execution - elapsed time: 0.0005607 seconds.;
2012-05-08 11:50:14,767 | [16] | INFO  | DcmWeb.Filters.ProfileResultAttribute | Result execution - elapsed time: 0.0068555 seconds.;
2012-05-08 11:50:14,860 | [15] | INFO  | DcmWeb.Filters.ProfileResultAttribute | Result execution - elapsed time: 0.0004414 seconds.;
2012-05-08 11:50:14,876 | [17] | INFO  | DcmWeb.Filters.ProfileResultAttribute | Result execution - elapsed time: 0.0011715 seconds.;
2012-05-08 11:50:19,408 | [19] | INFO  | DcmWeb.Filters.ProfileResultAttribute | Result execution - elapsed time: 0.000444 seconds.;
2012-05-08 11:50:19,424 | [20] | INFO  | DcmWeb.Filters.ProfileResultAttribute | Result execution - elapsed time: 0.0004647 seconds.;
2012-05-08 11:50:51,760 | [4] | INFO  | DcmWeb.Controllers.DcmController | test mongo;
2012-05-08 11:50:55,296 | [4] | INFO  | DcmWeb.Filters.ProfileResultAttribute | Result execution - elapsed time: 2.7761461 seconds.;
2012-05-08 11:51:07,055 | [16] | INFO  | DcmWeb.Controllers.DcmController | test mongo;
2012-05-08 11:51:19,610 | [17] | INFO  | DcmWeb.Controllers.DcmController | test mongo;
2012-05-08 11:51:20,311 | [19] | INFO  | DcmWeb.Controllers.DcmController | test mongo;
2012-05-08 11:51:21,136 | [20] | INFO  | DcmWeb.Controllers.DcmController | test mongo;
2012-05-08 11:51:22,055 | [10] | INFO  | DcmWeb.Controllers.DcmController | test mongo;
2012-05-08 11:51:22,725 | [12] | INFO  | DcmWeb.Controllers.DcmController | test mongo;
2012-05-08 11:51:27,086 | [20] | INFO  | DcmWeb.Filters.ProfileResultAttribute | Result execution - elapsed time: 0.0015933 seconds.;
2012-05-08 11:51:37,943 | [14] | INFO  | DcmWeb.Controllers.DcmController | test mongo;
2012-05-08 11:51:38,067 | [16] | INFO  | DcmWeb.Filters.ProfileResultAttribute | Result execution - elapsed time: 0.0166219 seconds.;
2012-05-08 11:51:38,067 | [17] | INFO  | DcmWeb.Filters.ProfileResultAttribute | Result execution - elapsed time: 0.0014975 seconds.;
2012-05-08 11:51:38,083 | [19] | INFO  | DcmWeb.Filters.ProfileResultAttribute | Result execution - elapsed time: 0.0006625 seconds.;
2012-05-08 11:51:39,500 | [14] | INFO  | DcmWeb.Filters.ProfileResultAttribute | Result execution - elapsed time: 0.002548 seconds.;
2012-05-08 11:51:42,600 | [10] | INFO  | DcmWeb.Filters.ProfileResultAttribute | Result execution - elapsed time: 6.24E-05 seconds.;
2012-05-08 11:51:42,600 | [12] | INFO  | DcmWeb.Filters.ProfileResultAttribute | Result execution - elapsed time: 6.24E-05 seconds.;
2012-05-08 11:51:44,422 | [17] | INFO  | DcmWeb.Controllers.DcmController | test mongo;
2012-05-08 11:51:48,114 | [17] | DEBUG | DcmWeb.Controllers.DcmController | {method:SearchAll, type:ALL, code:, name:, status:ALL, effectiveDateSt:, createDateSt:, elapsedMilliseconds:2780};
2012-05-08 11:51:48,207 | [17] | INFO  | DcmWeb.Filters.ProfileResultAttribute | Result execution - elapsed time: 0.0050982 seconds.;
2012-05-08 11:59:55,043 | [4] | INFO  | DcmWeb.Controllers.DcmController | test mongo;
2012-05-08 12:02:24,993 | [4] | INFO  | DcmWeb.Filters.ProfileResultAttribute | Result execution - elapsed time: 2.2904065 seconds.;
2012-05-08 12:02:27,601 | [9] | INFO  | DcmWeb.Controllers.DcmController | test mongo;
2012-05-08 12:02:28,444 | [24] | INFO  | DcmWeb.Controllers.DcmController | test mongo;
2012-05-08 12:02:28,476 | [22] | INFO  | DcmWeb.Controllers.DcmController | test mongo;
2012-05-08 12:02:28,491 | [25] | INFO  | DcmWeb.Controllers.DcmController | test mongo;
2012-05-08 12:02:28,507 | [21] | INFO  | DcmWeb.Controllers.DcmController | test mongo;
2012-05-08 12:02:28,538 | [23] | INFO  | DcmWeb.Controllers.DcmController | test mongo;
2012-05-08 12:02:32,239 | [9] | INFO  | DcmWeb.Filters.ProfileResultAttribute | Result execution - elapsed time: 0.0060874 seconds.;
2012-05-08 12:02:32,270 | [23] | INFO  | DcmWeb.Filters.ProfileResultAttribute | Result execution - elapsed time: 0.0023919 seconds.;
2012-05-08 12:02:32,333 | [24] | INFO  | DcmWeb.Filters.ProfileResultAttribute | Result execution - elapsed time: 0.0012537 seconds.;
2012-05-08 12:02:32,348 | [15] | INFO  | DcmWeb.Controllers.DcmController | test mongo;
2012-05-08 12:02:32,442 | [22] | INFO  | DcmWeb.Filters.ProfileResultAttribute | Result execution - elapsed time: 0.0006849 seconds.;
2012-05-08 12:02:32,536 | [15] | INFO  | DcmWeb.Filters.ProfileResultAttribute | Result execution - elapsed time: 0.0005301 seconds.;
2012-05-08 12:02:36,783 | [25] | INFO  | DcmWeb.Filters.ProfileResultAttribute | Result execution - elapsed time: 0.0004181 seconds.;
2012-05-08 12:02:36,783 | [21] | INFO  | DcmWeb.Filters.ProfileResultAttribute | Result execution - elapsed time: 0.0002282 seconds.;
2012-05-08 12:03:54,470 | [4] | INFO  | DcmWeb.Controllers.DcmController | test mongo;
2012-05-08 12:04:13,209 | [4] | INFO  | DcmWeb.Filters.ProfileResultAttribute | Result execution - elapsed time: 0.1057362 seconds.;
2012-05-08 12:04:15,723 | [23] | INFO  | DcmWeb.Controllers.DcmController | test mongo;
2012-05-08 12:04:16,332 | [23] | INFO  | DcmWeb.Controllers.DcmController | test mongo;
2012-05-08 12:04:16,363 | [23] | INFO  | DcmWeb.Controllers.DcmController | test mongo;
2012-05-08 12:04:16,394 | [23] | INFO  | DcmWeb.Controllers.DcmController | test mongo;
2012-05-08 12:04:16,426 | [23] | INFO  | DcmWeb.Controllers.DcmController | test mongo;
2012-05-08 12:04:16,457 | [23] | INFO  | DcmWeb.Controllers.DcmController | test mongo;
2012-05-08 12:04:16,488 | [23] | INFO  | DcmWeb.Controllers.DcmController | test mongo;
2012-05-08 14:03:54,390 | [4] | INFO  | DcmWeb.Controllers.DcmController | test mongo;
2012-05-08 14:06:15,021 | [4] | INFO  | DcmWeb.Filters.ProfileResultAttribute | Result execution - elapsed time: 2.5212044 seconds.;
2012-05-08 14:06:17,646 | [26] | INFO  | DcmWeb.Controllers.DcmController | test mongo;
2012-05-08 14:06:18,474 | [31] | INFO  | DcmWeb.Controllers.DcmController | test mongo;
2012-05-08 14:06:18,505 | [26] | INFO  | DcmWeb.Controllers.DcmController | test mongo;
2012-05-08 14:06:18,537 | [4] | INFO  | DcmWeb.Controllers.DcmController | test mongo;
2012-05-08 14:06:18,583 | [28] | INFO  | DcmWeb.Controllers.DcmController | test mongo;
2012-05-08 14:06:18,615 | [29] | INFO  | DcmWeb.Controllers.DcmController | test mongo;
2012-05-08 14:06:18,646 | [27] | INFO  | DcmWeb.Controllers.DcmController | test mongo;
2012-05-08 14:12:34,394 | [4] | INFO  | DcmWeb.Controllers.DcmController | test mongo;
2012-05-08 14:14:32,659 | [4] | INFO  | DcmWeb.Filters.ProfileResultAttribute | Result execution - elapsed time: 3.1276127 seconds.;
2012-05-08 14:14:40,985 | [30] | INFO  | DcmWeb.Controllers.DcmController | test mongo;
2012-05-08 14:14:44,078 | [4] | INFO  | DcmWeb.Controllers.DcmController | test mongo;
2012-05-08 14:14:47,296 | [25] | INFO  | DcmWeb.Controllers.DcmController | test mongo;
2012-05-08 14:14:51,076 | [23] | INFO  | DcmWeb.Controllers.DcmController | test mongo;
2012-05-08 14:14:55,122 | [24] | INFO  | DcmWeb.Controllers.DcmController | test mongo;
2012-05-08 14:14:57,528 | [21] | INFO  | DcmWeb.Controllers.DcmController | test mongo;
2012-05-08 14:15:01,292 | [25] | INFO  | DcmWeb.Filters.ProfileResultAttribute | Result execution - elapsed time: 0.0016926 seconds.;
2012-05-08 14:15:01,355 | [15] | INFO  | DcmWeb.Controllers.DcmController | test mongo;
2012-05-08 14:15:02,042 | [23] | INFO  | DcmWeb.Filters.ProfileResultAttribute | Result execution - elapsed time: 0.0004855 seconds.;
2012-05-08 14:15:02,214 | [15] | INFO  | DcmWeb.Filters.ProfileResultAttribute | Result execution - elapsed time: 0.000394 seconds.;
2012-05-08 14:15:02,245 | [21] | INFO  | DcmWeb.Filters.ProfileResultAttribute | Result execution - elapsed time: 0.0047221 seconds.;
2012-05-08 14:15:02,261 | [30] | INFO  | DcmWeb.Filters.ProfileResultAttribute | Result execution - elapsed time: 0.0012483 seconds.;
2012-05-08 14:15:06,838 | [4] | INFO  | DcmWeb.Filters.ProfileResultAttribute | Result execution - elapsed time: 0.0003567 seconds.;
2012-05-08 14:15:06,853 | [24] | INFO  | DcmWeb.Filters.ProfileResultAttribute | Result execution - elapsed time: 0.0004185 seconds.;
2012-05-08 14:19:08,614 | [4] | INFO  | DcmWeb.Filters.ProfileResultAttribute | Result execution - elapsed time: 3.1894758 seconds.;
2012-05-08 14:19:50,008 | [25] | INFO  | DcmWeb.Filters.ProfileResultAttribute | Result execution - elapsed time: 0.0042972 seconds.;
2012-05-08 14:19:50,071 | [9] | INFO  | DcmWeb.Filters.ProfileResultAttribute | Result execution - elapsed time: 0.0021787 seconds.;
2012-05-08 14:19:50,071 | [4] | INFO  | DcmWeb.Filters.ProfileResultAttribute | Result execution - elapsed time: 0.000353 seconds.;
2012-05-08 14:19:50,086 | [15] | INFO  | DcmWeb.Filters.ProfileResultAttribute | Result execution - elapsed time: 0.000353 seconds.;
2012-05-08 14:26:57,115 | [29] | INFO  | DcmWeb.Filters.ProfileResultAttribute | Result execution - elapsed time: 0.0005126 seconds.;
2012-05-08 15:04:19,706 | [14] | INFO  | DcmWeb.Filters.ProfileResultAttribute | Result execution - elapsed time: 0.9291693 seconds.;
2012-05-08 15:04:23,502 | [14] | INFO  | DcmWeb.Filters.ProfileResultAttribute | Result execution - elapsed time: 0.0053072 seconds.;
2012-05-08 15:04:24,830 | [14] | INFO  | DcmWeb.Filters.ProfileResultAttribute | Result execution - elapsed time: 0.0011769 seconds.;
2012-05-08 15:04:25,751 | [14] | INFO  | DcmWeb.Filters.ProfileResultAttribute | Result execution - elapsed time: 0.0014582 seconds.;
2012-05-08 15:04:26,454 | [14] | INFO  | DcmWeb.Filters.ProfileResultAttribute | Result execution - elapsed time: 0.0005422 seconds.;
2012-05-08 15:04:27,126 | [14] | INFO  | DcmWeb.Filters.ProfileResultAttribute | Result execution - elapsed time: 0.0003357 seconds.;
2012-05-08 15:04:27,829 | [10] | INFO  | DcmWeb.Filters.ProfileResultAttribute | Result execution - elapsed time: 0.0004746 seconds.;
2012-05-08 15:04:28,563 | [4] | INFO  | DcmWeb.Filters.ProfileResultAttribute | Result execution - elapsed time: 0.0004091 seconds.;
2012-05-08 15:10:07,914 | [10] | INFO  | DcmWeb.Filters.ProfileResultAttribute | Result execution - elapsed time: 2.9718113 seconds.;
2012-05-08 15:10:16,177 | [14] | INFO  | DcmWeb.Filters.ProfileResultAttribute | Result execution - elapsed time: 0.0017026 seconds.;
2012-05-08 15:10:16,208 | [10] | INFO  | DcmWeb.Filters.ProfileResultAttribute | Result execution - elapsed time: 0.0054913 seconds.;
2012-05-08 15:22:57,261 | [4] | INFO  | DcmWeb.Filters.ProfileResultAttribute | Result execution - elapsed time: 8.8086828 seconds.;
2012-05-08 15:30:08,178 | [8] | INFO  | DcmWeb.Filters.ProfileResultAttribute | Result execution - elapsed time: 1.8103373 seconds.;
2012-05-08 15:34:57,372 | [10] | INFO  | DcmWeb.Filters.ProfileResultAttribute | Result execution - elapsed time: 2.2582983 seconds.;
2012-05-08 15:35:01,808 | [14] | INFO  | DcmWeb.Filters.ProfileResultAttribute | Result execution - elapsed time: 1.7581666 seconds.;
2012-05-08 15:35:18,944 | [14] | INFO  | DcmWeb.Filters.ProfileResultAttribute | Result execution - elapsed time: 2.9354401 seconds.;
2012-05-08 15:35:38,000 | [22] | INFO  | DcmWeb.Filters.ProfileResultAttribute | Result execution - elapsed time: 1.0092333 seconds.;
2012-05-08 15:35:39,422 | [10] | INFO  | DcmWeb.Filters.ProfileResultAttribute | Result execution - elapsed time: 0.0032258 seconds.;
2012-05-08 15:35:39,422 | [4] | INFO  | DcmWeb.Filters.ProfileResultAttribute | Result execution - elapsed time: 0.0032258 seconds.;
2012-05-08 15:35:40,640 | [8] | INFO  | DcmWeb.Filters.ProfileResultAttribute | Result execution - elapsed time: 0.0032258 seconds.;
2012-05-08 15:35:40,640 | [12] | INFO  | DcmWeb.Filters.ProfileResultAttribute | Result execution - elapsed time: 0.0032258 seconds.;
2012-05-08 15:35:41,499 | [25] | INFO  | DcmWeb.Filters.ProfileResultAttribute | Result execution - elapsed time: 0.7130791 seconds.;
2012-05-08 15:35:49,591 | [15] | DEBUG | DcmWeb.Controllers.DcmController | {method:SearchAll, type:ALL, code:, name:, status:ALL, effectiveDateSt:, createDateSt:, elapsedMilliseconds:2679};
2012-05-08 15:37:49,149 | [15] | INFO  | DcmWeb.Filters.ProfileResultAttribute | Result execution - elapsed time: 119.5671673 seconds.;
2012-05-08 15:41:48,405 | [17] | INFO  | DcmWeb.Filters.ProfileResultAttribute | Result execution - elapsed time: 5.0719821 seconds. Path file: /;
2012-05-08 15:43:13,363 | [17] | INFO  | DcmWeb.Filters.ProfileResultAttribute | Result execution - elapsed time: 68.5600079 seconds. Path file: /Dcm/GenComboboxObdGenerationByType;
2012-05-08 15:43:40,480 | [10] | INFO  | DcmWeb.Filters.ProfileResultAttribute | Result execution - elapsed time: 0.0005255 seconds. Path file: /Dcm/GenComboboxGeneration;
2012-05-08 15:44:15,876 | [4] | INFO  | DcmWeb.Filters.ProfileResultAttribute | Result execution - elapsed time: 2.9963227 seconds. Path file: /;
2012-05-08 15:44:38,307 | [8] | INFO  | DcmWeb.Filters.ProfileResultAttribute | Result execution - elapsed time: 0.0018077 seconds. Path file: /Dcm/GenComboboxObdGenerationByType;
2012-05-08 15:44:38,838 | [13] | INFO  | DcmWeb.Filters.ProfileResultAttribute | Result execution - elapsed time: 0.0048385 seconds. Path file: /Dcm/SearchGenerationSummary;
2012-05-08 15:44:39,041 | [12] | INFO  | DcmWeb.Filters.ProfileResultAttribute | Result execution - elapsed time: 0.0004208 seconds. Path file: /Dcm/GenComboboxGeneration;
2012-05-08 15:44:39,072 | [9] | INFO  | DcmWeb.Filters.ProfileResultAttribute | Result execution - elapsed time: 0.0012846 seconds. Path file: /Dcm/SearchGenerationSummary;
2012-05-08 15:44:39,088 | [11] | INFO  | DcmWeb.Filters.ProfileResultAttribute | Result execution - elapsed time: 0.0004411 seconds. Path file: /Dcm/GenComboboxGeneration;
2012-05-08 15:44:42,665 | [4] | INFO  | DcmWeb.Filters.ProfileResultAttribute | Result execution - elapsed time: 0.0003915 seconds. Path file: /Dcm/GenComboboxHardwareGenerationByType;
2012-05-08 15:44:42,665 | [10] | INFO  | DcmWeb.Filters.ProfileResultAttribute | Result execution - elapsed time: 0.0004321 seconds. Path file: /Dcm/GenComboboxMicGenerationByType;
2012-05-08 15:44:49,975 | [15] | DEBUG | DcmWeb.Controllers.DcmController | {method:SearchAll, type:ALL, code:, name:, status:ALL, effectiveDateSt:, createDateSt:, elapsedMilliseconds:2525};
2012-05-08 15:44:49,991 | [15] | INFO  | DcmWeb.Filters.ProfileResultAttribute | Result execution - elapsed time: 0.0097193 seconds. Path file: /Dcm/SearchAll;
2012-05-08 15:44:55,505 | [4] | DEBUG | DcmWeb.Controllers.DcmController | {method:SchemeSearchAll, name:, code:, status:ALL, principleCode:, effectiveDateSt:, effectiveTimeSt:, elapsedMilliseconds:1324};
2012-05-08 15:44:55,505 | [4] | INFO  | DcmWeb.Filters.ProfileResultAttribute | Result execution - elapsed time: 0.0024753 seconds. Path file: /Dcm/SchemeSearchAll;
2012-05-08 15:45:02,956 | [10] | INFO  | DcmWeb.Filters.ProfileResultAttribute | Result execution - elapsed time: 0.0044599 seconds. Path file: /Dcm/GenerationManageDeviceSearchAll;
2012-05-08 16:19:33,957 | [4] | INFO  | DcmWeb.Filters.ProfileResultAttribute | {"ElapsedTimeSeconds":2.983879,"PathFile":"/"};
2012-05-08 16:19:44,610 | [19] | INFO  | DcmWeb.Filters.ProfileResultAttribute | {"ElapsedTimeSeconds":0.0015562,"PathFile":"/Dcm/GenComboboxObdGenerationByType"};
2012-05-08 16:19:45,423 | [4] | INFO  | DcmWeb.Filters.ProfileResultAttribute | {"ElapsedTimeSeconds":0.0005225,"PathFile":"/Dcm/GenComboboxGeneration"};
2012-05-08 16:19:45,719 | [17] | INFO  | DcmWeb.Filters.ProfileResultAttribute | {"ElapsedTimeSeconds":0.0004217,"PathFile":"/Dcm/GenComboboxGeneration"};
2012-05-08 16:19:45,751 | [20] | INFO  | DcmWeb.Filters.ProfileResultAttribute | {"ElapsedTimeSeconds":0.0049632,"PathFile":"/Dcm/SearchGenerationSummary"};
2012-05-08 16:19:45,751 | [14] | INFO  | DcmWeb.Filters.ProfileResultAttribute | {"ElapsedTimeSeconds":0.0049632,"PathFile":"/Dcm/SearchGenerationSummary"};
2012-05-08 16:19:49,625 | [16] | INFO  | DcmWeb.Filters.ProfileResultAttribute | {"ElapsedTimeSeconds":0.00034409999999999996,"PathFile":"/Dcm/GenComboboxHardwareGenerationByType"};
2012-05-08 16:19:49,625 | [18] | INFO  | DcmWeb.Filters.ProfileResultAttribute | {"ElapsedTimeSeconds":0.0004429,"PathFile":"/Dcm/GenComboboxMicGenerationByType"};
2012-05-08 16:20:22,349 | [16] | DEBUG | DcmWeb.Controllers.DcmController | {"Method":"SearchAll","Type":"ALL","Code":"","Name":"","Status":"ALL","EffectiveDateSt":"","CreateDateSt":"","ElapsedMilliseconds":4323};
2012-05-08 16:20:24,552 | [16] | INFO  | DcmWeb.Filters.ProfileResultAttribute | {"ElapsedTimeSeconds":0.005148,"PathFile":"/Dcm/SearchAll"};
2012-05-08 16:46:59,520 | [16] | INFO  | DcmWeb.Filters.ProfileResultAttribute | {"ElapsedTimeSeconds":2.807781,"PathFile":"/"};
2012-05-08 16:47:07,680 | [16] | INFO  | DcmWeb.Filters.ProfileResultAttribute | {"ElapsedTimeSeconds":0.0015577,"PathFile":"/Dcm/GenComboboxObdGenerationByType"};
2012-05-08 16:47:08,112 | [10] | INFO  | DcmWeb.Filters.ProfileResultAttribute | {"ElapsedTimeSeconds":0.00069029999999999992,"PathFile":"/Dcm/GenComboboxGeneration"};
2012-05-08 16:47:08,435 | [4] | INFO  | DcmWeb.Filters.ProfileResultAttribute | {"ElapsedTimeSeconds":0.0005565,"PathFile":"/Dcm/GenComboboxGeneration"};
2012-05-08 16:47:08,466 | [12] | DEBUG | DcmWeb.Controllers.DcmController | {"Method":"SearchGenerationSummary","Type":"IceCube"};
2012-05-08 16:47:08,466 | [12] | INFO  | DcmWeb.Filters.ProfileResultAttribute | {"ElapsedTimeSeconds":0.0046777,"PathFile":"/Dcm/SearchGenerationSummary"};
2012-05-08 16:47:08,482 | [15] | DEBUG | DcmWeb.Controllers.DcmController | {"Method":"SearchGenerationSummary","Type":"IceCube"};
2012-05-08 16:47:08,482 | [15] | INFO  | DcmWeb.Filters.ProfileResultAttribute | {"ElapsedTimeSeconds":0.0012526,"PathFile":"/Dcm/SearchGenerationSummary"};
2012-05-08 16:47:12,369 | [13] | INFO  | DcmWeb.Filters.ProfileResultAttribute | {"ElapsedTimeSeconds":0.00021109999999999998,"PathFile":"/Dcm/GenComboboxHardwareGenerationByType"};
2012-05-08 16:47:12,369 | [11] | INFO  | DcmWeb.Filters.ProfileResultAttribute | {"ElapsedTimeSeconds":0.0004165,"PathFile":"/Dcm/GenComboboxMicGenerationByType"};
2012-05-08 16:47:39,453 | [15] | DEBUG | DcmWeb.Controllers.DcmController | {"Method":"SearchAll","Type":"ALL","Code":"","Name":"","Status":"ALL","EffectiveDateSt":"","CreateDateSt":"","ElapsedMilliseconds":2230};
2012-05-08 16:47:39,453 | [15] | INFO  | DcmWeb.Filters.ProfileResultAttribute | {"ElapsedTimeSeconds":0.0047501999999999996,"PathFile":"/Dcm/SearchAll"};
2012-05-08 16:49:08,849 | [11] | DEBUG | DcmWeb.Controllers.DcmController | {"Method":"SchemeSearchAll","Name":"","Code":"","Status":"ALL","PrincipleCode":"","EffectiveDateSt":"","EffectiveTimeSt":"","ElapsedMilliseconds":1400};
2012-05-08 16:49:08,849 | [11] | INFO  | DcmWeb.Filters.ProfileResultAttribute | {"ElapsedTimeSeconds":0.0024714,"PathFile":"/Dcm/SchemeSearchAll"};
2012-05-08 17:32:48,201 | [16] | INFO  | DcmWeb.Filters.ProfileResultAttribute | {"ElapsedTimeSeconds":1.2888937,"PathFile":"/"};
2012-05-08 17:32:56,215 | [4] | INFO  | DcmWeb.Filters.ProfileResultAttribute | {"ElapsedTimeSeconds":0.0016363999999999999,"PathFile":"/Dcm/GenComboboxObdGenerationByType"};
2012-05-08 17:32:57,136 | [17] | INFO  | DcmWeb.Filters.ProfileResultAttribute | {"ElapsedTimeSeconds":0.0005262,"PathFile":"/Dcm/GenComboboxGeneration"};
2012-05-08 17:32:57,183 | [18] | DEBUG | DcmWeb.Controllers.DcmController | {"Method":"SearchGenerationSummary","Type":"IceCube"};
2012-05-08 17:32:57,199 | [10] | INFO  | DcmWeb.Filters.ProfileResultAttribute | {"ElapsedTimeSeconds":0.00039089999999999996,"PathFile":"/Dcm/GenComboboxGeneration"};
2012-05-08 17:32:57,214 | [18] | INFO  | DcmWeb.Filters.ProfileResultAttribute | {"ElapsedTimeSeconds":0.00039089999999999996,"PathFile":"/Dcm/SearchGenerationSummary"};
2012-05-08 17:32:57,214 | [14] | DEBUG | DcmWeb.Controllers.DcmController | {"Method":"SearchGenerationSummary","Type":"IceCube"};
2012-05-08 17:32:57,230 | [14] | INFO  | DcmWeb.Filters.ProfileResultAttribute | {"ElapsedTimeSeconds":0.00125,"PathFile":"/Dcm/SearchGenerationSummary"};
2012-05-08 17:33:01,713 | [16] | INFO  | DcmWeb.Filters.ProfileResultAttribute | {"ElapsedTimeSeconds":0.00028649999999999997,"PathFile":"/Dcm/GenComboboxHardwareGenerationByType"};
2012-05-08 17:33:01,713 | [11] | INFO  | DcmWeb.Filters.ProfileResultAttribute | {"ElapsedTimeSeconds":0.00028649999999999997,"PathFile":"/Dcm/GenComboboxMicGenerationByType"};
2012-05-08 17:33:27,393 | [4] | DEBUG | DcmWeb.Controllers.DcmController | {"Method":"SearchAll","Type":"ALL","Code":"","Name":"","Status":"ALL","EffectiveDateSt":"","CreateDateSt":"","ElapsedMilliseconds":2420};
2012-05-08 17:33:27,408 | [4] | INFO  | DcmWeb.Filters.ProfileResultAttribute | {"ElapsedTimeSeconds":0.0048817999999999995,"PathFile":"/Dcm/SearchAll"};
2012-05-08 17:33:36,062 | [16] | DEBUG | DcmWeb.Controllers.DcmController | {"Method":"SearchDeployManagementBy","SchmCode":"","SchmName":"","DeployStatus":"ALL","EffectiveDateSt":"","GenNo":"-1","DeviceSN":""};
2012-05-08 17:33:36,062 | [16] | INFO  | DcmWeb.Filters.ProfileResultAttribute | {"ElapsedTimeSeconds":0.0033921,"PathFile":"/Dcm/SearchDeployManagementBy"};
2012-05-08 17:33:42,092 | [18] | DEBUG | DcmWeb.Controllers.DcmController | {"Method":"GenerationManageDeviceSearchAll","Type":"IceCube","GenerationNumber":-1,"HardwareVer":"ALL","MicFWVer":"ALL","ObdFWVer":"ALL","DeviceSN":"","EffectiveDateSt":""};
2012-05-08 17:33:42,107 | [18] | INFO  | DcmWeb.Filters.ProfileResultAttribute | {"ElapsedTimeSeconds":0.0046004999999999996,"PathFile":"/Dcm/GenerationManageDeviceSearchAll"};
2012-05-08 17:33:52,588 | [10] | INFO  | DcmWeb.Filters.ProfileResultAttribute | {"ElapsedTimeSeconds":0.00050119999999999993,"PathFile":"/Dcm/GenComboboxCommPrinciple"};
2012-05-08 17:33:55,291 | [4] | INFO  | DcmWeb.Filters.ProfileResultAttribute | {"ElapsedTimeSeconds":0.00046919999999999997,"PathFile":"/Dcm/GenComboboxConfPrinciple"};
2012-05-08 17:33:55,744 | [18] | INFO  | DcmWeb.Filters.ProfileResultAttribute | {"ElapsedTimeSeconds":0.0002825,"PathFile":"/Dcm/GenComboboxProfPrinciple"};
2012-05-08 17:33:55,869 | [16] | INFO  | DcmWeb.Filters.ProfileResultAttribute | {"ElapsedTimeSeconds":0.0022949,"PathFile":"/Dcm/GenComboboxSchemeIncludeItemsId"};
2012-05-08 17:33:58,165 | [14] | INFO  | DcmWeb.Filters.ProfileResultAttribute | {"ElapsedTimeSeconds":0.0003549,"PathFile":"/Dcm/GenComboboxGenerationForDeployByGeneration"};
2012-05-08 17:34:03,929 | [11] | DEBUG | DcmWeb.Controllers.DcmController | {"Method":"getDeviceFromDeviceService","total":30};
2012-05-08 17:34:03,929 | [11] | INFO  | DcmWeb.Filters.ProfileResultAttribute | {"ElapsedTimeSeconds":0.0044169,"PathFile":"/Dcm/getDeviceFromDeviceService"};
2012-05-08 17:34:23,157 | [16] | DEBUG | DcmWeb.Controllers.DcmController | {"Method":"SaveDeployment","Success":true,"Message":"Save Deployment Completed.","Id":9};
2012-05-08 17:34:23,157 | [16] | INFO  | DcmWeb.Filters.ProfileResultAttribute | {"ElapsedTimeSeconds":0.0005325,"PathFile":"/Dcm/SaveDeployment"};
2012-05-08 17:34:25,032 | [15] | DEBUG | DcmWeb.Controllers.DcmController | {"Method":"SearchDeployManagementBy","SchmCode":"","SchmName":"","DeployStatus":"ALL","EffectiveDateSt":"","GenNo":"-1","DeviceSN":""};
2012-05-08 17:34:25,047 | [15] | INFO  | DcmWeb.Filters.ProfileResultAttribute | {"ElapsedTimeSeconds":0.001787,"PathFile":"/Dcm/SearchDeployManagementBy"};
2012-05-08 17:35:37,354 | [4] | DEBUG | DcmWeb.Controllers.DcmController | {"Method":"SchemeSearchAll","Name":"","Code":"","Status":"ALL","PrincipleCode":"","EffectiveDateSt":"","EffectiveTimeSt":"","ElapsedMilliseconds":945};
2012-05-08 17:35:37,354 | [4] | INFO  | DcmWeb.Filters.ProfileResultAttribute | {"ElapsedTimeSeconds":0.0026084999999999997,"PathFile":"/Dcm/SchemeSearchAll"};
2012-05-08 17:36:26,995 | [11] | INFO  | DcmWeb.Filters.ProfileResultAttribute | {"ElapsedTimeSeconds":0.0002427,"PathFile":"/Dcm/SchemeUpdateStatusDelete"};
2012-05-08 17:36:28,213 | [10] | DEBUG | DcmWeb.Controllers.DcmController | {"Method":"SchemeSearchAll","Name":"","Code":"","Status":"ALL","PrincipleCode":"","EffectiveDateSt":"","EffectiveTimeSt":"","ElapsedMilliseconds":1038};
2012-05-08 17:36:28,213 | [10] | INFO  | DcmWeb.Filters.ProfileResultAttribute | {"ElapsedTimeSeconds":0.0005229,"PathFile":"/Dcm/SchemeSearchAll"};
2012-05-08 17:36:43,256 | [11] | DEBUG | DcmWeb.Controllers.DcmController | {"Method":"UpdateStatusDelete","Success":true,"Message":"Update status to delete completed."};
2012-05-08 17:36:43,256 | [11] | INFO  | DcmWeb.Filters.ProfileResultAttribute | {"ElapsedTimeSeconds":0.0004098,"PathFile":"/Dcm/UpdateStatusDelete"};
2012-05-08 17:36:44,380 | [16] | DEBUG | DcmWeb.Controllers.DcmController | {"Method":"SearchAll","Type":"ALL","Code":"","Name":"","Status":"ALL","EffectiveDateSt":"","CreateDateSt":"","ElapsedMilliseconds":909};
2012-05-08 17:36:44,396 | [16] | INFO  | DcmWeb.Filters.ProfileResultAttribute | {"ElapsedTimeSeconds":0.0023725,"PathFile":"/Dcm/SearchAll"};
